Log file open, 03/12/19 11:01:01
LogWindows: Failed to load 'aqProf.dll' (GetLastError=126)
LogWindows: File 'aqProf.dll' does not exist
LogWindows: Failed to load 'VtuneApi.dll' (GetLastError=126)
LogWindows: File 'VtuneApi.dll' does not exist
LogWindows: Failed to load 'VtuneApi32e.dll' (GetLastError=126)
LogWindows: File 'VtuneApi32e.dll' does not exist
LogInit: Display: Running engine for game: VikingShooter
LogPlatformFile: Not using cached read wrapper
LogInit: Display: RandInit(910345751) SRandInit(910345751).
LogInit: Read version file with build ID '3944462'
LogInit: Overriding engine version to CL 4033788, compatible CL 3944462
LogInit: Registered custom module enumerator with build ID '3944462'
LogTaskGraph: Started task graph with 5 named threads and 35 total threads with 3 sets of task threads.
LogStats: Stats thread started at 0.396452
LogD3D11RHI: Aftermath initialized
LogICUInternationalization: Display: ICU TimeZone Detection - Raw Offset: +1:00, Platform Override: ''
LogPluginManager: Mounting plugin Paper2D
LogPluginManager: Mounting plugin LiveLink
LogPluginManager: Mounting plugin LightPropagationVolume
LogPluginManager: Mounting plugin CLionSourceCodeAccess
LogPluginManager: Mounting plugin CodeLiteSourceCodeAccess
LogPluginManager: Mounting plugin GitSourceControl
LogPluginManager: Mounting plugin KDevelopSourceCodeAccess
LogPluginManager: Mounting plugin NullSourceCodeAccess
LogPluginManager: Mounting plugin PerforceSourceControl
LogPluginManager: Mounting plugin SubversionSourceControl
LogPluginManager: Mounting plugin UObjectPlugin
LogPluginManager: Mounting plugin VisualStudioCodeSourceCodeAccess
LogPluginManager: Mounting plugin VisualStudioSourceCodeAccess
LogPluginManager: Mounting plugin XCodeSourceCodeAccess
LogPluginManager: Mounting plugin AssetManagerEditor
LogPluginManager: Mounting plugin CryptoKeys
LogPluginManager: Mounting plugin DataValidation
LogPluginManager: Mounting plugin FacialAnimation
LogPluginManager: Mounting plugin GameplayTagsEditor
LogPluginManager: Mounting plugin MobileLauncherProfileWizard
LogPluginManager: Mounting plugin PluginBrowser
LogPluginManager: Mounting plugin SpeedTreeImporter
LogPluginManager: Mounting plugin DatasmithContent
LogPluginManager: Mounting plugin AlembicImporter
LogPluginManager: Mounting plugin CharacterAI
LogPluginManager: Mounting plugin HTML5Networking
LogPluginManager: Mounting plugin AndroidMedia
LogPluginManager: Mounting plugin AvfMedia
LogPluginManager: Mounting plugin ImgMedia
LogPluginManager: Mounting plugin LinearTimecode
LogPluginManager: Mounting plugin MediaCompositing
LogPluginManager: Mounting plugin MediaPlayerEditor
LogPluginManager: Mounting plugin WmfMedia
LogPluginManager: Mounting plugin TcpMessaging
LogPluginManager: Mounting plugin UdpMessaging
LogPluginManager: Mounting plugin ActorSequence
LogPluginManager: Mounting plugin LevelSequenceEditor
LogPluginManager: Mounting plugin MatineeToLevelSequence
LogPluginManager: Mounting plugin NetcodeUnitTest
LogPluginManager: Mounting plugin NUTUnrealEngine4
LogPluginManager: Mounting plugin OnlineSubsystemGooglePlay
LogPluginManager: Mounting plugin OnlineSubsystemIOS
LogPluginManager: Mounting plugin OnlineSubsystem
LogPluginManager: Mounting plugin OnlineSubsystemNull
LogPluginManager: Mounting plugin OnlineSubsystemUtils
LogPluginManager: Mounting plugin AndroidDeviceProfileSelector
LogPluginManager: Mounting plugin AndroidMoviePlayer
LogPluginManager: Mounting plugin AndroidPermission
LogPluginManager: Mounting plugin AppleARKit
LogPluginManager: Mounting plugin AppleMoviePlayer
LogPluginManager: Mounting plugin ArchVisCharacter
LogPluginManager: Mounting plugin AudioCapture
LogPluginManager: Mounting plugin CableComponent
LogPluginManager: Mounting plugin CustomMeshComponent
LogPluginManager: Mounting plugin ExampleDeviceProfileSelector
LogPluginManager: Mounting plugin GoogleCloudMessaging
LogPluginManager: Mounting plugin ImmediatePhysics
LogPluginManager: Mounting plugin IOSDeviceProfileSelector
LogPluginManager: Mounting plugin LinuxDeviceProfileSelector
LogPluginManager: Mounting plugin LocationServicesBPLibrary
LogPluginManager: Mounting plugin MobilePatchingUtils
LogPluginManager: Mounting plugin OculusVR
LogPluginManager: Plugin shader directory ../../../Engine/Plugins/Runtime/Oculus/OculusVR/Shaders found
LogPluginManager: Mapping shader source directory ../../../Engine/Plugins/Runtime/Oculus/OculusVR/Shaders to virtual directory /Plugin/OculusVR
LogPluginManager: Mounting plugin PhysXVehicles
LogPluginManager: Mounting plugin ProceduralMeshComponent
LogPluginManager: Mounting plugin RuntimePhysXCooking
LogPluginManager: Mounting plugin SteamVR
LogPluginManager: Mounting plugin WindowsMoviePlayer
LogStreaming: Display: Took  0.117s to configure plugins.
LogModuleManager: Display: Found up-to-date module file C:/Users/kenne/Documents/NewVikingSource/VikingShooter/Binaries/Win64/UE4Editor-VikingShooter-293.dll (API version 3944462).
LogModuleManager: Display: Found up-to-date module file ../../../Engine/Plugins/2D/Paper2D/Binaries/Win64/UE4Editor-Paper2D.dll (API version 3944462).
LogModuleManager: Display: Found up-to-date module file ../../../Engine/Plugins/2D/Paper2D/Binaries/Win64/UE4Editor-Paper2DEditor.dll (API version 3944462).
LogModuleManager: Display: Found up-to-date module file ../../../Engine/Plugins/2D/Paper2D/Binaries/Win64/UE4Editor-PaperSpriteSheetImporter.dll (API version 3944462).
LogModuleManager: Display: Found up-to-date module file ../../../Engine/Plugins/2D/Paper2D/Binaries/Win64/UE4Editor-PaperTiledImporter.dll (API version 3944462).
LogModuleManager: Display: Found up-to-date module file ../../../Engine/Plugins/2D/Paper2D/Binaries/Win64/UE4Editor-SmartSnapping.dll (API version 3944462).
LogModuleManager: Display: Found up-to-date module file ../../../Engine/Plugins/Animation/LiveLink/Binaries/Win64/UE4Editor-LiveLink.dll (API version 3944462).
LogModuleManager: Display: Found up-to-date module file ../../../Engine/Plugins/Animation/LiveLink/Binaries/Win64/UE4Editor-LiveLinkEditor.dll (API version 3944462).
LogModuleManager: Display: Found up-to-date module file ../../../Engine/Plugins/Blendables/LightPropagationVolume/Binaries/Win64/UE4Editor-LightPropagationVolumeRuntime.dll (API version 3944462).
LogModuleManager: Display: Found up-to-date module file ../../../Engine/Plugins/Blendables/LightPropagationVolume/Binaries/Win64/UE4Editor-LightPropagationVolumeEditor.dll (API version 3944462).
LogModuleManager: Display: Found up-to-date module file ../../../Engine/Plugins/Developer/CLionSourceCodeAccess/Binaries/Win64/UE4Editor-CLionSourceCodeAccess.dll (API version 3944462).
LogModuleManager: Display: Found up-to-date module file ../../../Engine/Plugins/Developer/GitSourceControl/Binaries/Win64/UE4Editor-GitSourceControl.dll (API version 3944462).
LogModuleManager: Display: Found up-to-date module file ../../../Engine/Plugins/Developer/PerforceSourceControl/Binaries/Win64/UE4Editor-PerforceSourceControl.dll (API version 3944462).
LogModuleManager: Display: Found up-to-date module file ../../../Engine/Plugins/Developer/SubversionSourceControl/Binaries/Win64/UE4Editor-SubversionSourceControl.dll (API version 3944462).
LogModuleManager: Display: Found up-to-date module file ../../../Engine/Plugins/Developer/UObjectPlugin/Binaries/Win64/UE4Editor-UObjectPlugin.dll (API version 3944462).
LogModuleManager: Display: Found up-to-date module file ../../../Engine/Plugins/Developer/VisualStudioCodeSourceCodeAccess/Binaries/Win64/UE4Editor-VisualStudioCodeSourceCodeAccess.dll (API version 3944462).
LogModuleManager: Display: Found up-to-date module file ../../../Engine/Plugins/Developer/VisualStudioSourceCodeAccess/Binaries/Win64/UE4Editor-VisualStudioSourceCodeAccess.dll (API version 3944462).
LogModuleManager: Display: Found up-to-date module file ../../../Engine/Plugins/Editor/AssetManagerEditor/Binaries/Win64/UE4Editor-AssetManagerEditor.dll (API version 3944462).
LogModuleManager: Display: Found up-to-date module file ../../../Engine/Plugins/Editor/CryptoKeys/Binaries/Win64/UE4Editor-CryptoKeys.dll (API version 3944462).
LogModuleManager: Display: Found up-to-date module file ../../../Engine/Plugins/Editor/CryptoKeys/Binaries/Win64/UE4Editor-CryptoKeysOpenSSL.dll (API version 3944462).
LogModuleManager: Display: Found up-to-date module file ../../../Engine/Plugins/Editor/DataValidation/Binaries/Win64/UE4Editor-DataValidation.dll (API version 3944462).
LogModuleManager: Display: Found up-to-date module file ../../../Engine/Plugins/Editor/FacialAnimation/Binaries/Win64/UE4Editor-FacialAnimation.dll (API version 3944462).
LogModuleManager: Display: Found up-to-date module file ../../../Engine/Plugins/Editor/FacialAnimation/Binaries/Win64/UE4Editor-FacialAnimationEditor.dll (API version 3944462).
LogModuleManager: Display: Found up-to-date module file ../../../Engine/Plugins/Editor/GameplayTagsEditor/Binaries/Win64/UE4Editor-GameplayTagsEditor.dll (API version 3944462).
LogModuleManager: Display: Found up-to-date module file ../../../Engine/Plugins/Editor/MobileLauncherProfileWizard/Binaries/Win64/UE4Editor-MobileLauncherProfileWizard.dll (API version 3944462).
LogModuleManager: Display: Found up-to-date module file ../../../Engine/Plugins/Editor/PluginBrowser/Binaries/Win64/UE4Editor-PluginBrowser.dll (API version 3944462).
LogModuleManager: Display: Found up-to-date module file ../../../Engine/Plugins/Editor/SpeedTreeImporter/Binaries/Win64/UE4Editor-SpeedTreeImporter.dll (API version 3944462).
LogModuleManager: Display: Found up-to-date module file ../../../Engine/Plugins/Enterprise/DatasmithContent/Binaries/Win64/UE4Editor-DatasmithContent.dll (API version 3944462).
LogModuleManager: Display: Found up-to-date module file ../../../Engine/Plugins/Experimental/AlembicImporter/Binaries/Win64/UE4Editor-AlembicImporter.dll (API version 3944462).
LogModuleManager: Display: Found up-to-date module file ../../../Engine/Plugins/Experimental/AlembicImporter/Binaries/Win64/UE4Editor-AlembicLibrary.dll (API version 3944462).
LogModuleManager: Display: Found up-to-date module file ../../../Engine/Plugins/Experimental/CharacterAI/Binaries/Win64/UE4Editor-CharacterAI.dll (API version 3944462).
LogModuleManager: Display: Found up-to-date module file ../../../Engine/Plugins/Experimental/HTML5Networking/Binaries/Win64/UE4Editor-HTML5Networking.dll (API version 3944462).
LogModuleManager: Display: Found up-to-date module file ../../../Engine/Plugins/Media/AndroidMedia/Binaries/Win64/UE4Editor-AndroidMediaEditor.dll (API version 3944462).
LogModuleManager: Display: Found up-to-date module file ../../../Engine/Plugins/Media/AndroidMedia/Binaries/Win64/UE4Editor-AndroidMediaFactory.dll (API version 3944462).
LogModuleManager: Display: Found up-to-date module file ../../../Engine/Plugins/Media/AvfMedia/Binaries/Win64/UE4Editor-AvfMediaEditor.dll (API version 3944462).
LogModuleManager: Display: Found up-to-date module file ../../../Engine/Plugins/Media/AvfMedia/Binaries/Win64/UE4Editor-AvfMediaFactory.dll (API version 3944462).
LogModuleManager: Display: Found up-to-date module file ../../../Engine/Plugins/Media/AvfMedia/Binaries/Win64/UE4Editor-AvfMediaFactory.dll (API version 3944462).
LogModuleManager: Display: Found up-to-date module file ../../../Engine/Plugins/Media/ImgMedia/Binaries/Win64/UE4Editor-ImgMedia.dll (API version 3944462).
LogModuleManager: Display: Found up-to-date module file ../../../Engine/Plugins/Media/ImgMedia/Binaries/Win64/UE4Editor-ImgMediaEditor.dll (API version 3944462).
LogModuleManager: Display: Found up-to-date module file ../../../Engine/Plugins/Media/ImgMedia/Binaries/Win64/UE4Editor-ImgMediaFactory.dll (API version 3944462).
LogModuleManager: Display: Found up-to-date module file ../../../Engine/Plugins/Media/ImgMedia/Binaries/Win64/UE4Editor-ImgMediaFactory.dll (API version 3944462).
LogModuleManager: Display: Found up-to-date module file ../../../Engine/Plugins/Media/ImgMedia/Binaries/Win64/UE4Editor-OpenExrWrapper.dll (API version 3944462).
LogModuleManager: Display: Found up-to-date module file ../../../Engine/Plugins/Media/LinearTimecode/Binaries/Win64/UE4Editor-LinearTimecode.dll (API version 3944462).
LogModuleManager: Display: Found up-to-date module file ../../../Engine/Plugins/Media/MediaCompositing/Binaries/Win64/UE4Editor-MediaCompositing.dll (API version 3944462).
LogModuleManager: Display: Found up-to-date module file ../../../Engine/Plugins/Media/MediaCompositing/Binaries/Win64/UE4Editor-MediaCompositingEditor.dll (API version 3944462).
LogModuleManager: Display: Found up-to-date module file ../../../Engine/Plugins/Media/MediaPlayerEditor/Binaries/Win64/UE4Editor-MediaPlayerEditor.dll (API version 3944462).
LogModuleManager: Display: Found up-to-date module file ../../../Engine/Plugins/Media/WmfMedia/Binaries/Win64/UE4Editor-WmfMedia.dll (API version 3944462).
LogModuleManager: Display: Found up-to-date module file ../../../Engine/Plugins/Media/WmfMedia/Binaries/Win64/UE4Editor-WmfMediaEditor.dll (API version 3944462).
LogModuleManager: Display: Found up-to-date module file ../../../Engine/Plugins/Media/WmfMedia/Binaries/Win64/UE4Editor-WmfMediaFactory.dll (API version 3944462).
LogModuleManager: Display: Found up-to-date module file ../../../Engine/Plugins/Media/WmfMedia/Binaries/Win64/UE4Editor-WmfMediaFactory.dll (API version 3944462).
LogModuleManager: Display: Found up-to-date module file ../../../Engine/Plugins/Messaging/TcpMessaging/Binaries/Win64/UE4Editor-TcpMessaging.dll (API version 3944462).
LogModuleManager: Display: Found up-to-date module file ../../../Engine/Plugins/Messaging/UdpMessaging/Binaries/Win64/UE4Editor-UdpMessaging.dll (API version 3944462).
LogModuleManager: Display: Found up-to-date module file ../../../Engine/Plugins/MovieScene/ActorSequence/Binaries/Win64/UE4Editor-ActorSequence.dll (API version 3944462).
LogModuleManager: Display: Found up-to-date module file ../../../Engine/Plugins/MovieScene/LevelSequenceEditor/Binaries/Win64/UE4Editor-LevelSequenceEditor.dll (API version 3944462).
LogModuleManager: Display: Found up-to-date module file ../../../Engine/Plugins/MovieScene/MatineeToLevelSequence/Binaries/Win64/UE4Editor-MatineeToLevelSequence.dll (API version 3944462).
LogModuleManager: Display: Found up-to-date module file ../../../Engine/Plugins/NetcodeUnitTest/NetcodeUnitTest/Binaries/Win64/UE4Editor-NetcodeUnitTest.dll (API version 3944462).
LogModuleManager: Display: Found up-to-date module file ../../../Engine/Plugins/NetcodeUnitTest/NUTUnrealEngine4/Binaries/Win64/UE4Editor-NUTUnrealEngine4.dll (API version 3944462).
LogModuleManager: Display: Found up-to-date module file ../../../Engine/Plugins/Online/OnlineSubsystem/Binaries/Win64/UE4Editor-OnlineSubsystem.dll (API version 3944462).
LogModuleManager: Display: Found up-to-date module file ../../../Engine/Plugins/Online/OnlineSubsystemNull/Binaries/Win64/UE4Editor-OnlineSubsystemNull.dll (API version 3944462).
LogModuleManager: Display: Found up-to-date module file ../../../Engine/Plugins/Online/OnlineSubsystemUtils/Binaries/Win64/UE4Editor-OnlineSubsystemUtils.dll (API version 3944462).
LogModuleManager: Display: Found up-to-date module file ../../../Engine/Plugins/Online/OnlineSubsystemUtils/Binaries/Win64/UE4Editor-OnlineBlueprintSupport.dll (API version 3944462).
LogModuleManager: Display: Found up-to-date module file ../../../Engine/Plugins/Runtime/AndroidDeviceProfileSelector/Binaries/Win64/UE4Editor-AndroidDeviceProfileSelector.dll (API version 3944462).
LogModuleManager: Display: Found up-to-date module file ../../../Engine/Plugins/Runtime/AndroidPermission/Binaries/Win64/UE4Editor-AndroidPermission.dll (API version 3944462).
LogModuleManager: Display: Found up-to-date module file ../../../Engine/Plugins/Runtime/AppleARKit/Binaries/Win64/UE4Editor-AppleARKit.dll (API version 3944462).
LogModuleManager: Display: Found up-to-date module file ../../../Engine/Plugins/Runtime/ArchVisCharacter/Binaries/Win64/UE4Editor-ArchVisCharacter.dll (API version 3944462).
LogModuleManager: Display: Found up-to-date module file ../../../Engine/Plugins/Runtime/AudioCapture/Binaries/Win64/UE4Editor-AudioCapture.dll (API version 3944462).
LogModuleManager: Display: Found up-to-date module file ../../../Engine/Plugins/Runtime/AudioCapture/Binaries/Win64/UE4Editor-AudioCaptureEditor.dll (API version 3944462).
LogModuleManager: Display: Found up-to-date module file ../../../Engine/Plugins/Runtime/CableComponent/Binaries/Win64/UE4Editor-CableComponent.dll (API version 3944462).
LogModuleManager: Display: Found up-to-date module file ../../../Engine/Plugins/Runtime/CustomMeshComponent/Binaries/Win64/UE4Editor-CustomMeshComponent.dll (API version 3944462).
LogModuleManager: Display: Found up-to-date module file ../../../Engine/Plugins/Runtime/ExampleDeviceProfileSelector/Binaries/Win64/UE4Editor-ExampleDeviceProfileSelector.dll (API version 3944462).
LogModuleManager: Display: Found up-to-date module file ../../../Engine/Plugins/Runtime/ImmediatePhysics/Binaries/Win64/UE4Editor-ImmediatePhysics.dll (API version 3944462).
LogModuleManager: Display: Found up-to-date module file ../../../Engine/Plugins/Runtime/ImmediatePhysics/Binaries/Win64/UE4Editor-ImmediatePhysicsEditor.dll (API version 3944462).
LogModuleManager: Display: Found up-to-date module file ../../../Engine/Plugins/Runtime/LocationServicesBPLibrary/Binaries/Win64/UE4Editor-LocationServicesBPLibrary.dll (API version 3944462).
LogModuleManager: Display: Found up-to-date module file ../../../Engine/Plugins/Runtime/MobilePatchingUtils/Binaries/Win64/UE4Editor-MobilePatchingUtils.dll (API version 3944462).
LogModuleManager: Display: Found up-to-date module file ../../../Engine/Plugins/Runtime/Oculus/OculusVR/Binaries/Win64/UE4Editor-OculusHMD.dll (API version 3944462).
LogModuleManager: Display: Found up-to-date module file ../../../Engine/Plugins/Runtime/Oculus/OculusVR/Binaries/Win64/UE4Editor-OculusInput.dll (API version 3944462).
LogModuleManager: Display: Found up-to-date module file ../../../Engine/Plugins/Runtime/Oculus/OculusVR/Binaries/Win64/UE4Editor-OculusEditor.dll (API version 3944462).
LogModuleManager: Display: Found up-to-date module file ../../../Engine/Plugins/Runtime/PhysXVehicles/Binaries/Win64/UE4Editor-PhysXVehicles.dll (API version 3944462).
LogModuleManager: Display: Found up-to-date module file ../../../Engine/Plugins/Runtime/PhysXVehicles/Binaries/Win64/UE4Editor-PhysXVehiclesEditor.dll (API version 3944462).
LogModuleManager: Display: Found up-to-date module file ../../../Engine/Plugins/Runtime/ProceduralMeshComponent/Binaries/Win64/UE4Editor-ProceduralMeshComponent.dll (API version 3944462).
LogModuleManager: Display: Found up-to-date module file ../../../Engine/Plugins/Runtime/ProceduralMeshComponent/Binaries/Win64/UE4Editor-ProceduralMeshComponentEditor.dll (API version 3944462).
LogModuleManager: Display: Found up-to-date module file ../../../Engine/Plugins/Runtime/RuntimePhysXCooking/Binaries/Win64/UE4Editor-RuntimePhysXCooking.dll (API version 3944462).
LogModuleManager: Display: Found up-to-date module file ../../../Engine/Plugins/Runtime/Steam/SteamVR/Binaries/Win64/UE4Editor-SteamVR.dll (API version 3944462).
LogModuleManager: Display: Found up-to-date module file ../../../Engine/Plugins/Runtime/Steam/SteamVR/Binaries/Win64/UE4Editor-SteamVRController.dll (API version 3944462).
LogModuleManager: Display: Found up-to-date module file ../../../Engine/Plugins/Runtime/WindowsMoviePlayer/Binaries/Win64/UE4Editor-WindowsMoviePlayer.dll (API version 3944462).
LogInit: Using libcurl 7.47.1
LogInit:  - built for x86_64-pc-win32
LogInit:  - supports SSL with OpenSSL/1.0.2g
LogInit:  - supports HTTP deflate (compression) using libz 1.2.8
LogInit:  - other features:
LogInit:      CURL_VERSION_SSL
LogInit:      CURL_VERSION_LIBZ
LogInit:      CURL_VERSION_IPV6
LogInit:      CURL_VERSION_ASYNCHDNS
LogInit:      CURL_VERSION_LARGEFILE
LogInit:      CURL_VERSION_IDN
LogInit:  CurlRequestOptions (configurable via config and command line):
LogInit:  - bVerifyPeer = false  - Libcurl will NOT verify peer certificate
LogInit:  - bUseHttpProxy = false  - Libcurl will NOT use HTTP proxy
LogInit:  - bDontReuseConnections = false  - Libcurl will reuse connections
LogInit:  - CertBundlePath = nullptr  - Libcurl will use whatever was configured at build time.
LogInit:  - MaxHostConnections = 16  - Libcurl will limit the number of connections to a host
LogInit:  - LocalHostAddr = Default
LogInit: WinSock: version 1.1 (2.2), MaxSocks=32767, MaxUdp=65467
LogInit: WinSock: I am LAPTOP-OLARSJOL (10.31.5.15:0)
LogInit: Build: ++UE4+Release-4.19-CL-4033788
LogInit: Engine Version: 4.19.2-4033788+++UE4+Release-4.19
LogInit: Compatible Engine Version: 4.19.0-3944462+++UE4+Release-4.19
LogInit: Net CL: 3944462
LogDevObjectVersion: Number of dev versions registered: 18
LogDevObjectVersion:   Dev-Blueprints (B0D832E4-1F89-4F0D-ACCF-7EB736FD4AA2): 10
LogDevObjectVersion:   Dev-Build (E1C64328-A22C-4D53-A36C-8E866417BD8C): 0
LogDevObjectVersion:   Dev-Core (375EC13C-06E4-48FB-B500-84F0262A717E): 2
LogDevObjectVersion:   Dev-Editor (E4B068ED-F494-42E9-A231-DA0B2E46BB41): 23
LogDevObjectVersion:   Dev-Framework (CFFC743F-43B0-4480-9391-14DF171D2073): 33
LogDevObjectVersion:   Dev-Mobile (B02B49B5-BB20-44E9-A304-32B752E40360): 2
LogDevObjectVersion:   Dev-Networking (A4E4105C-59A1-49B5-A7C5-40C4547EDFEE): 0
LogDevObjectVersion:   Dev-Online (39C831C9-5AE6-47DC-9A44-9C173E1C8E7C): 0
LogDevObjectVersion:   Dev-Physics (78F01B33-EBEA-4F98-B9B4-84EACCB95AA2): 0
LogDevObjectVersion:   Dev-Platform (6631380F-2D4D-43E0-8009-CF276956A95A): 0
LogDevObjectVersion:   Dev-Rendering (12F88B9F-8875-4AFC-A67C-D90C383ABD29): 25
LogDevObjectVersion:   Dev-Sequencer (7B5AE74C-D270-4C10-A958-57980B212A5A): 6
LogDevObjectVersion:   Dev-VR (D7296918-1DD6-4BDD-9DE2-64A83CC13884): 1
LogDevObjectVersion:   Dev-LoadTimes (C2A15278-BFE7-4AFE-6C17-90FF531DF755): 1
LogDevObjectVersion:   Private-Geometry (6EACA3D4-40EC-4CC1-B786-8BED09428FC5): 2
LogDevObjectVersion:   Dev-AnimPhys (29E575DD-E0A3-4627-9D10-D276232CDCEA): 16
LogDevObjectVersion:   Dev-ReflectionCapture (6B266CEC-1EC7-4B8F-A30B-E4D90942FC07): 1
LogDevObjectVersion:   Dev-Automation (0DF73D61-A23F-47EA-B727-89E90C41499A): 1
LogInit: Compiled (64-bit): Apr 27 2018 02:06:57
LogInit: Compiled with Visual C++: 19.00.24215.01
LogInit: Build Configuration: Development
LogInit: Branch Name: ++UE4+Release-4.19
LogInit: Command Line:  
LogInit: Base Directory: D:/Unreal/UE_4.19/Engine/Binaries/Win64/
LogInit: Installed Engine Build: 1
LogStreaming: Display: Took  0.007s to delete old logs.
LogInit: Presizing for max 8388607 objects, including 0 objects not considered by GC, pre-allocating 0 bytes for permanent pool.
LogInit: Object subsystem initialized
[2019.03.12-10.01.05:258][  0]LogInit: Selected Device Profile: [Windows]
[2019.03.12-10.01.05:258][  0]LogInit: Applying CVar settings loaded from the selected device profile: [Windows]
[2019.03.12-10.01.05:266][  0]LogInit: Computer: LAPTOP-OLARSJOL
[2019.03.12-10.01.05:266][  0]LogInit: User: kenne
[2019.03.12-10.01.05:266][  0]LogInit: CPU Page size=4096, Cores=6
[2019.03.12-10.01.05:266][  0]LogInit: High frequency timer resolution =2.156250 MHz
[2019.03.12-10.01.05:266][  0]LogMemory: Memory total: Physical=15.9GB (16GB approx)
[2019.03.12-10.01.05:266][  0]LogMemory: Platform Memory Stats for Windows
[2019.03.12-10.01.05:266][  0]LogMemory: Process Physical Memory: 275.69 MB used, 275.69 MB peak
[2019.03.12-10.01.05:266][  0]LogMemory: Process Virtual Memory: 271.64 MB used, 271.64 MB peak
[2019.03.12-10.01.05:266][  0]LogMemory: Physical Memory: 5632.39 MB used,  10675.04 MB free, 16307.43 MB total
[2019.03.12-10.01.05:266][  0]LogMemory: Virtual Memory: 4797.78 MB used,  10675.04 MB free, 134217728.00 MB total
[2019.03.12-10.01.05:287][  0]LogInit: Using OS detected language (en-GB).
[2019.03.12-10.01.05:287][  0]LogInit: Using OS detected locale (en-GB).
[2019.03.12-10.01.05:293][  0]LogTextLocalizationManager: No specific localization for 'en-GB' exists, so the 'en' localization will be used.
[2019.03.12-10.01.05:654][  0]LogStreaming: Display: Took  0.367s to EndInitTextLocalization.
[2019.03.12-10.01.05:654][  0]LogInit: Setting process to per monitor DPI aware
[2019.03.12-10.01.05:687][  0]LogSlate: New Slate User Created.  User Index 0, Is Virtual User: 0
[2019.03.12-10.01.05:687][  0]LogSlate: Slate User Registered.  User Index 0, Is Virtual User: 0
[2019.03.12-10.01.06:045][  0]LogD3D11RHI: D3D11 adapters:
[2019.03.12-10.01.06:108][  0]LogD3D11RHI:    0. 'NVIDIA GeForce GTX 1060' (Feature Level 11_0)
[2019.03.12-10.01.06:108][  0]LogD3D11RHI:       6052/0/8153 MB DedicatedVideo/DedicatedSystem/SharedSystem, Outputs:1, VendorId:0x10de
[2019.03.12-10.01.06:110][  0]LogD3D11RHI:    1. 'Microsoft Basic Render Driver' (Feature Level 11_0)
[2019.03.12-10.01.06:110][  0]LogD3D11RHI:       0/0/8153 MB DedicatedVideo/DedicatedSystem/SharedSystem, Outputs:0, VendorId:0x1414
[2019.03.12-10.01.06:110][  0]LogD3D11RHI: Chosen D3D11 Adapter: 0
[2019.03.12-10.01.06:116][  0]LogD3D11RHI: Creating new Direct3DDevice
[2019.03.12-10.01.06:117][  0]LogD3D11RHI:     GPU DeviceId: 0x1c20 (for the marketing name, search the web for "GPU Device Id")
[2019.03.12-10.01.06:117][  0]LogWindows: EnumDisplayDevices:
[2019.03.12-10.01.06:117][  0]LogWindows:    0. 'NVIDIA GeForce GTX 1060' (P:1 D:1)
[2019.03.12-10.01.06:117][  0]LogWindows:    1. 'NVIDIA GeForce GTX 1060' (P:0 D:0)
[2019.03.12-10.01.06:117][  0]LogWindows:    2. 'NVIDIA GeForce GTX 1060' (P:0 D:0)
[2019.03.12-10.01.06:117][  0]LogWindows:    3. 'NVIDIA GeForce GTX 1060' (P:0 D:0)
[2019.03.12-10.01.06:118][  0]LogWindows: DebugString: GetVideoDriverDetailsInvalid PrimaryIsNotTheChoosenAdapter GetVideoDriverDetailsInvalid PrimaryIsNotTheChoosenAdapter GetVideoDriverDetailsInvalid PrimaryIsNotTheChoosenAdapter GetVideoDriverDetailsInvalid PrimaryIsNotTheChoosenAdapter FoundDriverCount:0 
[2019.03.12-10.01.06:118][  0]LogD3D11RHI:     Adapter Name: NVIDIA GeForce GTX 1060
[2019.03.12-10.01.06:118][  0]LogD3D11RHI:   Driver Version: Unknown (internal:Unknown, unified:Unknown)
[2019.03.12-10.01.06:118][  0]LogD3D11RHI:      Driver Date: Unknown
[2019.03.12-10.01.06:118][  0]LogRHI: Texture pool is 4236 MB (70% of 6052 MB)
[2019.03.12-10.01.06:157][  0]LogD3D11RHI: [Aftermath] Aftermath enabled and primed
[2019.03.12-10.01.06:157][  0]LogD3D11RHI: [Aftermath] Aftermath enabled and primed
[2019.03.12-10.01.06:157][  0]LogD3D11RHI: Async texture creation enabled
[2019.03.12-10.01.06:174][  0]LogD3D11RHI: GPU Timing Frequency: 1000.000000 (Debug: 2 2)
[2019.03.12-10.01.06:216][  0]LogShaderCompilers: Guid format shader working directory is -9 characters bigger than the processId version (C:/Users/kenne/Documents/NewVikingSource/VikingShooter/Intermediate/Shaders/WorkingDirectory/11968/).
[2019.03.12-10.01.06:217][  0]LogShaderCompilers: Cleaned the shader compiler working directory 'C:/Users/kenne/AppData/Local/Temp/UnrealShaderWorkingDir/0958A86A412C31856F652C93D3947139/'.
[2019.03.12-10.01.06:440][  0]LogTemp: Display: Loaded TP AllDesktopTargetPlatform
[2019.03.12-10.01.06:453][  0]LogTemp: Display: Loaded TP MacClientTargetPlatform
[2019.03.12-10.01.06:465][  0]LogTemp: Display: Loaded TP MacNoEditorTargetPlatform
[2019.03.12-10.01.06:478][  0]LogTemp: Display: Loaded TP MacServerTargetPlatform
[2019.03.12-10.01.06:490][  0]LogTemp: Display: Loaded TP MacTargetPlatform
[2019.03.12-10.01.06:502][  0]LogTemp: Display: Loaded TP WindowsClientTargetPlatform
[2019.03.12-10.01.06:514][  0]LogTemp: Display: Loaded TP WindowsNoEditorTargetPlatform
[2019.03.12-10.01.06:526][  0]LogTemp: Display: Loaded TP WindowsServerTargetPlatform
[2019.03.12-10.01.06:533][  0]LogTemp: Display: Loaded TP WindowsTargetPlatform
[2019.03.12-10.01.06:543][  0]LogTemp: Display: Loaded TP Android_ASTCTargetPlatform
[2019.03.12-10.01.06:554][  0]LogTemp: Display: Loaded TP Android_ATCTargetPlatform
[2019.03.12-10.01.06:564][  0]LogTemp: Display: Loaded TP Android_DXTTargetPlatform
[2019.03.12-10.01.06:575][  0]LogTemp: Display: Loaded TP Android_ETC1aTargetPlatform
[2019.03.12-10.01.06:585][  0]LogTemp: Display: Loaded TP Android_ETC1TargetPlatform
[2019.03.12-10.01.06:598][  0]LogTemp: Display: Loaded TP Android_ETC2TargetPlatform
[2019.03.12-10.01.06:620][  0]LogTemp: Display: Loaded TP Android_MultiTargetPlatform
[2019.03.12-10.01.06:620][  0]LogTemp: Display: Loaded TP Android_PVRTCTargetPlatform
[2019.03.12-10.01.06:630][  0]LogTemp: Display: Loaded TP AndroidTargetPlatform
[2019.03.12-10.01.06:632][  0]LogTemp: Display: Loaded TP HTML5TargetPlatform
[2019.03.12-10.01.06:668][  0]LogTemp: Display: Loaded TP IOSTargetPlatform
[2019.03.12-10.01.06:678][  0]LogTemp: Display: Loaded TP TVOSTargetPlatform
[2019.03.12-10.01.06:689][  0]LogTemp: Display: Loaded TP LinuxClientTargetPlatform
[2019.03.12-10.01.06:700][  0]LogTemp: Display: Loaded TP LinuxNoEditorTargetPlatform
[2019.03.12-10.01.06:717][  0]LogTemp: Display: Loaded TP LinuxServerTargetPlatform
[2019.03.12-10.01.06:728][  0]LogTemp: Display: Loaded TP LinuxTargetPlatform
[2019.03.12-10.01.06:728][  0]LogTargetPlatformManager: Display: Building Assets For Windows
[2019.03.12-10.01.06:895][  0]LogXGEController: Cleaning working directory: C:/Users/kenne/AppData/Local/Temp/UnrealXGEWorkingDir/
[2019.03.12-10.01.06:895][  0]LogXGEController: Cannot use XGE Controller as Incredibuild is not installed on this machine.
[2019.03.12-10.01.06:895][  0]LogShaderCompilers: Cannot use XGE Shader Compiler as Incredibuild is not installed on this machine.
[2019.03.12-10.01.06:895][  0]LogShaderCompilers: Display: Using Local Shader Compiler.
[2019.03.12-10.01.07:516][  0]LogDerivedDataCache: Display: Max Cache Size: 512 MB
[2019.03.12-10.01.07:599][  0]LogDerivedDataCache: Loaded boot cache 0.08s 74MB C:/Users/kenne/AppData/Local/UnrealEngine/4.19/DerivedDataCache/Boot.ddc.
[2019.03.12-10.01.07:599][  0]LogDerivedDataCache: Display: Loaded Boot cache: C:/Users/kenne/AppData/Local/UnrealEngine/4.19/DerivedDataCache/Boot.ddc
[2019.03.12-10.01.07:599][  0]LogDerivedDataCache: FDerivedDataBackendGraph:  Pak pak cache file C:/Users/kenne/Documents/NewVikingSource/VikingShooter/DerivedDataCache/DDC.ddp not found, will not use a pak cache.
[2019.03.12-10.01.07:600][  0]LogDerivedDataCache: Unable to find inner node Pak for hierarchical cache Hierarchy.
[2019.03.12-10.01.07:600][  0]LogDerivedDataCache: FDerivedDataBackendGraph:  CompressedPak pak cache file C:/Users/kenne/Documents/NewVikingSource/VikingShooter/DerivedDataCache/Compressed.ddp not found, will not use a pak cache.
[2019.03.12-10.01.07:600][  0]LogDerivedDataCache: Unable to find inner node CompressedPak for hierarchical cache Hierarchy.
[2019.03.12-10.01.07:617][  0]LogDerivedDataCache: Display: Pak cache opened for reading ../../../Engine/DerivedDataCache/Compressed.ddp.
[2019.03.12-10.01.07:629][  0]LogDerivedDataCache: Using Local data cache path C:/Users/kenne/AppData/Local/UnrealEngine/Common/DerivedDataCache: Writable
[2019.03.12-10.01.07:629][  0]LogDerivedDataCache: Shared data cache path not found in *engine.ini, will not use an Shared cache.
[2019.03.12-10.01.07:629][  0]LogDerivedDataCache: Unable to find inner node Shared for hierarchical cache Hierarchy.
[2019.03.12-10.01.07:641][  0]LogMaterial: Verifying Global Shaders for PCD3D_SM5
[2019.03.12-10.01.07:641][  0]LogSlate: Using Freetype 2.6.0
[2019.03.12-10.01.07:642][  0]LogSlate: SlateFontCache - WITH_FREETYPE: 1, WITH_HARFBUZZ: 1
[2019.03.12-10.01.07:642][  0]LogSlate: SlateFontCache - WITH_FREETYPE: 1, WITH_HARFBUZZ: 1
[2019.03.12-10.01.07:836][  0]LogAssetRegistry: FAssetRegistry took 0.0256 seconds to start up
[2019.03.12-10.01.08:123][  0]LogInit: Selected Device Profile: [Windows]
[2019.03.12-10.01.08:276][  0]LogSimplygon: Simplygon DLL not present - disabling.
[2019.03.12-10.01.08:279][  0]LogMeshReduction: Using SimplygonSwarm for distributed automatic mesh merging
[2019.03.12-10.01.08:279][  0]LogMeshReduction: Using QuadricMeshReduction for automatic static mesh reduction
[2019.03.12-10.01.08:279][  0]LogMeshReduction: No automatic skeletal mesh reduction module available
[2019.03.12-10.01.08:279][  0]LogMeshReduction: No automatic mesh merging module available
[2019.03.12-10.01.08:279][  0]LogMeshMerging: No automatic mesh merging module available
[2019.03.12-10.01.08:331][  0]LogNetVersion: VikingShooter , NetCL: 3944462, EngineNetVer: 2, GameNetVer: 0 (Checksum: 3082558166)
[2019.03.12-10.01.08:747][  0]LogPackageLocalizationCache: Processed 9 localized package path(s) for 2 prioritized culture(s) in 0.072884 seconds
[2019.03.12-10.01.08:754][  0]LogUObjectArray: 36728 objects as part of root set at end of initial load.
[2019.03.12-10.01.08:754][  0]LogUObjectAllocator: 7314304 out of 0 bytes used by permanent object pool.
[2019.03.12-10.01.08:754][  0]LogUObjectArray: CloseDisregardForGC: 0/0 objects in disregard for GC pool
[2019.03.12-10.01.10:774][  0]LogTcpMessaging: Initializing TcpMessaging bridge
[2019.03.12-10.01.10:822][  0]LogUdpMessaging: Initializing bridge on interface 0.0.0.0:0 to multicast group 230.0.0.1:6666.
[2019.03.12-10.01.11:475][  0]SourceControl: Source control is disabled
[2019.03.12-10.01.11:476][  0]LogWindows: Warning: CreateProc failed: The system cannot find the file specified. (0x00000002)
[2019.03.12-10.01.11:476][  0]LogWindows: Warning: URL: C:/Program Files/Git/bin/git.exe version
[2019.03.12-10.01.11:476][  0]LogWindows: Warning: CreateProc failed: The system cannot find the file specified. (0x00000002)
[2019.03.12-10.01.11:476][  0]LogWindows: Warning: URL: C:/Program Files (x86)/Git/bin/git.exe version
[2019.03.12-10.01.11:476][  0]LogWindows: Warning: CreateProc failed: The system cannot find the file specified. (0x00000002)
[2019.03.12-10.01.11:476][  0]LogWindows: Warning: URL: C:\Users\kenne\AppData\Local/Programs/Git/cmd/git.exe version
[2019.03.12-10.01.11:476][  0]LogWindows: Warning: CreateProc failed: The system cannot find the file specified. (0x00000002)
[2019.03.12-10.01.11:476][  0]LogWindows: Warning: URL: C:/Program Files (x86)/SmartGit/git/bin/git.exe version
[2019.03.12-10.01.11:476][  0]LogWindows: Warning: CreateProc failed: The system cannot find the file specified. (0x00000002)
[2019.03.12-10.01.11:476][  0]LogWindows: Warning: URL: C:/Program Files (x86)/SmartGit/bin/git.exe version
[2019.03.12-10.01.11:476][  0]LogWindows: Warning: CreateProc failed: The system cannot find the file specified. (0x00000002)
[2019.03.12-10.01.11:476][  0]LogWindows: Warning: URL: C:\Users\kenne\AppData\Local/Atlassian/SourceTree/git_local/bin/git.exe version
[2019.03.12-10.01.11:477][  0]LogWindows: Warning: CreateProc failed: The system cannot find the file specified. (0x00000002)
[2019.03.12-10.01.11:477][  0]LogWindows: Warning: URL: C:/Program Files (x86)/fournova/Tower/vendor/Git/bin/git.exe version
[2019.03.12-10.01.11:513][  0]LogWindows: Warning: CreateProc failed: The system cannot find the file specified. (0x00000002)
[2019.03.12-10.01.11:513][  0]LogWindows: Warning: URL: C:/Program Files/Git/bin/git.exe version
[2019.03.12-10.01.11:513][  0]LogWindows: Warning: CreateProc failed: The system cannot find the file specified. (0x00000002)
[2019.03.12-10.01.11:513][  0]LogWindows: Warning: URL: C:/Program Files (x86)/Git/bin/git.exe version
[2019.03.12-10.01.11:514][  0]LogWindows: Warning: CreateProc failed: The system cannot find the file specified. (0x00000002)
[2019.03.12-10.01.11:514][  0]LogWindows: Warning: URL: C:\Users\kenne\AppData\Local/Programs/Git/cmd/git.exe version
[2019.03.12-10.01.11:514][  0]LogWindows: Warning: CreateProc failed: The system cannot find the file specified. (0x00000002)
[2019.03.12-10.01.11:514][  0]LogWindows: Warning: URL: C:/Program Files (x86)/SmartGit/git/bin/git.exe version
[2019.03.12-10.01.11:514][  0]LogWindows: Warning: CreateProc failed: The system cannot find the file specified. (0x00000002)
[2019.03.12-10.01.11:514][  0]LogWindows: Warning: URL: C:/Program Files (x86)/SmartGit/bin/git.exe version
[2019.03.12-10.01.11:514][  0]LogWindows: Warning: CreateProc failed: The system cannot find the file specified. (0x00000002)
[2019.03.12-10.01.11:514][  0]LogWindows: Warning: URL: C:\Users\kenne\AppData\Local/Atlassian/SourceTree/git_local/bin/git.exe version
[2019.03.12-10.01.11:514][  0]LogWindows: Warning: CreateProc failed: The system cannot find the file specified. (0x00000002)
[2019.03.12-10.01.11:514][  0]LogWindows: Warning: URL: C:/Program Files (x86)/fournova/Tower/vendor/Git/bin/git.exe version
[2019.03.12-10.01.11:551][  0]LogWindows: Warning: CreateProc failed: The system cannot find the file specified. (0x00000002)
[2019.03.12-10.01.11:551][  0]LogWindows: Warning: URL: C:/Program Files/Git/bin/git.exe version
[2019.03.12-10.01.11:551][  0]LogWindows: Warning: CreateProc failed: The system cannot find the file specified. (0x00000002)
[2019.03.12-10.01.11:551][  0]LogWindows: Warning: URL: C:/Program Files (x86)/Git/bin/git.exe version
[2019.03.12-10.01.11:551][  0]LogWindows: Warning: CreateProc failed: The system cannot find the file specified. (0x00000002)
[2019.03.12-10.01.11:551][  0]LogWindows: Warning: URL: C:\Users\kenne\AppData\Local/Programs/Git/cmd/git.exe version
[2019.03.12-10.01.11:551][  0]LogWindows: Warning: CreateProc failed: The system cannot find the file specified. (0x00000002)
[2019.03.12-10.01.11:551][  0]LogWindows: Warning: URL: C:/Program Files (x86)/SmartGit/git/bin/git.exe version
[2019.03.12-10.01.11:551][  0]LogWindows: Warning: CreateProc failed: The system cannot find the file specified. (0x00000002)
[2019.03.12-10.01.11:551][  0]LogWindows: Warning: URL: C:/Program Files (x86)/SmartGit/bin/git.exe version
[2019.03.12-10.01.11:552][  0]LogWindows: Warning: CreateProc failed: The system cannot find the file specified. (0x00000002)
[2019.03.12-10.01.11:552][  0]LogWindows: Warning: URL: C:\Users\kenne\AppData\Local/Atlassian/SourceTree/git_local/bin/git.exe version
[2019.03.12-10.01.11:552][  0]LogWindows: Warning: CreateProc failed: The system cannot find the file specified. (0x00000002)
[2019.03.12-10.01.11:552][  0]LogWindows: Warning: URL: C:/Program Files (x86)/fournova/Tower/vendor/Git/bin/git.exe version
[2019.03.12-10.01.12:442][  0]LogAndroidPermission: UAndroidPermissionCallbackProxy::GetInstance
[2019.03.12-10.01.12:713][  0]LogOcInput: OculusInput pre-init called
[2019.03.12-10.01.12:875][  0]LogEngine: Initializing Engine...
[2019.03.12-10.01.12:876][  0]LogHMD: Failed to initialize OpenVR with code 110
[2019.03.12-10.01.12:877][  0]LogStats: UGameplayTagsManager::ConstructGameplayTagTree: Construct from data asset -  0.000 s
[2019.03.12-10.01.12:877][  0]LogStats: UGameplayTagsManager::ConstructGameplayTagTree: GameplayTagTreeChangedEvent.Broadcast -  0.000 s
[2019.03.12-10.01.13:083][  0]LogAIModule: Creating AISystem for world Untitled
[2019.03.12-10.01.13:097][  0]LogInit: XAudio2 using 'Speakers (Realtek High Definition Audio)' : 2 channels at 48 kHz using 32 bits per sample (channel mask 0x3)
[2019.03.12-10.01.13:429][  0]LogInit: FAudioDevice initialized.
[2019.03.12-10.01.13:513][  0]LogDerivedDataCache: Saved boot cache 0.08s 74MB C:/Users/kenne/AppData/Local/UnrealEngine/4.19/DerivedDataCache/Boot.ddc.
[2019.03.12-10.01.13:529][  0]LogInit: Texture streaming: Enabled
[2019.03.12-10.01.13:547][  0]LogEngineSessionManager: EngineSessionManager initialized
[2019.03.12-10.01.13:559][  0]LogInit: Transaction tracking system initialized
[2019.03.12-10.01.13:587][  0]BlueprintLog: New page: Editor Load
[2019.03.12-10.01.13:669][  0]LocalizationService: Localization service is disabled
[2019.03.12-10.01.13:807][  0]LogConsoleResponse: Display: 
[2019.03.12-10.01.13:950][  0]LogCook: Display: Max memory allowance for cook 16384mb min free memory 0mb
[2019.03.12-10.01.13:950][  0]LogCook: Display: Mobile HDR setting 1
[2019.03.12-10.01.13:950][  0]LogGameplayTags: Display: UGameplayTagsManager::DoneAddingNativeTags. DelegateIsBound: 0
[2019.03.12-10.01.13:950][  0]LogStats: UGameplayTagsManager::ConstructGameplayTagTree: Construct from data asset -  0.000 s
[2019.03.12-10.01.13:950][  0]LogStats: UGameplayTagsManager::ConstructGameplayTagTree: GameplayTagTreeChangedEvent.Broadcast -  0.000 s
[2019.03.12-10.01.14:005][  0]LogFileCache: Scanning file cache for directory 'C:/Users/kenne/Documents/NewVikingSource/VikingShooter/Content/' took 0.03s
[2019.03.12-10.01.14:786][  0]LogWindows: Warning: CreateProc failed: The system cannot find the file specified. (0x00000002)
[2019.03.12-10.01.14:786][  0]LogWindows: Warning: URL: C:/Program Files/Git/bin/git.exe version
[2019.03.12-10.01.14:786][  0]LogWindows: Warning: CreateProc failed: The system cannot find the file specified. (0x00000002)
[2019.03.12-10.01.14:786][  0]LogWindows: Warning: URL: C:/Program Files (x86)/Git/bin/git.exe version
[2019.03.12-10.01.14:786][  0]LogWindows: Warning: CreateProc failed: The system cannot find the file specified. (0x00000002)
[2019.03.12-10.01.14:786][  0]LogWindows: Warning: URL: C:\Users\kenne\AppData\Local/Programs/Git/cmd/git.exe version
[2019.03.12-10.01.14:786][  0]LogWindows: Warning: CreateProc failed: The system cannot find the file specified. (0x00000002)
[2019.03.12-10.01.14:786][  0]LogWindows: Warning: URL: C:/Program Files (x86)/SmartGit/git/bin/git.exe version
[2019.03.12-10.01.14:786][  0]LogWindows: Warning: CreateProc failed: The system cannot find the file specified. (0x00000002)
[2019.03.12-10.01.14:786][  0]LogWindows: Warning: URL: C:/Program Files (x86)/SmartGit/bin/git.exe version
[2019.03.12-10.01.14:787][  0]LogWindows: Warning: CreateProc failed: The system cannot find the file specified. (0x00000002)
[2019.03.12-10.01.14:787][  0]LogWindows: Warning: URL: C:\Users\kenne\AppData\Local/Atlassian/SourceTree/git_local/bin/git.exe version
[2019.03.12-10.01.14:787][  0]LogWindows: Warning: CreateProc failed: The system cannot find the file specified. (0x00000002)
[2019.03.12-10.01.14:787][  0]LogWindows: Warning: URL: C:/Program Files (x86)/fournova/Tower/vendor/Git/bin/git.exe version
[2019.03.12-10.01.14:787][  0]Cmd: MAP LOAD FILE="C:/Users/kenne/Documents/NewVikingSource/VikingShooter/Content/Maps/Level01.umap" TEMPLATE=0 SHOWPROGRESS=1 FEATURELEVEL=3
[2019.03.12-10.01.14:787][  0]LightingResults: New page: Lighting Build
[2019.03.12-10.01.14:791][  0]MapCheck: New page: Map Check
[2019.03.12-10.01.14:791][  0]LightingResults: New page: Lighting Build
[2019.03.12-10.01.14:827][  0]LogUObjectGlobals: Created PersistentFrame Addr=0x000001c4113c3028, Size=4, Default__Troll01_BP_C Function /Game/Troll01_Files/Troll01_BP.Troll01_BP_C:ExecuteUbergraph_Troll01_BP
[2019.03.12-10.01.14:828][  0]LogUObjectGlobals: Destroyed PersistentFrame Addr=0x000001c4113c3028, Size=4
[2019.03.12-10.01.14:828][  0]LogUObjectGlobals: Created PersistentFrame Addr=0x000001c4113c3028, Size=4, Default__Troll01_BP_C Function /Engine/Transient.REINST_Troll01_BP_C_0:ExecuteUbergraph_Troll01_BP
[2019.03.12-10.01.14:828][  0]LogUObjectGlobals: Created PersistentFrame Addr=0x000001c4113c30e8, Size=4, Default__Troll01_BP_C Function /Game/Troll01_Files/Troll01_BP.Troll01_BP_C:ExecuteUbergraph_Troll01_BP
[2019.03.12-10.01.14:829][  0]LogUObjectGlobals: Destroyed PersistentFrame Addr=0x000001c4113c30e8, Size=4
[2019.03.12-10.01.14:829][  0]LogUObjectGlobals: Created PersistentFrame Addr=0x000001c4113c30e8, Size=4, Default__Troll01_BP_C Function /Engine/Transient.REINST_Troll01_BP_C_2:ExecuteUbergraph_Troll01_BP
[2019.03.12-10.01.14:832][  0]LogUObjectGlobals: Created PersistentFrame Addr=0x000001c412cd1dc8, Size=40, Default__Troll01_BP_C Function /Game/Troll01_Files/Troll01_BP.Troll01_BP_C:ExecuteUbergraph_Troll01_BP
[2019.03.12-10.01.14:844][  0]LogUObjectGlobals: Created PersistentFrame Addr=0x000001c412cd1d00, Size=40, Default__Harold_Character_BP_C Function /Game/Harold_Model_Files/Harold_Character_BP.Harold_Character_BP_C:ExecuteUbergraph_Harold_Character_BP
[2019.03.12-10.01.14:846][  0]LogUObjectGlobals: Destroyed PersistentFrame Addr=0x000001c412cd1d00, Size=40
[2019.03.12-10.01.14:846][  0]LogUObjectGlobals: Created PersistentFrame Addr=0x000001c412cd1d00, Size=40, Default__Harold_Character_BP_C Function /Engine/Transient.REINST_Harold_Character_BP_C_3:ExecuteUbergraph_Harold_Character_BP
[2019.03.12-10.01.14:848][  0]LogUObjectGlobals: Created PersistentFrame Addr=0x000001c412cd1918, Size=40, Default__Harold_Character_BP_C Function /Game/Harold_Model_Files/Harold_Character_BP.Harold_Character_BP_C:ExecuteUbergraph_Harold_Character_BP
[2019.03.12-10.01.14:855][  0]LogUObjectGlobals: Created PersistentFrame Addr=0x000001c413630100, Size=1808, Default__BP_TwinStickCharacter_C Function /Game/Blueprint/BP_TwinStickCharacter.BP_TwinStickCharacter_C:ExecuteUbergraph_BP_TwinStickCharacter
[2019.03.12-10.01.14:856][  0]LogUObjectGlobals: Created PersistentFrame Addr=0x000001c4136424e0, Size=224, Default__BP_Spike_C Function /Game/Blueprint/BP_Spike.BP_Spike_C:ExecuteUbergraph_BP_Spike
[2019.03.12-10.01.14:888][  0]LogUObjectGlobals: Created PersistentFrame Addr=0x000001c4135dae80, Size=296, Default__BP_TwinStickProjectile_C Function /Game/Blueprint/BP_TwinStickProjectile.BP_TwinStickProjectile_C:ExecuteUbergraph_BP_TwinStickProjectile
[2019.03.12-10.01.14:942][  0]LogUObjectGlobals: Created PersistentFrame Addr=0x000001c4132573f8, Size=40, Default__Explosion_C Function /Game/Blueprint/Explosion.Explosion_C:ExecuteUbergraph_Explosion
[2019.03.12-10.01.14:949][  0]LogUObjectGlobals: Created PersistentFrame Addr=0x000001c413259420, Size=96, Default__Grenade_C Function /Game/Blueprint/Grenade.Grenade_C:ExecuteUbergraph_Grenade
[2019.03.12-10.01.14:954][  0]LogUObjectGlobals: Created PersistentFrame Addr=0x000001c413228100, Size=752, Default__EnemyCharacter_C Function /Game/Blueprint/EnemyCharacter.EnemyCharacter_C:ExecuteUbergraph_EnemyCharacter
[2019.03.12-10.01.14:957][  0]LogUObjectGlobals: Created PersistentFrame Addr=0x000001c4131db5f0, Size=112, Default__Weapon_C Function /Game/Blueprint/Weapon.Weapon_C:ExecuteUbergraph_Weapon
[2019.03.12-10.01.14:958][  0]LogUObjectGlobals: Created PersistentFrame Addr=0x000001c41231f280, Size=328, Default__Laser_C Function /Game/Blueprint/Laser.Laser_C:ExecuteUbergraph_Laser
[2019.03.12-10.01.14:996][  0]LogUObjectGlobals: Created PersistentFrame Addr=0x000001c4131dada0, Size=104, Default__EnemyAI_C Function /Game/Blueprint/EnemyAI.EnemyAI_C:ExecuteUbergraph_EnemyAI
[2019.03.12-10.01.15:106][  0]LogUObjectGlobals: Destroyed PersistentFrame Addr=0x000001c4136424e0, Size=224
[2019.03.12-10.01.15:106][  0]LogUObjectGlobals: Created PersistentFrame Addr=0x000001c4163a0720, Size=224, Default__BP_Spike_C Function /Engine/Transient.REINST_BP_Spike_C_6:ExecuteUbergraph_BP_Spike
[2019.03.12-10.01.15:106][  0]LogUObjectGlobals: Destroyed PersistentFrame Addr=0x000001c4135dae80, Size=296
[2019.03.12-10.01.15:106][  0]LogUObjectGlobals: Created PersistentFrame Addr=0x000001c41675e340, Size=296, Default__BP_TwinStickProjectile_C Function /Engine/Transient.REINST_BP_TwinStickProjectile_C_7:ExecuteUbergraph_BP_TwinStickProjectile
[2019.03.12-10.01.15:106][  0]LogUObjectGlobals: Destroyed PersistentFrame Addr=0x000001c4132573f8, Size=40
[2019.03.12-10.01.15:106][  0]LogUObjectGlobals: Created PersistentFrame Addr=0x000001c4167aeb10, Size=40, Default__Explosion_C Function /Engine/Transient.REINST_Explosion_C_8:ExecuteUbergraph_Explosion
[2019.03.12-10.01.15:107][  0]LogUObjectGlobals: Destroyed PersistentFrame Addr=0x000001c413259420, Size=96
[2019.03.12-10.01.15:107][  0]LogUObjectGlobals: Created PersistentFrame Addr=0x000001c4163aac80, Size=96, Default__Grenade_C Function /Engine/Transient.REINST_Grenade_C_9:ExecuteUbergraph_Grenade
[2019.03.12-10.01.15:107][  0]LogUObjectGlobals: Destroyed PersistentFrame Addr=0x000001c41231f280, Size=328
[2019.03.12-10.01.15:107][  0]LogUObjectGlobals: Created PersistentFrame Addr=0x000001c4162cb100, Size=328, Default__Laser_C Function /Engine/Transient.REINST_Laser_C_10:ExecuteUbergraph_Laser
[2019.03.12-10.01.15:107][  0]LogUObjectGlobals: Destroyed PersistentFrame Addr=0x000001c4131db5f0, Size=112
[2019.03.12-10.01.15:107][  0]LogUObjectGlobals: Created PersistentFrame Addr=0x000001c41676a240, Size=112, Default__Weapon_C Function /Engine/Transient.REINST_Weapon_C_11:ExecuteUbergraph_Weapon
[2019.03.12-10.01.15:108][  0]LogUObjectGlobals: Destroyed PersistentFrame Addr=0x000001c413630100, Size=1808
[2019.03.12-10.01.15:108][  0]LogUObjectGlobals: Created PersistentFrame Addr=0x000001c4162b3580, Size=1808, Default__BP_TwinStickCharacter_C Function /Engine/Transient.REINST_BP_TwinStickCharacter_C_12:ExecuteUbergraph_BP_TwinStickCharacter
[2019.03.12-10.01.15:108][  0]LogUObjectGlobals: Destroyed PersistentFrame Addr=0x000001c4131dada0, Size=104
[2019.03.12-10.01.15:109][  0]LogUObjectGlobals: Created PersistentFrame Addr=0x000001c41676a320, Size=104, Default__EnemyAI_C Function /Engine/Transient.REINST_EnemyAI_C_13:ExecuteUbergraph_EnemyAI
[2019.03.12-10.01.15:109][  0]LogUObjectGlobals: Destroyed PersistentFrame Addr=0x000001c413228100, Size=752
[2019.03.12-10.01.15:109][  0]LogUObjectGlobals: Created PersistentFrame Addr=0x000001c416297a00, Size=752, Default__EnemyCharacter_C Function /Engine/Transient.REINST_EnemyCharacter_C_14:ExecuteUbergraph_EnemyCharacter
[2019.03.12-10.01.15:135][  0]LogUObjectGlobals: Created PersistentFrame Addr=0x000001c416131c20, Size=224, Default__BP_Spike_C Function /Game/Blueprint/BP_Spike.BP_Spike_C:ExecuteUbergraph_BP_Spike
[2019.03.12-10.01.15:136][  0]LogUObjectGlobals: Created PersistentFrame Addr=0x000001c416176c00, Size=296, Default__BP_TwinStickProjectile_C Function /Game/Blueprint/BP_TwinStickProjectile.BP_TwinStickProjectile_C:ExecuteUbergraph_BP_TwinStickProjectile
[2019.03.12-10.01.15:137][  0]LogUObjectGlobals: Created PersistentFrame Addr=0x000001c4167acd88, Size=40, Default__Explosion_C Function /Game/Blueprint/Explosion.Explosion_C:ExecuteUbergraph_Explosion
[2019.03.12-10.01.15:137][  0]LogUObjectGlobals: Created PersistentFrame Addr=0x000001c416125ea0, Size=96, Default__Grenade_C Function /Game/Blueprint/Grenade.Grenade_C:ExecuteUbergraph_Grenade
[2019.03.12-10.01.15:138][  0]LogUObjectGlobals: Created PersistentFrame Addr=0x000001c4160e1300, Size=328, Default__Laser_C Function /Game/Blueprint/Laser.Laser_C:ExecuteUbergraph_Laser
[2019.03.12-10.01.15:139][  0]LogUObjectGlobals: Created PersistentFrame Addr=0x000001c416085e50, Size=112, Default__Weapon_C Function /Game/Blueprint/Weapon.Weapon_C:ExecuteUbergraph_Weapon
[2019.03.12-10.01.15:143][  0]LogUObjectGlobals: Created PersistentFrame Addr=0x000001c41603c100, Size=1808, Default__BP_TwinStickCharacter_C Function /Game/Blueprint/BP_TwinStickCharacter.BP_TwinStickCharacter_C:ExecuteUbergraph_BP_TwinStickCharacter
[2019.03.12-10.01.15:146][  0]LogUObjectGlobals: Created PersistentFrame Addr=0x000001c42f01c950, Size=104, Default__EnemyAI_C Function /Game/Blueprint/EnemyAI.EnemyAI_C:ExecuteUbergraph_EnemyAI
[2019.03.12-10.01.15:147][  0]LogUObjectGlobals: Created PersistentFrame Addr=0x000001c42f01ab00, Size=752, Default__EnemyCharacter_C Function /Game/Blueprint/EnemyCharacter.EnemyCharacter_C:ExecuteUbergraph_EnemyCharacter
[2019.03.12-10.01.15:239][  0]LogUObjectGlobals: Created PersistentFrame Addr=0x000001c4161a1b40, Size=200, Default__BP_PunchableDoor_C Function /Game/Blueprint/BP_PunchableDoor.BP_PunchableDoor_C:ExecuteUbergraph_BP_PunchableDoor
[2019.03.12-10.01.15:241][  0]LogUObjectGlobals: Destroyed PersistentFrame Addr=0x000001c4161a1b40, Size=200
[2019.03.12-10.01.15:241][  0]LogUObjectGlobals: Created PersistentFrame Addr=0x000001c4161a1b40, Size=200, Default__BP_PunchableDoor_C Function /Engine/Transient.REINST_BP_PunchableDoor_C_28:ExecuteUbergraph_BP_PunchableDoor
[2019.03.12-10.01.15:242][  0]LogUObjectGlobals: Created PersistentFrame Addr=0x000001c4161a0480, Size=200, Default__BP_PunchableDoor_C Function /Game/Blueprint/BP_PunchableDoor.BP_PunchableDoor_C:ExecuteUbergraph_BP_PunchableDoor
[2019.03.12-10.01.15:249][  0]LogUObjectGlobals: Created PersistentFrame Addr=0x000001c41714b580, Size=200, Default__BP_Rock_C Function /Game/Blueprint/BP_Rock.BP_Rock_C:ExecuteUbergraph_BP_Rock
[2019.03.12-10.01.15:252][  0]LogUObjectGlobals: Destroyed PersistentFrame Addr=0x000001c41714b580, Size=200
[2019.03.12-10.01.15:252][  0]LogUObjectGlobals: Created PersistentFrame Addr=0x000001c41714b580, Size=200, Default__BP_Rock_C Function /Engine/Transient.REINST_BP_Rock_C_30:ExecuteUbergraph_BP_Rock
[2019.03.12-10.01.15:254][  0]LogUObjectGlobals: Created PersistentFrame Addr=0x000001c41714a240, Size=200, Default__BP_Rock_C Function /Game/Blueprint/BP_Rock.BP_Rock_C:ExecuteUbergraph_BP_Rock
[2019.03.12-10.01.15:258][  0]LogUObjectGlobals: Created PersistentFrame Addr=0x000001c4171d3bf0, Size=80, Default__EnemySpawner_C Function /Game/Blueprint/EnemySpawner.EnemySpawner_C:ExecuteUbergraph_EnemySpawner
[2019.03.12-10.01.15:260][  0]LogUObjectGlobals: Destroyed PersistentFrame Addr=0x000001c4171d3bf0, Size=80
[2019.03.12-10.01.15:260][  0]LogUObjectGlobals: Created PersistentFrame Addr=0x000001c4171d2f70, Size=80, Default__EnemySpawner_C Function /Engine/Transient.REINST_EnemySpawner_C_32:ExecuteUbergraph_EnemySpawner
[2019.03.12-10.01.15:261][  0]LogUObjectGlobals: Created PersistentFrame Addr=0x000001c4171d1d50, Size=80, Default__EnemySpawner_C Function /Game/Blueprint/EnemySpawner.EnemySpawner_C:ExecuteUbergraph_EnemySpawner
[2019.03.12-10.01.15:334][  0]LogUObjectGlobals: Created PersistentFrame Addr=0x000001c4177ec7c0, Size=152, Default__Exploding_Barrel_C Function /Game/Blueprint/Exploding_Barrel.Exploding_Barrel_C:ExecuteUbergraph_Exploding_Barrel
[2019.03.12-10.01.15:339][  0]LogUObjectGlobals: Destroyed PersistentFrame Addr=0x000001c4177ec7c0, Size=152
[2019.03.12-10.01.15:339][  0]LogUObjectGlobals: Created PersistentFrame Addr=0x000001c4177b1c60, Size=152, Default__Exploding_Barrel_C Function /Engine/Transient.REINST_Exploding_Barrel_C_34:ExecuteUbergraph_Exploding_Barrel
[2019.03.12-10.01.15:343][  0]LogUObjectGlobals: Created PersistentFrame Addr=0x000001c431b9b600, Size=152, Default__Exploding_Barrel_C Function /Game/Blueprint/Exploding_Barrel.Exploding_Barrel_C:ExecuteUbergraph_Exploding_Barrel
[2019.03.12-10.01.15:564][  0]LogSkeletalMesh: Skeletal Mesh found in DDC [1.010551ms] /Game/Harold_Model_Files/Harold_enlarged_idle.Harold_enlarged_idle
[2019.03.12-10.01.15:744][  0]LogSkeletalMesh: Skeletal Mesh found in DDC [0.485565ms] /Game/Troll01_Files/Troll01_Idle.Troll01_Idle
[2019.03.12-10.01.15:753][  0]LogSkeletalMesh: Skeletal Mesh found in DDC [0.544464ms] /Game/Shotgun_Harold_Js.Shotgun_Harold_Js
[2019.03.12-10.01.15:812][  0]LogAIModule: Creating AISystem for world Level01
[2019.03.12-10.01.15:841][  0]LogEditorServer: Finished looking for orphan Actors (0.000 secs)
[2019.03.12-10.01.15:854][  0]LogUObjectGlobals: Destroyed PersistentFrame Addr=0x000001c4113c3028, Size=4
[2019.03.12-10.01.15:854][  0]LogUObjectGlobals: Destroyed PersistentFrame Addr=0x000001c4113c30e8, Size=4
[2019.03.12-10.01.15:854][  0]LogUObjectGlobals: Destroyed PersistentFrame Addr=0x000001c412cd1d00, Size=40
[2019.03.12-10.01.15:854][  0]LogUObjectGlobals: Destroyed PersistentFrame Addr=0x000001c4162b3580, Size=1808
[2019.03.12-10.01.15:854][  0]LogUObjectGlobals: Destroyed PersistentFrame Addr=0x000001c4163a0720, Size=224
[2019.03.12-10.01.15:854][  0]LogUObjectGlobals: Destroyed PersistentFrame Addr=0x000001c41675e340, Size=296
[2019.03.12-10.01.15:854][  0]LogUObjectGlobals: Destroyed PersistentFrame Addr=0x000001c4167aeb10, Size=40
[2019.03.12-10.01.15:854][  0]LogUObjectGlobals: Destroyed PersistentFrame Addr=0x000001c4163aac80, Size=96
[2019.03.12-10.01.15:854][  0]LogUObjectGlobals: Destroyed PersistentFrame Addr=0x000001c416297a00, Size=752
[2019.03.12-10.01.15:854][  0]LogUObjectGlobals: Destroyed PersistentFrame Addr=0x000001c41676a240, Size=112
[2019.03.12-10.01.15:854][  0]LogUObjectGlobals: Destroyed PersistentFrame Addr=0x000001c4162cb100, Size=328
[2019.03.12-10.01.15:854][  0]LogUObjectGlobals: Destroyed PersistentFrame Addr=0x000001c41676a320, Size=104
[2019.03.12-10.01.15:854][  0]LogUObjectGlobals: Destroyed PersistentFrame Addr=0x000001c4161a1b40, Size=200
[2019.03.12-10.01.15:854][  0]LogUObjectGlobals: Destroyed PersistentFrame Addr=0x000001c41714b580, Size=200
[2019.03.12-10.01.15:854][  0]LogUObjectGlobals: Destroyed PersistentFrame Addr=0x000001c4171d2f70, Size=80
[2019.03.12-10.01.15:854][  0]LogUObjectGlobals: Destroyed PersistentFrame Addr=0x000001c4177b1c60, Size=152
[2019.03.12-10.01.15:856][  0]Cmd: MAP CHECKDEP NOCLEARLOG
[2019.03.12-10.01.15:967][  0]MapCheck: Map check complete: 0 Error(s), 0 Warning(s), took 111.249ms to complete.
[2019.03.12-10.01.15:967][  0]LogFileHelpers: Loading map 'Level01' took 1.180
[2019.03.12-10.01.16:103][  0]LogCollectionManager: Loaded 0 collections in 0.002105 seconds
[2019.03.12-10.01.16:144][  0]LogFileCache: Scanning file cache for directory 'C:/Users/kenne/Documents/NewVikingSource/VikingShooter/Saved/Collections/' took 0.01s
[2019.03.12-10.01.16:145][  0]LogFileCache: Scanning file cache for directory 'C:/Users/kenne/Documents/NewVikingSource/VikingShooter/Content/Developers/kenne/Collections/' took 0.01s
[2019.03.12-10.01.16:145][  0]LogFileCache: Scanning file cache for directory 'C:/Users/kenne/Documents/NewVikingSource/VikingShooter/Content/Collections/' took 0.01s
[2019.03.12-10.01.16:145][  0]LogCollectionManager: Rebuilt the GUID cache for 0 collections in 0.000000 seconds
[2019.03.12-10.01.16:154][  0]LogContentBrowser: Native class hierarchy populated in 0.0090 seconds. Added 2453 classes and 561 folders.
[2019.03.12-10.01.16:162][  0]LogContentBrowser: Native class hierarchy updated for 'WidgetCarousel' in 0.0014 seconds. Added 0 classes and 0 folders.
[2019.03.12-10.01.16:276][  0]LogContentBrowser: Native class hierarchy updated for 'AddContentDialog' in 0.0019 seconds. Added 0 classes and 0 folders.
[2019.03.12-10.01.16:283][  0]LogContentBrowser: Native class hierarchy updated for 'SceneOutliner' in 0.0015 seconds. Added 1 classes and 2 folders.
[2019.03.12-10.01.16:304][  0]LogSlate: Took 0.000274 seconds to synchronously load lazily loaded font '../../../Engine/Content/Slate/Fonts/Roboto-Regular.ttf' (155K)
[2019.03.12-10.01.16:306][  0]LogSlate: Took 0.000282 seconds to synchronously load lazily loaded font '../../../Engine/Content/Slate/Fonts/Roboto-Bold.ttf' (160K)
[2019.03.12-10.01.16:310][  0]LogSlate: Took 0.000274 seconds to synchronously load lazily loaded font '../../../Engine/Content/Editor/Slate/Fonts/FontAwesome.ttf' (139K)
[2019.03.12-10.01.16:404][  0]LogRenderer: Reallocating scene render targets to support 1208x604 Format 10 NumSamples 1 (Frame:1).
[2019.03.12-10.01.16:450][  0]LogSlate: Took 0.000333 seconds to synchronously load lazily loaded font '../../../Engine/Content/Slate/Fonts/Roboto-Light.ttf' (167K)
[2019.03.12-10.01.16:527][  0]LogContentBrowser: Native class hierarchy updated for 'HierarchicalLODOutliner' in 0.0016 seconds. Added 0 classes and 0 folders.
[2019.03.12-10.01.16:527][  0]LogLoad: (Engine Initialization) Total time: 17.16 seconds
[2019.03.12-10.01.16:527][  0]LogLoad: (Engine Initialization) Total Blueprint compile time: 0.00 seconds
[2019.03.12-10.01.16:545][  0]LogWindowsTextInputMethodSystem: Display: IME system now deactivated.
[2019.03.12-10.01.16:580][  0]LogContentStreaming: Texture pool size now 1000 MB
[2019.03.12-10.01.16:681][  1]LogAssetRegistry: Asset discovery search completed in 8.8661 seconds
[2019.03.12-10.01.16:683][  1]LogCollectionManager: Rebuilt the object cache for 0 collections in 0.000000 seconds (found 0 objects)
[2019.03.12-10.01.16:683][  1]LogCollectionManager: Fixed up redirectors for 0 collections in 0.000050 seconds (updated 0 objects)
[2019.03.12-10.01.20:307][214]LogSlate: FSceneViewport::OnFocusLost() reason 2
[2019.03.12-10.01.21:024][257]LogSlate: FSceneViewport::OnFocusLost() reason 2
[2019.03.12-10.01.22:836][364]Cmd: MAP LOAD FILE="C:/Users/kenne/Documents/NewVikingSource/VikingShooter/Content/Maps/minetest.umap" TEMPLATE=0 SHOWPROGRESS=1 FEATURELEVEL=3
[2019.03.12-10.01.22:843][364]LogSlate: Took 0.000307 seconds to synchronously load lazily loaded font '../../../Engine/Content/Slate/Fonts/Roboto-Light.ttf' (167K)
[2019.03.12-10.01.22:856][364]LightingResults: New page: Lighting Build
[2019.03.12-10.01.22:857][364]LoadErrors: New page: Loading map: minetest.umap
[2019.03.12-10.01.22:861][364]MapCheck: New page: Map Check
[2019.03.12-10.01.22:861][364]LightingResults: New page: Lighting Build
[2019.03.12-10.01.23:315][364]LogAIModule: Creating AISystem for world minetest
[2019.03.12-10.01.23:342][364]LogEditorServer: Finished looking for orphan Actors (0.000 secs)
[2019.03.12-10.01.23:373][364]Cmd: MAP CHECKDEP NOCLEARLOG
[2019.03.12-10.01.23:496][364]MapCheck: Map check complete: 0 Error(s), 0 Warning(s), took 122.517ms to complete.
[2019.03.12-10.01.23:496][364]LogFileHelpers: Loading map 'minetest' took 0.661
[2019.03.12-10.01.23:498][364]LogSlate: Window 'Open Level' being destroyed
[2019.03.12-10.01.27:702][608]LogSlate: FSceneViewport::OnFocusLost() reason 0
[2019.03.12-10.01.27:768][612]LogTemp: Repeating last play command: New Editor Window (PIE)
[2019.03.12-10.01.27:778][612]LogPlayLevel: PlayLevel: No blueprints needed recompiling
[2019.03.12-10.01.27:779][612]PIE: New page: PIE session: minetest (12 Mar 2019 12:01:27)
[2019.03.12-10.01.27:779][612]LogPlayLevel: Creating play world package: /Game/Maps/UEDPIE_0_minetest
[2019.03.12-10.01.27:792][612]LogPlayLevel: PIE: StaticDuplicateObject took: (0.013161s)
[2019.03.12-10.01.27:793][612]LogAIModule: Creating AISystem for world minetest
[2019.03.12-10.01.27:793][612]LogPlayLevel: PIE: World Init took: (0.000815s)
[2019.03.12-10.01.27:793][612]LogPlayLevel: PIE: Created PIE world by copying editor world from /Game/Maps/minetest.minetest to /Game/Maps/UEDPIE_0_minetest.minetest (0.014177s)
[2019.03.12-10.01.27:809][612]LogInit: XAudio2 using 'Speakers (Realtek High Definition Audio)' : 2 channels at 48 kHz using 32 bits per sample (channel mask 0x3)
[2019.03.12-10.01.27:858][612]LogInit: FAudioDevice initialized.
[2019.03.12-10.01.27:932][612]LogUObjectGlobals: Created PersistentFrame Addr=0x000001c424a34ad8, Size=56, Default__BP_TwinStickGameMode_C Function /Game/Blueprint/BP_TwinStickGameMode.BP_TwinStickGameMode_C:ExecuteUbergraph_BP_TwinStickGameMode
[2019.03.12-10.01.27:933][612]LogUObjectGlobals: Destroyed PersistentFrame Addr=0x000001c424a34ad8, Size=56
[2019.03.12-10.01.27:933][612]LogUObjectGlobals: Created PersistentFrame Addr=0x000001c424a34ad8, Size=56, Default__BP_TwinStickGameMode_C Function /Engine/Transient.REINST_BP_TwinStickGameMode_C_37:ExecuteUbergraph_BP_TwinStickGameMode
[2019.03.12-10.01.27:935][612]LogUObjectGlobals: Created PersistentFrame Addr=0x000001c45faa81e0, Size=56, Default__BP_TwinStickGameMode_C Function /Game/Blueprint/BP_TwinStickGameMode.BP_TwinStickGameMode_C:ExecuteUbergraph_BP_TwinStickGameMode
[2019.03.12-10.01.27:946][612]LogLoad: Game class is 'BP_TwinStickGameMode_C'
[2019.03.12-10.01.27:956][612]LogWorld: Bringing World /Game/Maps/UEDPIE_0_minetest.minetest up for play (max tick rate 60) at 2019.03.12-11.01.27
[2019.03.12-10.01.27:961][612]LogWorld: Bringing up level for play took: 0.013662
[2019.03.12-10.01.27:967][612]LogContentBrowser: Native class hierarchy updated for 'MovieSceneCapture' in 0.0020 seconds. Added 11 classes and 0 folders.
[2019.03.12-10.01.27:969][612]LogScriptCore: Warning: Script Msg: Attempted to access index 0 from array 'CallFunc_GetAllActorsOfClass_OutActors' of length 0 in '/Game/Blueprint/BP_TwinStickGameMode.BP_TwinStickGameMode_C:ExecuteUbergraph_BP_TwinStickGameMode'!
[2019.03.12-10.01.27:969][612]LogBlueprintUserMessages: Warning: SetTimer passed a bad function (SpawnEnemy) or object (None)
[2019.03.12-10.01.27:973][612]PIE: Play in editor start time for /Game/Maps/UEDPIE_0_minetest -0.682
[2019.03.12-10.01.28:025][612]LogRenderer: Reallocating scene render targets to support 1292x756 Format 10 NumSamples 1 (Frame:1).
[2019.03.12-10.01.29:509][697]LogRenderer: Reallocating scene render targets to support 1920x1016 Format 10 NumSamples 1 (Frame:87).
[2019.03.12-10.02.09:402][ 89]LogSlate: Window 'VikingShooter Game Preview Standalone (64-bit/PCD3D_SM5)' being destroyed
[2019.03.12-10.02.09:452][ 89]LogUObjectGlobals: Destroyed PersistentFrame Addr=0x000001c424a34ad8, Size=56
[2019.03.12-10.02.10:459][148]LogSlate: FSceneViewport::OnFocusLost() reason 2
[2019.03.12-10.02.11:143][189]LogSlate: FSceneViewport::OnFocusLost() reason 2
[2019.03.12-10.02.12:617][276]Cmd: MAP LOAD FILE="C:/Users/kenne/Documents/NewVikingSource/VikingShooter/Content/Maps/MineArena.umap" TEMPLATE=0 SHOWPROGRESS=1 FEATURELEVEL=3
[2019.03.12-10.02.12:636][276]LightingResults: New page: Lighting Build
[2019.03.12-10.02.12:637][276]LoadErrors: New page: Loading map: MineArena.umap
[2019.03.12-10.02.12:640][276]MapCheck: New page: Map Check
[2019.03.12-10.02.12:640][276]LightingResults: New page: Lighting Build
[2019.03.12-10.02.12:700][276]LogAIModule: Creating AISystem for world MineArena
[2019.03.12-10.02.12:725][276]LogEditorServer: Finished looking for orphan Actors (0.000 secs)
[2019.03.12-10.02.12:753][276]Cmd: MAP CHECKDEP NOCLEARLOG
[2019.03.12-10.02.12:879][276]MapCheck: Map check complete: 0 Error(s), 0 Warning(s), took 125.849ms to complete.
[2019.03.12-10.02.12:879][276]LogFileHelpers: Loading map 'MineArena' took 0.264
[2019.03.12-10.02.12:881][276]LogSlate: Window 'Open Level' being destroyed
[2019.03.12-10.02.14:411][366]LogSlate: FSceneViewport::OnFocusLost() reason 0
[2019.03.12-10.02.14:694][383]LogTemp: Repeating last play command: New Editor Window (PIE)
[2019.03.12-10.02.14:703][383]LogPlayLevel: PlayLevel: No blueprints needed recompiling
[2019.03.12-10.02.14:703][383]PIE: New page: PIE session: MineArena (12 Mar 2019 12:02:14)
[2019.03.12-10.02.14:703][383]LogPlayLevel: Creating play world package: /Game/Maps/UEDPIE_0_MineArena
[2019.03.12-10.02.14:714][383]LogPlayLevel: PIE: StaticDuplicateObject took: (0.010415s)
[2019.03.12-10.02.14:714][383]LogAIModule: Creating AISystem for world MineArena
[2019.03.12-10.02.14:715][383]LogPlayLevel: PIE: World Init took: (0.000531s)
[2019.03.12-10.02.14:715][383]LogPlayLevel: PIE: Created PIE world by copying editor world from /Game/Maps/MineArena.MineArena to /Game/Maps/UEDPIE_0_MineArena.MineArena (0.011073s)
[2019.03.12-10.02.14:729][383]LogInit: XAudio2 using 'Speakers (Realtek High Definition Audio)' : 2 channels at 48 kHz using 32 bits per sample (channel mask 0x3)
[2019.03.12-10.02.14:774][383]LogInit: FAudioDevice initialized.
[2019.03.12-10.02.14:822][383]LogLoad: Game class is 'BP_TwinStickGameMode_C'
[2019.03.12-10.02.14:830][383]LogWorld: Bringing World /Game/Maps/UEDPIE_0_MineArena.MineArena up for play (max tick rate 60) at 2019.03.12-11.02.14
[2019.03.12-10.02.14:837][383]LogWorld: Bringing up level for play took: 0.014201
[2019.03.12-10.02.14:843][383]PIE: Play in editor start time for /Game/Maps/UEDPIE_0_MineArena 0.188
[2019.03.12-10.02.33:796][495]LogBlueprintUserMessages: [EnemyCharacter4] Health:10.245956Loc:
[2019.03.12-10.02.33:796][495]LogBlueprintUserMessages: [EnemyCharacter3] Health:-33.855286Loc:
[2019.03.12-10.02.33:797][495]LogBlueprintUserMessages: [EnemyCharacter_2] Health:-140.843018Loc:
[2019.03.12-10.03.03:642][273]LogBlueprintUserMessages: [BP_TwinStickCharacter_C_0] hit
[2019.03.12-10.03.21:465][340]LogBlueprintUserMessages: [BP_TwinStickCharacter_C_0] Health:-83.177414Loc:X=124.824 Y=-110.106 Z=249.888
[2019.03.12-10.03.21:465][340]LogBlueprintUserMessages: [BP_TwinStickCharacter_C_0] Dead!
[2019.03.12-10.03.21:692][341]LogNet: Browse: /Game/Maps/Level01
[2019.03.12-10.03.21:695][341]LogLoad: LoadMap: /Game/Maps/Level01
[2019.03.12-10.03.25:864][341]LogAIModule: Creating AISystem for world Level01
[2019.03.12-10.03.26:062][341]LogLoad: Game class is 'BP_TwinStickGameMode_C'
[2019.03.12-10.03.26:075][341]LogWorld: Bringing World /Game/Maps/UEDPIE_0_Level01.Level01 up for play (max tick rate 60) at 2019.03.12-11.03.26
[2019.03.12-10.03.26:260][341]LogWorld: Bringing up level for play took: 0.196760
[2019.03.12-10.03.26:437][341]LogLoad: Took 4.741872 seconds to LoadMap(/Game/Maps/Level01)
[2019.03.12-10.03.29:176][497]LogBlueprintUserMessages: [BP_TwinStickCharacter_C_0] hit
[2019.03.12-10.03.29:726][530]LogBlueprintUserMessages: [EnemyCharacter_C_22] Health:20.404831Loc:
[2019.03.12-10.03.29:976][545]LogBlueprintUserMessages: [EnemyCharacter_C_23] Health:22.625298Loc:
[2019.03.12-10.03.29:976][545]LogBlueprintUserMessages: [EnemyCharacter_C_21] Health:10.603989Loc:
[2019.03.12-10.03.29:976][545]LogBlueprintUserMessages: [EnemyCharacter7_374] Health:-65.397179Loc:
[2019.03.12-10.03.32:986][725]LogSlate: Window 'VikingShooter Game Preview Standalone (64-bit/PCD3D_SM5)' being destroyed
[2019.03.12-10.03.48:342][641]LogSlate: FSceneViewport::OnFocusLost() reason 0
[2019.03.12-10.03.48:392][644]LogTemp: Repeating last play command: New Editor Window (PIE)
[2019.03.12-10.03.48:405][644]LogPlayLevel: PlayLevel: No blueprints needed recompiling
[2019.03.12-10.03.48:405][644]PIE: New page: PIE session: MineArena (12 Mar 2019 12:03:48)
[2019.03.12-10.03.48:405][644]LogPlayLevel: Creating play world package: /Game/Maps/UEDPIE_0_MineArena
[2019.03.12-10.03.48:415][644]LogPlayLevel: PIE: StaticDuplicateObject took: (0.009406s)
[2019.03.12-10.03.48:415][644]LogAIModule: Creating AISystem for world MineArena
[2019.03.12-10.03.48:415][644]LogPlayLevel: PIE: World Init took: (0.000629s)
[2019.03.12-10.03.48:415][644]LogPlayLevel: PIE: Created PIE world by copying editor world from /Game/Maps/MineArena.MineArena to /Game/Maps/UEDPIE_0_MineArena.MineArena (0.010160s)
[2019.03.12-10.03.48:430][644]LogInit: XAudio2 using 'Speakers (Realtek High Definition Audio)' : 2 channels at 48 kHz using 32 bits per sample (channel mask 0x3)
[2019.03.12-10.03.48:475][644]LogInit: FAudioDevice initialized.
[2019.03.12-10.03.48:520][644]LogLoad: Game class is 'BP_TwinStickGameMode_C'
[2019.03.12-10.03.48:529][644]LogWorld: Bringing World /Game/Maps/UEDPIE_0_MineArena.MineArena up for play (max tick rate 60) at 2019.03.12-11.03.48
[2019.03.12-10.03.48:536][644]LogWorld: Bringing up level for play took: 0.015007
[2019.03.12-10.03.48:544][644]PIE: Play in editor start time for /Game/Maps/UEDPIE_0_MineArena -0.111
[2019.03.12-10.03.58:309][221]LogSlate: Window 'VikingShooter Game Preview Standalone (64-bit/PCD3D_SM5)' being destroyed
[2019.03.12-10.03.59:749][304]LogSlate: FSceneViewport::OnFocusLost() reason 0
[2019.03.12-10.03.59:815][308]LogTemp: Repeating last play command: New Editor Window (PIE)
[2019.03.12-10.03.59:830][308]LogPlayLevel: PlayLevel: No blueprints needed recompiling
[2019.03.12-10.03.59:830][308]PIE: New page: PIE session: MineArena (12 Mar 2019 12:03:59)
[2019.03.12-10.03.59:830][308]LogPlayLevel: Creating play world package: /Game/Maps/UEDPIE_0_MineArena
[2019.03.12-10.03.59:840][308]LogPlayLevel: PIE: StaticDuplicateObject took: (0.009965s)
[2019.03.12-10.03.59:840][308]LogAIModule: Creating AISystem for world MineArena
[2019.03.12-10.03.59:841][308]LogPlayLevel: PIE: World Init took: (0.000576s)
[2019.03.12-10.03.59:841][308]LogPlayLevel: PIE: Created PIE world by copying editor world from /Game/Maps/MineArena.MineArena to /Game/Maps/UEDPIE_0_MineArena.MineArena (0.010676s)
[2019.03.12-10.03.59:856][308]LogInit: XAudio2 using 'Speakers (Realtek High Definition Audio)' : 2 channels at 48 kHz using 32 bits per sample (channel mask 0x3)
[2019.03.12-10.03.59:902][308]LogInit: FAudioDevice initialized.
[2019.03.12-10.03.59:946][308]LogLoad: Game class is 'BP_TwinStickGameMode_C'
[2019.03.12-10.03.59:953][308]LogWorld: Bringing World /Game/Maps/UEDPIE_0_MineArena.MineArena up for play (max tick rate 60) at 2019.03.12-11.03.59
[2019.03.12-10.03.59:961][308]LogWorld: Bringing up level for play took: 0.014186
[2019.03.12-10.03.59:966][308]PIE: Play in editor start time for /Game/Maps/UEDPIE_0_MineArena -0.688
[2019.03.12-10.04.12:426][ 48]LogBlueprintUserMessages: [EnemyCharacter_C_1] Health:-32.619728Loc:
[2019.03.12-10.04.12:426][ 48]LogBlueprintUserMessages: [EnemyCharacter_C_0] Health:-0.339905Loc:
[2019.03.12-10.04.12:426][ 48]LogBlueprintUserMessages: [EnemyCharacter5] Health:-1.193954Loc:
[2019.03.12-10.04.47:646][153]LogBlueprintUserMessages: [EnemyCharacter_C_36] Health:67.097549Loc:
[2019.03.12-10.04.47:646][153]LogBlueprintUserMessages: [EnemyCharacter_C_34] Health:49.517868Loc:
[2019.03.12-10.04.50:099][300]LogBlueprintUserMessages: [EnemyCharacter_C_37] Health:20.1689Loc:
[2019.03.12-10.04.50:099][300]LogBlueprintUserMessages: [EnemyCharacter_C_36] Health:-37.453972Loc:
[2019.03.12-10.04.50:099][300]LogBlueprintUserMessages: [EnemyCharacter_C_33] Health:1.85424Loc:
[2019.03.12-10.04.51:622][386]LogBlueprintUserMessages: [BP_TwinStickCharacter_C_0] hit
[2019.03.12-10.04.52:121][412]LogBlueprintUserMessages: [BP_TwinStickCharacter_C_0] hit
[2019.03.12-10.04.52:213][417]LogBlueprintUserMessages: [BP_TwinStickCharacter_C_0] hit
[2019.03.12-10.04.52:251][419]LogBlueprintUserMessages: [BP_TwinStickCharacter_C_0] hit
[2019.03.12-10.04.52:302][422]LogBlueprintUserMessages: [BP_TwinStickCharacter_C_0] hit
[2019.03.12-10.05.33:287][874]LogBlueprintUserMessages: [EnemyCharacter_C_83] Health:-17.470978Loc:
[2019.03.12-10.05.45:136][585]LogBlueprintUserMessages: [BP_TwinStickCharacter_C_0] hit
[2019.03.12-10.05.45:187][588]LogBlueprintUserMessages: [BP_TwinStickCharacter_C_0] hit
[2019.03.12-10.05.53:999][114]LogBlueprintUserMessages: [BP_TwinStickCharacter_C_0] hit
[2019.03.12-10.05.53:999][114]LogBlueprintUserMessages: [BP_TwinStickCharacter_C_0] hit
[2019.03.12-10.05.54:755][159]LogBlueprintUserMessages: [BP_TwinStickCharacter_C_0] hit
[2019.03.12-10.05.55:039][176]LogBlueprintUserMessages: [BP_TwinStickCharacter_C_0] hit
[2019.03.12-10.05.55:158][183]LogBlueprintUserMessages: [BP_TwinStickCharacter_C_0] hit
[2019.03.12-10.05.55:222][187]LogBlueprintUserMessages: [BP_TwinStickCharacter_C_0] hit
[2019.03.12-10.05.55:325][193]LogBlueprintUserMessages: [BP_TwinStickCharacter_C_0] hit
[2019.03.12-10.05.56:238][248]LogBlueprintUserMessages: [BP_TwinStickCharacter_C_0] hit
[2019.03.12-10.05.57:089][299]LogBlueprintUserMessages: [BP_TwinStickCharacter_C_0] hit
[2019.03.12-10.05.57:405][318]LogBlueprintUserMessages: [BP_TwinStickCharacter_C_0] hit
[2019.03.12-10.05.57:505][324]LogBlueprintUserMessages: [BP_TwinStickCharacter_C_0] hit
[2019.03.12-10.05.57:541][326]LogBlueprintUserMessages: [BP_TwinStickCharacter_C_0] hit
[2019.03.12-10.05.57:623][331]LogBlueprintUserMessages: [BP_TwinStickCharacter_C_0] hit
[2019.03.12-10.05.57:708][336]LogBlueprintUserMessages: [BP_TwinStickCharacter_C_0] hit
[2019.03.12-10.06.20:243][681]LogBlueprintUserMessages: [BP_TwinStickCharacter_C_0] Health:-19.535744Loc:X=114.841 Y=673.356 Z=248.994
[2019.03.12-10.06.20:243][681]LogBlueprintUserMessages: [BP_TwinStickCharacter_C_0] Dead!
[2019.03.12-10.06.20:258][682]LogNet: Browse: /Game/Maps/Level01
[2019.03.12-10.06.20:258][682]LogLoad: LoadMap: /Game/Maps/Level01
[2019.03.12-10.06.21:305][682]LogAIModule: Creating AISystem for world Level01
[2019.03.12-10.06.21:765][682]LogLoad: Game class is 'BP_TwinStickGameMode_C'
[2019.03.12-10.06.21:779][682]LogWorld: Bringing World /Game/Maps/UEDPIE_0_Level01.Level01 up for play (max tick rate 60) at 2019.03.12-11.06.21
[2019.03.12-10.06.21:780][682]LogWorld: Bringing up level for play took: 0.013683
[2019.03.12-10.06.21:783][682]LogLoad: Took 1.524343 seconds to LoadMap(/Game/Maps/Level01)
[2019.03.12-10.06.22:875][747]LogSlate: Window 'VikingShooter Game Preview Standalone (64-bit/PCD3D_SM5)' being destroyed
[2019.03.12-10.06.25:443][897]LogSlate: FSceneViewport::OnFocusLost() reason 0
[2019.03.12-10.13.38:890][102]LogSlate: FSceneViewport::OnFocusLost() reason 0
[2019.03.12-10.13.38:973][107]LogTemp: Repeating last play command: New Editor Window (PIE)
[2019.03.12-10.13.38:988][107]LogPlayLevel: PlayLevel: No blueprints needed recompiling
[2019.03.12-10.13.38:988][107]PIE: New page: PIE session: MineArena (12 Mar 2019 12:13:38)
[2019.03.12-10.13.38:988][107]LogPlayLevel: Creating play world package: /Game/Maps/UEDPIE_0_MineArena
[2019.03.12-10.13.39:011][107]LogPlayLevel: PIE: StaticDuplicateObject took: (0.022547s)
[2019.03.12-10.13.39:011][107]LogAIModule: Creating AISystem for world MineArena
[2019.03.12-10.13.39:012][107]LogPlayLevel: PIE: World Init took: (0.000682s)
[2019.03.12-10.13.39:012][107]LogPlayLevel: PIE: Created PIE world by copying editor world from /Game/Maps/MineArena.MineArena to /Game/Maps/UEDPIE_0_MineArena.MineArena (0.023361s)
[2019.03.12-10.13.39:028][107]LogInit: XAudio2 using 'Speakers (Realtek High Definition Audio)' : 2 channels at 48 kHz using 32 bits per sample (channel mask 0x3)
[2019.03.12-10.13.39:074][107]LogInit: FAudioDevice initialized.
[2019.03.12-10.13.39:117][107]LogLoad: Game class is 'BP_TwinStickGameMode_C'
[2019.03.12-10.13.39:125][107]LogWorld: Bringing World /Game/Maps/UEDPIE_0_MineArena.MineArena up for play (max tick rate 60) at 2019.03.12-11.13.39
[2019.03.12-10.13.39:133][107]LogWorld: Bringing up level for play took: 0.015059
[2019.03.12-10.13.39:139][107]PIE: Play in editor start time for /Game/Maps/UEDPIE_0_MineArena 0.484
[2019.03.12-10.14.18:412][453]LogSlate: Window 'VikingShooter Game Preview Standalone (64-bit/PCD3D_SM5)' being destroyed
[2019.03.12-10.14.51:112][815]LogSlate: FSceneViewport::OnFocusLost() reason 0
[2019.03.12-10.15.34:621][369]LogContentBrowser: Native class hierarchy updated for 'BlueprintGraph' in 0.0062 seconds. Added 116 classes and 0 folders.
[2019.03.12-10.15.35:192][369]LogUObjectGlobals: Created PersistentFrame Addr=0x000001c42cca48d0, Size=4, Default__SKEL_PROTO_BP_AnimBlueprint_0_C Function /Engine/Transient.SKEL_PROTO_BP_AnimBlueprint_0_C:ExecuteUbergraph_PROTO_BP_AnimBlueprint_0
[2019.03.12-10.15.35:204][369]LogUObjectGlobals: Created PersistentFrame Addr=0x000001c42cca48c8, Size=4, Default__PROTO_BP_AnimBlueprint_0_C Function /Engine/Transient.PROTO_BP_AnimBlueprint_0_C:ExecuteUbergraph_PROTO_BP_AnimBlueprint_0
[2019.03.12-10.15.36:659][369]LogSlate: Took 0.024860 seconds to synchronously load lazily loaded font '../../../Engine/Content/Slate/Fonts/Roboto-BoldCondensed.ttf' (158K)
[2019.03.12-10.15.37:629][370]LogSlate: Took 0.016326 seconds to synchronously load lazily loaded font '../../../Engine/Content/Slate/Fonts/Roboto-Italic.ttf' (157K)
[2019.03.12-10.19.44:149][916]LogSlate: Window 'Exploding_Barrel' being destroyed
[2019.03.12-10.19.44:154][916]LogSlate: Window 'Exploding_Barrel' being destroyed
[2019.03.12-10.19.47:807][123]LogSlate: FSceneViewport::OnFocusLost() reason 0
[2019.03.12-10.22.02:085][  9]LogEditorTransaction: Undo Move Node
[2019.03.12-10.22.02:124][  9]LogUObjectGlobals: Created PersistentFrame Addr=0x000001c4dac237a0, Size=4, Default__SKEL_BP_TwinStickCharacter_C Function /Game/Blueprint/BP_TwinStickCharacter.SKEL_BP_TwinStickCharacter_C:ExecuteUbergraph_BP_TwinStickCharacter
[2019.03.12-10.22.15:266][775]LogUObjectGlobals: Destroyed PersistentFrame Addr=0x000001c4dac237a0, Size=4
[2019.03.12-10.22.15:266][775]LogUObjectGlobals: Created PersistentFrame Addr=0x000001c4b3d1b3a0, Size=4, Default__SKEL_BP_TwinStickCharacter_C Function /Engine/Transient.REINST_SKEL_BP_TwinStickCharacter_C_53:ExecuteUbergraph_BP_TwinStickCharacter
[2019.03.12-10.22.15:272][775]LogUObjectGlobals: Created PersistentFrame Addr=0x000001c4b3d1a240, Size=4, Default__SKEL_BP_TwinStickCharacter_C Function /Game/Blueprint/BP_TwinStickCharacter.SKEL_BP_TwinStickCharacter_C:ExecuteUbergraph_BP_TwinStickCharacter
[2019.03.12-10.22.54:656][ 35]LogUObjectGlobals: Destroyed PersistentFrame Addr=0x000001c4b3d1b3a0, Size=4
[2019.03.12-10.22.54:659][ 35]LogFileHelpers: Editor autosave (incl. sublevels) for '/Game/Maps/MineArena' took 0.022
[2019.03.12-10.22.54:695][ 35]OBJ SavePackage: Generating thumbnails for [1] asset(s) in package [/Game/Blueprint/BP_TwinStickCharacter] ([1] browsable assets)...
[2019.03.12-10.22.54:737][ 35]OBJ SavePackage:     Rendered thumbnail for [Blueprint /Game/Blueprint/BP_TwinStickCharacter.BP_TwinStickCharacter]
[2019.03.12-10.22.54:737][ 35]OBJ SavePackage: Finished generating thumbnails for package [/Game/Blueprint/BP_TwinStickCharacter]
[2019.03.12-10.22.55:023][ 35]LogSavePackage: Save=190.36ms
[2019.03.12-10.22.55:024][ 35]LogSavePackage: Moving 'C:/Users/kenne/Documents/NewVikingSource/VikingShooter/Saved/BP_TwinStickCharacter_Auto1C98137254BB65AC16ECC6CA0F9523DA2.tmp' to 'C:/Users/kenne/Documents/NewVikingSource/VikingShooter/Saved/Autosaves/Game/Blueprint/BP_TwinStickCharacter_Auto1.uasset'
[2019.03.12-10.22.55:038][ 35]LogSavePackage: Display: Finished SavePackage C:/Users/kenne/Documents/NewVikingSource/VikingShooter/Saved/Autosaves/Game/Blueprint/BP_TwinStickCharacter_Auto1.uasset
[2019.03.12-10.22.55:038][ 35]LogFileHelpers: Auto-saving content packages took 0.379
[2019.03.12-10.29.35:839][ 80]LogSlate: FSceneViewport::OnFocusLost() reason 0
[2019.03.12-11.00.51:717][576]LogSlate: Window 'BP_TwinStickCharacter*' being destroyed
[2019.03.12-11.00.54:500][707]LogSlate: FSceneViewport::OnFocusLost() reason 2
[2019.03.12-11.00.54:505][707]Cmd: OBJ SAVEPACKAGE PACKAGE="/Game/Maps/MineArena" FILE="C:/Users/kenne/Documents/NewVikingSource/VikingShooter/Content/Maps/MineArena.umap" SILENT=true AUTOSAVING=false KEEPDIRTY=false
[2019.03.12-11.00.54:667][707]LogSavePackage: Save=107.06ms
[2019.03.12-11.00.54:667][707]LogSavePackage: Moving 'C:/Users/kenne/Documents/NewVikingSource/VikingShooter/Saved/MineArena480CB8B7452F18433C29CFB8A9D8B760.tmp' to 'C:/Users/kenne/Documents/NewVikingSource/VikingShooter/Content/Maps/MineArena.umap'
[2019.03.12-11.00.54:669][707]LogSavePackage: Display: Finished SavePackage C:/Users/kenne/Documents/NewVikingSource/VikingShooter/Content/Maps/MineArena.umap
[2019.03.12-11.00.54:696][707]Cmd: OBJ SAVEPACKAGE PACKAGE="/Game/Maps/MineArena_BuiltData" FILE="C:/Users/kenne/Documents/NewVikingSource/VikingShooter/Content/Maps/MineArena_BuiltData.uasset" SILENT=true
[2019.03.12-11.00.54:839][707]LogSavePackage: Save=96.97ms
[2019.03.12-11.00.54:839][707]LogSavePackage: Moving 'C:/Users/kenne/Documents/NewVikingSource/VikingShooter/Saved/MineArena_BuiltDataEBA7B16C4BF5D1DE6BDBE1B154930FCC.tmp' to 'C:/Users/kenne/Documents/NewVikingSource/VikingShooter/Content/Maps/MineArena_BuiltData.uasset'
[2019.03.12-11.00.54:841][707]LogSavePackage: Display: Finished SavePackage C:/Users/kenne/Documents/NewVikingSource/VikingShooter/Content/Maps/MineArena_BuiltData.uasset
[2019.03.12-11.00.55:553][750]LogSlate: FSceneViewport::OnFocusLost() reason 0
[2019.03.12-11.00.57:094][755]LogSlate: Window 'Save Content' being destroyed
[2019.03.12-11.00.57:106][755]LogSlate: FSceneViewport::OnFocusLost() reason 2
[2019.03.12-11.00.57:112][755]Cmd: OBJ SAVEPACKAGE PACKAGE="/Game/Blueprint/BP_TwinStickCharacter" FILE="C:/Users/kenne/Documents/NewVikingSource/VikingShooter/Content/Blueprint/BP_TwinStickCharacter.uasset" SILENT=true
[2019.03.12-11.00.57:241][755]LogSavePackage: Save=99.37ms
[2019.03.12-11.00.57:241][755]LogSavePackage: Moving 'C:/Users/kenne/Documents/NewVikingSource/VikingShooter/Saved/BP_TwinStickCharacter546283D94347269D965B6E99329AB511.tmp' to 'C:/Users/kenne/Documents/NewVikingSource/VikingShooter/Content/Blueprint/BP_TwinStickCharacter.uasset'
[2019.03.12-11.00.57:244][755]LogSavePackage: Display: Finished SavePackage C:/Users/kenne/Documents/NewVikingSource/VikingShooter/Content/Blueprint/BP_TwinStickCharacter.uasset
[2019.03.12-11.00.57:742][755]LogSlate: Window 'VikingShooter - Unreal Editor' being destroyed
[2019.03.12-11.00.57:742][755]LogWindowsTextInputMethodSystem: Display: IME system now deactivated.
[2019.03.12-11.00.57:950][756]Cmd: QUIT_EDITOR
[2019.03.12-11.00.58:980][756]LogSlate: Slate User Destroyed.  User Index 0, Is Virtual User: 0
[2019.03.12-11.00.59:000][756]LogExit: Preparing to exit.
