Log file open, 03/06/19 13:15:49
LogWindows: Failed to load 'aqProf.dll' (GetLastError=126)
LogWindows: File 'aqProf.dll' does not exist
LogWindows: Failed to load 'VtuneApi.dll' (GetLastError=126)
LogWindows: File 'VtuneApi.dll' does not exist
LogWindows: Failed to load 'VtuneApi32e.dll' (GetLastError=126)
LogWindows: File 'VtuneApi32e.dll' does not exist
LogInit: Display: Running engine for game: VikingShooter
LogPlatformFile: Not using cached read wrapper
LogInit: Display: RandInit(-1505367514) SRandInit(-1505367514).
LogInit: Read version file with build ID '3944462'
LogInit: Overriding engine version to CL 4033788, compatible CL 3944462
LogInit: Registered custom module enumerator with build ID '3944462'
LogTaskGraph: Started task graph with 5 named threads and 23 total threads with 3 sets of task threads.
LogStats: Stats thread started at 0.335168
LogD3D11RHI: Aftermath initialized
LogICUInternationalization: Display: ICU TimeZone Detection - Raw Offset: +1:00, Platform Override: ''
LogPluginManager: Mounting plugin Paper2D
LogPluginManager: Mounting plugin LiveLink
LogPluginManager: Mounting plugin LightPropagationVolume
LogPluginManager: Mounting plugin CLionSourceCodeAccess
LogPluginManager: Mounting plugin CodeLiteSourceCodeAccess
LogPluginManager: Mounting plugin GitSourceControl
LogPluginManager: Mounting plugin KDevelopSourceCodeAccess
LogPluginManager: Mounting plugin NullSourceCodeAccess
LogPluginManager: Mounting plugin PerforceSourceControl
LogPluginManager: Mounting plugin SubversionSourceControl
LogPluginManager: Mounting plugin UObjectPlugin
LogPluginManager: Mounting plugin VisualStudioCodeSourceCodeAccess
LogPluginManager: Mounting plugin VisualStudioSourceCodeAccess
LogPluginManager: Mounting plugin XCodeSourceCodeAccess
LogPluginManager: Mounting plugin AssetManagerEditor
LogPluginManager: Mounting plugin CryptoKeys
LogPluginManager: Mounting plugin DataValidation
LogPluginManager: Mounting plugin FacialAnimation
LogPluginManager: Mounting plugin GameplayTagsEditor
LogPluginManager: Mounting plugin MobileLauncherProfileWizard
LogPluginManager: Mounting plugin PluginBrowser
LogPluginManager: Mounting plugin SpeedTreeImporter
LogPluginManager: Mounting plugin DatasmithContent
LogPluginManager: Mounting plugin AlembicImporter
LogPluginManager: Mounting plugin CharacterAI
LogPluginManager: Mounting plugin HTML5Networking
LogPluginManager: Mounting plugin AndroidMedia
LogPluginManager: Mounting plugin AvfMedia
LogPluginManager: Mounting plugin ImgMedia
LogPluginManager: Mounting plugin LinearTimecode
LogPluginManager: Mounting plugin MediaCompositing
LogPluginManager: Mounting plugin MediaPlayerEditor
LogPluginManager: Mounting plugin WmfMedia
LogPluginManager: Mounting plugin TcpMessaging
LogPluginManager: Mounting plugin UdpMessaging
LogPluginManager: Mounting plugin ActorSequence
LogPluginManager: Mounting plugin LevelSequenceEditor
LogPluginManager: Mounting plugin MatineeToLevelSequence
LogPluginManager: Mounting plugin NetcodeUnitTest
LogPluginManager: Mounting plugin NUTUnrealEngine4
LogPluginManager: Mounting plugin OnlineSubsystemGooglePlay
LogPluginManager: Mounting plugin OnlineSubsystemIOS
LogPluginManager: Mounting plugin OnlineSubsystem
LogPluginManager: Mounting plugin OnlineSubsystemNull
LogPluginManager: Mounting plugin OnlineSubsystemUtils
LogPluginManager: Mounting plugin AndroidDeviceProfileSelector
LogPluginManager: Mounting plugin AndroidMoviePlayer
LogPluginManager: Mounting plugin AndroidPermission
LogPluginManager: Mounting plugin AppleARKit
LogPluginManager: Mounting plugin AppleMoviePlayer
LogPluginManager: Mounting plugin ArchVisCharacter
LogPluginManager: Mounting plugin AudioCapture
LogPluginManager: Mounting plugin CableComponent
LogPluginManager: Mounting plugin CustomMeshComponent
LogPluginManager: Mounting plugin ExampleDeviceProfileSelector
LogPluginManager: Mounting plugin GoogleCloudMessaging
LogPluginManager: Mounting plugin ImmediatePhysics
LogPluginManager: Mounting plugin IOSDeviceProfileSelector
LogPluginManager: Mounting plugin LinuxDeviceProfileSelector
LogPluginManager: Mounting plugin LocationServicesBPLibrary
LogPluginManager: Mounting plugin MobilePatchingUtils
LogPluginManager: Mounting plugin OculusVR
LogPluginManager: Plugin shader directory ../../../Engine/Plugins/Runtime/Oculus/OculusVR/Shaders found
LogPluginManager: Mapping shader source directory ../../../Engine/Plugins/Runtime/Oculus/OculusVR/Shaders to virtual directory /Plugin/OculusVR
LogPluginManager: Mounting plugin PhysXVehicles
LogPluginManager: Mounting plugin ProceduralMeshComponent
LogPluginManager: Mounting plugin RuntimePhysXCooking
LogPluginManager: Mounting plugin SteamVR
LogPluginManager: Mounting plugin WindowsMoviePlayer
LogStreaming: Display: Took  0.476s to configure plugins.
LogModuleManager: Display: Found up-to-date module file ../../../../../Oyvind_Unreal/VikingShooter/Binaries/Win64/UE4Editor-VikingShooter-293.dll (API version 3944462).
LogModuleManager: Display: Found up-to-date module file ../../../Engine/Plugins/2D/Paper2D/Binaries/Win64/UE4Editor-Paper2D.dll (API version 3944462).
LogModuleManager: Display: Found up-to-date module file ../../../Engine/Plugins/2D/Paper2D/Binaries/Win64/UE4Editor-Paper2DEditor.dll (API version 3944462).
LogModuleManager: Display: Found up-to-date module file ../../../Engine/Plugins/2D/Paper2D/Binaries/Win64/UE4Editor-PaperSpriteSheetImporter.dll (API version 3944462).
LogModuleManager: Display: Found up-to-date module file ../../../Engine/Plugins/2D/Paper2D/Binaries/Win64/UE4Editor-PaperTiledImporter.dll (API version 3944462).
LogModuleManager: Display: Found up-to-date module file ../../../Engine/Plugins/2D/Paper2D/Binaries/Win64/UE4Editor-SmartSnapping.dll (API version 3944462).
LogModuleManager: Display: Found up-to-date module file ../../../Engine/Plugins/Animation/LiveLink/Binaries/Win64/UE4Editor-LiveLink.dll (API version 3944462).
LogModuleManager: Display: Found up-to-date module file ../../../Engine/Plugins/Animation/LiveLink/Binaries/Win64/UE4Editor-LiveLinkEditor.dll (API version 3944462).
LogModuleManager: Display: Found up-to-date module file ../../../Engine/Plugins/Blendables/LightPropagationVolume/Binaries/Win64/UE4Editor-LightPropagationVolumeRuntime.dll (API version 3944462).
LogModuleManager: Display: Found up-to-date module file ../../../Engine/Plugins/Blendables/LightPropagationVolume/Binaries/Win64/UE4Editor-LightPropagationVolumeEditor.dll (API version 3944462).
LogModuleManager: Display: Found up-to-date module file ../../../Engine/Plugins/Developer/CLionSourceCodeAccess/Binaries/Win64/UE4Editor-CLionSourceCodeAccess.dll (API version 3944462).
LogModuleManager: Display: Found up-to-date module file ../../../Engine/Plugins/Developer/GitSourceControl/Binaries/Win64/UE4Editor-GitSourceControl.dll (API version 3944462).
LogModuleManager: Display: Found up-to-date module file ../../../Engine/Plugins/Developer/PerforceSourceControl/Binaries/Win64/UE4Editor-PerforceSourceControl.dll (API version 3944462).
LogModuleManager: Display: Found up-to-date module file ../../../Engine/Plugins/Developer/SubversionSourceControl/Binaries/Win64/UE4Editor-SubversionSourceControl.dll (API version 3944462).
LogModuleManager: Display: Found up-to-date module file ../../../Engine/Plugins/Developer/UObjectPlugin/Binaries/Win64/UE4Editor-UObjectPlugin.dll (API version 3944462).
LogModuleManager: Display: Found up-to-date module file ../../../Engine/Plugins/Developer/VisualStudioCodeSourceCodeAccess/Binaries/Win64/UE4Editor-VisualStudioCodeSourceCodeAccess.dll (API version 3944462).
LogModuleManager: Display: Found up-to-date module file ../../../Engine/Plugins/Developer/VisualStudioSourceCodeAccess/Binaries/Win64/UE4Editor-VisualStudioSourceCodeAccess.dll (API version 3944462).
LogModuleManager: Display: Found up-to-date module file ../../../Engine/Plugins/Editor/AssetManagerEditor/Binaries/Win64/UE4Editor-AssetManagerEditor.dll (API version 3944462).
LogModuleManager: Display: Found up-to-date module file ../../../Engine/Plugins/Editor/CryptoKeys/Binaries/Win64/UE4Editor-CryptoKeys.dll (API version 3944462).
LogModuleManager: Display: Found up-to-date module file ../../../Engine/Plugins/Editor/CryptoKeys/Binaries/Win64/UE4Editor-CryptoKeysOpenSSL.dll (API version 3944462).
LogModuleManager: Display: Found up-to-date module file ../../../Engine/Plugins/Editor/DataValidation/Binaries/Win64/UE4Editor-DataValidation.dll (API version 3944462).
LogModuleManager: Display: Found up-to-date module file ../../../Engine/Plugins/Editor/FacialAnimation/Binaries/Win64/UE4Editor-FacialAnimation.dll (API version 3944462).
LogModuleManager: Display: Found up-to-date module file ../../../Engine/Plugins/Editor/FacialAnimation/Binaries/Win64/UE4Editor-FacialAnimationEditor.dll (API version 3944462).
LogModuleManager: Display: Found up-to-date module file ../../../Engine/Plugins/Editor/GameplayTagsEditor/Binaries/Win64/UE4Editor-GameplayTagsEditor.dll (API version 3944462).
LogModuleManager: Display: Found up-to-date module file ../../../Engine/Plugins/Editor/MobileLauncherProfileWizard/Binaries/Win64/UE4Editor-MobileLauncherProfileWizard.dll (API version 3944462).
LogModuleManager: Display: Found up-to-date module file ../../../Engine/Plugins/Editor/PluginBrowser/Binaries/Win64/UE4Editor-PluginBrowser.dll (API version 3944462).
LogModuleManager: Display: Found up-to-date module file ../../../Engine/Plugins/Editor/SpeedTreeImporter/Binaries/Win64/UE4Editor-SpeedTreeImporter.dll (API version 3944462).
LogModuleManager: Display: Found up-to-date module file ../../../Engine/Plugins/Enterprise/DatasmithContent/Binaries/Win64/UE4Editor-DatasmithContent.dll (API version 3944462).
LogModuleManager: Display: Found up-to-date module file ../../../Engine/Plugins/Experimental/AlembicImporter/Binaries/Win64/UE4Editor-AlembicImporter.dll (API version 3944462).
LogModuleManager: Display: Found up-to-date module file ../../../Engine/Plugins/Experimental/AlembicImporter/Binaries/Win64/UE4Editor-AlembicLibrary.dll (API version 3944462).
LogModuleManager: Display: Found up-to-date module file ../../../Engine/Plugins/Experimental/CharacterAI/Binaries/Win64/UE4Editor-CharacterAI.dll (API version 3944462).
LogModuleManager: Display: Found up-to-date module file ../../../Engine/Plugins/Experimental/HTML5Networking/Binaries/Win64/UE4Editor-HTML5Networking.dll (API version 3944462).
LogModuleManager: Display: Found up-to-date module file ../../../Engine/Plugins/Media/AndroidMedia/Binaries/Win64/UE4Editor-AndroidMediaEditor.dll (API version 3944462).
LogModuleManager: Display: Found up-to-date module file ../../../Engine/Plugins/Media/AndroidMedia/Binaries/Win64/UE4Editor-AndroidMediaFactory.dll (API version 3944462).
LogModuleManager: Display: Found up-to-date module file ../../../Engine/Plugins/Media/AvfMedia/Binaries/Win64/UE4Editor-AvfMediaEditor.dll (API version 3944462).
LogModuleManager: Display: Found up-to-date module file ../../../Engine/Plugins/Media/AvfMedia/Binaries/Win64/UE4Editor-AvfMediaFactory.dll (API version 3944462).
LogModuleManager: Display: Found up-to-date module file ../../../Engine/Plugins/Media/AvfMedia/Binaries/Win64/UE4Editor-AvfMediaFactory.dll (API version 3944462).
LogModuleManager: Display: Found up-to-date module file ../../../Engine/Plugins/Media/ImgMedia/Binaries/Win64/UE4Editor-ImgMedia.dll (API version 3944462).
LogModuleManager: Display: Found up-to-date module file ../../../Engine/Plugins/Media/ImgMedia/Binaries/Win64/UE4Editor-ImgMediaEditor.dll (API version 3944462).
LogModuleManager: Display: Found up-to-date module file ../../../Engine/Plugins/Media/ImgMedia/Binaries/Win64/UE4Editor-ImgMediaFactory.dll (API version 3944462).
LogModuleManager: Display: Found up-to-date module file ../../../Engine/Plugins/Media/ImgMedia/Binaries/Win64/UE4Editor-ImgMediaFactory.dll (API version 3944462).
LogModuleManager: Display: Found up-to-date module file ../../../Engine/Plugins/Media/ImgMedia/Binaries/Win64/UE4Editor-OpenExrWrapper.dll (API version 3944462).
LogModuleManager: Display: Found up-to-date module file ../../../Engine/Plugins/Media/LinearTimecode/Binaries/Win64/UE4Editor-LinearTimecode.dll (API version 3944462).
LogModuleManager: Display: Found up-to-date module file ../../../Engine/Plugins/Media/MediaCompositing/Binaries/Win64/UE4Editor-MediaCompositing.dll (API version 3944462).
LogModuleManager: Display: Found up-to-date module file ../../../Engine/Plugins/Media/MediaCompositing/Binaries/Win64/UE4Editor-MediaCompositingEditor.dll (API version 3944462).
LogModuleManager: Display: Found up-to-date module file ../../../Engine/Plugins/Media/MediaPlayerEditor/Binaries/Win64/UE4Editor-MediaPlayerEditor.dll (API version 3944462).
LogModuleManager: Display: Found up-to-date module file ../../../Engine/Plugins/Media/WmfMedia/Binaries/Win64/UE4Editor-WmfMedia.dll (API version 3944462).
LogModuleManager: Display: Found up-to-date module file ../../../Engine/Plugins/Media/WmfMedia/Binaries/Win64/UE4Editor-WmfMediaEditor.dll (API version 3944462).
LogModuleManager: Display: Found up-to-date module file ../../../Engine/Plugins/Media/WmfMedia/Binaries/Win64/UE4Editor-WmfMediaFactory.dll (API version 3944462).
LogModuleManager: Display: Found up-to-date module file ../../../Engine/Plugins/Media/WmfMedia/Binaries/Win64/UE4Editor-WmfMediaFactory.dll (API version 3944462).
LogModuleManager: Display: Found up-to-date module file ../../../Engine/Plugins/Messaging/TcpMessaging/Binaries/Win64/UE4Editor-TcpMessaging.dll (API version 3944462).
LogModuleManager: Display: Found up-to-date module file ../../../Engine/Plugins/Messaging/UdpMessaging/Binaries/Win64/UE4Editor-UdpMessaging.dll (API version 3944462).
LogModuleManager: Display: Found up-to-date module file ../../../Engine/Plugins/MovieScene/ActorSequence/Binaries/Win64/UE4Editor-ActorSequence.dll (API version 3944462).
LogModuleManager: Display: Found up-to-date module file ../../../Engine/Plugins/MovieScene/LevelSequenceEditor/Binaries/Win64/UE4Editor-LevelSequenceEditor.dll (API version 3944462).
LogModuleManager: Display: Found up-to-date module file ../../../Engine/Plugins/MovieScene/MatineeToLevelSequence/Binaries/Win64/UE4Editor-MatineeToLevelSequence.dll (API version 3944462).
LogModuleManager: Display: Found up-to-date module file ../../../Engine/Plugins/NetcodeUnitTest/NetcodeUnitTest/Binaries/Win64/UE4Editor-NetcodeUnitTest.dll (API version 3944462).
LogModuleManager: Display: Found up-to-date module file ../../../Engine/Plugins/NetcodeUnitTest/NUTUnrealEngine4/Binaries/Win64/UE4Editor-NUTUnrealEngine4.dll (API version 3944462).
LogModuleManager: Display: Found up-to-date module file ../../../Engine/Plugins/Online/OnlineSubsystem/Binaries/Win64/UE4Editor-OnlineSubsystem.dll (API version 3944462).
LogModuleManager: Display: Found up-to-date module file ../../../Engine/Plugins/Online/OnlineSubsystemNull/Binaries/Win64/UE4Editor-OnlineSubsystemNull.dll (API version 3944462).
LogModuleManager: Display: Found up-to-date module file ../../../Engine/Plugins/Online/OnlineSubsystemUtils/Binaries/Win64/UE4Editor-OnlineSubsystemUtils.dll (API version 3944462).
LogModuleManager: Display: Found up-to-date module file ../../../Engine/Plugins/Online/OnlineSubsystemUtils/Binaries/Win64/UE4Editor-OnlineBlueprintSupport.dll (API version 3944462).
LogModuleManager: Display: Found up-to-date module file ../../../Engine/Plugins/Runtime/AndroidDeviceProfileSelector/Binaries/Win64/UE4Editor-AndroidDeviceProfileSelector.dll (API version 3944462).
LogModuleManager: Display: Found up-to-date module file ../../../Engine/Plugins/Runtime/AndroidPermission/Binaries/Win64/UE4Editor-AndroidPermission.dll (API version 3944462).
LogModuleManager: Display: Found up-to-date module file ../../../Engine/Plugins/Runtime/AppleARKit/Binaries/Win64/UE4Editor-AppleARKit.dll (API version 3944462).
LogModuleManager: Display: Found up-to-date module file ../../../Engine/Plugins/Runtime/ArchVisCharacter/Binaries/Win64/UE4Editor-ArchVisCharacter.dll (API version 3944462).
LogModuleManager: Display: Found up-to-date module file ../../../Engine/Plugins/Runtime/AudioCapture/Binaries/Win64/UE4Editor-AudioCapture.dll (API version 3944462).
LogModuleManager: Display: Found up-to-date module file ../../../Engine/Plugins/Runtime/AudioCapture/Binaries/Win64/UE4Editor-AudioCaptureEditor.dll (API version 3944462).
LogModuleManager: Display: Found up-to-date module file ../../../Engine/Plugins/Runtime/CableComponent/Binaries/Win64/UE4Editor-CableComponent.dll (API version 3944462).
LogModuleManager: Display: Found up-to-date module file ../../../Engine/Plugins/Runtime/CustomMeshComponent/Binaries/Win64/UE4Editor-CustomMeshComponent.dll (API version 3944462).
LogModuleManager: Display: Found up-to-date module file ../../../Engine/Plugins/Runtime/ExampleDeviceProfileSelector/Binaries/Win64/UE4Editor-ExampleDeviceProfileSelector.dll (API version 3944462).
LogModuleManager: Display: Found up-to-date module file ../../../Engine/Plugins/Runtime/ImmediatePhysics/Binaries/Win64/UE4Editor-ImmediatePhysics.dll (API version 3944462).
LogModuleManager: Display: Found up-to-date module file ../../../Engine/Plugins/Runtime/ImmediatePhysics/Binaries/Win64/UE4Editor-ImmediatePhysicsEditor.dll (API version 3944462).
LogModuleManager: Display: Found up-to-date module file ../../../Engine/Plugins/Runtime/LocationServicesBPLibrary/Binaries/Win64/UE4Editor-LocationServicesBPLibrary.dll (API version 3944462).
LogModuleManager: Display: Found up-to-date module file ../../../Engine/Plugins/Runtime/MobilePatchingUtils/Binaries/Win64/UE4Editor-MobilePatchingUtils.dll (API version 3944462).
LogModuleManager: Display: Found up-to-date module file ../../../Engine/Plugins/Runtime/Oculus/OculusVR/Binaries/Win64/UE4Editor-OculusHMD.dll (API version 3944462).
LogModuleManager: Display: Found up-to-date module file ../../../Engine/Plugins/Runtime/Oculus/OculusVR/Binaries/Win64/UE4Editor-OculusInput.dll (API version 3944462).
LogModuleManager: Display: Found up-to-date module file ../../../Engine/Plugins/Runtime/Oculus/OculusVR/Binaries/Win64/UE4Editor-OculusEditor.dll (API version 3944462).
LogModuleManager: Display: Found up-to-date module file ../../../Engine/Plugins/Runtime/PhysXVehicles/Binaries/Win64/UE4Editor-PhysXVehicles.dll (API version 3944462).
LogModuleManager: Display: Found up-to-date module file ../../../Engine/Plugins/Runtime/PhysXVehicles/Binaries/Win64/UE4Editor-PhysXVehiclesEditor.dll (API version 3944462).
LogModuleManager: Display: Found up-to-date module file ../../../Engine/Plugins/Runtime/ProceduralMeshComponent/Binaries/Win64/UE4Editor-ProceduralMeshComponent.dll (API version 3944462).
LogModuleManager: Display: Found up-to-date module file ../../../Engine/Plugins/Runtime/ProceduralMeshComponent/Binaries/Win64/UE4Editor-ProceduralMeshComponentEditor.dll (API version 3944462).
LogModuleManager: Display: Found up-to-date module file ../../../Engine/Plugins/Runtime/RuntimePhysXCooking/Binaries/Win64/UE4Editor-RuntimePhysXCooking.dll (API version 3944462).
LogModuleManager: Display: Found up-to-date module file ../../../Engine/Plugins/Runtime/Steam/SteamVR/Binaries/Win64/UE4Editor-SteamVR.dll (API version 3944462).
LogModuleManager: Display: Found up-to-date module file ../../../Engine/Plugins/Runtime/Steam/SteamVR/Binaries/Win64/UE4Editor-SteamVRController.dll (API version 3944462).
LogModuleManager: Display: Found up-to-date module file ../../../Engine/Plugins/Runtime/WindowsMoviePlayer/Binaries/Win64/UE4Editor-WindowsMoviePlayer.dll (API version 3944462).
LogInit: Using libcurl 7.47.1
LogInit:  - built for x86_64-pc-win32
LogInit:  - supports SSL with OpenSSL/1.0.2g
LogInit:  - supports HTTP deflate (compression) using libz 1.2.8
LogInit:  - other features:
LogInit:      CURL_VERSION_SSL
LogInit:      CURL_VERSION_LIBZ
LogInit:      CURL_VERSION_IPV6
LogInit:      CURL_VERSION_ASYNCHDNS
LogInit:      CURL_VERSION_LARGEFILE
LogInit:      CURL_VERSION_IDN
LogInit:  CurlRequestOptions (configurable via config and command line):
LogInit:  - bVerifyPeer = false  - Libcurl will NOT verify peer certificate
LogInit:  - bUseHttpProxy = false  - Libcurl will NOT use HTTP proxy
LogInit:  - bDontReuseConnections = false  - Libcurl will reuse connections
LogInit:  - CertBundlePath = nullptr  - Libcurl will use whatever was configured at build time.
LogInit:  - MaxHostConnections = 16  - Libcurl will limit the number of connections to a host
LogInit:  - LocalHostAddr = Default
LogInit: WinSock: version 1.1 (2.2), MaxSocks=32767, MaxUdp=65467
LogInit: WinSock: I am oyvind (127.0.0.1:0)
LogInit: Build: ++UE4+Release-4.19-CL-4033788
LogInit: Engine Version: 4.19.2-4033788+++UE4+Release-4.19
LogInit: Compatible Engine Version: 4.19.0-3944462+++UE4+Release-4.19
LogInit: Net CL: 3944462
LogDevObjectVersion: Number of dev versions registered: 18
LogDevObjectVersion:   Dev-Blueprints (B0D832E4-1F89-4F0D-ACCF-7EB736FD4AA2): 10
LogDevObjectVersion:   Dev-Build (E1C64328-A22C-4D53-A36C-8E866417BD8C): 0
LogDevObjectVersion:   Dev-Core (375EC13C-06E4-48FB-B500-84F0262A717E): 2
LogDevObjectVersion:   Dev-Editor (E4B068ED-F494-42E9-A231-DA0B2E46BB41): 23
LogDevObjectVersion:   Dev-Framework (CFFC743F-43B0-4480-9391-14DF171D2073): 33
LogDevObjectVersion:   Dev-Mobile (B02B49B5-BB20-44E9-A304-32B752E40360): 2
LogDevObjectVersion:   Dev-Networking (A4E4105C-59A1-49B5-A7C5-40C4547EDFEE): 0
LogDevObjectVersion:   Dev-Online (39C831C9-5AE6-47DC-9A44-9C173E1C8E7C): 0
LogDevObjectVersion:   Dev-Physics (78F01B33-EBEA-4F98-B9B4-84EACCB95AA2): 0
LogDevObjectVersion:   Dev-Platform (6631380F-2D4D-43E0-8009-CF276956A95A): 0
LogDevObjectVersion:   Dev-Rendering (12F88B9F-8875-4AFC-A67C-D90C383ABD29): 25
LogDevObjectVersion:   Dev-Sequencer (7B5AE74C-D270-4C10-A958-57980B212A5A): 6
LogDevObjectVersion:   Dev-VR (D7296918-1DD6-4BDD-9DE2-64A83CC13884): 1
LogDevObjectVersion:   Dev-LoadTimes (C2A15278-BFE7-4AFE-6C17-90FF531DF755): 1
LogDevObjectVersion:   Private-Geometry (6EACA3D4-40EC-4CC1-B786-8BED09428FC5): 2
LogDevObjectVersion:   Dev-AnimPhys (29E575DD-E0A3-4627-9D10-D276232CDCEA): 16
LogDevObjectVersion:   Dev-ReflectionCapture (6B266CEC-1EC7-4B8F-A30B-E4D90942FC07): 1
LogDevObjectVersion:   Dev-Automation (0DF73D61-A23F-47EA-B727-89E90C41499A): 1
LogInit: Compiled (64-bit): Apr 27 2018 02:06:57
LogInit: Compiled with Visual C++: 19.00.24215.01
LogInit: Build Configuration: Development
LogInit: Branch Name: ++UE4+Release-4.19
LogInit: Command Line:  
LogInit: Base Directory: D:/Epic Games/UE_4.19/Engine/Binaries/Win64/
LogInit: Installed Engine Build: 1
LogStreaming: Display: Took  0.001s to delete old logs.
LogInit: Presizing for max 8388607 objects, including 0 objects not considered by GC, pre-allocating 0 bytes for permanent pool.
LogInit: Object subsystem initialized
[2019.03.06-12.15.57:630][  0]LogInit: Selected Device Profile: [Windows]
[2019.03.06-12.15.57:630][  0]LogInit: Applying CVar settings loaded from the selected device profile: [Windows]
[2019.03.06-12.15.57:671][  0]LogInit: Computer: OYVIND
[2019.03.06-12.15.57:671][  0]LogInit: User: øyvind
[2019.03.06-12.15.57:671][  0]LogInit: CPU Page size=4096, Cores=4
[2019.03.06-12.15.57:671][  0]LogInit: High frequency timer resolution =2.742188 MHz
[2019.03.06-12.15.57:672][  0]LogMemory: Memory total: Physical=15.9GB (16GB approx)
[2019.03.06-12.15.57:672][  0]LogMemory: Platform Memory Stats for Windows
[2019.03.06-12.15.57:672][  0]LogMemory: Process Physical Memory: 275.32 MB used, 275.32 MB peak
[2019.03.06-12.15.57:672][  0]LogMemory: Process Virtual Memory: 266.08 MB used, 266.08 MB peak
[2019.03.06-12.15.57:672][  0]LogMemory: Physical Memory: 8084.46 MB used,  8187.16 MB free, 16271.62 MB total
[2019.03.06-12.15.57:672][  0]LogMemory: Virtual Memory: 4787.51 MB used,  8187.16 MB free, 134217728.00 MB total
[2019.03.06-12.16.02:162][  0]LogInit: Using OS detected language (en-US).
[2019.03.06-12.16.02:162][  0]LogInit: Using OS detected locale (en-US).
[2019.03.06-12.16.02:173][  0]LogTextLocalizationManager: No specific localization for 'en-US' exists, so the 'en' localization will be used.
[2019.03.06-12.16.03:019][  0]LogStreaming: Display: Took  0.858s to EndInitTextLocalization.
[2019.03.06-12.16.03:019][  0]LogInit: Setting process to per monitor DPI aware
[2019.03.06-12.16.03:068][  0]LogSlate: New Slate User Created.  User Index 0, Is Virtual User: 0
[2019.03.06-12.16.03:068][  0]LogSlate: Slate User Registered.  User Index 0, Is Virtual User: 0
[2019.03.06-12.16.03:943][  0]LogD3D11RHI: D3D11 adapters:
[2019.03.06-12.16.04:085][  0]LogD3D11RHI:    0. 'NVIDIA GeForce GTX 1060' (Feature Level 11_0)
[2019.03.06-12.16.04:085][  0]LogD3D11RHI:       6052/0/8135 MB DedicatedVideo/DedicatedSystem/SharedSystem, Outputs:1, VendorId:0x10de
[2019.03.06-12.16.04:106][  0]LogD3D11RHI:    1. 'Intel(R) HD Graphics 630' (Feature Level 11_0)
[2019.03.06-12.16.04:106][  0]LogD3D11RHI:       128/0/8135 MB DedicatedVideo/DedicatedSystem/SharedSystem, Outputs:0, VendorId:0x8086
[2019.03.06-12.16.04:112][  0]LogD3D11RHI:    2. 'Microsoft Basic Render Driver' (Feature Level 11_0)
[2019.03.06-12.16.04:112][  0]LogD3D11RHI:       0/0/8135 MB DedicatedVideo/DedicatedSystem/SharedSystem, Outputs:0, VendorId:0x1414
[2019.03.06-12.16.04:112][  0]LogD3D11RHI: Chosen D3D11 Adapter: 0
[2019.03.06-12.16.04:204][  0]LogD3D11RHI: Creating new Direct3DDevice
[2019.03.06-12.16.04:205][  0]LogD3D11RHI:     GPU DeviceId: 0x1c20 (for the marketing name, search the web for "GPU Device Id")
[2019.03.06-12.16.04:205][  0]LogWindows: EnumDisplayDevices:
[2019.03.06-12.16.04:205][  0]LogWindows:    0. 'Intel(R) HD Graphics 630' (P:1 D:1)
[2019.03.06-12.16.04:206][  0]LogWindows:    1. 'Intel(R) HD Graphics 630' (P:0 D:0)
[2019.03.06-12.16.04:206][  0]LogWindows:    2. 'Intel(R) HD Graphics 630' (P:0 D:0)
[2019.03.06-12.16.04:207][  0]LogWindows:    3. 'NVIDIA GeForce GTX 1060' (P:0 D:0)
[2019.03.06-12.16.04:207][  0]LogWindows:    4. 'NVIDIA GeForce GTX 1060' (P:0 D:0)
[2019.03.06-12.16.04:208][  0]LogWindows:    5. 'NVIDIA GeForce GTX 1060' (P:0 D:0)
[2019.03.06-12.16.04:209][  0]LogWindows:    6. 'NVIDIA GeForce GTX 1060' (P:0 D:0)
[2019.03.06-12.16.04:209][  0]LogWindows: DebugString: GetVideoDriverDetailsInvalid PrimaryIsNotTheChoosenAdapter GetVideoDriverDetailsInvalid PrimaryIsNotTheChoosenAdapter GetVideoDriverDetailsInvalid PrimaryIsNotTheChoosenAdapter GetVideoDriverDetailsInvalid PrimaryIsNotTheChoosenAdapter GetVideoDriverDetailsInvalid PrimaryIsNotTheChoosenAdapter GetVideoDriverDetailsInvalid PrimaryIsNotTheChoosenAdapter GetVideoDriverDetailsInvalid PrimaryIsNotTheChoosenAdapter FoundDriverCount:0 
[2019.03.06-12.16.04:209][  0]LogD3D11RHI:     Adapter Name: NVIDIA GeForce GTX 1060
[2019.03.06-12.16.04:209][  0]LogD3D11RHI:   Driver Version: Unknown (internal:Unknown, unified:Unknown)
[2019.03.06-12.16.04:209][  0]LogD3D11RHI:      Driver Date: Unknown
[2019.03.06-12.16.04:209][  0]LogRHI: Texture pool is 4236 MB (70% of 6052 MB)
[2019.03.06-12.16.04:300][  0]LogD3D11RHI: [Aftermath] Aftermath enabled and primed
[2019.03.06-12.16.04:300][  0]LogD3D11RHI: [Aftermath] Aftermath enabled and primed
[2019.03.06-12.16.04:300][  0]LogD3D11RHI: Async texture creation enabled
[2019.03.06-12.16.04:325][  0]LogD3D11RHI: GPU Timing Frequency: 1000.000000 (Debug: 2 2)
[2019.03.06-12.16.04:328][  0]LogShaderCompilers: Guid format shader working directory is 5 characters bigger than the processId version (../../../../../Oyvind_Unreal/VikingShooter/Intermediate/Shaders/WorkingDirectory/10432/).
[2019.03.06-12.16.04:328][  0]LogShaderCompilers: Cleaned the shader compiler working directory 'C:/Users/øyvind'/AppData/Local/Temp/UnrealShaderWorkingDir/407B9E7E427A09A5FABF46991EC5A5BC/'.
[2019.03.06-12.16.05:026][  0]LogTemp: Display: Loaded TP AllDesktopTargetPlatform
[2019.03.06-12.16.05:052][  0]LogTemp: Display: Loaded TP MacClientTargetPlatform
[2019.03.06-12.16.05:076][  0]LogTemp: Display: Loaded TP MacNoEditorTargetPlatform
[2019.03.06-12.16.05:102][  0]LogTemp: Display: Loaded TP MacServerTargetPlatform
[2019.03.06-12.16.05:127][  0]LogTemp: Display: Loaded TP MacTargetPlatform
[2019.03.06-12.16.05:151][  0]LogTemp: Display: Loaded TP WindowsClientTargetPlatform
[2019.03.06-12.16.05:176][  0]LogTemp: Display: Loaded TP WindowsNoEditorTargetPlatform
[2019.03.06-12.16.05:201][  0]LogTemp: Display: Loaded TP WindowsServerTargetPlatform
[2019.03.06-12.16.05:214][  0]LogTemp: Display: Loaded TP WindowsTargetPlatform
[2019.03.06-12.16.05:236][  0]LogTemp: Display: Loaded TP Android_ASTCTargetPlatform
[2019.03.06-12.16.05:259][  0]LogTemp: Display: Loaded TP Android_ATCTargetPlatform
[2019.03.06-12.16.05:283][  0]LogTemp: Display: Loaded TP Android_DXTTargetPlatform
[2019.03.06-12.16.05:308][  0]LogTemp: Display: Loaded TP Android_ETC1aTargetPlatform
[2019.03.06-12.16.05:333][  0]LogTemp: Display: Loaded TP Android_ETC1TargetPlatform
[2019.03.06-12.16.05:353][  0]LogTemp: Display: Loaded TP Android_ETC2TargetPlatform
[2019.03.06-12.16.05:398][  0]LogTemp: Display: Loaded TP Android_MultiTargetPlatform
[2019.03.06-12.16.05:398][  0]LogTemp: Display: Loaded TP Android_PVRTCTargetPlatform
[2019.03.06-12.16.05:427][  0]LogTemp: Display: Loaded TP AndroidTargetPlatform
[2019.03.06-12.16.05:430][  0]LogTemp: Display: Loaded TP HTML5TargetPlatform
[2019.03.06-12.16.05:483][  0]LogTemp: Display: Loaded TP IOSTargetPlatform
[2019.03.06-12.16.05:503][  0]LogTemp: Display: Loaded TP TVOSTargetPlatform
[2019.03.06-12.16.05:526][  0]LogTemp: Display: Loaded TP LinuxClientTargetPlatform
[2019.03.06-12.16.05:546][  0]LogTemp: Display: Loaded TP LinuxNoEditorTargetPlatform
[2019.03.06-12.16.05:568][  0]LogTemp: Display: Loaded TP LinuxServerTargetPlatform
[2019.03.06-12.16.05:594][  0]LogTemp: Display: Loaded TP LinuxTargetPlatform
[2019.03.06-12.16.05:594][  0]LogTargetPlatformManager: Display: Building Assets For Windows
[2019.03.06-12.16.05:901][  0]LogXGEController: Cannot use XGE Controller as Incredibuild is not installed on this machine.
[2019.03.06-12.16.05:901][  0]LogShaderCompilers: Cannot use XGE Shader Compiler as Incredibuild is not installed on this machine.
[2019.03.06-12.16.05:901][  0]LogShaderCompilers: Display: Using Local Shader Compiler.
[2019.03.06-12.16.07:192][  0]LogDerivedDataCache: Display: Max Cache Size: 512 MB
[2019.03.06-12.16.07:343][  0]LogDerivedDataCache: Loaded boot cache 0.15s 74MB C:/Users/øyvind'/AppData/Local/UnrealEngine/4.19/DerivedDataCache/Boot.ddc.
[2019.03.06-12.16.07:343][  0]LogDerivedDataCache: Display: Loaded Boot cache: C:/Users/øyvind'/AppData/Local/UnrealEngine/4.19/DerivedDataCache/Boot.ddc
[2019.03.06-12.16.07:343][  0]LogDerivedDataCache: FDerivedDataBackendGraph:  Pak pak cache file ../../../../../Oyvind_Unreal/VikingShooter/DerivedDataCache/DDC.ddp not found, will not use a pak cache.
[2019.03.06-12.16.07:343][  0]LogDerivedDataCache: Unable to find inner node Pak for hierarchical cache Hierarchy.
[2019.03.06-12.16.07:343][  0]LogDerivedDataCache: FDerivedDataBackendGraph:  CompressedPak pak cache file ../../../../../Oyvind_Unreal/VikingShooter/DerivedDataCache/Compressed.ddp not found, will not use a pak cache.
[2019.03.06-12.16.07:343][  0]LogDerivedDataCache: Unable to find inner node CompressedPak for hierarchical cache Hierarchy.
[2019.03.06-12.16.07:370][  0]LogDerivedDataCache: Display: Pak cache opened for reading ../../../Engine/DerivedDataCache/Compressed.ddp.
[2019.03.06-12.16.07:387][  0]LogDerivedDataCache: Using Local data cache path C:/Users/øyvind'/AppData/Local/UnrealEngine/Common/DerivedDataCache: Writable
[2019.03.06-12.16.07:387][  0]LogDerivedDataCache: Shared data cache path not found in *engine.ini, will not use an Shared cache.
[2019.03.06-12.16.07:387][  0]LogDerivedDataCache: Unable to find inner node Shared for hierarchical cache Hierarchy.
[2019.03.06-12.16.07:406][  0]LogMaterial: Verifying Global Shaders for PCD3D_SM5
[2019.03.06-12.16.07:407][  0]LogSlate: Using Freetype 2.6.0
[2019.03.06-12.16.07:409][  0]LogSlate: SlateFontCache - WITH_FREETYPE: 1, WITH_HARFBUZZ: 1
[2019.03.06-12.16.07:409][  0]LogSlate: SlateFontCache - WITH_FREETYPE: 1, WITH_HARFBUZZ: 1
[2019.03.06-12.16.07:737][  0]LogAssetRegistry: FAssetRegistry took 0.0286 seconds to start up
[2019.03.06-12.16.08:393][  0]LogInit: Selected Device Profile: [Windows]
[2019.03.06-12.16.08:720][  0]LogSimplygon: Simplygon DLL not present - disabling.
[2019.03.06-12.16.08:727][  0]LogMeshReduction: Using SimplygonSwarm for distributed automatic mesh merging
[2019.03.06-12.16.08:727][  0]LogMeshReduction: Using QuadricMeshReduction for automatic static mesh reduction
[2019.03.06-12.16.08:727][  0]LogMeshReduction: No automatic skeletal mesh reduction module available
[2019.03.06-12.16.08:727][  0]LogMeshReduction: No automatic mesh merging module available
[2019.03.06-12.16.08:727][  0]LogMeshMerging: No automatic mesh merging module available
[2019.03.06-12.16.08:829][  0]LogNetVersion: VikingShooter , NetCL: 3944462, EngineNetVer: 2, GameNetVer: 0 (Checksum: 3082558166)
[2019.03.06-12.16.09:795][  0]LogPackageLocalizationCache: Processed 9 localized package path(s) for 2 prioritized culture(s) in 0.220459 seconds
[2019.03.06-12.16.09:807][  0]LogUObjectArray: 36728 objects as part of root set at end of initial load.
[2019.03.06-12.16.09:807][  0]LogUObjectAllocator: 7314304 out of 0 bytes used by permanent object pool.
[2019.03.06-12.16.09:807][  0]LogUObjectArray: CloseDisregardForGC: 0/0 objects in disregard for GC pool
[2019.03.06-12.16.13:682][  0]LogTcpMessaging: Initializing TcpMessaging bridge
[2019.03.06-12.16.13:773][  0]LogUdpMessaging: Initializing bridge on interface 0.0.0.0:0 to multicast group 230.0.0.1:6666.
[2019.03.06-12.16.14:884][  0]SourceControl: Source control is disabled
[2019.03.06-12.16.18:471][  0]LogAndroidPermission: UAndroidPermissionCallbackProxy::GetInstance
[2019.03.06-12.16.19:623][  0]LogOcInput: OculusInput pre-init called
[2019.03.06-12.16.20:151][  0]LogEngine: Initializing Engine...
[2019.03.06-12.16.20:158][  0]LogHMD: Failed to initialize OpenVR with code 110
[2019.03.06-12.16.20:162][  0]LogStats: UGameplayTagsManager::ConstructGameplayTagTree: Construct from data asset -  0.000 s
[2019.03.06-12.16.20:162][  0]LogStats: UGameplayTagsManager::ConstructGameplayTagTree: GameplayTagTreeChangedEvent.Broadcast -  0.000 s
[2019.03.06-12.16.20:776][  0]LogAIModule: Creating AISystem for world Untitled
[2019.03.06-12.16.20:921][  0]LogInit: XAudio2 using 'Speakers (Realtek High Definition Audio)' : 6 channels at 48 kHz using 32 bits per sample (channel mask 0x3f)
[2019.03.06-12.16.21:288][  0]LogInit: FAudioDevice initialized.
[2019.03.06-12.16.21:660][  0]LogDerivedDataCache: Saved boot cache 0.37s 74MB C:/Users/øyvind'/AppData/Local/UnrealEngine/4.19/DerivedDataCache/Boot.ddc.
[2019.03.06-12.16.21:691][  0]LogInit: Texture streaming: Enabled
[2019.03.06-12.16.21:749][  0]LogEngineSessionManager: EngineSessionManager initialized
[2019.03.06-12.16.21:807][  0]LogInit: Transaction tracking system initialized
[2019.03.06-12.16.21:883][  0]BlueprintLog: New page: Editor Load
[2019.03.06-12.16.22:057][  0]LocalizationService: Localization service is disabled
[2019.03.06-12.16.22:501][  0]LogConsoleResponse: Display: 
[2019.03.06-12.16.23:009][  0]LogCook: Display: Max memory allowance for cook 16384mb min free memory 0mb
[2019.03.06-12.16.23:009][  0]LogCook: Display: Mobile HDR setting 1
[2019.03.06-12.16.23:009][  0]LogGameplayTags: Display: UGameplayTagsManager::DoneAddingNativeTags. DelegateIsBound: 0
[2019.03.06-12.16.23:009][  0]LogStats: UGameplayTagsManager::ConstructGameplayTagTree: Construct from data asset -  0.000 s
[2019.03.06-12.16.23:010][  0]LogStats: UGameplayTagsManager::ConstructGameplayTagTree: GameplayTagTreeChangedEvent.Broadcast -  0.000 s
[2019.03.06-12.16.23:021][  0]LogFileCache: Scanning file cache for directory 'D:/Oyvind_Unreal/VikingShooter/Content/' took 0.02s
[2019.03.06-12.16.24:424][  0]Cmd: MAP LOAD FILE="../../../../../Oyvind_Unreal/VikingShooter/Content/Maps/MainMenu.umap" TEMPLATE=0 SHOWPROGRESS=1 FEATURELEVEL=3
[2019.03.06-12.16.24:426][  0]LightingResults: New page: Lighting Build
[2019.03.06-12.16.24:437][  0]MapCheck: New page: Map Check
[2019.03.06-12.16.24:437][  0]LightingResults: New page: Lighting Build
[2019.03.06-12.16.24:484][  0]LogUObjectGlobals: Created PersistentFrame Addr=0x000002060af4aba0, Size=4, Default__WBP_MainMenu_C Function /Game/Blueprint/WBP_MainMenu.WBP_MainMenu_C:ExecuteUbergraph_WBP_MainMenu
[2019.03.06-12.16.24:488][  0]LogUObjectGlobals: Destroyed PersistentFrame Addr=0x000002060af4aba0, Size=4
[2019.03.06-12.16.24:488][  0]LogUObjectGlobals: Created PersistentFrame Addr=0x000002060af4aba0, Size=4, Default__WBP_MainMenu_C Function /Engine/Transient.REINST_WBP_MainMenu_C_0:ExecuteUbergraph_WBP_MainMenu
[2019.03.06-12.16.24:491][  0]LogUObjectGlobals: Created PersistentFrame Addr=0x000002060af4a9f8, Size=4, Default__WBP_MainMenu_C Function /Game/Blueprint/WBP_MainMenu.WBP_MainMenu_C:ExecuteUbergraph_WBP_MainMenu
[2019.03.06-12.16.24:493][  0]LogUObjectGlobals: Created PersistentFrame Addr=0x000002062abeffd0, Size=24, Default__MainMenu_C Function /Game/Maps/MainMenu.MainMenu_C:ExecuteUbergraph_MainMenu
[2019.03.06-12.16.24:496][  0]LogUObjectGlobals: Destroyed PersistentFrame Addr=0x000002062abeffd0, Size=24
[2019.03.06-12.16.24:496][  0]LogUObjectGlobals: Created PersistentFrame Addr=0x000002062abeffd0, Size=24, Default__MainMenu_C Function /Engine/Transient.REINST_MainMenu_C_2:ExecuteUbergraph_MainMenu
[2019.03.06-12.16.24:498][  0]LogUObjectGlobals: Created PersistentFrame Addr=0x000002062abefbe0, Size=24, Default__MainMenu_C Function /Game/Maps/MainMenu.MainMenu_C:ExecuteUbergraph_MainMenu
[2019.03.06-12.16.24:517][  0]LogAIModule: Creating AISystem for world MainMenu
[2019.03.06-12.16.24:535][  0]LogEditorServer: Finished looking for orphan Actors (0.000 secs)
[2019.03.06-12.16.24:554][  0]LogUObjectGlobals: Destroyed PersistentFrame Addr=0x000002060af4aba0, Size=4
[2019.03.06-12.16.24:555][  0]LogUObjectGlobals: Destroyed PersistentFrame Addr=0x000002062abeffd0, Size=24
[2019.03.06-12.16.24:555][  0]Cmd: MAP CHECKDEP NOCLEARLOG
[2019.03.06-12.16.24:722][  0]MapCheck: Map check complete: 0 Error(s), 0 Warning(s), took 165.901ms to complete.
[2019.03.06-12.16.24:722][  0]LogFileHelpers: Loading map 'MainMenu' took 0.297
[2019.03.06-12.16.24:976][  0]LogCollectionManager: Loaded 0 collections in 0.002541 seconds
[2019.03.06-12.16.25:038][  0]LogFileCache: Scanning file cache for directory 'D:/Oyvind_Unreal/VikingShooter/Saved/Collections/' took 0.01s
[2019.03.06-12.16.25:038][  0]LogFileCache: Scanning file cache for directory 'D:/Oyvind_Unreal/VikingShooter/Content/Developers/øyvind/Collections/' took 0.01s
[2019.03.06-12.16.25:038][  0]LogFileCache: Scanning file cache for directory 'D:/Oyvind_Unreal/VikingShooter/Content/Collections/' took 0.01s
[2019.03.06-12.16.25:038][  0]LogCollectionManager: Rebuilt the GUID cache for 0 collections in 0.000001 seconds
[2019.03.06-12.16.25:071][  0]LogContentBrowser: Native class hierarchy populated in 0.0320 seconds. Added 2453 classes and 561 folders.
[2019.03.06-12.16.25:088][  0]LogContentBrowser: Native class hierarchy updated for 'WidgetCarousel' in 0.0052 seconds. Added 0 classes and 0 folders.
[2019.03.06-12.16.25:343][  0]LogContentBrowser: Native class hierarchy updated for 'AddContentDialog' in 0.0062 seconds. Added 0 classes and 0 folders.
[2019.03.06-12.16.25:360][  0]LogContentBrowser: Native class hierarchy updated for 'SceneOutliner' in 0.0070 seconds. Added 1 classes and 2 folders.
[2019.03.06-12.16.28:452][  0]LogSlate: Only BGRA pngs, bmps or icos are supported in by External Image Picker
[2019.03.06-12.16.28:564][  0]LogSlate: Took 0.000877 seconds to synchronously load lazily loaded font '../../../Engine/Content/Slate/Fonts/Roboto-Regular.ttf' (155K)
[2019.03.06-12.16.28:570][  0]LogSlate: Took 0.001180 seconds to synchronously load lazily loaded font '../../../Engine/Content/Slate/Fonts/Roboto-Bold.ttf' (160K)
[2019.03.06-12.16.28:587][  0]LogSlate: Took 0.000738 seconds to synchronously load lazily loaded font '../../../Engine/Content/Editor/Slate/Fonts/FontAwesome.ttf' (139K)
[2019.03.06-12.16.28:793][  0]LogRenderer: Reallocating scene render targets to support 904x436 Format 10 NumSamples 1 (Frame:1).
[2019.03.06-12.16.29:112][  0]LogTemp: Executing iPhonePackager certificates Engine -bundlename com.YourCompany.VikingShooter
[2019.03.06-12.16.29:112][  0]LogTemp: CWD: D:\Epic Games\UE_4.19\Engine\Binaries\DotNET\IOS
[2019.03.06-12.16.29:112][  0]LogTemp: Initial Dir: D:\Epic Games\UE_4.19
[2019.03.06-12.16.29:112][  0]LogTemp: Env CWD: D:\Epic Games\UE_4.19\Engine\Binaries\DotNET\IOS
[2019.03.06-12.16.29:113][  0]LogTemp: BranchPath = OYVIND/D/Epic Games/UE_4.19/Engine/Binaries --- GameBranchPath = OYVIND/D/Epic Games/UE_4.19/Engine/Binaries
[2019.03.06-12.16.29:113][  0]LogContentBrowser: Native class hierarchy updated for 'HierarchicalLODOutliner' in 0.0048 seconds. Added 0 classes and 0 folders.
[2019.03.06-12.16.29:113][  0]LogLoad: (Engine Initialization) Total time: 43.90 seconds
[2019.03.06-12.16.29:113][  0]LogLoad: (Engine Initialization) Total Blueprint compile time: 0.00 seconds
[2019.03.06-12.16.29:455][  0]LogTemp: IPP ERROR: Could not find provision directory 'C:\Users\oyvind'\AppData\Local/Apple Computer/MobileDevice/Provisioning Profiles/'.
[2019.03.06-12.16.29:500][  0]LogContentStreaming: Texture pool size now 1000 MB
[2019.03.06-12.16.29:639][  0]LogSlate: Took 0.000484 seconds to synchronously load lazily loaded font '../../../Engine/Content/Slate/Fonts/Roboto-Light.ttf' (167K)
[2019.03.06-12.16.30:807][  4]LogAssetRegistry: Asset discovery search completed in 23.0922 seconds
[2019.03.06-12.16.30:814][  4]LogCollectionManager: Rebuilt the object cache for 0 collections in 0.000001 seconds (found 0 objects)
[2019.03.06-12.16.30:815][  4]LogCollectionManager: Fixed up redirectors for 0 collections in 0.000278 seconds (updated 0 objects)
[2019.03.06-12.17.29:470][181]LogHttp: Warning: 00000206802F2200: request failed, libcurl error: 6 (Couldn't resolve host name)
[2019.03.06-12.17.29:470][181]LogHttp: Warning: 00000206802F2200: libcurl info message cache 0 (Could not resolve host: datarouter.ol.epicgames.com)
[2019.03.06-12.17.29:470][181]LogHttp: Warning: 00000206802F2200: libcurl info message cache 1 (Closing connection 0)
[2019.03.06-12.18.21:032][351]LogSlate: FSceneViewport::OnFocusLost() reason 0
[2019.03.06-12.18.21:115][353]LogTemp: Repeating last play command: Selected Viewport
[2019.03.06-12.18.21:172][353]LogBlueprintUserMessages: Early PlayInEditor Detection: Level '/Game/Maps/MainMenu.MainMenu:PersistentLevel' has LevelScriptBlueprint '/Game/Maps/MainMenu.MainMenu:PersistentLevel.MainMenu' with GeneratedClass '/Game/Maps/MainMenu.MainMenu_C' with ClassGeneratedBy '/Game/Maps/MainMenu.MainMenu:PersistentLevel.MainMenu'
[2019.03.06-12.18.21:173][353]LogPlayLevel: PlayLevel: No blueprints needed recompiling
[2019.03.06-12.18.21:174][353]PIE: New page: PIE session: MainMenu (Mar 6, 2019, 2:18:21 PM)
[2019.03.06-12.18.21:174][353]LogPlayLevel: Creating play world package: /Game/Maps/UEDPIE_0_MainMenu
[2019.03.06-12.18.21:178][353]LogPlayLevel: PIE: StaticDuplicateObject took: (0.003303s)
[2019.03.06-12.18.21:180][353]LogAIModule: Creating AISystem for world MainMenu
[2019.03.06-12.18.21:181][353]LogPlayLevel: PIE: World Init took: (0.003292s)
[2019.03.06-12.18.21:181][353]LogPlayLevel: PIE: Created PIE world by copying editor world from /Game/Maps/MainMenu.MainMenu to /Game/Maps/UEDPIE_0_MainMenu.MainMenu (0.007001s)
[2019.03.06-12.18.21:301][353]LogInit: XAudio2 using 'Speakers (Realtek High Definition Audio)' : 6 channels at 48 kHz using 32 bits per sample (channel mask 0x3f)
[2019.03.06-12.18.21:469][353]LogInit: FAudioDevice initialized.
[2019.03.06-12.18.21:518][353]LogLoad: Game class is 'GameMode'
[2019.03.06-12.18.21:519][353]LogWorld: Bringing World /Game/Maps/UEDPIE_0_MainMenu.MainMenu up for play (max tick rate 60) at 2019.03.06-13.18.21
[2019.03.06-12.18.21:520][353]LogWorld: Bringing up level for play took: 0.000453
[2019.03.06-12.18.21:527][353]LogContentBrowser: Native class hierarchy updated for 'MovieSceneCapture' in 0.0032 seconds. Added 11 classes and 0 folders.
[2019.03.06-12.18.21:527][353]LogGameMode: Display: Match State Changed from EnteringMap to WaitingToStart
[2019.03.06-12.18.21:527][353]LogGameState: Match State Changed from EnteringMap to WaitingToStart
[2019.03.06-12.18.21:527][353]LogGameMode: Display: Match State Changed from WaitingToStart to InProgress
[2019.03.06-12.18.21:529][353]LogGameState: Match State Changed from WaitingToStart to InProgress
[2019.03.06-12.18.21:529][353]PIE: Play in editor start time for /Game/Maps/UEDPIE_0_MainMenu -0.517
[2019.03.06-12.18.21:530][353]LogBlueprintUserMessages: Late PlayInEditor Detection: Level '/Game/Maps/MainMenu.MainMenu:PersistentLevel' has LevelScriptBlueprint '/Game/Maps/MainMenu.MainMenu:PersistentLevel.MainMenu' with GeneratedClass '/Game/Maps/MainMenu.MainMenu_C' with ClassGeneratedBy '/Game/Maps/MainMenu.MainMenu:PersistentLevel.MainMenu'
[2019.03.06-12.18.22:880][424]LogGameMode: Display: Match State Changed from InProgress to LeavingMap
[2019.03.06-12.18.22:880][424]LogGameState: Match State Changed from InProgress to LeavingMap
[2019.03.06-12.18.22:880][424]LogNet: Browse: /Game/Maps/Level01
[2019.03.06-12.18.22:880][424]LogLoad: LoadMap: /Game/Maps/Level01
[2019.03.06-12.18.22:967][424]LogUObjectGlobals: Created PersistentFrame Addr=0x0000020676afcd60, Size=96, Default__ThirdPerson_AnimBP_C Function /Game/Mannequin/Animations/ThirdPerson_AnimBP.ThirdPerson_AnimBP_C:ExecuteUbergraph_ThirdPerson_AnimBP
[2019.03.06-12.18.22:970][424]LogUObjectGlobals: Created PersistentFrame Addr=0x0000020660f25600, Size=1104, Default__BP_TwinStickCharacter_C Function /Game/Blueprint/BP_TwinStickCharacter.BP_TwinStickCharacter_C:ExecuteUbergraph_BP_TwinStickCharacter
[2019.03.06-12.18.23:041][424]LogUObjectGlobals: Created PersistentFrame Addr=0x0000020673d0e080, Size=200, Default__BP_Spike_C Function /Game/Blueprint/BP_Spike.BP_Spike_C:ExecuteUbergraph_BP_Spike
[2019.03.06-12.18.23:059][424]LogUObjectGlobals: Created PersistentFrame Addr=0x0000020660ef7600, Size=296, Default__BP_TwinStickProjectile_C Function /Game/Blueprint/BP_TwinStickProjectile.BP_TwinStickProjectile_C:ExecuteUbergraph_BP_TwinStickProjectile
[2019.03.06-12.18.23:075][424]LogUObjectGlobals: Created PersistentFrame Addr=0x00000206802e4580, Size=48, Default__Laser_C Function /Game/Blueprint/Laser.Laser_C:ExecuteUbergraph_Laser
[2019.03.06-12.18.23:156][424]LogUObjectGlobals: Created PersistentFrame Addr=0x00000206407c32e0, Size=112, Default__Weapon_C Function /Game/Blueprint/Weapon.Weapon_C:ExecuteUbergraph_Weapon
[2019.03.06-12.18.23:195][424]LogUObjectGlobals: Destroyed PersistentFrame Addr=0x0000020673d0e080, Size=200
[2019.03.06-12.18.23:195][424]LogUObjectGlobals: Created PersistentFrame Addr=0x0000020675739de0, Size=200, Default__BP_Spike_C Function /Engine/Transient.REINST_BP_Spike_C_7:ExecuteUbergraph_BP_Spike
[2019.03.06-12.18.23:197][424]LogUObjectGlobals: Destroyed PersistentFrame Addr=0x0000020660ef7600, Size=296
[2019.03.06-12.18.23:197][424]LogUObjectGlobals: Created PersistentFrame Addr=0x0000020660b4efc0, Size=296, Default__BP_TwinStickProjectile_C Function /Engine/Transient.REINST_BP_TwinStickProjectile_C_8:ExecuteUbergraph_BP_TwinStickProjectile
[2019.03.06-12.18.23:197][424]LogUObjectGlobals: Destroyed PersistentFrame Addr=0x00000206802e4580, Size=48
[2019.03.06-12.18.23:198][424]LogUObjectGlobals: Created PersistentFrame Addr=0x00000206802e4580, Size=48, Default__Laser_C Function /Engine/Transient.REINST_Laser_C_9:ExecuteUbergraph_Laser
[2019.03.06-12.18.23:198][424]LogUObjectGlobals: Destroyed PersistentFrame Addr=0x0000020676afcd60, Size=96
[2019.03.06-12.18.23:199][424]LogUObjectGlobals: Created PersistentFrame Addr=0x0000020678e70fa0, Size=96, Default__ThirdPerson_AnimBP_C Function /Engine/Transient.REINST_ThirdPerson_AnimBP_C_0:ExecuteUbergraph_ThirdPerson_AnimBP
[2019.03.06-12.18.23:199][424]LogUObjectGlobals: Destroyed PersistentFrame Addr=0x00000206407c32e0, Size=112
[2019.03.06-12.18.23:199][424]LogUObjectGlobals: Created PersistentFrame Addr=0x00000206407c32e0, Size=112, Default__Weapon_C Function /Engine/Transient.REINST_Weapon_C_10:ExecuteUbergraph_Weapon
[2019.03.06-12.18.23:201][424]LogUObjectGlobals: Destroyed PersistentFrame Addr=0x0000020660f25600, Size=1104
[2019.03.06-12.18.23:201][424]LogUObjectGlobals: Created PersistentFrame Addr=0x0000020660aad600, Size=1104, Default__BP_TwinStickCharacter_C Function /Engine/Transient.REINST_BP_TwinStickCharacter_C_11:ExecuteUbergraph_BP_TwinStickCharacter
[2019.03.06-12.18.23:233][424]LogBlueprint: Warning: [Compiler BP_TwinStickCharacter] InputAction Event references unknown Action 'Jump' for  InputAction Jump
[2019.03.06-12.18.23:242][424]LogUObjectGlobals: Created PersistentFrame Addr=0x000002066094fe40, Size=200, Default__BP_Spike_C Function /Game/Blueprint/BP_Spike.BP_Spike_C:ExecuteUbergraph_BP_Spike
[2019.03.06-12.18.23:243][424]LogUObjectGlobals: Created PersistentFrame Addr=0x000002066099b740, Size=296, Default__BP_TwinStickProjectile_C Function /Game/Blueprint/BP_TwinStickProjectile.BP_TwinStickProjectile_C:ExecuteUbergraph_BP_TwinStickProjectile
[2019.03.06-12.18.23:244][424]LogUObjectGlobals: Created PersistentFrame Addr=0x000002066091fd60, Size=48, Default__Laser_C Function /Game/Blueprint/Laser.Laser_C:ExecuteUbergraph_Laser
[2019.03.06-12.18.23:246][424]LogUObjectGlobals: Created PersistentFrame Addr=0x000002066092f280, Size=96, Default__ThirdPerson_AnimBP_C Function /Game/Mannequin/Animations/ThirdPerson_AnimBP.ThirdPerson_AnimBP_C:ExecuteUbergraph_ThirdPerson_AnimBP
[2019.03.06-12.18.23:247][424]LogUObjectGlobals: Created PersistentFrame Addr=0x00000206608ed2f0, Size=112, Default__Weapon_C Function /Game/Blueprint/Weapon.Weapon_C:ExecuteUbergraph_Weapon
[2019.03.06-12.18.23:251][424]LogUObjectGlobals: Created PersistentFrame Addr=0x00000206608e7900, Size=1104, Default__BP_TwinStickCharacter_C Function /Game/Blueprint/BP_TwinStickCharacter.BP_TwinStickCharacter_C:ExecuteUbergraph_BP_TwinStickCharacter
[2019.03.06-12.18.23:258][424]LogBlueprint: Warning: [Compiler BP_TwinStickCharacter] [0158.05] Compile of BP_TwinStickCharacter successful, but with 1 Warning(s) [in 83 ms] (/Game/Blueprint/BP_TwinStickCharacter.BP_TwinStickCharacter)
[2019.03.06-12.18.23:275][424]LogUObjectGlobals: Created PersistentFrame Addr=0x000002066092dc60, Size=96, Default__EnemyBp_C Function /Game/Mannequin/Animations/ThirdPerson_AnimBP.ThirdPerson_AnimBP_C:ExecuteUbergraph_ThirdPerson_AnimBP
[2019.03.06-12.18.23:277][424]LogUObjectGlobals: Destroyed PersistentFrame Addr=0x000002066092dc60, Size=96
[2019.03.06-12.18.23:277][424]LogUObjectGlobals: Created PersistentFrame Addr=0x000002066092dc60, Size=96, Default__EnemyBp_C Function /Game/Mannequin/Animations/ThirdPerson_AnimBP.ThirdPerson_AnimBP_C:ExecuteUbergraph_ThirdPerson_AnimBP
[2019.03.06-12.18.23:277][424]LogUObjectGlobals: Created PersistentFrame Addr=0x000002066092db40, Size=96, Default__EnemyBp_C Function /Game/Mannequin/Animations/ThirdPerson_AnimBP.ThirdPerson_AnimBP_C:ExecuteUbergraph_ThirdPerson_AnimBP
[2019.03.06-12.18.23:288][424]LogUObjectGlobals: Created PersistentFrame Addr=0x00000206608aa860, Size=104, Default__EnemyAI_C Function /Game/Blueprint/EnemyAI.EnemyAI_C:ExecuteUbergraph_EnemyAI
[2019.03.06-12.18.23:293][424]LogUObjectGlobals: Destroyed PersistentFrame Addr=0x00000206608aa860, Size=104
[2019.03.06-12.18.23:294][424]LogUObjectGlobals: Created PersistentFrame Addr=0x00000206608aa860, Size=104, Default__EnemyAI_C Function /Engine/Transient.REINST_EnemyAI_C_19:ExecuteUbergraph_EnemyAI
[2019.03.06-12.18.23:299][424]LogUObjectGlobals: Created PersistentFrame Addr=0x00000206608ed280, Size=104, Default__EnemyAI_C Function /Game/Blueprint/EnemyAI.EnemyAI_C:ExecuteUbergraph_EnemyAI
[2019.03.06-12.18.23:320][424]LogUObjectGlobals: Created PersistentFrame Addr=0x00000206608e0200, Size=232, Default__EnemyCharacter_C Function /Game/Blueprint/EnemyCharacter.EnemyCharacter_C:ExecuteUbergraph_EnemyCharacter
[2019.03.06-12.18.23:331][424]LogUObjectGlobals: Destroyed PersistentFrame Addr=0x00000206608e0200, Size=232
[2019.03.06-12.18.23:331][424]LogUObjectGlobals: Created PersistentFrame Addr=0x00000206608e0200, Size=232, Default__EnemyCharacter_C Function /Engine/Transient.REINST_EnemyCharacter_C_21:ExecuteUbergraph_EnemyCharacter
[2019.03.06-12.18.23:338][424]LogUObjectGlobals: Created PersistentFrame Addr=0x00000206608c5600, Size=232, Default__EnemyCharacter_C Function /Game/Blueprint/EnemyCharacter.EnemyCharacter_C:ExecuteUbergraph_EnemyCharacter
[2019.03.06-12.18.23:612][424]LogUObjectGlobals: Created PersistentFrame Addr=0x000002062dfde6a0, Size=200, Default__BP_PunchableDoor_C Function /Game/Blueprint/BP_PunchableDoor.BP_PunchableDoor_C:ExecuteUbergraph_BP_PunchableDoor
[2019.03.06-12.18.23:619][424]LogUObjectGlobals: Destroyed PersistentFrame Addr=0x000002062dfde6a0, Size=200
[2019.03.06-12.18.23:620][424]LogUObjectGlobals: Created PersistentFrame Addr=0x000002062dfde6a0, Size=200, Default__BP_PunchableDoor_C Function /Engine/Transient.REINST_BP_PunchableDoor_C_25:ExecuteUbergraph_BP_PunchableDoor
[2019.03.06-12.18.23:624][424]LogUObjectGlobals: Created PersistentFrame Addr=0x000002062dfdd1a0, Size=200, Default__BP_PunchableDoor_C Function /Game/Blueprint/BP_PunchableDoor.BP_PunchableDoor_C:ExecuteUbergraph_BP_PunchableDoor
[2019.03.06-12.18.23:649][424]LogUObjectGlobals: Created PersistentFrame Addr=0x000002062dfdcb80, Size=200, Default__BP_Rock_C Function /Game/Blueprint/BP_Rock.BP_Rock_C:ExecuteUbergraph_BP_Rock
[2019.03.06-12.18.23:656][424]LogUObjectGlobals: Destroyed PersistentFrame Addr=0x000002062dfdcb80, Size=200
[2019.03.06-12.18.23:656][424]LogUObjectGlobals: Created PersistentFrame Addr=0x000002062dfdcb80, Size=200, Default__BP_Rock_C Function /Engine/Transient.REINST_BP_Rock_C_27:ExecuteUbergraph_BP_Rock
[2019.03.06-12.18.23:660][424]LogUObjectGlobals: Created PersistentFrame Addr=0x000002061351b740, Size=200, Default__BP_Rock_C Function /Game/Blueprint/BP_Rock.BP_Rock_C:ExecuteUbergraph_BP_Rock
[2019.03.06-12.18.23:681][424]LogUObjectGlobals: Created PersistentFrame Addr=0x000002061351b580, Size=200, Default__Punchable_C Function /Game/Blueprint/Punchable.Punchable_C:ExecuteUbergraph_Punchable
[2019.03.06-12.18.23:689][424]LogUObjectGlobals: Destroyed PersistentFrame Addr=0x000002061351b580, Size=200
[2019.03.06-12.18.23:689][424]LogUObjectGlobals: Created PersistentFrame Addr=0x000002061351b580, Size=200, Default__Punchable_C Function /Engine/Transient.REINST_Punchable_C_29:ExecuteUbergraph_Punchable
[2019.03.06-12.18.23:693][424]LogUObjectGlobals: Created PersistentFrame Addr=0x0000020613519d00, Size=200, Default__Punchable_C Function /Game/Blueprint/Punchable.Punchable_C:ExecuteUbergraph_Punchable
[2019.03.06-12.18.24:204][424]LogSkeletalMesh: Skeletal Mesh found in DDC [1.948444ms] /Game/FPWeapon/Mesh/SK_FPGun.SK_FPGun
[2019.03.06-12.18.24:269][424]LogSkeletalMesh: Skeletal Mesh found in DDC [31.153225ms] /Game/Mannequin/Character/Mesh/SK_Mannequin.SK_Mannequin
[2019.03.06-12.18.25:218][424]LogAIModule: Creating AISystem for world Level01
[2019.03.06-12.18.25:710][424]LogUObjectGlobals: Created PersistentFrame Addr=0x0000020636db23e0, Size=24, Default__BP_TwinStickGameMode_C Function /Game/Blueprint/BP_TwinStickGameMode.BP_TwinStickGameMode_C:ExecuteUbergraph_BP_TwinStickGameMode
[2019.03.06-12.18.25:714][424]LogUObjectGlobals: Destroyed PersistentFrame Addr=0x0000020636db23e0, Size=24
[2019.03.06-12.18.25:714][424]LogUObjectGlobals: Created PersistentFrame Addr=0x0000020636db23e0, Size=24, Default__BP_TwinStickGameMode_C Function /Engine/Transient.REINST_BP_TwinStickGameMode_C_32:ExecuteUbergraph_BP_TwinStickGameMode
[2019.03.06-12.18.25:717][424]LogUObjectGlobals: Created PersistentFrame Addr=0x0000020636db27e8, Size=24, Default__BP_TwinStickGameMode_C Function /Game/Blueprint/BP_TwinStickGameMode.BP_TwinStickGameMode_C:ExecuteUbergraph_BP_TwinStickGameMode
[2019.03.06-12.18.25:742][424]LogLoad: Game class is 'BP_TwinStickGameMode_C'
[2019.03.06-12.18.25:798][424]LogWorld: Bringing World /Game/Maps/UEDPIE_0_Level01.Level01 up for play (max tick rate 60) at 2019.03.06-13.18.25
[2019.03.06-12.18.25:803][424]LogWorld: Bringing up level for play took: 0.057103
[2019.03.06-12.18.25:813][424]LogLoad: Took 2.931705 seconds to LoadMap(/Game/Maps/Level01)
[2019.03.06-12.18.31:690][599]LogBlueprintUserMessages: [EnemyCharacter4_82] 50.0
[2019.03.06-12.18.32:128][612]LogBlueprintUserMessages: [EnemyCharacter4_82] 0.0
[2019.03.06-12.18.32:128][612]LogScript: Warning: UGameplayStatics::SpawnSoundAttached: NULL AttachComponent specified! Trying to spawn sound [S_Explode_Reverb_02],
[2019.03.06-12.18.34:086][671]LogBlueprintUserMessages: [EnemyCharacter3_361] 50.0
[2019.03.06-12.18.34:285][677]LogBlueprintUserMessages: [EnemyCharacter3_361] 0.0
[2019.03.06-12.18.34:285][677]LogScript: Warning: UGameplayStatics::SpawnSoundAttached: NULL AttachComponent specified! Trying to spawn sound [S_Explode_Reverb_02],
[2019.03.06-12.18.35:249][706]LogBlueprintUserMessages: Early EndPlayMap Detection: Level '/Game/Maps/MainMenu.MainMenu:PersistentLevel' has LevelScriptBlueprint '/Game/Maps/MainMenu.MainMenu:PersistentLevel.MainMenu' with GeneratedClass '/Game/Maps/MainMenu.MainMenu_C' with ClassGeneratedBy '/Game/Maps/MainMenu.MainMenu:PersistentLevel.MainMenu'
[2019.03.06-12.18.35:314][706]LogBlueprintUserMessages: Late EndPlayMap Detection: Level '/Game/Maps/MainMenu.MainMenu:PersistentLevel' has LevelScriptBlueprint '/Game/Maps/MainMenu.MainMenu:PersistentLevel.MainMenu' with GeneratedClass '/Game/Maps/MainMenu.MainMenu_C' with ClassGeneratedBy '/Game/Maps/MainMenu.MainMenu:PersistentLevel.MainMenu'
[2019.03.06-12.18.35:340][706]LogUObjectGlobals: Destroyed PersistentFrame Addr=0x0000020678e70fa0, Size=96
[2019.03.06-12.18.35:340][706]LogUObjectGlobals: Destroyed PersistentFrame Addr=0x0000020660aad600, Size=1104
[2019.03.06-12.18.35:340][706]LogUObjectGlobals: Destroyed PersistentFrame Addr=0x0000020675739de0, Size=200
[2019.03.06-12.18.35:340][706]LogUObjectGlobals: Destroyed PersistentFrame Addr=0x0000020660b4efc0, Size=296
[2019.03.06-12.18.35:340][706]LogUObjectGlobals: Destroyed PersistentFrame Addr=0x00000206802e4580, Size=48
[2019.03.06-12.18.35:340][706]LogUObjectGlobals: Destroyed PersistentFrame Addr=0x00000206407c32e0, Size=112
[2019.03.06-12.18.35:341][706]LogUObjectGlobals: Destroyed PersistentFrame Addr=0x000002066092dc60, Size=96
[2019.03.06-12.18.35:341][706]LogUObjectGlobals: Destroyed PersistentFrame Addr=0x00000206608aa860, Size=104
[2019.03.06-12.18.35:341][706]LogUObjectGlobals: Destroyed PersistentFrame Addr=0x00000206608e0200, Size=232
[2019.03.06-12.18.35:342][706]LogUObjectGlobals: Destroyed PersistentFrame Addr=0x000002062dfde6a0, Size=200
[2019.03.06-12.18.35:342][706]LogUObjectGlobals: Destroyed PersistentFrame Addr=0x000002062dfdcb80, Size=200
[2019.03.06-12.18.35:342][706]LogUObjectGlobals: Destroyed PersistentFrame Addr=0x000002061351b580, Size=200
[2019.03.06-12.18.35:342][706]LogUObjectGlobals: Destroyed PersistentFrame Addr=0x0000020636db23e0, Size=24
[2019.03.06-12.18.41:586][771]LogSlate: FSceneViewport::OnFocusLost() reason 0
[2019.03.06-12.19.29:945][918]LogHttp: Warning: 0000020660A28580: request failed, libcurl error: 6 (Couldn't resolve host name)
[2019.03.06-12.19.29:945][918]LogHttp: Warning: 0000020660A28580: libcurl info message cache 0 (Could not resolve host: datarouter.ol.epicgames.com)
[2019.03.06-12.19.29:945][918]LogHttp: Warning: 0000020660A28580: libcurl info message cache 1 (Closing connection 1)
[2019.03.06-12.21.30:282][279]LogHttp: Warning: 00000206605F0D00: request failed, libcurl error: 6 (Couldn't resolve host name)
[2019.03.06-12.21.30:282][279]LogHttp: Warning: 00000206605F0D00: libcurl info message cache 0 (Could not resolve host: datarouter.ol.epicgames.com)
[2019.03.06-12.21.30:282][279]LogHttp: Warning: 00000206605F0D00: libcurl info message cache 1 (Closing connection 2)
[2019.03.06-12.23.30:630][640]LogHttp: Warning: 0000020660A1A680: request failed, libcurl error: 6 (Couldn't resolve host name)
[2019.03.06-12.23.30:630][640]LogHttp: Warning: 0000020660A1A680: libcurl info message cache 0 (Could not resolve host: datarouter.ol.epicgames.com)
[2019.03.06-12.23.30:630][640]LogHttp: Warning: 0000020660A1A680: libcurl info message cache 1 (Closing connection 3)
[2019.03.06-12.25.30:966][  1]LogHttp: Warning: 00000206883A2680: request failed, libcurl error: 6 (Couldn't resolve host name)
[2019.03.06-12.25.30:966][  1]LogHttp: Warning: 00000206883A2680: libcurl info message cache 0 (Could not resolve host: datarouter.ol.epicgames.com)
[2019.03.06-12.25.30:966][  1]LogHttp: Warning: 00000206883A2680: libcurl info message cache 1 (Closing connection 4)
[2019.03.06-12.27.31:302][362]LogHttp: Warning: 00000206883A2E00: request failed, libcurl error: 6 (Couldn't resolve host name)
[2019.03.06-12.27.31:303][362]LogHttp: Warning: 00000206883A2E00: libcurl info message cache 0 (Could not resolve host: datarouter.ol.epicgames.com)
[2019.03.06-12.27.31:303][362]LogHttp: Warning: 00000206883A2E00: libcurl info message cache 1 (Closing connection 5)
[2019.03.06-12.29.31:641][723]LogHttp: Warning: 00000206883A1000: request failed, libcurl error: 6 (Couldn't resolve host name)
[2019.03.06-12.29.31:641][723]LogHttp: Warning: 00000206883A1000: libcurl info message cache 0 (Could not resolve host: datarouter.ol.epicgames.com)
[2019.03.06-12.29.31:641][723]LogHttp: Warning: 00000206883A1000: libcurl info message cache 1 (Closing connection 6)
[2019.03.06-12.31.31:976][ 84]LogHttp: Warning: 00000206883A2980: request failed, libcurl error: 6 (Couldn't resolve host name)
[2019.03.06-12.31.31:977][ 84]LogHttp: Warning: 00000206883A2980: libcurl info message cache 0 (Could not resolve host: datarouter.ol.epicgames.com)
[2019.03.06-12.31.31:977][ 84]LogHttp: Warning: 00000206883A2980: libcurl info message cache 1 (Closing connection 7)
[2019.03.06-12.33.32:320][445]LogHttp: Warning: 00000206883A2500: request failed, libcurl error: 6 (Couldn't resolve host name)
[2019.03.06-12.33.32:320][445]LogHttp: Warning: 00000206883A2500: libcurl info message cache 0 (Could not resolve host: datarouter.ol.epicgames.com)
[2019.03.06-12.33.32:320][445]LogHttp: Warning: 00000206883A2500: libcurl info message cache 1 (Closing connection 8)
[2019.03.06-12.35.32:656][806]LogHttp: Warning: 00000206883A1C00: request failed, libcurl error: 6 (Couldn't resolve host name)
[2019.03.06-12.35.32:656][806]LogHttp: Warning: 00000206883A1C00: libcurl info message cache 0 (Could not resolve host: datarouter.ol.epicgames.com)
[2019.03.06-12.35.32:656][806]LogHttp: Warning: 00000206883A1C00: libcurl info message cache 1 (Closing connection 9)
[2019.03.06-12.37.32:992][167]LogHttp: Warning: 00000206883A2C80: request failed, libcurl error: 6 (Couldn't resolve host name)
[2019.03.06-12.37.32:992][167]LogHttp: Warning: 00000206883A2C80: libcurl info message cache 0 (Could not resolve host: datarouter.ol.epicgames.com)
[2019.03.06-12.37.32:993][167]LogHttp: Warning: 00000206883A2C80: libcurl info message cache 1 (Closing connection 10)
[2019.03.06-12.39.33:330][528]LogHttp: Warning: 00000206883A2C80: request failed, libcurl error: 6 (Couldn't resolve host name)
[2019.03.06-12.39.33:330][528]LogHttp: Warning: 00000206883A2C80: libcurl info message cache 0 (Could not resolve host: datarouter.ol.epicgames.com)
[2019.03.06-12.39.33:330][528]LogHttp: Warning: 00000206883A2C80: libcurl info message cache 1 (Closing connection 11)
[2019.03.06-12.41.33:666][889]LogHttp: Warning: 00000206883A3400: request failed, libcurl error: 6 (Couldn't resolve host name)
[2019.03.06-12.41.33:666][889]LogHttp: Warning: 00000206883A3400: libcurl info message cache 0 (Could not resolve host: datarouter.ol.epicgames.com)
[2019.03.06-12.41.33:666][889]LogHttp: Warning: 00000206883A3400: libcurl info message cache 1 (Closing connection 12)
[2019.03.06-12.43.34:001][250]LogHttp: Warning: 00000206883A2E00: request failed, libcurl error: 6 (Couldn't resolve host name)
[2019.03.06-12.43.34:002][250]LogHttp: Warning: 00000206883A2E00: libcurl info message cache 0 (Could not resolve host: datarouter.ol.epicgames.com)
[2019.03.06-12.43.34:002][250]LogHttp: Warning: 00000206883A2E00: libcurl info message cache 1 (Closing connection 13)
[2019.03.06-12.45.34:338][611]LogHttp: Warning: 00000206883A3700: request failed, libcurl error: 6 (Couldn't resolve host name)
[2019.03.06-12.45.34:338][611]LogHttp: Warning: 00000206883A3700: libcurl info message cache 0 (Could not resolve host: datarouter.ol.epicgames.com)
[2019.03.06-12.45.34:338][611]LogHttp: Warning: 00000206883A3700: libcurl info message cache 1 (Closing connection 14)
[2019.03.06-12.47.34:674][972]LogHttp: Warning: 00000206883A0E80: request failed, libcurl error: 6 (Couldn't resolve host name)
[2019.03.06-12.47.34:675][972]LogHttp: Warning: 00000206883A0E80: libcurl info message cache 0 (Could not resolve host: datarouter.ol.epicgames.com)
[2019.03.06-12.47.34:675][972]LogHttp: Warning: 00000206883A0E80: libcurl info message cache 1 (Closing connection 15)
[2019.03.06-12.49.35:340][334]LogHttp: Warning: 00000206883A3580: request failed, libcurl error: 6 (Couldn't resolve host name)
[2019.03.06-12.49.35:340][334]LogHttp: Warning: 00000206883A3580: libcurl info message cache 0 (Could not resolve host: datarouter.ol.epicgames.com)
[2019.03.06-12.49.35:340][334]LogHttp: Warning: 00000206883A3580: libcurl info message cache 1 (Closing connection 16)
[2019.03.06-12.51.35:674][695]LogHttp: Warning: 00000206883A3400: request failed, libcurl error: 6 (Couldn't resolve host name)
[2019.03.06-12.51.35:674][695]LogHttp: Warning: 00000206883A3400: libcurl info message cache 0 (Could not resolve host: datarouter.ol.epicgames.com)
[2019.03.06-12.51.35:674][695]LogHttp: Warning: 00000206883A3400: libcurl info message cache 1 (Closing connection 17)
[2019.03.06-12.53.36:009][ 56]LogHttp: Warning: 00000206883A2B00: request failed, libcurl error: 6 (Couldn't resolve host name)
[2019.03.06-12.53.36:009][ 56]LogHttp: Warning: 00000206883A2B00: libcurl info message cache 0 (Could not resolve host: datarouter.ol.epicgames.com)
[2019.03.06-12.53.36:009][ 56]LogHttp: Warning: 00000206883A2B00: libcurl info message cache 1 (Closing connection 18)
