Log file open, 03/11/19 16:57:25
LogWindows: Failed to load 'aqProf.dll' (GetLastError=126)
LogWindows: File 'aqProf.dll' does not exist
LogWindows: Failed to load 'VtuneApi.dll' (GetLastError=126)
LogWindows: File 'VtuneApi.dll' does not exist
LogWindows: Failed to load 'VtuneApi32e.dll' (GetLastError=126)
LogWindows: File 'VtuneApi32e.dll' does not exist
LogInit: Display: Running engine for game: VikingShooter
LogPlatformFile: Not using cached read wrapper
LogInit: Display: RandInit(1968735805) SRandInit(1968735805).
LogInit: Read version file with build ID '3944462'
LogInit: Overriding engine version to CL 4033788, compatible CL 3944462
LogInit: Registered custom module enumerator with build ID '3944462'
LogTaskGraph: Started task graph with 5 named threads and 23 total threads with 3 sets of task threads.
LogStats: Stats thread started at 0.287580
LogD3D11RHI: Aftermath initialized
LogICUInternationalization: Display: ICU TimeZone Detection - Raw Offset: +1:00, Platform Override: ''
LogPluginManager: Mounting plugin Paper2D
LogPluginManager: Mounting plugin LiveLink
LogPluginManager: Mounting plugin LightPropagationVolume
LogPluginManager: Mounting plugin CLionSourceCodeAccess
LogPluginManager: Mounting plugin CodeLiteSourceCodeAccess
LogPluginManager: Mounting plugin GitSourceControl
LogPluginManager: Mounting plugin KDevelopSourceCodeAccess
LogPluginManager: Mounting plugin NullSourceCodeAccess
LogPluginManager: Mounting plugin PerforceSourceControl
LogPluginManager: Mounting plugin SubversionSourceControl
LogPluginManager: Mounting plugin UObjectPlugin
LogPluginManager: Mounting plugin VisualStudioCodeSourceCodeAccess
LogPluginManager: Mounting plugin VisualStudioSourceCodeAccess
LogPluginManager: Mounting plugin XCodeSourceCodeAccess
LogPluginManager: Mounting plugin AssetManagerEditor
LogPluginManager: Mounting plugin CryptoKeys
LogPluginManager: Mounting plugin DataValidation
LogPluginManager: Mounting plugin FacialAnimation
LogPluginManager: Mounting plugin GameplayTagsEditor
LogPluginManager: Mounting plugin MobileLauncherProfileWizard
LogPluginManager: Mounting plugin PluginBrowser
LogPluginManager: Mounting plugin SpeedTreeImporter
LogPluginManager: Mounting plugin DatasmithContent
LogPluginManager: Mounting plugin AlembicImporter
LogPluginManager: Mounting plugin CharacterAI
LogPluginManager: Mounting plugin HTML5Networking
LogPluginManager: Mounting plugin AndroidMedia
LogPluginManager: Mounting plugin AvfMedia
LogPluginManager: Mounting plugin ImgMedia
LogPluginManager: Mounting plugin LinearTimecode
LogPluginManager: Mounting plugin MediaCompositing
LogPluginManager: Mounting plugin MediaPlayerEditor
LogPluginManager: Mounting plugin WmfMedia
LogPluginManager: Mounting plugin TcpMessaging
LogPluginManager: Mounting plugin UdpMessaging
LogPluginManager: Mounting plugin ActorSequence
LogPluginManager: Mounting plugin LevelSequenceEditor
LogPluginManager: Mounting plugin MatineeToLevelSequence
LogPluginManager: Mounting plugin NetcodeUnitTest
LogPluginManager: Mounting plugin NUTUnrealEngine4
LogPluginManager: Mounting plugin OnlineSubsystemGooglePlay
LogPluginManager: Mounting plugin OnlineSubsystemIOS
LogPluginManager: Mounting plugin OnlineSubsystem
LogPluginManager: Mounting plugin OnlineSubsystemNull
LogPluginManager: Mounting plugin OnlineSubsystemUtils
LogPluginManager: Mounting plugin AndroidDeviceProfileSelector
LogPluginManager: Mounting plugin AndroidMoviePlayer
LogPluginManager: Mounting plugin AndroidPermission
LogPluginManager: Mounting plugin AppleARKit
LogPluginManager: Mounting plugin AppleMoviePlayer
LogPluginManager: Mounting plugin ArchVisCharacter
LogPluginManager: Mounting plugin AudioCapture
LogPluginManager: Mounting plugin CableComponent
LogPluginManager: Mounting plugin CustomMeshComponent
LogPluginManager: Mounting plugin ExampleDeviceProfileSelector
LogPluginManager: Mounting plugin GoogleCloudMessaging
LogPluginManager: Mounting plugin ImmediatePhysics
LogPluginManager: Mounting plugin IOSDeviceProfileSelector
LogPluginManager: Mounting plugin LinuxDeviceProfileSelector
LogPluginManager: Mounting plugin LocationServicesBPLibrary
LogPluginManager: Mounting plugin MobilePatchingUtils
LogPluginManager: Mounting plugin OculusVR
LogPluginManager: Plugin shader directory ../../../Engine/Plugins/Runtime/Oculus/OculusVR/Shaders found
LogPluginManager: Mapping shader source directory ../../../Engine/Plugins/Runtime/Oculus/OculusVR/Shaders to virtual directory /Plugin/OculusVR
LogPluginManager: Mounting plugin PhysXVehicles
LogPluginManager: Mounting plugin ProceduralMeshComponent
LogPluginManager: Mounting plugin RuntimePhysXCooking
LogPluginManager: Mounting plugin SteamVR
LogPluginManager: Mounting plugin WindowsMoviePlayer
LogStreaming: Display: Took  0.220s to configure plugins.
LogModuleManager: Display: Found up-to-date module file ../../../../../Oyvind_Unreal/VikingShooter/Binaries/Win64/UE4Editor-VikingShooter-293.dll (API version 3944462).
LogModuleManager: Display: Found up-to-date module file ../../../Engine/Plugins/2D/Paper2D/Binaries/Win64/UE4Editor-Paper2D.dll (API version 3944462).
LogModuleManager: Display: Found up-to-date module file ../../../Engine/Plugins/2D/Paper2D/Binaries/Win64/UE4Editor-Paper2DEditor.dll (API version 3944462).
LogModuleManager: Display: Found up-to-date module file ../../../Engine/Plugins/2D/Paper2D/Binaries/Win64/UE4Editor-PaperSpriteSheetImporter.dll (API version 3944462).
LogModuleManager: Display: Found up-to-date module file ../../../Engine/Plugins/2D/Paper2D/Binaries/Win64/UE4Editor-PaperTiledImporter.dll (API version 3944462).
LogModuleManager: Display: Found up-to-date module file ../../../Engine/Plugins/2D/Paper2D/Binaries/Win64/UE4Editor-SmartSnapping.dll (API version 3944462).
LogModuleManager: Display: Found up-to-date module file ../../../Engine/Plugins/Animation/LiveLink/Binaries/Win64/UE4Editor-LiveLink.dll (API version 3944462).
LogModuleManager: Display: Found up-to-date module file ../../../Engine/Plugins/Animation/LiveLink/Binaries/Win64/UE4Editor-LiveLinkEditor.dll (API version 3944462).
LogModuleManager: Display: Found up-to-date module file ../../../Engine/Plugins/Blendables/LightPropagationVolume/Binaries/Win64/UE4Editor-LightPropagationVolumeRuntime.dll (API version 3944462).
LogModuleManager: Display: Found up-to-date module file ../../../Engine/Plugins/Blendables/LightPropagationVolume/Binaries/Win64/UE4Editor-LightPropagationVolumeEditor.dll (API version 3944462).
LogModuleManager: Display: Found up-to-date module file ../../../Engine/Plugins/Developer/CLionSourceCodeAccess/Binaries/Win64/UE4Editor-CLionSourceCodeAccess.dll (API version 3944462).
LogModuleManager: Display: Found up-to-date module file ../../../Engine/Plugins/Developer/GitSourceControl/Binaries/Win64/UE4Editor-GitSourceControl.dll (API version 3944462).
LogModuleManager: Display: Found up-to-date module file ../../../Engine/Plugins/Developer/PerforceSourceControl/Binaries/Win64/UE4Editor-PerforceSourceControl.dll (API version 3944462).
LogModuleManager: Display: Found up-to-date module file ../../../Engine/Plugins/Developer/SubversionSourceControl/Binaries/Win64/UE4Editor-SubversionSourceControl.dll (API version 3944462).
LogModuleManager: Display: Found up-to-date module file ../../../Engine/Plugins/Developer/UObjectPlugin/Binaries/Win64/UE4Editor-UObjectPlugin.dll (API version 3944462).
LogModuleManager: Display: Found up-to-date module file ../../../Engine/Plugins/Developer/VisualStudioCodeSourceCodeAccess/Binaries/Win64/UE4Editor-VisualStudioCodeSourceCodeAccess.dll (API version 3944462).
LogModuleManager: Display: Found up-to-date module file ../../../Engine/Plugins/Developer/VisualStudioSourceCodeAccess/Binaries/Win64/UE4Editor-VisualStudioSourceCodeAccess.dll (API version 3944462).
LogModuleManager: Display: Found up-to-date module file ../../../Engine/Plugins/Editor/AssetManagerEditor/Binaries/Win64/UE4Editor-AssetManagerEditor.dll (API version 3944462).
LogModuleManager: Display: Found up-to-date module file ../../../Engine/Plugins/Editor/CryptoKeys/Binaries/Win64/UE4Editor-CryptoKeys.dll (API version 3944462).
LogModuleManager: Display: Found up-to-date module file ../../../Engine/Plugins/Editor/CryptoKeys/Binaries/Win64/UE4Editor-CryptoKeysOpenSSL.dll (API version 3944462).
LogModuleManager: Display: Found up-to-date module file ../../../Engine/Plugins/Editor/DataValidation/Binaries/Win64/UE4Editor-DataValidation.dll (API version 3944462).
LogModuleManager: Display: Found up-to-date module file ../../../Engine/Plugins/Editor/FacialAnimation/Binaries/Win64/UE4Editor-FacialAnimation.dll (API version 3944462).
LogModuleManager: Display: Found up-to-date module file ../../../Engine/Plugins/Editor/FacialAnimation/Binaries/Win64/UE4Editor-FacialAnimationEditor.dll (API version 3944462).
LogModuleManager: Display: Found up-to-date module file ../../../Engine/Plugins/Editor/GameplayTagsEditor/Binaries/Win64/UE4Editor-GameplayTagsEditor.dll (API version 3944462).
LogModuleManager: Display: Found up-to-date module file ../../../Engine/Plugins/Editor/MobileLauncherProfileWizard/Binaries/Win64/UE4Editor-MobileLauncherProfileWizard.dll (API version 3944462).
LogModuleManager: Display: Found up-to-date module file ../../../Engine/Plugins/Editor/PluginBrowser/Binaries/Win64/UE4Editor-PluginBrowser.dll (API version 3944462).
LogModuleManager: Display: Found up-to-date module file ../../../Engine/Plugins/Editor/SpeedTreeImporter/Binaries/Win64/UE4Editor-SpeedTreeImporter.dll (API version 3944462).
LogModuleManager: Display: Found up-to-date module file ../../../Engine/Plugins/Enterprise/DatasmithContent/Binaries/Win64/UE4Editor-DatasmithContent.dll (API version 3944462).
LogModuleManager: Display: Found up-to-date module file ../../../Engine/Plugins/Experimental/AlembicImporter/Binaries/Win64/UE4Editor-AlembicImporter.dll (API version 3944462).
LogModuleManager: Display: Found up-to-date module file ../../../Engine/Plugins/Experimental/AlembicImporter/Binaries/Win64/UE4Editor-AlembicLibrary.dll (API version 3944462).
LogModuleManager: Display: Found up-to-date module file ../../../Engine/Plugins/Experimental/CharacterAI/Binaries/Win64/UE4Editor-CharacterAI.dll (API version 3944462).
LogModuleManager: Display: Found up-to-date module file ../../../Engine/Plugins/Experimental/HTML5Networking/Binaries/Win64/UE4Editor-HTML5Networking.dll (API version 3944462).
LogModuleManager: Display: Found up-to-date module file ../../../Engine/Plugins/Media/AndroidMedia/Binaries/Win64/UE4Editor-AndroidMediaEditor.dll (API version 3944462).
LogModuleManager: Display: Found up-to-date module file ../../../Engine/Plugins/Media/AndroidMedia/Binaries/Win64/UE4Editor-AndroidMediaFactory.dll (API version 3944462).
LogModuleManager: Display: Found up-to-date module file ../../../Engine/Plugins/Media/AvfMedia/Binaries/Win64/UE4Editor-AvfMediaEditor.dll (API version 3944462).
LogModuleManager: Display: Found up-to-date module file ../../../Engine/Plugins/Media/AvfMedia/Binaries/Win64/UE4Editor-AvfMediaFactory.dll (API version 3944462).
LogModuleManager: Display: Found up-to-date module file ../../../Engine/Plugins/Media/AvfMedia/Binaries/Win64/UE4Editor-AvfMediaFactory.dll (API version 3944462).
LogModuleManager: Display: Found up-to-date module file ../../../Engine/Plugins/Media/ImgMedia/Binaries/Win64/UE4Editor-ImgMedia.dll (API version 3944462).
LogModuleManager: Display: Found up-to-date module file ../../../Engine/Plugins/Media/ImgMedia/Binaries/Win64/UE4Editor-ImgMediaEditor.dll (API version 3944462).
LogModuleManager: Display: Found up-to-date module file ../../../Engine/Plugins/Media/ImgMedia/Binaries/Win64/UE4Editor-ImgMediaFactory.dll (API version 3944462).
LogModuleManager: Display: Found up-to-date module file ../../../Engine/Plugins/Media/ImgMedia/Binaries/Win64/UE4Editor-ImgMediaFactory.dll (API version 3944462).
LogModuleManager: Display: Found up-to-date module file ../../../Engine/Plugins/Media/ImgMedia/Binaries/Win64/UE4Editor-OpenExrWrapper.dll (API version 3944462).
LogModuleManager: Display: Found up-to-date module file ../../../Engine/Plugins/Media/LinearTimecode/Binaries/Win64/UE4Editor-LinearTimecode.dll (API version 3944462).
LogModuleManager: Display: Found up-to-date module file ../../../Engine/Plugins/Media/MediaCompositing/Binaries/Win64/UE4Editor-MediaCompositing.dll (API version 3944462).
LogModuleManager: Display: Found up-to-date module file ../../../Engine/Plugins/Media/MediaCompositing/Binaries/Win64/UE4Editor-MediaCompositingEditor.dll (API version 3944462).
LogModuleManager: Display: Found up-to-date module file ../../../Engine/Plugins/Media/MediaPlayerEditor/Binaries/Win64/UE4Editor-MediaPlayerEditor.dll (API version 3944462).
LogModuleManager: Display: Found up-to-date module file ../../../Engine/Plugins/Media/WmfMedia/Binaries/Win64/UE4Editor-WmfMedia.dll (API version 3944462).
LogModuleManager: Display: Found up-to-date module file ../../../Engine/Plugins/Media/WmfMedia/Binaries/Win64/UE4Editor-WmfMediaEditor.dll (API version 3944462).
LogModuleManager: Display: Found up-to-date module file ../../../Engine/Plugins/Media/WmfMedia/Binaries/Win64/UE4Editor-WmfMediaFactory.dll (API version 3944462).
LogModuleManager: Display: Found up-to-date module file ../../../Engine/Plugins/Media/WmfMedia/Binaries/Win64/UE4Editor-WmfMediaFactory.dll (API version 3944462).
LogModuleManager: Display: Found up-to-date module file ../../../Engine/Plugins/Messaging/TcpMessaging/Binaries/Win64/UE4Editor-TcpMessaging.dll (API version 3944462).
LogModuleManager: Display: Found up-to-date module file ../../../Engine/Plugins/Messaging/UdpMessaging/Binaries/Win64/UE4Editor-UdpMessaging.dll (API version 3944462).
LogModuleManager: Display: Found up-to-date module file ../../../Engine/Plugins/MovieScene/ActorSequence/Binaries/Win64/UE4Editor-ActorSequence.dll (API version 3944462).
LogModuleManager: Display: Found up-to-date module file ../../../Engine/Plugins/MovieScene/LevelSequenceEditor/Binaries/Win64/UE4Editor-LevelSequenceEditor.dll (API version 3944462).
LogModuleManager: Display: Found up-to-date module file ../../../Engine/Plugins/MovieScene/MatineeToLevelSequence/Binaries/Win64/UE4Editor-MatineeToLevelSequence.dll (API version 3944462).
LogModuleManager: Display: Found up-to-date module file ../../../Engine/Plugins/NetcodeUnitTest/NetcodeUnitTest/Binaries/Win64/UE4Editor-NetcodeUnitTest.dll (API version 3944462).
LogModuleManager: Display: Found up-to-date module file ../../../Engine/Plugins/NetcodeUnitTest/NUTUnrealEngine4/Binaries/Win64/UE4Editor-NUTUnrealEngine4.dll (API version 3944462).
LogModuleManager: Display: Found up-to-date module file ../../../Engine/Plugins/Online/OnlineSubsystem/Binaries/Win64/UE4Editor-OnlineSubsystem.dll (API version 3944462).
LogModuleManager: Display: Found up-to-date module file ../../../Engine/Plugins/Online/OnlineSubsystemNull/Binaries/Win64/UE4Editor-OnlineSubsystemNull.dll (API version 3944462).
LogModuleManager: Display: Found up-to-date module file ../../../Engine/Plugins/Online/OnlineSubsystemUtils/Binaries/Win64/UE4Editor-OnlineSubsystemUtils.dll (API version 3944462).
LogModuleManager: Display: Found up-to-date module file ../../../Engine/Plugins/Online/OnlineSubsystemUtils/Binaries/Win64/UE4Editor-OnlineBlueprintSupport.dll (API version 3944462).
LogModuleManager: Display: Found up-to-date module file ../../../Engine/Plugins/Runtime/AndroidDeviceProfileSelector/Binaries/Win64/UE4Editor-AndroidDeviceProfileSelector.dll (API version 3944462).
LogModuleManager: Display: Found up-to-date module file ../../../Engine/Plugins/Runtime/AndroidPermission/Binaries/Win64/UE4Editor-AndroidPermission.dll (API version 3944462).
LogModuleManager: Display: Found up-to-date module file ../../../Engine/Plugins/Runtime/AppleARKit/Binaries/Win64/UE4Editor-AppleARKit.dll (API version 3944462).
LogModuleManager: Display: Found up-to-date module file ../../../Engine/Plugins/Runtime/ArchVisCharacter/Binaries/Win64/UE4Editor-ArchVisCharacter.dll (API version 3944462).
LogModuleManager: Display: Found up-to-date module file ../../../Engine/Plugins/Runtime/AudioCapture/Binaries/Win64/UE4Editor-AudioCapture.dll (API version 3944462).
LogModuleManager: Display: Found up-to-date module file ../../../Engine/Plugins/Runtime/AudioCapture/Binaries/Win64/UE4Editor-AudioCaptureEditor.dll (API version 3944462).
LogModuleManager: Display: Found up-to-date module file ../../../Engine/Plugins/Runtime/CableComponent/Binaries/Win64/UE4Editor-CableComponent.dll (API version 3944462).
LogModuleManager: Display: Found up-to-date module file ../../../Engine/Plugins/Runtime/CustomMeshComponent/Binaries/Win64/UE4Editor-CustomMeshComponent.dll (API version 3944462).
LogModuleManager: Display: Found up-to-date module file ../../../Engine/Plugins/Runtime/ExampleDeviceProfileSelector/Binaries/Win64/UE4Editor-ExampleDeviceProfileSelector.dll (API version 3944462).
LogModuleManager: Display: Found up-to-date module file ../../../Engine/Plugins/Runtime/ImmediatePhysics/Binaries/Win64/UE4Editor-ImmediatePhysics.dll (API version 3944462).
LogModuleManager: Display: Found up-to-date module file ../../../Engine/Plugins/Runtime/ImmediatePhysics/Binaries/Win64/UE4Editor-ImmediatePhysicsEditor.dll (API version 3944462).
LogModuleManager: Display: Found up-to-date module file ../../../Engine/Plugins/Runtime/LocationServicesBPLibrary/Binaries/Win64/UE4Editor-LocationServicesBPLibrary.dll (API version 3944462).
LogModuleManager: Display: Found up-to-date module file ../../../Engine/Plugins/Runtime/MobilePatchingUtils/Binaries/Win64/UE4Editor-MobilePatchingUtils.dll (API version 3944462).
LogModuleManager: Display: Found up-to-date module file ../../../Engine/Plugins/Runtime/Oculus/OculusVR/Binaries/Win64/UE4Editor-OculusHMD.dll (API version 3944462).
LogModuleManager: Display: Found up-to-date module file ../../../Engine/Plugins/Runtime/Oculus/OculusVR/Binaries/Win64/UE4Editor-OculusInput.dll (API version 3944462).
LogModuleManager: Display: Found up-to-date module file ../../../Engine/Plugins/Runtime/Oculus/OculusVR/Binaries/Win64/UE4Editor-OculusEditor.dll (API version 3944462).
LogModuleManager: Display: Found up-to-date module file ../../../Engine/Plugins/Runtime/PhysXVehicles/Binaries/Win64/UE4Editor-PhysXVehicles.dll (API version 3944462).
LogModuleManager: Display: Found up-to-date module file ../../../Engine/Plugins/Runtime/PhysXVehicles/Binaries/Win64/UE4Editor-PhysXVehiclesEditor.dll (API version 3944462).
LogModuleManager: Display: Found up-to-date module file ../../../Engine/Plugins/Runtime/ProceduralMeshComponent/Binaries/Win64/UE4Editor-ProceduralMeshComponent.dll (API version 3944462).
LogModuleManager: Display: Found up-to-date module file ../../../Engine/Plugins/Runtime/ProceduralMeshComponent/Binaries/Win64/UE4Editor-ProceduralMeshComponentEditor.dll (API version 3944462).
LogModuleManager: Display: Found up-to-date module file ../../../Engine/Plugins/Runtime/RuntimePhysXCooking/Binaries/Win64/UE4Editor-RuntimePhysXCooking.dll (API version 3944462).
LogModuleManager: Display: Found up-to-date module file ../../../Engine/Plugins/Runtime/Steam/SteamVR/Binaries/Win64/UE4Editor-SteamVR.dll (API version 3944462).
LogModuleManager: Display: Found up-to-date module file ../../../Engine/Plugins/Runtime/Steam/SteamVR/Binaries/Win64/UE4Editor-SteamVRController.dll (API version 3944462).
LogModuleManager: Display: Found up-to-date module file ../../../Engine/Plugins/Runtime/WindowsMoviePlayer/Binaries/Win64/UE4Editor-WindowsMoviePlayer.dll (API version 3944462).
LogInit: Using libcurl 7.47.1
LogInit:  - built for x86_64-pc-win32
LogInit:  - supports SSL with OpenSSL/1.0.2g
LogInit:  - supports HTTP deflate (compression) using libz 1.2.8
LogInit:  - other features:
LogInit:      CURL_VERSION_SSL
LogInit:      CURL_VERSION_LIBZ
LogInit:      CURL_VERSION_IPV6
LogInit:      CURL_VERSION_ASYNCHDNS
LogInit:      CURL_VERSION_LARGEFILE
LogInit:      CURL_VERSION_IDN
LogInit:  CurlRequestOptions (configurable via config and command line):
LogInit:  - bVerifyPeer = false  - Libcurl will NOT verify peer certificate
LogInit:  - bUseHttpProxy = false  - Libcurl will NOT use HTTP proxy
LogInit:  - bDontReuseConnections = false  - Libcurl will reuse connections
LogInit:  - CertBundlePath = nullptr  - Libcurl will use whatever was configured at build time.
LogInit:  - MaxHostConnections = 16  - Libcurl will limit the number of connections to a host
LogInit:  - LocalHostAddr = Default
LogInit: WinSock: version 1.1 (2.2), MaxSocks=32767, MaxUdp=65467
LogInit: WinSock: I am oyvind (10.31.3.41:0)
LogInit: Build: ++UE4+Release-4.19-CL-4033788
LogInit: Engine Version: 4.19.2-4033788+++UE4+Release-4.19
LogInit: Compatible Engine Version: 4.19.0-3944462+++UE4+Release-4.19
LogInit: Net CL: 3944462
LogDevObjectVersion: Number of dev versions registered: 18
LogDevObjectVersion:   Dev-Blueprints (B0D832E4-1F89-4F0D-ACCF-7EB736FD4AA2): 10
LogDevObjectVersion:   Dev-Build (E1C64328-A22C-4D53-A36C-8E866417BD8C): 0
LogDevObjectVersion:   Dev-Core (375EC13C-06E4-48FB-B500-84F0262A717E): 2
LogDevObjectVersion:   Dev-Editor (E4B068ED-F494-42E9-A231-DA0B2E46BB41): 23
LogDevObjectVersion:   Dev-Framework (CFFC743F-43B0-4480-9391-14DF171D2073): 33
LogDevObjectVersion:   Dev-Mobile (B02B49B5-BB20-44E9-A304-32B752E40360): 2
LogDevObjectVersion:   Dev-Networking (A4E4105C-59A1-49B5-A7C5-40C4547EDFEE): 0
LogDevObjectVersion:   Dev-Online (39C831C9-5AE6-47DC-9A44-9C173E1C8E7C): 0
LogDevObjectVersion:   Dev-Physics (78F01B33-EBEA-4F98-B9B4-84EACCB95AA2): 0
LogDevObjectVersion:   Dev-Platform (6631380F-2D4D-43E0-8009-CF276956A95A): 0
LogDevObjectVersion:   Dev-Rendering (12F88B9F-8875-4AFC-A67C-D90C383ABD29): 25
LogDevObjectVersion:   Dev-Sequencer (7B5AE74C-D270-4C10-A958-57980B212A5A): 6
LogDevObjectVersion:   Dev-VR (D7296918-1DD6-4BDD-9DE2-64A83CC13884): 1
LogDevObjectVersion:   Dev-LoadTimes (C2A15278-BFE7-4AFE-6C17-90FF531DF755): 1
LogDevObjectVersion:   Private-Geometry (6EACA3D4-40EC-4CC1-B786-8BED09428FC5): 2
LogDevObjectVersion:   Dev-AnimPhys (29E575DD-E0A3-4627-9D10-D276232CDCEA): 16
LogDevObjectVersion:   Dev-ReflectionCapture (6B266CEC-1EC7-4B8F-A30B-E4D90942FC07): 1
LogDevObjectVersion:   Dev-Automation (0DF73D61-A23F-47EA-B727-89E90C41499A): 1
LogInit: Compiled (64-bit): Apr 27 2018 02:06:57
LogInit: Compiled with Visual C++: 19.00.24215.01
LogInit: Build Configuration: Development
LogInit: Branch Name: ++UE4+Release-4.19
LogInit: Command Line:  
LogInit: Base Directory: D:/Epic Games/UE_4.19/Engine/Binaries/Win64/
LogInit: Installed Engine Build: 1
LogStreaming: Display: Took  0.003s to delete old logs.
LogInit: Presizing for max 8388607 objects, including 0 objects not considered by GC, pre-allocating 0 bytes for permanent pool.
LogInit: Object subsystem initialized
[2019.03.11-15.57.29:908][  0]LogInit: Selected Device Profile: [Windows]
[2019.03.11-15.57.29:908][  0]LogInit: Applying CVar settings loaded from the selected device profile: [Windows]
[2019.03.11-15.57.29:923][  0]LogInit: Computer: OYVIND
[2019.03.11-15.57.29:923][  0]LogInit: User: øyvind
[2019.03.11-15.57.29:923][  0]LogInit: CPU Page size=4096, Cores=4
[2019.03.11-15.57.29:923][  0]LogInit: High frequency timer resolution =2.742191 MHz
[2019.03.11-15.57.29:923][  0]LogMemory: Memory total: Physical=15.9GB (16GB approx)
[2019.03.11-15.57.29:923][  0]LogMemory: Platform Memory Stats for Windows
[2019.03.11-15.57.29:923][  0]LogMemory: Process Physical Memory: 274.89 MB used, 274.89 MB peak
[2019.03.11-15.57.29:923][  0]LogMemory: Process Virtual Memory: 266.07 MB used, 266.07 MB peak
[2019.03.11-15.57.29:923][  0]LogMemory: Physical Memory: 6594.69 MB used,  9676.93 MB free, 16271.62 MB total
[2019.03.11-15.57.29:923][  0]LogMemory: Virtual Memory: 4782.70 MB used,  9676.93 MB free, 134217728.00 MB total
[2019.03.11-15.57.32:287][  0]LogInit: Using OS detected language (en-US).
[2019.03.11-15.57.32:287][  0]LogInit: Using OS detected locale (en-US).
[2019.03.11-15.57.32:293][  0]LogTextLocalizationManager: No specific localization for 'en-US' exists, so the 'en' localization will be used.
[2019.03.11-15.57.32:769][  0]LogStreaming: Display: Took  0.483s to EndInitTextLocalization.
[2019.03.11-15.57.32:769][  0]LogInit: Setting process to per monitor DPI aware
[2019.03.11-15.57.32:811][  0]LogSlate: New Slate User Created.  User Index 0, Is Virtual User: 0
[2019.03.11-15.57.32:811][  0]LogSlate: Slate User Registered.  User Index 0, Is Virtual User: 0
[2019.03.11-15.57.33:314][  0]LogD3D11RHI: D3D11 adapters:
[2019.03.11-15.57.33:395][  0]LogD3D11RHI:    0. 'NVIDIA GeForce GTX 1060' (Feature Level 11_0)
[2019.03.11-15.57.33:395][  0]LogD3D11RHI:       6052/0/8135 MB DedicatedVideo/DedicatedSystem/SharedSystem, Outputs:1, VendorId:0x10de
[2019.03.11-15.57.33:410][  0]LogD3D11RHI:    1. 'Intel(R) HD Graphics 630' (Feature Level 11_0)
[2019.03.11-15.57.33:410][  0]LogD3D11RHI:       128/0/8135 MB DedicatedVideo/DedicatedSystem/SharedSystem, Outputs:0, VendorId:0x8086
[2019.03.11-15.57.33:413][  0]LogD3D11RHI:    2. 'Microsoft Basic Render Driver' (Feature Level 11_0)
[2019.03.11-15.57.33:413][  0]LogD3D11RHI:       0/0/8135 MB DedicatedVideo/DedicatedSystem/SharedSystem, Outputs:0, VendorId:0x1414
[2019.03.11-15.57.33:413][  0]LogD3D11RHI: Chosen D3D11 Adapter: 0
[2019.03.11-15.57.33:471][  0]LogD3D11RHI: Creating new Direct3DDevice
[2019.03.11-15.57.33:471][  0]LogD3D11RHI:     GPU DeviceId: 0x1c20 (for the marketing name, search the web for "GPU Device Id")
[2019.03.11-15.57.33:471][  0]LogWindows: EnumDisplayDevices:
[2019.03.11-15.57.33:471][  0]LogWindows:    0. 'Intel(R) HD Graphics 630' (P:1 D:1)
[2019.03.11-15.57.33:472][  0]LogWindows:    1. 'Intel(R) HD Graphics 630' (P:0 D:0)
[2019.03.11-15.57.33:472][  0]LogWindows:    2. 'Intel(R) HD Graphics 630' (P:0 D:0)
[2019.03.11-15.57.33:472][  0]LogWindows:    3. 'NVIDIA GeForce GTX 1060' (P:0 D:0)
[2019.03.11-15.57.33:473][  0]LogWindows:    4. 'NVIDIA GeForce GTX 1060' (P:0 D:0)
[2019.03.11-15.57.33:473][  0]LogWindows:    5. 'NVIDIA GeForce GTX 1060' (P:0 D:0)
[2019.03.11-15.57.33:473][  0]LogWindows:    6. 'NVIDIA GeForce GTX 1060' (P:0 D:0)
[2019.03.11-15.57.33:473][  0]LogWindows: DebugString: GetVideoDriverDetailsInvalid PrimaryIsNotTheChoosenAdapter GetVideoDriverDetailsInvalid PrimaryIsNotTheChoosenAdapter GetVideoDriverDetailsInvalid PrimaryIsNotTheChoosenAdapter GetVideoDriverDetailsInvalid PrimaryIsNotTheChoosenAdapter GetVideoDriverDetailsInvalid PrimaryIsNotTheChoosenAdapter GetVideoDriverDetailsInvalid PrimaryIsNotTheChoosenAdapter GetVideoDriverDetailsInvalid PrimaryIsNotTheChoosenAdapter FoundDriverCount:0 
[2019.03.11-15.57.33:473][  0]LogD3D11RHI:     Adapter Name: NVIDIA GeForce GTX 1060
[2019.03.11-15.57.33:473][  0]LogD3D11RHI:   Driver Version: Unknown (internal:Unknown, unified:Unknown)
[2019.03.11-15.57.33:473][  0]LogD3D11RHI:      Driver Date: Unknown
[2019.03.11-15.57.33:473][  0]LogRHI: Texture pool is 4236 MB (70% of 6052 MB)
[2019.03.11-15.57.33:522][  0]LogD3D11RHI: [Aftermath] Aftermath enabled and primed
[2019.03.11-15.57.33:522][  0]LogD3D11RHI: [Aftermath] Aftermath enabled and primed
[2019.03.11-15.57.33:522][  0]LogD3D11RHI: Async texture creation enabled
[2019.03.11-15.57.33:539][  0]LogD3D11RHI: GPU Timing Frequency: 1000.000000 (Debug: 2 2)
[2019.03.11-15.57.33:542][  0]LogShaderCompilers: Guid format shader working directory is 5 characters bigger than the processId version (../../../../../Oyvind_Unreal/VikingShooter/Intermediate/Shaders/WorkingDirectory/23428/).
[2019.03.11-15.57.33:542][  0]LogShaderCompilers: Cleaned the shader compiler working directory 'C:/Users/øyvind'/AppData/Local/Temp/UnrealShaderWorkingDir/B384F5F34BC7E1FF56B36196F6142A79/'.
[2019.03.11-15.57.33:870][  0]LogTemp: Display: Loaded TP AllDesktopTargetPlatform
[2019.03.11-15.57.33:884][  0]LogTemp: Display: Loaded TP MacClientTargetPlatform
[2019.03.11-15.57.33:898][  0]LogTemp: Display: Loaded TP MacNoEditorTargetPlatform
[2019.03.11-15.57.33:912][  0]LogTemp: Display: Loaded TP MacServerTargetPlatform
[2019.03.11-15.57.33:928][  0]LogTemp: Display: Loaded TP MacTargetPlatform
[2019.03.11-15.57.33:943][  0]LogTemp: Display: Loaded TP WindowsClientTargetPlatform
[2019.03.11-15.57.33:958][  0]LogTemp: Display: Loaded TP WindowsNoEditorTargetPlatform
[2019.03.11-15.57.33:974][  0]LogTemp: Display: Loaded TP WindowsServerTargetPlatform
[2019.03.11-15.57.33:982][  0]LogTemp: Display: Loaded TP WindowsTargetPlatform
[2019.03.11-15.57.33:995][  0]LogTemp: Display: Loaded TP Android_ASTCTargetPlatform
[2019.03.11-15.57.34:007][  0]LogTemp: Display: Loaded TP Android_ATCTargetPlatform
[2019.03.11-15.57.34:020][  0]LogTemp: Display: Loaded TP Android_DXTTargetPlatform
[2019.03.11-15.57.34:033][  0]LogTemp: Display: Loaded TP Android_ETC1aTargetPlatform
[2019.03.11-15.57.34:045][  0]LogTemp: Display: Loaded TP Android_ETC1TargetPlatform
[2019.03.11-15.57.34:059][  0]LogTemp: Display: Loaded TP Android_ETC2TargetPlatform
[2019.03.11-15.57.34:085][  0]LogTemp: Display: Loaded TP Android_MultiTargetPlatform
[2019.03.11-15.57.34:085][  0]LogTemp: Display: Loaded TP Android_PVRTCTargetPlatform
[2019.03.11-15.57.34:099][  0]LogTemp: Display: Loaded TP AndroidTargetPlatform
[2019.03.11-15.57.34:101][  0]LogTemp: Display: Loaded TP HTML5TargetPlatform
[2019.03.11-15.57.34:140][  0]LogTemp: Display: Loaded TP IOSTargetPlatform
[2019.03.11-15.57.34:152][  0]LogTemp: Display: Loaded TP TVOSTargetPlatform
[2019.03.11-15.57.34:165][  0]LogTemp: Display: Loaded TP LinuxClientTargetPlatform
[2019.03.11-15.57.34:177][  0]LogTemp: Display: Loaded TP LinuxNoEditorTargetPlatform
[2019.03.11-15.57.34:191][  0]LogTemp: Display: Loaded TP LinuxServerTargetPlatform
[2019.03.11-15.57.34:204][  0]LogTemp: Display: Loaded TP LinuxTargetPlatform
[2019.03.11-15.57.34:204][  0]LogTargetPlatformManager: Display: Building Assets For Windows
[2019.03.11-15.57.34:382][  0]LogXGEController: Cleaning working directory: C:/Users/øyvind'/AppData/Local/Temp/UnrealXGEWorkingDir/
[2019.03.11-15.57.34:383][  0]LogXGEController: Cannot use XGE Controller as Incredibuild is not installed on this machine.
[2019.03.11-15.57.34:383][  0]LogShaderCompilers: Cannot use XGE Shader Compiler as Incredibuild is not installed on this machine.
[2019.03.11-15.57.34:383][  0]LogShaderCompilers: Display: Using Local Shader Compiler.
[2019.03.11-15.57.35:095][  0]LogDerivedDataCache: Display: Max Cache Size: 512 MB
[2019.03.11-15.57.35:173][  0]LogDerivedDataCache: Loaded boot cache 0.08s 74MB C:/Users/øyvind'/AppData/Local/UnrealEngine/4.19/DerivedDataCache/Boot.ddc.
[2019.03.11-15.57.35:173][  0]LogDerivedDataCache: Display: Loaded Boot cache: C:/Users/øyvind'/AppData/Local/UnrealEngine/4.19/DerivedDataCache/Boot.ddc
[2019.03.11-15.57.35:173][  0]LogDerivedDataCache: FDerivedDataBackendGraph:  Pak pak cache file ../../../../../Oyvind_Unreal/VikingShooter/DerivedDataCache/DDC.ddp not found, will not use a pak cache.
[2019.03.11-15.57.35:173][  0]LogDerivedDataCache: Unable to find inner node Pak for hierarchical cache Hierarchy.
[2019.03.11-15.57.35:173][  0]LogDerivedDataCache: FDerivedDataBackendGraph:  CompressedPak pak cache file ../../../../../Oyvind_Unreal/VikingShooter/DerivedDataCache/Compressed.ddp not found, will not use a pak cache.
[2019.03.11-15.57.35:174][  0]LogDerivedDataCache: Unable to find inner node CompressedPak for hierarchical cache Hierarchy.
[2019.03.11-15.57.35:190][  0]LogDerivedDataCache: Display: Pak cache opened for reading ../../../Engine/DerivedDataCache/Compressed.ddp.
[2019.03.11-15.57.35:204][  0]LogDerivedDataCache: Using Local data cache path C:/Users/øyvind'/AppData/Local/UnrealEngine/Common/DerivedDataCache: Writable
[2019.03.11-15.57.35:204][  0]LogDerivedDataCache: Shared data cache path not found in *engine.ini, will not use an Shared cache.
[2019.03.11-15.57.35:204][  0]LogDerivedDataCache: Unable to find inner node Shared for hierarchical cache Hierarchy.
[2019.03.11-15.57.35:216][  0]LogMaterial: Verifying Global Shaders for PCD3D_SM5
[2019.03.11-15.57.35:216][  0]LogSlate: Using Freetype 2.6.0
[2019.03.11-15.57.35:218][  0]LogSlate: SlateFontCache - WITH_FREETYPE: 1, WITH_HARFBUZZ: 1
[2019.03.11-15.57.35:218][  0]LogSlate: SlateFontCache - WITH_FREETYPE: 1, WITH_HARFBUZZ: 1
[2019.03.11-15.57.35:418][  0]LogAssetRegistry: FAssetRegistry took 0.0274 seconds to start up
[2019.03.11-15.57.35:777][  0]LogInit: Selected Device Profile: [Windows]
[2019.03.11-15.57.35:960][  0]LogSimplygon: Simplygon DLL not present - disabling.
[2019.03.11-15.57.35:964][  0]LogMeshReduction: Using SimplygonSwarm for distributed automatic mesh merging
[2019.03.11-15.57.35:964][  0]LogMeshReduction: Using QuadricMeshReduction for automatic static mesh reduction
[2019.03.11-15.57.35:964][  0]LogMeshReduction: No automatic skeletal mesh reduction module available
[2019.03.11-15.57.35:964][  0]LogMeshReduction: No automatic mesh merging module available
[2019.03.11-15.57.35:964][  0]LogMeshMerging: No automatic mesh merging module available
[2019.03.11-15.57.36:022][  0]LogNetVersion: VikingShooter , NetCL: 3944462, EngineNetVer: 2, GameNetVer: 0 (Checksum: 3082558166)
[2019.03.11-15.57.36:639][  0]LogPackageLocalizationCache: Processed 9 localized package path(s) for 2 prioritized culture(s) in 0.181897 seconds
[2019.03.11-15.57.36:646][  0]LogUObjectArray: 36728 objects as part of root set at end of initial load.
[2019.03.11-15.57.36:646][  0]LogUObjectAllocator: 7314312 out of 0 bytes used by permanent object pool.
[2019.03.11-15.57.36:646][  0]LogUObjectArray: CloseDisregardForGC: 0/0 objects in disregard for GC pool
[2019.03.11-15.57.38:959][  0]LogTcpMessaging: Initializing TcpMessaging bridge
[2019.03.11-15.57.39:009][  0]LogUdpMessaging: Initializing bridge on interface 0.0.0.0:0 to multicast group 230.0.0.1:6666.
[2019.03.11-15.57.39:717][  0]SourceControl: Source control is disabled
[2019.03.11-15.57.41:329][  0]LogAndroidPermission: UAndroidPermissionCallbackProxy::GetInstance
[2019.03.11-15.57.41:740][  0]LogOcInput: OculusInput pre-init called
[2019.03.11-15.57.41:912][  0]LogEngine: Initializing Engine...
[2019.03.11-15.57.41:914][  0]LogHMD: Failed to initialize OpenVR with code 110
[2019.03.11-15.57.41:915][  0]LogStats: UGameplayTagsManager::ConstructGameplayTagTree: Construct from data asset -  0.000 s
[2019.03.11-15.57.41:915][  0]LogStats: UGameplayTagsManager::ConstructGameplayTagTree: GameplayTagTreeChangedEvent.Broadcast -  0.000 s
[2019.03.11-15.57.42:156][  0]LogAIModule: Creating AISystem for world Untitled
[2019.03.11-15.57.42:210][  0]LogInit: XAudio2 using 'Speakers (Realtek High Definition Audio)' : 6 channels at 48 kHz using 32 bits per sample (channel mask 0x3f)
[2019.03.11-15.57.42:542][  0]LogInit: FAudioDevice initialized.
[2019.03.11-15.57.42:692][  0]LogDerivedDataCache: Saved boot cache 0.15s 74MB C:/Users/øyvind'/AppData/Local/UnrealEngine/4.19/DerivedDataCache/Boot.ddc.
[2019.03.11-15.57.42:708][  0]LogInit: Texture streaming: Enabled
[2019.03.11-15.57.42:728][  0]LogEngineSessionManager: EngineSessionManager initialized
[2019.03.11-15.57.42:728][  0]LogEngineSessionManager: EngineSessionManager sent abnormal shutdown report. Type=AbnormalShutdown, SessionId={3F2C60C8-4047-AD52-10F6-E99A9861047F}
[2019.03.11-15.57.42:749][  0]LogInit: Transaction tracking system initialized
[2019.03.11-15.57.42:774][  0]BlueprintLog: New page: Editor Load
[2019.03.11-15.57.42:872][  0]LocalizationService: Localization service is disabled
[2019.03.11-15.57.43:032][  0]LogConsoleResponse: Display: 
[2019.03.11-15.57.43:214][  0]LogCook: Display: Max memory allowance for cook 16384mb min free memory 0mb
[2019.03.11-15.57.43:214][  0]LogCook: Display: Mobile HDR setting 1
[2019.03.11-15.57.43:214][  0]LogGameplayTags: Display: UGameplayTagsManager::DoneAddingNativeTags. DelegateIsBound: 0
[2019.03.11-15.57.43:214][  0]LogStats: UGameplayTagsManager::ConstructGameplayTagTree: Construct from data asset -  0.000 s
[2019.03.11-15.57.43:214][  0]LogStats: UGameplayTagsManager::ConstructGameplayTagTree: GameplayTagTreeChangedEvent.Broadcast -  0.000 s
[2019.03.11-15.57.43:952][  0]LogFileCache: Scanning file cache for directory 'D:/Oyvind_Unreal/VikingShooter/Content/' took 0.03s
[2019.03.11-15.57.43:952][  0]Cmd: MAP LOAD FILE="../../../../../Oyvind_Unreal/VikingShooter/Content/Maps/Level01.umap" TEMPLATE=0 SHOWPROGRESS=1 FEATURELEVEL=3
[2019.03.11-15.57.43:952][  0]LightingResults: New page: Lighting Build
[2019.03.11-15.57.43:955][  0]MapCheck: New page: Map Check
[2019.03.11-15.57.43:955][  0]LightingResults: New page: Lighting Build
[2019.03.11-15.57.44:004][  0]LogUObjectGlobals: Created PersistentFrame Addr=0x000001ece4962908, Size=4, Default__Troll01_BP_C Function /Game/Troll01_Files/Troll01_BP.Troll01_BP_C:ExecuteUbergraph_Troll01_BP
[2019.03.11-15.57.44:005][  0]LogUObjectGlobals: Destroyed PersistentFrame Addr=0x000001ece4962908, Size=4
[2019.03.11-15.57.44:005][  0]LogUObjectGlobals: Created PersistentFrame Addr=0x000001ece4962908, Size=4, Default__Troll01_BP_C Function /Engine/Transient.REINST_Troll01_BP_C_0:ExecuteUbergraph_Troll01_BP
[2019.03.11-15.57.44:005][  0]LogUObjectGlobals: Created PersistentFrame Addr=0x000001ece49639b0, Size=4, Default__Troll01_BP_C Function /Game/Troll01_Files/Troll01_BP.Troll01_BP_C:ExecuteUbergraph_Troll01_BP
[2019.03.11-15.57.44:007][  0]LogUObjectGlobals: Destroyed PersistentFrame Addr=0x000001ece49639b0, Size=4
[2019.03.11-15.57.44:007][  0]LogUObjectGlobals: Created PersistentFrame Addr=0x000001ece49639b0, Size=4, Default__Troll01_BP_C Function /Engine/Transient.REINST_Troll01_BP_C_2:ExecuteUbergraph_Troll01_BP
[2019.03.11-15.57.44:010][  0]LogUObjectGlobals: Created PersistentFrame Addr=0x000001ec83bd3d80, Size=40, Default__Troll01_BP_C Function /Game/Troll01_Files/Troll01_BP.Troll01_BP_C:ExecuteUbergraph_Troll01_BP
[2019.03.11-15.57.44:028][  0]LogUObjectGlobals: Created PersistentFrame Addr=0x000001ec83bd3c18, Size=40, Default__Harold_Character_BP_C Function /Game/Harold_Model_Files/Harold_Character_BP.Harold_Character_BP_C:ExecuteUbergraph_Harold_Character_BP
[2019.03.11-15.57.44:030][  0]LogUObjectGlobals: Destroyed PersistentFrame Addr=0x000001ec83bd3c18, Size=40
[2019.03.11-15.57.44:030][  0]LogUObjectGlobals: Created PersistentFrame Addr=0x000001ec83bd3c18, Size=40, Default__Harold_Character_BP_C Function /Engine/Transient.REINST_Harold_Character_BP_C_3:ExecuteUbergraph_Harold_Character_BP
[2019.03.11-15.57.44:032][  0]LogUObjectGlobals: Created PersistentFrame Addr=0x000001ec83bd3880, Size=40, Default__Harold_Character_BP_C Function /Game/Harold_Model_Files/Harold_Character_BP.Harold_Character_BP_C:ExecuteUbergraph_Harold_Character_BP
[2019.03.11-15.57.44:041][  0]LogUObjectGlobals: Created PersistentFrame Addr=0x000001ec83b74f00, Size=1632, Default__BP_TwinStickCharacter_C Function /Game/Blueprint/BP_TwinStickCharacter.BP_TwinStickCharacter_C:ExecuteUbergraph_BP_TwinStickCharacter
[2019.03.11-15.57.44:042][  0]LogUObjectGlobals: Created PersistentFrame Addr=0x000001ec83ba9360, Size=224, Default__BP_Spike_C Function /Game/Blueprint/BP_Spike.BP_Spike_C:ExecuteUbergraph_BP_Spike
[2019.03.11-15.57.44:088][  0]LogUObjectGlobals: Created PersistentFrame Addr=0x000001ec8386b240, Size=296, Default__BP_TwinStickProjectile_C Function /Game/Blueprint/BP_TwinStickProjectile.BP_TwinStickProjectile_C:ExecuteUbergraph_BP_TwinStickProjectile
[2019.03.11-15.57.44:097][  0]LogUObjectGlobals: Created PersistentFrame Addr=0x000001ec83b48100, Size=744, Default__EnemyCharacter_C Function /Game/Blueprint/EnemyCharacter.EnemyCharacter_C:ExecuteUbergraph_EnemyCharacter
[2019.03.11-15.57.44:101][  0]LogUObjectGlobals: Created PersistentFrame Addr=0x000001ec83b8a630, Size=112, Default__Weapon_C Function /Game/Blueprint/Weapon.Weapon_C:ExecuteUbergraph_Weapon
[2019.03.11-15.57.44:103][  0]LogUObjectGlobals: Created PersistentFrame Addr=0x000001ec83855480, Size=328, Default__Laser_C Function /Game/Blueprint/Laser.Laser_C:ExecuteUbergraph_Laser
[2019.03.11-15.57.44:206][  0]LogUObjectGlobals: Created PersistentFrame Addr=0x000001ec83b8a010, Size=104, Default__EnemyAI_C Function /Game/Blueprint/EnemyAI.EnemyAI_C:ExecuteUbergraph_EnemyAI
[2019.03.11-15.57.44:352][  0]LogUObjectGlobals: Destroyed PersistentFrame Addr=0x000001ec83ba9360, Size=224
[2019.03.11-15.57.44:353][  0]LogUObjectGlobals: Created PersistentFrame Addr=0x000001ec8477ff20, Size=224, Default__BP_Spike_C Function /Engine/Transient.REINST_BP_Spike_C_6:ExecuteUbergraph_BP_Spike
[2019.03.11-15.57.44:353][  0]LogUObjectGlobals: Destroyed PersistentFrame Addr=0x000001ec8386b240, Size=296
[2019.03.11-15.57.44:353][  0]LogUObjectGlobals: Created PersistentFrame Addr=0x000001ec84be42c0, Size=296, Default__BP_TwinStickProjectile_C Function /Engine/Transient.REINST_BP_TwinStickProjectile_C_7:ExecuteUbergraph_BP_TwinStickProjectile
[2019.03.11-15.57.44:353][  0]LogUObjectGlobals: Destroyed PersistentFrame Addr=0x000001ec83855480, Size=328
[2019.03.11-15.57.44:353][  0]LogUObjectGlobals: Created PersistentFrame Addr=0x000001ec8477b880, Size=328, Default__Laser_C Function /Engine/Transient.REINST_Laser_C_8:ExecuteUbergraph_Laser
[2019.03.11-15.57.44:354][  0]LogUObjectGlobals: Destroyed PersistentFrame Addr=0x000001ec83b8a630, Size=112
[2019.03.11-15.57.44:354][  0]LogUObjectGlobals: Created PersistentFrame Addr=0x000001ec84bee470, Size=112, Default__Weapon_C Function /Engine/Transient.REINST_Weapon_C_9:ExecuteUbergraph_Weapon
[2019.03.11-15.57.44:355][  0]LogUObjectGlobals: Destroyed PersistentFrame Addr=0x000001ec83b74f00, Size=1632
[2019.03.11-15.57.44:355][  0]LogUObjectGlobals: Created PersistentFrame Addr=0x000001ec84762400, Size=1632, Default__BP_TwinStickCharacter_C Function /Engine/Transient.REINST_BP_TwinStickCharacter_C_10:ExecuteUbergraph_BP_TwinStickCharacter
[2019.03.11-15.57.44:356][  0]LogUObjectGlobals: Destroyed PersistentFrame Addr=0x000001ec83b8a010, Size=104
[2019.03.11-15.57.44:356][  0]LogUObjectGlobals: Created PersistentFrame Addr=0x000001ec84bee4e0, Size=104, Default__EnemyAI_C Function /Engine/Transient.REINST_EnemyAI_C_11:ExecuteUbergraph_EnemyAI
[2019.03.11-15.57.44:356][  0]LogUObjectGlobals: Destroyed PersistentFrame Addr=0x000001ec83b48100, Size=744
[2019.03.11-15.57.44:356][  0]LogUObjectGlobals: Created PersistentFrame Addr=0x000001ec84780400, Size=744, Default__EnemyCharacter_C Function /Engine/Transient.REINST_EnemyCharacter_C_12:ExecuteUbergraph_EnemyCharacter
[2019.03.11-15.57.44:383][  0]LogUObjectGlobals: Created PersistentFrame Addr=0x000001ec845c39e0, Size=224, Default__BP_Spike_C Function /Game/Blueprint/BP_Spike.BP_Spike_C:ExecuteUbergraph_BP_Spike
[2019.03.11-15.57.44:384][  0]LogUObjectGlobals: Created PersistentFrame Addr=0x000001ec84744e00, Size=296, Default__BP_TwinStickProjectile_C Function /Game/Blueprint/BP_TwinStickProjectile.BP_TwinStickProjectile_C:ExecuteUbergraph_BP_TwinStickProjectile
[2019.03.11-15.57.44:385][  0]LogUObjectGlobals: Created PersistentFrame Addr=0x000001ec845b7100, Size=328, Default__Laser_C Function /Game/Blueprint/Laser.Laser_C:ExecuteUbergraph_Laser
[2019.03.11-15.57.44:386][  0]LogUObjectGlobals: Created PersistentFrame Addr=0x000001ec8456d7c0, Size=112, Default__Weapon_C Function /Game/Blueprint/Weapon.Weapon_C:ExecuteUbergraph_Weapon
[2019.03.11-15.57.44:391][  0]LogUObjectGlobals: Created PersistentFrame Addr=0x000001ec84565600, Size=1632, Default__BP_TwinStickCharacter_C Function /Game/Blueprint/BP_TwinStickCharacter.BP_TwinStickCharacter_C:ExecuteUbergraph_BP_TwinStickCharacter
[2019.03.11-15.57.44:393][  0]LogUObjectGlobals: Created PersistentFrame Addr=0x000001ec8442e320, Size=104, Default__EnemyAI_C Function /Game/Blueprint/EnemyAI.EnemyAI_C:ExecuteUbergraph_EnemyAI
[2019.03.11-15.57.44:395][  0]LogUObjectGlobals: Created PersistentFrame Addr=0x000001ec8443b100, Size=744, Default__EnemyCharacter_C Function /Game/Blueprint/EnemyCharacter.EnemyCharacter_C:ExecuteUbergraph_EnemyCharacter
[2019.03.11-15.57.44:502][  0]LogUObjectGlobals: Created PersistentFrame Addr=0x000001ec86f27740, Size=200, Default__BP_PunchableDoor_C Function /Game/Blueprint/BP_PunchableDoor.BP_PunchableDoor_C:ExecuteUbergraph_BP_PunchableDoor
[2019.03.11-15.57.44:504][  0]LogUObjectGlobals: Destroyed PersistentFrame Addr=0x000001ec86f27740, Size=200
[2019.03.11-15.57.44:504][  0]LogUObjectGlobals: Created PersistentFrame Addr=0x000001ec86f27740, Size=200, Default__BP_PunchableDoor_C Function /Engine/Transient.REINST_BP_PunchableDoor_C_24:ExecuteUbergraph_BP_PunchableDoor
[2019.03.11-15.57.44:506][  0]LogUObjectGlobals: Created PersistentFrame Addr=0x000001ec86f26240, Size=200, Default__BP_PunchableDoor_C Function /Game/Blueprint/BP_PunchableDoor.BP_PunchableDoor_C:ExecuteUbergraph_BP_PunchableDoor
[2019.03.11-15.57.44:516][  0]LogUObjectGlobals: Created PersistentFrame Addr=0x000001ec86f25c20, Size=200, Default__BP_Rock_C Function /Game/Blueprint/BP_Rock.BP_Rock_C:ExecuteUbergraph_BP_Rock
[2019.03.11-15.57.44:519][  0]LogUObjectGlobals: Destroyed PersistentFrame Addr=0x000001ec86f25c20, Size=200
[2019.03.11-15.57.44:519][  0]LogUObjectGlobals: Created PersistentFrame Addr=0x000001ec86f25c20, Size=200, Default__BP_Rock_C Function /Engine/Transient.REINST_BP_Rock_C_26:ExecuteUbergraph_BP_Rock
[2019.03.11-15.57.44:520][  0]LogUObjectGlobals: Created PersistentFrame Addr=0x000001ec86f248e0, Size=200, Default__BP_Rock_C Function /Game/Blueprint/BP_Rock.BP_Rock_C:ExecuteUbergraph_BP_Rock
[2019.03.11-15.57.44:525][  0]LogUObjectGlobals: Created PersistentFrame Addr=0x000001ec86f7dad0, Size=80, Default__EnemySpawner_C Function /Game/Blueprint/EnemySpawner.EnemySpawner_C:ExecuteUbergraph_EnemySpawner
[2019.03.11-15.57.44:527][  0]LogUObjectGlobals: Destroyed PersistentFrame Addr=0x000001ec86f7dad0, Size=80
[2019.03.11-15.57.44:527][  0]LogUObjectGlobals: Created PersistentFrame Addr=0x000001ec86f7c8b0, Size=80, Default__EnemySpawner_C Function /Engine/Transient.REINST_EnemySpawner_C_28:ExecuteUbergraph_EnemySpawner
[2019.03.11-15.57.44:528][  0]LogUObjectGlobals: Created PersistentFrame Addr=0x000001ec8705b5b0, Size=80, Default__EnemySpawner_C Function /Game/Blueprint/EnemySpawner.EnemySpawner_C:ExecuteUbergraph_EnemySpawner
[2019.03.11-15.57.44:693][  0]LogUObjectGlobals: Created PersistentFrame Addr=0x000001ec874c6160, Size=152, Default__Exploding_Barrel_C Function /Game/Blueprint/Exploding_Barrel.Exploding_Barrel_C:ExecuteUbergraph_Exploding_Barrel
[2019.03.11-15.57.44:698][  0]LogUObjectGlobals: Destroyed PersistentFrame Addr=0x000001ec874c6160, Size=152
[2019.03.11-15.57.44:698][  0]LogUObjectGlobals: Created PersistentFrame Addr=0x000001ec87467420, Size=152, Default__Exploding_Barrel_C Function /Engine/Transient.REINST_Exploding_Barrel_C_30:ExecuteUbergraph_Exploding_Barrel
[2019.03.11-15.57.44:702][  0]LogUObjectGlobals: Created PersistentFrame Addr=0x000001ec87465e40, Size=152, Default__Exploding_Barrel_C Function /Game/Blueprint/Exploding_Barrel.Exploding_Barrel_C:ExecuteUbergraph_Exploding_Barrel
[2019.03.11-15.57.44:956][  0]LogSkeletalMesh: Skeletal Mesh found in DDC [1.771941ms] /Game/FPWeapon/Mesh/SK_FPGun.SK_FPGun
[2019.03.11-15.57.45:035][  0]LogSkeletalMesh: Skeletal Mesh found in DDC [1.030927ms] /Game/Harold_Model_Files/Harold_enlarged_idle.Harold_enlarged_idle
[2019.03.11-15.57.45:221][  0]LogSkeletalMesh: Skeletal Mesh found in DDC [0.736273ms] /Game/Troll01_Files/Troll01_Idle.Troll01_Idle
[2019.03.11-15.57.45:237][  0]LogAIModule: Creating AISystem for world Level01
[2019.03.11-15.57.45:275][  0]LogEditorServer: Finished looking for orphan Actors (0.000 secs)
[2019.03.11-15.57.45:291][  0]LogUObjectGlobals: Destroyed PersistentFrame Addr=0x000001ece4962908, Size=4
[2019.03.11-15.57.45:291][  0]LogUObjectGlobals: Destroyed PersistentFrame Addr=0x000001ece49639b0, Size=4
[2019.03.11-15.57.45:291][  0]LogUObjectGlobals: Destroyed PersistentFrame Addr=0x000001ec83bd3c18, Size=40
[2019.03.11-15.57.45:291][  0]LogUObjectGlobals: Destroyed PersistentFrame Addr=0x000001ec84762400, Size=1632
[2019.03.11-15.57.45:291][  0]LogUObjectGlobals: Destroyed PersistentFrame Addr=0x000001ec8477ff20, Size=224
[2019.03.11-15.57.45:291][  0]LogUObjectGlobals: Destroyed PersistentFrame Addr=0x000001ec84be42c0, Size=296
[2019.03.11-15.57.45:291][  0]LogUObjectGlobals: Destroyed PersistentFrame Addr=0x000001ec84780400, Size=744
[2019.03.11-15.57.45:291][  0]LogUObjectGlobals: Destroyed PersistentFrame Addr=0x000001ec84bee470, Size=112
[2019.03.11-15.57.45:291][  0]LogUObjectGlobals: Destroyed PersistentFrame Addr=0x000001ec8477b880, Size=328
[2019.03.11-15.57.45:291][  0]LogUObjectGlobals: Destroyed PersistentFrame Addr=0x000001ec84bee4e0, Size=104
[2019.03.11-15.57.45:292][  0]LogUObjectGlobals: Destroyed PersistentFrame Addr=0x000001ec86f27740, Size=200
[2019.03.11-15.57.45:292][  0]LogUObjectGlobals: Destroyed PersistentFrame Addr=0x000001ec86f25c20, Size=200
[2019.03.11-15.57.45:292][  0]LogUObjectGlobals: Destroyed PersistentFrame Addr=0x000001ec86f7c8b0, Size=80
[2019.03.11-15.57.45:292][  0]LogUObjectGlobals: Destroyed PersistentFrame Addr=0x000001ec87467420, Size=152
[2019.03.11-15.57.45:293][  0]Cmd: MAP CHECKDEP NOCLEARLOG
[2019.03.11-15.57.45:424][  0]MapCheck: Map check complete: 0 Error(s), 0 Warning(s), took 130.864ms to complete.
[2019.03.11-15.57.45:424][  0]LogFileHelpers: Loading map 'Level01' took 1.472
[2019.03.11-15.57.45:606][  0]LogCollectionManager: Loaded 0 collections in 0.002688 seconds
[2019.03.11-15.57.45:653][  0]LogFileCache: Scanning file cache for directory 'D:/Oyvind_Unreal/VikingShooter/Saved/Collections/' took 0.01s
[2019.03.11-15.57.45:653][  0]LogFileCache: Scanning file cache for directory 'D:/Oyvind_Unreal/VikingShooter/Content/Developers/øyvind/Collections/' took 0.01s
[2019.03.11-15.57.45:653][  0]LogFileCache: Scanning file cache for directory 'D:/Oyvind_Unreal/VikingShooter/Content/Collections/' took 0.01s
[2019.03.11-15.57.45:653][  0]LogCollectionManager: Rebuilt the GUID cache for 0 collections in 0.000000 seconds
[2019.03.11-15.57.45:667][  0]LogContentBrowser: Native class hierarchy populated in 0.0145 seconds. Added 2453 classes and 561 folders.
[2019.03.11-15.57.45:679][  0]LogContentBrowser: Native class hierarchy updated for 'WidgetCarousel' in 0.0028 seconds. Added 0 classes and 0 folders.
[2019.03.11-15.57.45:808][  0]LogContentBrowser: Native class hierarchy updated for 'AddContentDialog' in 0.0036 seconds. Added 0 classes and 0 folders.
[2019.03.11-15.57.45:815][  0]LogContentBrowser: Native class hierarchy updated for 'SceneOutliner' in 0.0023 seconds. Added 1 classes and 2 folders.
[2019.03.11-15.57.46:963][  0]LogSlate: Only BGRA pngs, bmps or icos are supported in by External Image Picker
[2019.03.11-15.57.47:016][  0]LogSlate: Took 0.000428 seconds to synchronously load lazily loaded font '../../../Engine/Content/Slate/Fonts/Roboto-Regular.ttf' (155K)
[2019.03.11-15.57.47:022][  0]LogSlate: Took 0.000589 seconds to synchronously load lazily loaded font '../../../Engine/Content/Slate/Fonts/Roboto-Bold.ttf' (160K)
[2019.03.11-15.57.47:027][  0]LogSlate: Took 0.000398 seconds to synchronously load lazily loaded font '../../../Engine/Content/Editor/Slate/Fonts/FontAwesome.ttf' (139K)
[2019.03.11-15.57.47:145][  0]LogRenderer: Reallocating scene render targets to support 1300x340 Format 10 NumSamples 1 (Frame:1).
[2019.03.11-15.57.47:313][  0]LogContentBrowser: Native class hierarchy updated for 'HierarchicalLODOutliner' in 0.0027 seconds. Added 0 classes and 0 folders.
[2019.03.11-15.57.47:314][  0]LogLoad: (Engine Initialization) Total time: 23.26 seconds
[2019.03.11-15.57.47:314][  0]LogLoad: (Engine Initialization) Total Blueprint compile time: 0.00 seconds
[2019.03.11-15.57.47:324][  0]LogWindowsTextInputMethodSystem: Display: IME system now deactivated.
[2019.03.11-15.57.47:359][  0]LogContentStreaming: Texture pool size now 1000 MB
[2019.03.11-15.57.47:420][  0]LogTemp: Executing iPhonePackager certificates Engine -bundlename com.YourCompany.VikingShooter
[2019.03.11-15.57.47:420][  0]LogTemp: CWD: D:\Epic Games\UE_4.19\Engine\Binaries\DotNET\IOS
[2019.03.11-15.57.47:420][  0]LogTemp: Initial Dir: D:\Epic Games\UE_4.19
[2019.03.11-15.57.47:420][  0]LogTemp: Env CWD: D:\Epic Games\UE_4.19\Engine\Binaries\DotNET\IOS
[2019.03.11-15.57.47:420][  0]LogTemp: BranchPath = OYVIND/D/Epic Games/UE_4.19/Engine/Binaries --- GameBranchPath = OYVIND/D/Epic Games/UE_4.19/Engine/Binaries
[2019.03.11-15.57.47:420][  0]LogTemp: IPP ERROR: Could not find provision directory 'C:\Users\oyvind'\AppData\Local/Apple Computer/MobileDevice/Provisioning Profiles/'.
[2019.03.11-15.57.47:420][  0]LogSlate: Took 0.000443 seconds to synchronously load lazily loaded font '../../../Engine/Content/Slate/Fonts/Roboto-Light.ttf' (167K)
[2019.03.11-15.57.47:483][  1]LogCollectionManager: Rebuilt the object cache for 0 collections in 0.000000 seconds (found 0 objects)
[2019.03.11-15.57.47:541][  2]LogAssetRegistry: Asset discovery search completed in 12.1456 seconds
[2019.03.11-15.57.47:543][  2]LogCollectionManager: Fixed up redirectors for 0 collections in 0.000007 seconds (updated 0 objects)
[2019.03.11-15.57.48:365][ 57]LogSlate: Took 0.000432 seconds to synchronously load lazily loaded font '../../../Engine/Content/Slate/Fonts/Roboto-Light.ttf' (167K)
[2019.03.11-15.57.55:279][628]LogSlate: FSceneViewport::OnFocusLost() reason 0
[2019.03.11-15.57.55:732][668]LogUObjectGlobals: Created PersistentFrame Addr=0x000001eccb4ce4e0, Size=56, Default__BP_TwinStickGameMode_C Function /Game/Blueprint/BP_TwinStickGameMode.BP_TwinStickGameMode_C:ExecuteUbergraph_BP_TwinStickGameMode
[2019.03.11-15.57.55:734][668]LogUObjectGlobals: Destroyed PersistentFrame Addr=0x000001eccb4ce4e0, Size=56
[2019.03.11-15.57.55:735][668]LogUObjectGlobals: Created PersistentFrame Addr=0x000001eccb4ce4e0, Size=56, Default__BP_TwinStickGameMode_C Function /Engine/Transient.REINST_BP_TwinStickGameMode_C_33:ExecuteUbergraph_BP_TwinStickGameMode
[2019.03.11-15.57.55:737][668]LogUObjectGlobals: Created PersistentFrame Addr=0x000001eccb4cec18, Size=56, Default__BP_TwinStickGameMode_C Function /Game/Blueprint/BP_TwinStickGameMode.BP_TwinStickGameMode_C:ExecuteUbergraph_BP_TwinStickGameMode
[2019.03.11-15.57.56:093][668]LogContentBrowser: Native class hierarchy updated for 'BlueprintGraph' in 0.0027 seconds. Added 116 classes and 0 folders.
[2019.03.11-15.57.56:401][668]LogUObjectGlobals: Created PersistentFrame Addr=0x000001ecaf333cc0, Size=4, Default__SKEL_PROTO_BP_AnimBlueprint_0_C Function /Engine/Transient.SKEL_PROTO_BP_AnimBlueprint_0_C:ExecuteUbergraph_PROTO_BP_AnimBlueprint_0
[2019.03.11-15.57.56:401][668]LogUObjectGlobals: Created PersistentFrame Addr=0x000001ecaf333cb8, Size=4, Default__PROTO_BP_AnimBlueprint_0_C Function /Engine/Transient.PROTO_BP_AnimBlueprint_0_C:ExecuteUbergraph_PROTO_BP_AnimBlueprint_0
[2019.03.11-15.57.56:855][668]LogSlate: Took 0.000488 seconds to synchronously load lazily loaded font '../../../Engine/Content/Slate/Fonts/Roboto-BoldCondensed.ttf' (158K)
[2019.03.11-15.57.56:954][669]LogSlate: Took 0.000665 seconds to synchronously load lazily loaded font '../../../Engine/Content/Slate/Fonts/Roboto-Italic.ttf' (157K)
[2019.03.11-15.58.01:378][972]LogSlate: Window 'BP_TwinStickGameMode' being destroyed
[2019.03.11-15.58.03:175][172]LogTemp: Repeating last play command: Selected Viewport
[2019.03.11-15.58.03:197][172]LogPlayLevel: PlayLevel: No blueprints needed recompiling
[2019.03.11-15.58.03:198][172]PIE: New page: PIE session: Level01 (Mar 11, 2019, 5:58:03 PM)
[2019.03.11-15.58.03:198][172]LogPlayLevel: Creating play world package: /Game/Maps/UEDPIE_0_Level01
[2019.03.11-15.58.03:204][172]LogPlayLevel: PIE: StaticDuplicateObject took: (0.005985s)
[2019.03.11-15.58.03:204][172]LogAIModule: Creating AISystem for world Level01
[2019.03.11-15.58.03:205][172]LogPlayLevel: PIE: World Init took: (0.000729s)
[2019.03.11-15.58.03:205][172]LogPlayLevel: PIE: Created PIE world by copying editor world from /Game/Maps/Level01.Level01 to /Game/Maps/UEDPIE_0_Level01.Level01 (0.006855s)
[2019.03.11-15.58.03:225][172]LogUObjectGlobals: Destroyed PersistentFrame Addr=0x000001eccb4ce4e0, Size=56
[2019.03.11-15.58.03:272][172]LogInit: XAudio2 using 'Speakers (Realtek High Definition Audio)' : 6 channels at 48 kHz using 32 bits per sample (channel mask 0x3f)
[2019.03.11-15.58.03:410][172]LogInit: FAudioDevice initialized.
[2019.03.11-15.58.03:528][172]LogLoad: Game class is 'BP_TwinStickGameMode_C'
[2019.03.11-15.58.03:537][172]LogWorld: Bringing World /Game/Maps/UEDPIE_0_Level01.Level01 up for play (max tick rate 0) at 2019.03.11-16.58.03
[2019.03.11-15.58.03:540][172]LogWorld: Bringing up level for play took: 0.009345
[2019.03.11-15.58.03:545][172]LogContentBrowser: Native class hierarchy updated for 'MovieSceneCapture' in 0.0024 seconds. Added 11 classes and 0 folders.
[2019.03.11-15.58.03:551][172]PIE: Play in editor start time for /Game/Maps/UEDPIE_0_Level01 -0.43
[2019.03.11-15.58.03:572][172]LogRenderer: Reallocating scene render targets to support 1300x576 Format 10 NumSamples 1 (Frame:1).
[2019.03.11-15.58.07:424][550]LogSlate: Window 'VikingShooter Game Preview Standalone (64-bit/PCD3D_SM5)' being destroyed
[2019.03.11-15.58.11:950][ 20]LogEditorViewport: Clicking on Actor (LMB): StaticMeshActor (Cube2)
[2019.03.11-15.58.12:336][ 49]Cmd: CAMERA ALIGN ACTIVEVIEWPORTONLY
[2019.03.11-15.58.13:470][149]LogEditorViewport: Clicking on Actor (LMB): EnemySpawner_C (EnemySpawner)
[2019.03.11-15.58.13:964][198]LogEditorViewport: Clicking on Actor (LMB): EnemySpawner_C (EnemySpawner)
[2019.03.11-15.58.14:194][220]Cmd: CAMERA ALIGN ACTIVEVIEWPORTONLY
[2019.03.11-15.58.17:034][483]LogSlate: FSceneViewport::OnFocusLost() reason 0
[2019.03.11-15.59.23:234][524]LogTemp: Repeating last play command: Selected Viewport
[2019.03.11-15.59.23:259][524]LogPlayLevel: PlayLevel: No blueprints needed recompiling
[2019.03.11-15.59.23:259][524]PIE: New page: PIE session: Level01 (Mar 11, 2019, 5:59:23 PM)
[2019.03.11-15.59.23:259][524]LogPlayLevel: Creating play world package: /Game/Maps/UEDPIE_0_Level01
[2019.03.11-15.59.23:266][524]LogPlayLevel: PIE: StaticDuplicateObject took: (0.006589s)
[2019.03.11-15.59.23:266][524]LogAIModule: Creating AISystem for world Level01
[2019.03.11-15.59.23:266][524]LogPlayLevel: PIE: World Init took: (0.000739s)
[2019.03.11-15.59.23:266][524]LogPlayLevel: PIE: Created PIE world by copying editor world from /Game/Maps/Level01.Level01 to /Game/Maps/UEDPIE_0_Level01.Level01 (0.007464s)
[2019.03.11-15.59.23:336][524]LogInit: XAudio2 using 'Speakers (Realtek High Definition Audio)' : 6 channels at 48 kHz using 32 bits per sample (channel mask 0x3f)
[2019.03.11-15.59.23:470][524]LogInit: FAudioDevice initialized.
[2019.03.11-15.59.23:502][524]LogLoad: Game class is 'BP_TwinStickGameMode_C'
[2019.03.11-15.59.23:508][524]LogWorld: Bringing World /Game/Maps/UEDPIE_0_Level01.Level01 up for play (max tick rate 0) at 2019.03.11-16.59.23
[2019.03.11-15.59.23:511][524]LogWorld: Bringing up level for play took: 0.008443
[2019.03.11-15.59.23:514][524]PIE: Play in editor start time for /Game/Maps/UEDPIE_0_Level01 -0.467
[2019.03.11-15.59.25:860][779]LogBlueprintUserMessages: [EnemyCharacter7_374] Health:-15.397179Loc:X=50.000 Y=-360.000 Z=50.000
[2019.03.11-15.59.29:167][150]LogBlueprintUserMessages: [BP_TwinStickCharacter_C_0] Health:-6.833344Loc:X=420.000 Y=-570.000 Z=40.000
[2019.03.11-15.59.29:167][150]LogBlueprintUserMessages: [BP_TwinStickCharacter_C_0] Dead!
[2019.03.11-15.59.29:177][151]LogNet: Browse: /Game/Maps/Level01
[2019.03.11-15.59.29:180][151]LogLoad: LoadMap: /Game/Maps/Level01
[2019.03.11-15.59.29:207][151]LogPlayLevel: Creating play world package: /Game/Maps/UEDPIE_0_Level01
[2019.03.11-15.59.29:213][151]LogPlayLevel: PIE: StaticDuplicateObject took: (0.006678s)
[2019.03.11-15.59.29:214][151]LogAIModule: Creating AISystem for world Level01
[2019.03.11-15.59.29:214][151]LogPlayLevel: PIE: World Init took: (0.000671s)
[2019.03.11-15.59.29:214][151]LogPlayLevel: PIE: Created PIE world by copying editor world from /Game/Maps/Level01.Level01 to /Game/Maps/UEDPIE_0_Level01.Level01 (0.007520s)
[2019.03.11-15.59.29:215][151]LogLoad: Game class is 'BP_TwinStickGameMode_C'
[2019.03.11-15.59.29:222][151]LogWorld: Bringing World /Game/Maps/UEDPIE_0_Level01.Level01 up for play (max tick rate 0) at 2019.03.11-16.59.29
[2019.03.11-15.59.29:224][151]LogWorld: Bringing up level for play took: 0.008362
[2019.03.11-15.59.29:228][151]LogLoad: Took 0.048045 seconds to LoadMap(/Game/Maps/UEDPIE_0_Level01)
[2019.03.11-15.59.31:823][443]LogBlueprintUserMessages: [EnemyCharacter7_374] Health:-15.397179Loc:X=50.000 Y=-360.000 Z=50.000
[2019.03.11-16.00.53:813][ 76]LogBlueprintUserMessages: [BP_TwinStickCharacter_C_0] Health:81.425705Loc:X=260.000 Y=-770.000 Z=10.000
[2019.03.11-16.01.00:982][831]LogSlate: FSceneViewport::OnFocusLost() reason 0
[2019.03.11-16.01.29:690][176]BlueprintLog: New page: Compile BP_TwinStickGameMode
[2019.03.11-16.01.29:699][176]LogUObjectGlobals: Destroyed PersistentFrame Addr=0x000001eccb4cec18, Size=56
[2019.03.11-16.01.29:699][176]LogUObjectGlobals: Created PersistentFrame Addr=0x000001ed04c077e8, Size=56, Default__BP_TwinStickGameMode_C Function /Engine/Transient.REINST_BP_TwinStickGameMode_C_49:ExecuteUbergraph_BP_TwinStickGameMode
[2019.03.11-16.01.29:992][176]LogBlueprint: Error: [Compiler BP_TwinStickGameMode] COMPILER ERROR: failed building connection with 'Array of Enemy Spawner Object References is not compatible with Array of Enemy Character Object References.' at  Get (a copy)
[2019.03.11-16.01.29:993][176]LogBlueprint: Error: [Compiler BP_TwinStickGameMode] The current value of the ' Array ' pin is invalid: Array inputs (like 'Target Array') must have an input wired into them (try connecting a MakeArray node).
[2019.03.11-16.01.29:993][176]LogUObjectGlobals: Created PersistentFrame Addr=0x000001ed04c07040, Size=56, Default__BP_TwinStickGameMode_C Function /Game/Blueprint/BP_TwinStickGameMode.BP_TwinStickGameMode_C:ExecuteUbergraph_BP_TwinStickGameMode
[2019.03.11-16.01.30:100][176]LogBlueprint: Warning: [Compiler BP_TwinStickGameMode] [0246.04] Compile of BP_TwinStickGameMode failed. 2 Fatal Issue(s) 0 Warning(s) [in 408 ms] (/Game/Blueprint/BP_TwinStickGameMode.BP_TwinStickGameMode)
[2019.03.11-16.01.31:513][338]LogSlate: Prevented a slow task dialog from being summoned while a context menu was open
[2019.03.11-16.01.38:059][101]BlueprintLog: New page: Compile BP_TwinStickGameMode
[2019.03.11-16.01.38:066][101]LogUObjectGlobals: Destroyed PersistentFrame Addr=0x000001ed04c07040, Size=56
[2019.03.11-16.01.38:066][101]LogUObjectGlobals: Created PersistentFrame Addr=0x000001ed2d76db40, Size=56, BP_TwinStickGameMode_C_1 Function /Engine/Transient.REINST_BP_TwinStickGameMode_C_53:ExecuteUbergraph_BP_TwinStickGameMode
[2019.03.11-16.01.38:068][101]LogUObjectGlobals: Created PersistentFrame Addr=0x000001ed2d76d750, Size=56, Default__BP_TwinStickGameMode_C Function /Game/Blueprint/BP_TwinStickGameMode.BP_TwinStickGameMode_C:ExecuteUbergraph_BP_TwinStickGameMode
[2019.03.11-16.01.38:161][101]LogUObjectGlobals: Destroyed PersistentFrame Addr=0x000001ed04c077e8, Size=56
[2019.03.11-16.03.04:740][ 46]BlueprintLog: New page: Compile BP_TwinStickGameMode
[2019.03.11-16.03.04:750][ 46]LogUObjectGlobals: Destroyed PersistentFrame Addr=0x000001ed2d76d750, Size=56
[2019.03.11-16.03.04:750][ 46]LogUObjectGlobals: Created PersistentFrame Addr=0x000001ed3091da98, Size=56, Default__BP_TwinStickGameMode_C Function /Engine/Transient.REINST_BP_TwinStickGameMode_C_57:ExecuteUbergraph_BP_TwinStickGameMode
[2019.03.11-16.03.04:752][ 46]LogUObjectGlobals: Created PersistentFrame Addr=0x000001ed3091d638, Size=56, Default__BP_TwinStickGameMode_C Function /Game/Blueprint/BP_TwinStickGameMode.BP_TwinStickGameMode_C:ExecuteUbergraph_BP_TwinStickGameMode
[2019.03.11-16.03.04:967][ 46]LogUObjectGlobals: Destroyed PersistentFrame Addr=0x000001ed2d76db40, Size=56
[2019.03.11-16.03.06:243][158]Cmd: OBJ SAVEPACKAGE PACKAGE="/Game/Blueprint/BP_TwinStickGameMode" FILE="../../../../../Oyvind_Unreal/VikingShooter/Content/Blueprint/BP_TwinStickGameMode.uasset" SILENT=true
[2019.03.11-16.03.06:384][158]LogSavePackage: Save=116.64ms
[2019.03.11-16.03.06:384][158]LogSavePackage: Moving '../../../../../Oyvind_Unreal/VikingShooter/Saved/BP_TwinStickGameMode4C3707644FD4D488FC024DB0B43CA645.tmp' to '../../../../../Oyvind_Unreal/VikingShooter/Content/Blueprint/BP_TwinStickGameMode.uasset'
[2019.03.11-16.03.06:397][158]LogSavePackage: Display: Finished SavePackage ../../../../../Oyvind_Unreal/VikingShooter/Content/Blueprint/BP_TwinStickGameMode.uasset
[2019.03.11-16.03.06:798][199]LogTemp: Repeating last play command: Selected Viewport
[2019.03.11-16.03.06:828][199]LogPlayLevel: PlayLevel: No blueprints needed recompiling
[2019.03.11-16.03.06:828][199]PIE: New page: PIE session: Level01 (Mar 11, 2019, 6:03:06 PM)
[2019.03.11-16.03.06:828][199]LogPlayLevel: Creating play world package: /Game/Maps/UEDPIE_0_Level01
[2019.03.11-16.03.06:834][199]LogPlayLevel: PIE: StaticDuplicateObject took: (0.006383s)
[2019.03.11-16.03.06:834][199]LogAIModule: Creating AISystem for world Level01
[2019.03.11-16.03.06:835][199]LogPlayLevel: PIE: World Init took: (0.000701s)
[2019.03.11-16.03.06:835][199]LogPlayLevel: PIE: Created PIE world by copying editor world from /Game/Maps/Level01.Level01 to /Game/Maps/UEDPIE_0_Level01.Level01 (0.007231s)
[2019.03.11-16.03.06:909][199]LogInit: XAudio2 using 'Speakers (Realtek High Definition Audio)' : 6 channels at 48 kHz using 32 bits per sample (channel mask 0x3f)
[2019.03.11-16.03.07:071][199]LogInit: FAudioDevice initialized.
[2019.03.11-16.03.07:231][199]LogLoad: Game class is 'BP_TwinStickGameMode_C'
[2019.03.11-16.03.07:238][199]LogWorld: Bringing World /Game/Maps/UEDPIE_0_Level01.Level01 up for play (max tick rate 0) at 2019.03.11-17.03.07
[2019.03.11-16.03.07:241][199]LogWorld: Bringing up level for play took: 0.008583
[2019.03.11-16.03.07:248][199]PIE: Play in editor start time for /Game/Maps/UEDPIE_0_Level01 1.266
[2019.03.11-16.03.11:017][514]LogSlate: Window 'VikingShooter Game Preview Standalone (64-bit/PCD3D_SM5)' being destroyed
[2019.03.11-16.03.14:629][918]BlueprintLog: New page: Compile BP_TwinStickGameMode
[2019.03.11-16.03.14:639][918]LogUObjectGlobals: Destroyed PersistentFrame Addr=0x000001ed3091d638, Size=56
[2019.03.11-16.03.14:639][918]LogUObjectGlobals: Created PersistentFrame Addr=0x000001ed2d76f628, Size=56, BP_TwinStickGameMode_C_10 Function /Engine/Transient.REINST_BP_TwinStickGameMode_C_61:ExecuteUbergraph_BP_TwinStickGameMode
[2019.03.11-16.03.14:642][918]LogUObjectGlobals: Created PersistentFrame Addr=0x000001ed2d76dbb0, Size=56, Default__BP_TwinStickGameMode_C Function /Game/Blueprint/BP_TwinStickGameMode.BP_TwinStickGameMode_C:ExecuteUbergraph_BP_TwinStickGameMode
[2019.03.11-16.03.17:452][222]LogTemp: Repeating last play command: Selected Viewport
[2019.03.11-16.03.17:480][222]LogPlayLevel: PlayLevel: No blueprints needed recompiling
[2019.03.11-16.03.17:480][222]PIE: New page: PIE session: Level01 (Mar 11, 2019, 6:03:17 PM)
[2019.03.11-16.03.17:480][222]LogPlayLevel: Creating play world package: /Game/Maps/UEDPIE_0_Level01
[2019.03.11-16.03.17:490][222]LogPlayLevel: PIE: StaticDuplicateObject took: (0.009262s)
[2019.03.11-16.03.17:490][222]LogAIModule: Creating AISystem for world Level01
[2019.03.11-16.03.17:490][222]LogPlayLevel: PIE: World Init took: (0.000761s)
[2019.03.11-16.03.17:490][222]LogPlayLevel: PIE: Created PIE world by copying editor world from /Game/Maps/Level01.Level01 to /Game/Maps/UEDPIE_0_Level01.Level01 (0.010225s)
[2019.03.11-16.03.17:569][222]LogInit: XAudio2 using 'Speakers (Realtek High Definition Audio)' : 6 channels at 48 kHz using 32 bits per sample (channel mask 0x3f)
[2019.03.11-16.03.17:727][222]LogInit: FAudioDevice initialized.
[2019.03.11-16.03.17:822][222]LogLoad: Game class is 'BP_TwinStickGameMode_C'
[2019.03.11-16.03.17:831][222]LogWorld: Bringing World /Game/Maps/UEDPIE_0_Level01.Level01 up for play (max tick rate 0) at 2019.03.11-17.03.17
[2019.03.11-16.03.17:833][222]LogWorld: Bringing up level for play took: 0.009481
[2019.03.11-16.03.17:841][222]PIE: Play in editor start time for /Game/Maps/UEDPIE_0_Level01 -0.141
