Log file open, 03/06/19 13:05:06
LogWindows: Failed to load 'aqProf.dll' (GetLastError=126)
LogWindows: File 'aqProf.dll' does not exist
LogWindows: Failed to load 'VtuneApi.dll' (GetLastError=126)
LogWindows: File 'VtuneApi.dll' does not exist
LogWindows: Failed to load 'VtuneApi32e.dll' (GetLastError=126)
LogWindows: File 'VtuneApi32e.dll' does not exist
LogInit: Display: Running engine for game: VikingShooter
LogPlatformFile: Not using cached read wrapper
LogInit: Display: RandInit(990274626) SRandInit(990274626).
LogInit: Read version file with build ID '3944462'
LogInit: Overriding engine version to CL 4033788, compatible CL 3944462
LogInit: Registered custom module enumerator with build ID '3944462'
LogTaskGraph: Started task graph with 5 named threads and 23 total threads with 3 sets of task threads.
LogStats: Stats thread started at 0.767770
LogD3D11RHI: Aftermath initialized
LogICUInternationalization: Display: ICU TimeZone Detection - Raw Offset: +1:00, Platform Override: ''
LogPluginManager: Mounting plugin Paper2D
LogPluginManager: Mounting plugin LiveLink
LogPluginManager: Mounting plugin LightPropagationVolume
LogPluginManager: Mounting plugin CLionSourceCodeAccess
LogPluginManager: Mounting plugin CodeLiteSourceCodeAccess
LogPluginManager: Mounting plugin GitSourceControl
LogPluginManager: Mounting plugin KDevelopSourceCodeAccess
LogPluginManager: Mounting plugin NullSourceCodeAccess
LogPluginManager: Mounting plugin PerforceSourceControl
LogPluginManager: Mounting plugin SubversionSourceControl
LogPluginManager: Mounting plugin UObjectPlugin
LogPluginManager: Mounting plugin VisualStudioCodeSourceCodeAccess
LogPluginManager: Mounting plugin VisualStudioSourceCodeAccess
LogPluginManager: Mounting plugin XCodeSourceCodeAccess
LogPluginManager: Mounting plugin AssetManagerEditor
LogPluginManager: Mounting plugin CryptoKeys
LogPluginManager: Mounting plugin DataValidation
LogPluginManager: Mounting plugin FacialAnimation
LogPluginManager: Mounting plugin GameplayTagsEditor
LogPluginManager: Mounting plugin MobileLauncherProfileWizard
LogPluginManager: Mounting plugin PluginBrowser
LogPluginManager: Mounting plugin SpeedTreeImporter
LogPluginManager: Mounting plugin DatasmithContent
LogPluginManager: Mounting plugin AlembicImporter
LogPluginManager: Mounting plugin CharacterAI
LogPluginManager: Mounting plugin HTML5Networking
LogPluginManager: Mounting plugin AndroidMedia
LogPluginManager: Mounting plugin AvfMedia
LogPluginManager: Mounting plugin ImgMedia
LogPluginManager: Mounting plugin LinearTimecode
LogPluginManager: Mounting plugin MediaCompositing
LogPluginManager: Mounting plugin MediaPlayerEditor
LogPluginManager: Mounting plugin WmfMedia
LogPluginManager: Mounting plugin TcpMessaging
LogPluginManager: Mounting plugin UdpMessaging
LogPluginManager: Mounting plugin ActorSequence
LogPluginManager: Mounting plugin LevelSequenceEditor
LogPluginManager: Mounting plugin MatineeToLevelSequence
LogPluginManager: Mounting plugin NetcodeUnitTest
LogPluginManager: Mounting plugin NUTUnrealEngine4
LogPluginManager: Mounting plugin OnlineSubsystemGooglePlay
LogPluginManager: Mounting plugin OnlineSubsystemIOS
LogPluginManager: Mounting plugin OnlineSubsystem
LogPluginManager: Mounting plugin OnlineSubsystemNull
LogPluginManager: Mounting plugin OnlineSubsystemUtils
LogPluginManager: Mounting plugin AndroidDeviceProfileSelector
LogPluginManager: Mounting plugin AndroidMoviePlayer
LogPluginManager: Mounting plugin AndroidPermission
LogPluginManager: Mounting plugin AppleARKit
LogPluginManager: Mounting plugin AppleMoviePlayer
LogPluginManager: Mounting plugin ArchVisCharacter
LogPluginManager: Mounting plugin AudioCapture
LogPluginManager: Mounting plugin CableComponent
LogPluginManager: Mounting plugin CustomMeshComponent
LogPluginManager: Mounting plugin ExampleDeviceProfileSelector
LogPluginManager: Mounting plugin GoogleCloudMessaging
LogPluginManager: Mounting plugin ImmediatePhysics
LogPluginManager: Mounting plugin IOSDeviceProfileSelector
LogPluginManager: Mounting plugin LinuxDeviceProfileSelector
LogPluginManager: Mounting plugin LocationServicesBPLibrary
LogPluginManager: Mounting plugin MobilePatchingUtils
LogPluginManager: Mounting plugin OculusVR
LogPluginManager: Plugin shader directory ../../../Engine/Plugins/Runtime/Oculus/OculusVR/Shaders found
LogPluginManager: Mapping shader source directory ../../../Engine/Plugins/Runtime/Oculus/OculusVR/Shaders to virtual directory /Plugin/OculusVR
LogPluginManager: Mounting plugin PhysXVehicles
LogPluginManager: Mounting plugin ProceduralMeshComponent
LogPluginManager: Mounting plugin RuntimePhysXCooking
LogPluginManager: Mounting plugin SteamVR
LogPluginManager: Mounting plugin WindowsMoviePlayer
LogStreaming: Display: Took  1.160s to configure plugins.
LogModuleManager: Display: Found up-to-date module file ../../../../../Oyvind_Unreal/VikingShooter/Binaries/Win64/UE4Editor-VikingShooter-293.dll (API version 3944462).
LogModuleManager: Display: Found up-to-date module file ../../../Engine/Plugins/2D/Paper2D/Binaries/Win64/UE4Editor-Paper2D.dll (API version 3944462).
LogModuleManager: Display: Found up-to-date module file ../../../Engine/Plugins/2D/Paper2D/Binaries/Win64/UE4Editor-Paper2DEditor.dll (API version 3944462).
LogModuleManager: Display: Found up-to-date module file ../../../Engine/Plugins/2D/Paper2D/Binaries/Win64/UE4Editor-PaperSpriteSheetImporter.dll (API version 3944462).
LogModuleManager: Display: Found up-to-date module file ../../../Engine/Plugins/2D/Paper2D/Binaries/Win64/UE4Editor-PaperTiledImporter.dll (API version 3944462).
LogModuleManager: Display: Found up-to-date module file ../../../Engine/Plugins/2D/Paper2D/Binaries/Win64/UE4Editor-SmartSnapping.dll (API version 3944462).
LogModuleManager: Display: Found up-to-date module file ../../../Engine/Plugins/Animation/LiveLink/Binaries/Win64/UE4Editor-LiveLink.dll (API version 3944462).
LogModuleManager: Display: Found up-to-date module file ../../../Engine/Plugins/Animation/LiveLink/Binaries/Win64/UE4Editor-LiveLinkEditor.dll (API version 3944462).
LogModuleManager: Display: Found up-to-date module file ../../../Engine/Plugins/Blendables/LightPropagationVolume/Binaries/Win64/UE4Editor-LightPropagationVolumeRuntime.dll (API version 3944462).
LogModuleManager: Display: Found up-to-date module file ../../../Engine/Plugins/Blendables/LightPropagationVolume/Binaries/Win64/UE4Editor-LightPropagationVolumeEditor.dll (API version 3944462).
LogModuleManager: Display: Found up-to-date module file ../../../Engine/Plugins/Developer/CLionSourceCodeAccess/Binaries/Win64/UE4Editor-CLionSourceCodeAccess.dll (API version 3944462).
LogModuleManager: Display: Found up-to-date module file ../../../Engine/Plugins/Developer/GitSourceControl/Binaries/Win64/UE4Editor-GitSourceControl.dll (API version 3944462).
LogModuleManager: Display: Found up-to-date module file ../../../Engine/Plugins/Developer/PerforceSourceControl/Binaries/Win64/UE4Editor-PerforceSourceControl.dll (API version 3944462).
LogModuleManager: Display: Found up-to-date module file ../../../Engine/Plugins/Developer/SubversionSourceControl/Binaries/Win64/UE4Editor-SubversionSourceControl.dll (API version 3944462).
LogModuleManager: Display: Found up-to-date module file ../../../Engine/Plugins/Developer/UObjectPlugin/Binaries/Win64/UE4Editor-UObjectPlugin.dll (API version 3944462).
LogModuleManager: Display: Found up-to-date module file ../../../Engine/Plugins/Developer/VisualStudioCodeSourceCodeAccess/Binaries/Win64/UE4Editor-VisualStudioCodeSourceCodeAccess.dll (API version 3944462).
LogModuleManager: Display: Found up-to-date module file ../../../Engine/Plugins/Developer/VisualStudioSourceCodeAccess/Binaries/Win64/UE4Editor-VisualStudioSourceCodeAccess.dll (API version 3944462).
LogModuleManager: Display: Found up-to-date module file ../../../Engine/Plugins/Editor/AssetManagerEditor/Binaries/Win64/UE4Editor-AssetManagerEditor.dll (API version 3944462).
LogModuleManager: Display: Found up-to-date module file ../../../Engine/Plugins/Editor/CryptoKeys/Binaries/Win64/UE4Editor-CryptoKeys.dll (API version 3944462).
LogModuleManager: Display: Found up-to-date module file ../../../Engine/Plugins/Editor/CryptoKeys/Binaries/Win64/UE4Editor-CryptoKeysOpenSSL.dll (API version 3944462).
LogModuleManager: Display: Found up-to-date module file ../../../Engine/Plugins/Editor/DataValidation/Binaries/Win64/UE4Editor-DataValidation.dll (API version 3944462).
LogModuleManager: Display: Found up-to-date module file ../../../Engine/Plugins/Editor/FacialAnimation/Binaries/Win64/UE4Editor-FacialAnimation.dll (API version 3944462).
LogModuleManager: Display: Found up-to-date module file ../../../Engine/Plugins/Editor/FacialAnimation/Binaries/Win64/UE4Editor-FacialAnimationEditor.dll (API version 3944462).
LogModuleManager: Display: Found up-to-date module file ../../../Engine/Plugins/Editor/GameplayTagsEditor/Binaries/Win64/UE4Editor-GameplayTagsEditor.dll (API version 3944462).
LogModuleManager: Display: Found up-to-date module file ../../../Engine/Plugins/Editor/MobileLauncherProfileWizard/Binaries/Win64/UE4Editor-MobileLauncherProfileWizard.dll (API version 3944462).
LogModuleManager: Display: Found up-to-date module file ../../../Engine/Plugins/Editor/PluginBrowser/Binaries/Win64/UE4Editor-PluginBrowser.dll (API version 3944462).
LogModuleManager: Display: Found up-to-date module file ../../../Engine/Plugins/Editor/SpeedTreeImporter/Binaries/Win64/UE4Editor-SpeedTreeImporter.dll (API version 3944462).
LogModuleManager: Display: Found up-to-date module file ../../../Engine/Plugins/Enterprise/DatasmithContent/Binaries/Win64/UE4Editor-DatasmithContent.dll (API version 3944462).
LogModuleManager: Display: Found up-to-date module file ../../../Engine/Plugins/Experimental/AlembicImporter/Binaries/Win64/UE4Editor-AlembicImporter.dll (API version 3944462).
LogModuleManager: Display: Found up-to-date module file ../../../Engine/Plugins/Experimental/AlembicImporter/Binaries/Win64/UE4Editor-AlembicLibrary.dll (API version 3944462).
LogModuleManager: Display: Found up-to-date module file ../../../Engine/Plugins/Experimental/CharacterAI/Binaries/Win64/UE4Editor-CharacterAI.dll (API version 3944462).
LogModuleManager: Display: Found up-to-date module file ../../../Engine/Plugins/Experimental/HTML5Networking/Binaries/Win64/UE4Editor-HTML5Networking.dll (API version 3944462).
LogModuleManager: Display: Found up-to-date module file ../../../Engine/Plugins/Media/AndroidMedia/Binaries/Win64/UE4Editor-AndroidMediaEditor.dll (API version 3944462).
LogModuleManager: Display: Found up-to-date module file ../../../Engine/Plugins/Media/AndroidMedia/Binaries/Win64/UE4Editor-AndroidMediaFactory.dll (API version 3944462).
LogModuleManager: Display: Found up-to-date module file ../../../Engine/Plugins/Media/AvfMedia/Binaries/Win64/UE4Editor-AvfMediaEditor.dll (API version 3944462).
LogModuleManager: Display: Found up-to-date module file ../../../Engine/Plugins/Media/AvfMedia/Binaries/Win64/UE4Editor-AvfMediaFactory.dll (API version 3944462).
LogModuleManager: Display: Found up-to-date module file ../../../Engine/Plugins/Media/AvfMedia/Binaries/Win64/UE4Editor-AvfMediaFactory.dll (API version 3944462).
LogModuleManager: Display: Found up-to-date module file ../../../Engine/Plugins/Media/ImgMedia/Binaries/Win64/UE4Editor-ImgMedia.dll (API version 3944462).
LogModuleManager: Display: Found up-to-date module file ../../../Engine/Plugins/Media/ImgMedia/Binaries/Win64/UE4Editor-ImgMediaEditor.dll (API version 3944462).
LogModuleManager: Display: Found up-to-date module file ../../../Engine/Plugins/Media/ImgMedia/Binaries/Win64/UE4Editor-ImgMediaFactory.dll (API version 3944462).
LogModuleManager: Display: Found up-to-date module file ../../../Engine/Plugins/Media/ImgMedia/Binaries/Win64/UE4Editor-ImgMediaFactory.dll (API version 3944462).
LogModuleManager: Display: Found up-to-date module file ../../../Engine/Plugins/Media/ImgMedia/Binaries/Win64/UE4Editor-OpenExrWrapper.dll (API version 3944462).
LogModuleManager: Display: Found up-to-date module file ../../../Engine/Plugins/Media/LinearTimecode/Binaries/Win64/UE4Editor-LinearTimecode.dll (API version 3944462).
LogModuleManager: Display: Found up-to-date module file ../../../Engine/Plugins/Media/MediaCompositing/Binaries/Win64/UE4Editor-MediaCompositing.dll (API version 3944462).
LogModuleManager: Display: Found up-to-date module file ../../../Engine/Plugins/Media/MediaCompositing/Binaries/Win64/UE4Editor-MediaCompositingEditor.dll (API version 3944462).
LogModuleManager: Display: Found up-to-date module file ../../../Engine/Plugins/Media/MediaPlayerEditor/Binaries/Win64/UE4Editor-MediaPlayerEditor.dll (API version 3944462).
LogModuleManager: Display: Found up-to-date module file ../../../Engine/Plugins/Media/WmfMedia/Binaries/Win64/UE4Editor-WmfMedia.dll (API version 3944462).
LogModuleManager: Display: Found up-to-date module file ../../../Engine/Plugins/Media/WmfMedia/Binaries/Win64/UE4Editor-WmfMediaEditor.dll (API version 3944462).
LogModuleManager: Display: Found up-to-date module file ../../../Engine/Plugins/Media/WmfMedia/Binaries/Win64/UE4Editor-WmfMediaFactory.dll (API version 3944462).
LogModuleManager: Display: Found up-to-date module file ../../../Engine/Plugins/Media/WmfMedia/Binaries/Win64/UE4Editor-WmfMediaFactory.dll (API version 3944462).
LogModuleManager: Display: Found up-to-date module file ../../../Engine/Plugins/Messaging/TcpMessaging/Binaries/Win64/UE4Editor-TcpMessaging.dll (API version 3944462).
LogModuleManager: Display: Found up-to-date module file ../../../Engine/Plugins/Messaging/UdpMessaging/Binaries/Win64/UE4Editor-UdpMessaging.dll (API version 3944462).
LogModuleManager: Display: Found up-to-date module file ../../../Engine/Plugins/MovieScene/ActorSequence/Binaries/Win64/UE4Editor-ActorSequence.dll (API version 3944462).
LogModuleManager: Display: Found up-to-date module file ../../../Engine/Plugins/MovieScene/LevelSequenceEditor/Binaries/Win64/UE4Editor-LevelSequenceEditor.dll (API version 3944462).
LogModuleManager: Display: Found up-to-date module file ../../../Engine/Plugins/MovieScene/MatineeToLevelSequence/Binaries/Win64/UE4Editor-MatineeToLevelSequence.dll (API version 3944462).
LogModuleManager: Display: Found up-to-date module file ../../../Engine/Plugins/NetcodeUnitTest/NetcodeUnitTest/Binaries/Win64/UE4Editor-NetcodeUnitTest.dll (API version 3944462).
LogModuleManager: Display: Found up-to-date module file ../../../Engine/Plugins/NetcodeUnitTest/NUTUnrealEngine4/Binaries/Win64/UE4Editor-NUTUnrealEngine4.dll (API version 3944462).
LogModuleManager: Display: Found up-to-date module file ../../../Engine/Plugins/Online/OnlineSubsystem/Binaries/Win64/UE4Editor-OnlineSubsystem.dll (API version 3944462).
LogModuleManager: Display: Found up-to-date module file ../../../Engine/Plugins/Online/OnlineSubsystemNull/Binaries/Win64/UE4Editor-OnlineSubsystemNull.dll (API version 3944462).
LogModuleManager: Display: Found up-to-date module file ../../../Engine/Plugins/Online/OnlineSubsystemUtils/Binaries/Win64/UE4Editor-OnlineSubsystemUtils.dll (API version 3944462).
LogModuleManager: Display: Found up-to-date module file ../../../Engine/Plugins/Online/OnlineSubsystemUtils/Binaries/Win64/UE4Editor-OnlineBlueprintSupport.dll (API version 3944462).
LogModuleManager: Display: Found up-to-date module file ../../../Engine/Plugins/Runtime/AndroidDeviceProfileSelector/Binaries/Win64/UE4Editor-AndroidDeviceProfileSelector.dll (API version 3944462).
LogModuleManager: Display: Found up-to-date module file ../../../Engine/Plugins/Runtime/AndroidPermission/Binaries/Win64/UE4Editor-AndroidPermission.dll (API version 3944462).
LogModuleManager: Display: Found up-to-date module file ../../../Engine/Plugins/Runtime/AppleARKit/Binaries/Win64/UE4Editor-AppleARKit.dll (API version 3944462).
LogModuleManager: Display: Found up-to-date module file ../../../Engine/Plugins/Runtime/ArchVisCharacter/Binaries/Win64/UE4Editor-ArchVisCharacter.dll (API version 3944462).
LogModuleManager: Display: Found up-to-date module file ../../../Engine/Plugins/Runtime/AudioCapture/Binaries/Win64/UE4Editor-AudioCapture.dll (API version 3944462).
LogModuleManager: Display: Found up-to-date module file ../../../Engine/Plugins/Runtime/AudioCapture/Binaries/Win64/UE4Editor-AudioCaptureEditor.dll (API version 3944462).
LogModuleManager: Display: Found up-to-date module file ../../../Engine/Plugins/Runtime/CableComponent/Binaries/Win64/UE4Editor-CableComponent.dll (API version 3944462).
LogModuleManager: Display: Found up-to-date module file ../../../Engine/Plugins/Runtime/CustomMeshComponent/Binaries/Win64/UE4Editor-CustomMeshComponent.dll (API version 3944462).
LogModuleManager: Display: Found up-to-date module file ../../../Engine/Plugins/Runtime/ExampleDeviceProfileSelector/Binaries/Win64/UE4Editor-ExampleDeviceProfileSelector.dll (API version 3944462).
LogModuleManager: Display: Found up-to-date module file ../../../Engine/Plugins/Runtime/ImmediatePhysics/Binaries/Win64/UE4Editor-ImmediatePhysics.dll (API version 3944462).
LogModuleManager: Display: Found up-to-date module file ../../../Engine/Plugins/Runtime/ImmediatePhysics/Binaries/Win64/UE4Editor-ImmediatePhysicsEditor.dll (API version 3944462).
LogModuleManager: Display: Found up-to-date module file ../../../Engine/Plugins/Runtime/LocationServicesBPLibrary/Binaries/Win64/UE4Editor-LocationServicesBPLibrary.dll (API version 3944462).
LogModuleManager: Display: Found up-to-date module file ../../../Engine/Plugins/Runtime/MobilePatchingUtils/Binaries/Win64/UE4Editor-MobilePatchingUtils.dll (API version 3944462).
LogModuleManager: Display: Found up-to-date module file ../../../Engine/Plugins/Runtime/Oculus/OculusVR/Binaries/Win64/UE4Editor-OculusHMD.dll (API version 3944462).
LogModuleManager: Display: Found up-to-date module file ../../../Engine/Plugins/Runtime/Oculus/OculusVR/Binaries/Win64/UE4Editor-OculusInput.dll (API version 3944462).
LogModuleManager: Display: Found up-to-date module file ../../../Engine/Plugins/Runtime/Oculus/OculusVR/Binaries/Win64/UE4Editor-OculusEditor.dll (API version 3944462).
LogModuleManager: Display: Found up-to-date module file ../../../Engine/Plugins/Runtime/PhysXVehicles/Binaries/Win64/UE4Editor-PhysXVehicles.dll (API version 3944462).
LogModuleManager: Display: Found up-to-date module file ../../../Engine/Plugins/Runtime/PhysXVehicles/Binaries/Win64/UE4Editor-PhysXVehiclesEditor.dll (API version 3944462).
LogModuleManager: Display: Found up-to-date module file ../../../Engine/Plugins/Runtime/ProceduralMeshComponent/Binaries/Win64/UE4Editor-ProceduralMeshComponent.dll (API version 3944462).
LogModuleManager: Display: Found up-to-date module file ../../../Engine/Plugins/Runtime/ProceduralMeshComponent/Binaries/Win64/UE4Editor-ProceduralMeshComponentEditor.dll (API version 3944462).
LogModuleManager: Display: Found up-to-date module file ../../../Engine/Plugins/Runtime/RuntimePhysXCooking/Binaries/Win64/UE4Editor-RuntimePhysXCooking.dll (API version 3944462).
LogModuleManager: Display: Found up-to-date module file ../../../Engine/Plugins/Runtime/Steam/SteamVR/Binaries/Win64/UE4Editor-SteamVR.dll (API version 3944462).
LogModuleManager: Display: Found up-to-date module file ../../../Engine/Plugins/Runtime/Steam/SteamVR/Binaries/Win64/UE4Editor-SteamVRController.dll (API version 3944462).
LogModuleManager: Display: Found up-to-date module file ../../../Engine/Plugins/Runtime/WindowsMoviePlayer/Binaries/Win64/UE4Editor-WindowsMoviePlayer.dll (API version 3944462).
LogInit: Using libcurl 7.47.1
LogInit:  - built for x86_64-pc-win32
LogInit:  - supports SSL with OpenSSL/1.0.2g
LogInit:  - supports HTTP deflate (compression) using libz 1.2.8
LogInit:  - other features:
LogInit:      CURL_VERSION_SSL
LogInit:      CURL_VERSION_LIBZ
LogInit:      CURL_VERSION_IPV6
LogInit:      CURL_VERSION_ASYNCHDNS
LogInit:      CURL_VERSION_LARGEFILE
LogInit:      CURL_VERSION_IDN
LogInit:  CurlRequestOptions (configurable via config and command line):
LogInit:  - bVerifyPeer = false  - Libcurl will NOT verify peer certificate
LogInit:  - bUseHttpProxy = false  - Libcurl will NOT use HTTP proxy
LogInit:  - bDontReuseConnections = false  - Libcurl will reuse connections
LogInit:  - CertBundlePath = nullptr  - Libcurl will use whatever was configured at build time.
LogInit:  - MaxHostConnections = 16  - Libcurl will limit the number of connections to a host
LogInit:  - LocalHostAddr = Default
LogInit: WinSock: version 1.1 (2.2), MaxSocks=32767, MaxUdp=65467
LogInit: WinSock: I am oyvind (127.0.0.1:0)
LogInit: Build: ++UE4+Release-4.19-CL-4033788
LogInit: Engine Version: 4.19.2-4033788+++UE4+Release-4.19
LogInit: Compatible Engine Version: 4.19.0-3944462+++UE4+Release-4.19
LogInit: Net CL: 3944462
LogDevObjectVersion: Number of dev versions registered: 18
LogDevObjectVersion:   Dev-Blueprints (B0D832E4-1F89-4F0D-ACCF-7EB736FD4AA2): 10
LogDevObjectVersion:   Dev-Build (E1C64328-A22C-4D53-A36C-8E866417BD8C): 0
LogDevObjectVersion:   Dev-Core (375EC13C-06E4-48FB-B500-84F0262A717E): 2
LogDevObjectVersion:   Dev-Editor (E4B068ED-F494-42E9-A231-DA0B2E46BB41): 23
LogDevObjectVersion:   Dev-Framework (CFFC743F-43B0-4480-9391-14DF171D2073): 33
LogDevObjectVersion:   Dev-Mobile (B02B49B5-BB20-44E9-A304-32B752E40360): 2
LogDevObjectVersion:   Dev-Networking (A4E4105C-59A1-49B5-A7C5-40C4547EDFEE): 0
LogDevObjectVersion:   Dev-Online (39C831C9-5AE6-47DC-9A44-9C173E1C8E7C): 0
LogDevObjectVersion:   Dev-Physics (78F01B33-EBEA-4F98-B9B4-84EACCB95AA2): 0
LogDevObjectVersion:   Dev-Platform (6631380F-2D4D-43E0-8009-CF276956A95A): 0
LogDevObjectVersion:   Dev-Rendering (12F88B9F-8875-4AFC-A67C-D90C383ABD29): 25
LogDevObjectVersion:   Dev-Sequencer (7B5AE74C-D270-4C10-A958-57980B212A5A): 6
LogDevObjectVersion:   Dev-VR (D7296918-1DD6-4BDD-9DE2-64A83CC13884): 1
LogDevObjectVersion:   Dev-LoadTimes (C2A15278-BFE7-4AFE-6C17-90FF531DF755): 1
LogDevObjectVersion:   Private-Geometry (6EACA3D4-40EC-4CC1-B786-8BED09428FC5): 2
LogDevObjectVersion:   Dev-AnimPhys (29E575DD-E0A3-4627-9D10-D276232CDCEA): 16
LogDevObjectVersion:   Dev-ReflectionCapture (6B266CEC-1EC7-4B8F-A30B-E4D90942FC07): 1
LogDevObjectVersion:   Dev-Automation (0DF73D61-A23F-47EA-B727-89E90C41499A): 1
LogInit: Compiled (64-bit): Apr 27 2018 02:06:57
LogInit: Compiled with Visual C++: 19.00.24215.01
LogInit: Build Configuration: Development
LogInit: Branch Name: ++UE4+Release-4.19
LogInit: Command Line:  
LogInit: Base Directory: D:/Epic Games/UE_4.19/Engine/Binaries/Win64/
LogInit: Installed Engine Build: 1
LogStreaming: Display: Took  0.020s to delete old logs.
LogInit: Presizing for max 8388607 objects, including 0 objects not considered by GC, pre-allocating 0 bytes for permanent pool.
LogInit: Object subsystem initialized
[2019.03.06-12.05.19:936][  0]LogInit: Selected Device Profile: [Windows]
[2019.03.06-12.05.19:936][  0]LogInit: Applying CVar settings loaded from the selected device profile: [Windows]
[2019.03.06-12.05.20:224][  0]LogInit: Computer: OYVIND
[2019.03.06-12.05.20:225][  0]LogInit: User: øyvind
[2019.03.06-12.05.20:225][  0]LogInit: CPU Page size=4096, Cores=4
[2019.03.06-12.05.20:225][  0]LogInit: High frequency timer resolution =2.742188 MHz
[2019.03.06-12.05.20:231][  0]LogMemory: Memory total: Physical=15.9GB (16GB approx)
[2019.03.06-12.05.20:231][  0]LogMemory: Platform Memory Stats for Windows
[2019.03.06-12.05.20:232][  0]LogMemory: Process Physical Memory: 275.66 MB used, 275.66 MB peak
[2019.03.06-12.05.20:232][  0]LogMemory: Process Virtual Memory: 265.92 MB used, 265.92 MB peak
[2019.03.06-12.05.20:232][  0]LogMemory: Physical Memory: 6239.63 MB used,  10031.99 MB free, 16271.62 MB total
[2019.03.06-12.05.20:232][  0]LogMemory: Virtual Memory: 4782.70 MB used,  10031.99 MB free, 134217728.00 MB total
[2019.03.06-12.05.26:514][  0]LogInit: Using OS detected language (en-US).
[2019.03.06-12.05.26:514][  0]LogInit: Using OS detected locale (en-US).
[2019.03.06-12.05.26:884][  0]LogTextLocalizationManager: No specific localization for 'en-US' exists, so the 'en' localization will be used.
[2019.03.06-12.05.28:706][  0]LogStreaming: Display: Took  2.079s to EndInitTextLocalization.
[2019.03.06-12.05.28:749][  0]LogInit: Setting process to per monitor DPI aware
[2019.03.06-12.05.29:535][  0]LogSlate: New Slate User Created.  User Index 0, Is Virtual User: 0
[2019.03.06-12.05.29:535][  0]LogSlate: Slate User Registered.  User Index 0, Is Virtual User: 0
[2019.03.06-12.05.34:194][  0]LogD3D11RHI: D3D11 adapters:
[2019.03.06-12.05.35:212][  0]LogD3D11RHI:    0. 'NVIDIA GeForce GTX 1060' (Feature Level 11_0)
[2019.03.06-12.05.35:212][  0]LogD3D11RHI:       6052/0/8135 MB DedicatedVideo/DedicatedSystem/SharedSystem, Outputs:1, VendorId:0x10de
[2019.03.06-12.05.35:242][  0]LogD3D11RHI:    1. 'Intel(R) HD Graphics 630' (Feature Level 11_0)
[2019.03.06-12.05.35:242][  0]LogD3D11RHI:       128/0/8135 MB DedicatedVideo/DedicatedSystem/SharedSystem, Outputs:0, VendorId:0x8086
[2019.03.06-12.05.35:249][  0]LogD3D11RHI:    2. 'Microsoft Basic Render Driver' (Feature Level 11_0)
[2019.03.06-12.05.35:249][  0]LogD3D11RHI:       0/0/8135 MB DedicatedVideo/DedicatedSystem/SharedSystem, Outputs:0, VendorId:0x1414
[2019.03.06-12.05.35:249][  0]LogD3D11RHI: Chosen D3D11 Adapter: 0
[2019.03.06-12.05.35:375][  0]LogD3D11RHI: Creating new Direct3DDevice
[2019.03.06-12.05.35:375][  0]LogD3D11RHI:     GPU DeviceId: 0x1c20 (for the marketing name, search the web for "GPU Device Id")
[2019.03.06-12.05.35:375][  0]LogWindows: EnumDisplayDevices:
[2019.03.06-12.05.35:375][  0]LogWindows:    0. 'Intel(R) HD Graphics 630' (P:1 D:1)
[2019.03.06-12.05.35:375][  0]LogWindows:    1. 'Intel(R) HD Graphics 630' (P:0 D:0)
[2019.03.06-12.05.35:376][  0]LogWindows:    2. 'Intel(R) HD Graphics 630' (P:0 D:0)
[2019.03.06-12.05.35:376][  0]LogWindows:    3. 'NVIDIA GeForce GTX 1060' (P:0 D:0)
[2019.03.06-12.05.35:377][  0]LogWindows:    4. 'NVIDIA GeForce GTX 1060' (P:0 D:0)
[2019.03.06-12.05.35:377][  0]LogWindows:    5. 'NVIDIA GeForce GTX 1060' (P:0 D:0)
[2019.03.06-12.05.35:378][  0]LogWindows:    6. 'NVIDIA GeForce GTX 1060' (P:0 D:0)
[2019.03.06-12.05.35:378][  0]LogWindows: DebugString: GetVideoDriverDetailsInvalid PrimaryIsNotTheChoosenAdapter GetVideoDriverDetailsInvalid PrimaryIsNotTheChoosenAdapter GetVideoDriverDetailsInvalid PrimaryIsNotTheChoosenAdapter GetVideoDriverDetailsInvalid PrimaryIsNotTheChoosenAdapter GetVideoDriverDetailsInvalid PrimaryIsNotTheChoosenAdapter GetVideoDriverDetailsInvalid PrimaryIsNotTheChoosenAdapter GetVideoDriverDetailsInvalid PrimaryIsNotTheChoosenAdapter FoundDriverCount:0 
[2019.03.06-12.05.35:378][  0]LogD3D11RHI:     Adapter Name: NVIDIA GeForce GTX 1060
[2019.03.06-12.05.35:475][  0]LogD3D11RHI:   Driver Version: Unknown (internal:Unknown, unified:Unknown)
[2019.03.06-12.05.35:475][  0]LogD3D11RHI:      Driver Date: Unknown
[2019.03.06-12.05.35:475][  0]LogRHI: Texture pool is 4236 MB (70% of 6052 MB)
[2019.03.06-12.05.35:537][  0]LogD3D11RHI: [Aftermath] Aftermath enabled and primed
[2019.03.06-12.05.35:537][  0]LogD3D11RHI: [Aftermath] Aftermath enabled and primed
[2019.03.06-12.05.35:537][  0]LogD3D11RHI: Async texture creation enabled
[2019.03.06-12.05.35:973][  0]LogD3D11RHI: GPU Timing Frequency: 1000.000000 (Debug: 2 2)
[2019.03.06-12.05.36:099][  0]LogShaderCompilers: Guid format shader working directory is 6 characters bigger than the processId version (../../../../../Oyvind_Unreal/VikingShooter/Intermediate/Shaders/WorkingDirectory/9992/).
[2019.03.06-12.05.36:115][  0]LogShaderCompilers: Cleaned the shader compiler working directory 'C:/Users/øyvind'/AppData/Local/Temp/UnrealShaderWorkingDir/E8C728294223B1D2F6F78A9E213D28BE/'.
[2019.03.06-12.05.38:387][  0]LogTemp: Display: Loaded TP AllDesktopTargetPlatform
[2019.03.06-12.05.38:417][  0]LogTemp: Display: Loaded TP MacClientTargetPlatform
[2019.03.06-12.05.38:446][  0]LogTemp: Display: Loaded TP MacNoEditorTargetPlatform
[2019.03.06-12.05.38:478][  0]LogTemp: Display: Loaded TP MacServerTargetPlatform
[2019.03.06-12.05.38:687][  0]LogTemp: Display: Loaded TP MacTargetPlatform
[2019.03.06-12.05.38:704][  0]LogTemp: Display: Loaded TP WindowsClientTargetPlatform
[2019.03.06-12.05.38:719][  0]LogTemp: Display: Loaded TP WindowsNoEditorTargetPlatform
[2019.03.06-12.05.38:742][  0]LogTemp: Display: Loaded TP WindowsServerTargetPlatform
[2019.03.06-12.05.38:751][  0]LogTemp: Display: Loaded TP WindowsTargetPlatform
[2019.03.06-12.05.38:766][  0]LogTemp: Display: Loaded TP Android_ASTCTargetPlatform
[2019.03.06-12.05.38:783][  0]LogTemp: Display: Loaded TP Android_ATCTargetPlatform
[2019.03.06-12.05.38:801][  0]LogTemp: Display: Loaded TP Android_DXTTargetPlatform
[2019.03.06-12.05.38:816][  0]LogTemp: Display: Loaded TP Android_ETC1aTargetPlatform
[2019.03.06-12.05.38:833][  0]LogTemp: Display: Loaded TP Android_ETC1TargetPlatform
[2019.03.06-12.05.38:848][  0]LogTemp: Display: Loaded TP Android_ETC2TargetPlatform
[2019.03.06-12.05.38:944][  0]LogTemp: Display: Loaded TP Android_MultiTargetPlatform
[2019.03.06-12.05.38:944][  0]LogTemp: Display: Loaded TP Android_PVRTCTargetPlatform
[2019.03.06-12.05.38:999][  0]LogTemp: Display: Loaded TP AndroidTargetPlatform
[2019.03.06-12.05.39:002][  0]LogTemp: Display: Loaded TP HTML5TargetPlatform
[2019.03.06-12.05.39:126][  0]LogTemp: Display: Loaded TP IOSTargetPlatform
[2019.03.06-12.05.39:143][  0]LogTemp: Display: Loaded TP TVOSTargetPlatform
[2019.03.06-12.05.39:162][  0]LogTemp: Display: Loaded TP LinuxClientTargetPlatform
[2019.03.06-12.05.39:180][  0]LogTemp: Display: Loaded TP LinuxNoEditorTargetPlatform
[2019.03.06-12.05.39:194][  0]LogTemp: Display: Loaded TP LinuxServerTargetPlatform
[2019.03.06-12.05.39:222][  0]LogTemp: Display: Loaded TP LinuxTargetPlatform
[2019.03.06-12.05.39:222][  0]LogTargetPlatformManager: Display: Building Assets For Windows
[2019.03.06-12.05.40:657][  0]LogXGEController: Cleaning working directory: C:/Users/øyvind'/AppData/Local/Temp/UnrealXGEWorkingDir/
[2019.03.06-12.05.40:659][  0]LogXGEController: Cannot use XGE Controller as Incredibuild is not installed on this machine.
[2019.03.06-12.05.40:682][  0]LogShaderCompilers: Cannot use XGE Shader Compiler as Incredibuild is not installed on this machine.
[2019.03.06-12.05.40:682][  0]LogShaderCompilers: Display: Using Local Shader Compiler.
[2019.03.06-12.05.44:607][  0]LogDerivedDataCache: Display: Max Cache Size: 512 MB
[2019.03.06-12.05.45:344][  0]LogDerivedDataCache: Loaded boot cache 0.73s 74MB C:/Users/øyvind'/AppData/Local/UnrealEngine/4.19/DerivedDataCache/Boot.ddc.
[2019.03.06-12.05.45:344][  0]LogDerivedDataCache: Display: Loaded Boot cache: C:/Users/øyvind'/AppData/Local/UnrealEngine/4.19/DerivedDataCache/Boot.ddc
[2019.03.06-12.05.45:344][  0]LogDerivedDataCache: FDerivedDataBackendGraph:  Pak pak cache file ../../../../../Oyvind_Unreal/VikingShooter/DerivedDataCache/DDC.ddp not found, will not use a pak cache.
[2019.03.06-12.05.45:344][  0]LogDerivedDataCache: Unable to find inner node Pak for hierarchical cache Hierarchy.
[2019.03.06-12.05.45:344][  0]LogDerivedDataCache: FDerivedDataBackendGraph:  CompressedPak pak cache file ../../../../../Oyvind_Unreal/VikingShooter/DerivedDataCache/Compressed.ddp not found, will not use a pak cache.
[2019.03.06-12.05.45:344][  0]LogDerivedDataCache: Unable to find inner node CompressedPak for hierarchical cache Hierarchy.
[2019.03.06-12.05.45:468][  0]LogDerivedDataCache: Display: Pak cache opened for reading ../../../Engine/DerivedDataCache/Compressed.ddp.
[2019.03.06-12.05.45:491][  0]LogDerivedDataCache: Using Local data cache path C:/Users/øyvind'/AppData/Local/UnrealEngine/Common/DerivedDataCache: Writable
[2019.03.06-12.05.45:491][  0]LogDerivedDataCache: Shared data cache path not found in *engine.ini, will not use an Shared cache.
[2019.03.06-12.05.45:491][  0]LogDerivedDataCache: Unable to find inner node Shared for hierarchical cache Hierarchy.
[2019.03.06-12.05.45:591][  0]LogMaterial: Verifying Global Shaders for PCD3D_SM5
[2019.03.06-12.05.45:666][  0]LogSlate: Using Freetype 2.6.0
[2019.03.06-12.05.45:762][  0]LogSlate: SlateFontCache - WITH_FREETYPE: 1, WITH_HARFBUZZ: 1
[2019.03.06-12.05.45:762][  0]LogSlate: SlateFontCache - WITH_FREETYPE: 1, WITH_HARFBUZZ: 1
[2019.03.06-12.05.53:814][  0]LogAssetRegistry: FAssetRegistry took 0.0432 seconds to start up
[2019.03.06-12.05.58:295][  0]LogInit: Selected Device Profile: [Windows]
[2019.03.06-12.06.00:858][  0]LogSimplygon: Simplygon DLL not present - disabling.
[2019.03.06-12.06.00:885][  0]LogMeshReduction: Using SimplygonSwarm for distributed automatic mesh merging
[2019.03.06-12.06.00:885][  0]LogMeshReduction: Using QuadricMeshReduction for automatic static mesh reduction
[2019.03.06-12.06.00:885][  0]LogMeshReduction: No automatic skeletal mesh reduction module available
[2019.03.06-12.06.00:885][  0]LogMeshReduction: No automatic mesh merging module available
[2019.03.06-12.06.00:885][  0]LogMeshMerging: No automatic mesh merging module available
[2019.03.06-12.06.01:358][  0]LogNetVersion: VikingShooter , NetCL: 3944462, EngineNetVer: 2, GameNetVer: 0 (Checksum: 3082558166)
[2019.03.06-12.06.06:434][  0]LogPackageLocalizationCache: Processed 9 localized package path(s) for 2 prioritized culture(s) in 0.586251 seconds
[2019.03.06-12.06.06:458][  0]LogUObjectArray: 36728 objects as part of root set at end of initial load.
[2019.03.06-12.06.06:458][  0]LogUObjectAllocator: 7314304 out of 0 bytes used by permanent object pool.
[2019.03.06-12.06.06:458][  0]LogUObjectArray: CloseDisregardForGC: 0/0 objects in disregard for GC pool
[2019.03.06-12.06.29:312][  0]LogTcpMessaging: Initializing TcpMessaging bridge
[2019.03.06-12.06.29:489][  0]LogUdpMessaging: Initializing bridge on interface 0.0.0.0:0 to multicast group 230.0.0.1:6666.
[2019.03.06-12.06.32:182][  0]SourceControl: Source control is disabled
[2019.03.06-12.06.35:789][  0]LogAndroidPermission: UAndroidPermissionCallbackProxy::GetInstance
[2019.03.06-12.06.36:943][  0]LogOcInput: OculusInput pre-init called
[2019.03.06-12.06.37:819][  0]LogEngine: Initializing Engine...
[2019.03.06-12.06.37:886][  0]LogHMD: Failed to initialize OpenVR with code 110
[2019.03.06-12.06.37:906][  0]LogStats: UGameplayTagsManager::ConstructGameplayTagTree: Construct from data asset -  0.000 s
[2019.03.06-12.06.37:907][  0]LogStats: UGameplayTagsManager::ConstructGameplayTagTree: GameplayTagTreeChangedEvent.Broadcast -  0.000 s
[2019.03.06-12.06.39:813][  0]LogAIModule: Creating AISystem for world Untitled
[2019.03.06-12.06.40:168][  0]LogInit: XAudio2 using 'Speakers (Realtek High Definition Audio)' : 6 channels at 48 kHz using 32 bits per sample (channel mask 0x3f)
[2019.03.06-12.06.40:803][  0]LogInit: FAudioDevice initialized.
[2019.03.06-12.06.40:986][  0]LogDerivedDataCache: Saved boot cache 0.16s 74MB C:/Users/øyvind'/AppData/Local/UnrealEngine/4.19/DerivedDataCache/Boot.ddc.
[2019.03.06-12.06.41:012][  0]LogInit: Texture streaming: Enabled
[2019.03.06-12.06.41:127][  0]LogEngineSessionManager: EngineSessionManager initialized
[2019.03.06-12.06.41:127][  0]LogEngineSessionManager: EngineSessionManager sent abnormal shutdown report. Type=AbnormalShutdown, SessionId={9B4D34A0-4970-0B03-DF0E-AB8447708FAC}
[2019.03.06-12.06.41:333][  0]LogInit: Transaction tracking system initialized
[2019.03.06-12.06.41:836][  0]BlueprintLog: New page: Editor Load
[2019.03.06-12.06.43:017][  0]LocalizationService: Localization service is disabled
[2019.03.06-12.06.44:296][  0]LogConsoleResponse: Display: 
[2019.03.06-12.06.46:450][  0]LogCook: Display: Max memory allowance for cook 16384mb min free memory 0mb
[2019.03.06-12.06.46:451][  0]LogCook: Display: Mobile HDR setting 1
[2019.03.06-12.06.46:451][  0]LogGameplayTags: Display: UGameplayTagsManager::DoneAddingNativeTags. DelegateIsBound: 0
[2019.03.06-12.06.46:451][  0]LogStats: UGameplayTagsManager::ConstructGameplayTagTree: Construct from data asset -  0.000 s
[2019.03.06-12.06.46:451][  0]LogStats: UGameplayTagsManager::ConstructGameplayTagTree: GameplayTagTreeChangedEvent.Broadcast -  0.000 s
[2019.03.06-12.06.47:120][  0]LogFileCache: Scanning file cache for directory 'D:/Oyvind_Unreal/VikingShooter/Content/' took 0.04s
[2019.03.06-12.06.50:800][  0]LogSlate: Took 0.012522 seconds to synchronously load lazily loaded font '../../../Engine/Content/Slate/Fonts/Roboto-Regular.ttf' (155K)
[2019.03.06-12.07.01:944][  0]LogSlate: Window 'Restore Packages' being destroyed
[2019.03.06-12.07.01:945][  0]LogWindowsTextInputMethodSystem: Display: IME system now deactivated.
[2019.03.06-12.07.02:004][  0]LogWindowsTextInputMethodSystem: Display: IME system now deactivated.
[2019.03.06-12.07.02:137][  0]LogWindowsTextInputMethodSystem: Display: IME system now deactivated.
[2019.03.06-12.07.02:279][  0]LogWindowsTextInputMethodSystem: Display: IME system now deactivated.
[2019.03.06-12.07.02:312][  0]Cmd: MAP LOAD FILE="../../../../../Oyvind_Unreal/VikingShooter/Content/Maps/Level01.umap" TEMPLATE=0 SHOWPROGRESS=1 FEATURELEVEL=3
[2019.03.06-12.07.02:336][  0]LightingResults: New page: Lighting Build
[2019.03.06-12.07.02:485][  0]MapCheck: New page: Map Check
[2019.03.06-12.07.02:485][  0]LightingResults: New page: Lighting Build
[2019.03.06-12.07.03:555][  0]LogUObjectGlobals: Created PersistentFrame Addr=0x000002f3d535fac0, Size=96, Default__ThirdPerson_AnimBP_C Function /Game/Mannequin/Animations/ThirdPerson_AnimBP.ThirdPerson_AnimBP_C:ExecuteUbergraph_ThirdPerson_AnimBP
[2019.03.06-12.07.03:565][  0]LogUObjectGlobals: Created PersistentFrame Addr=0x000002f3d547b200, Size=1104, Default__BP_TwinStickCharacter_C Function /Game/Blueprint/BP_TwinStickCharacter.BP_TwinStickCharacter_C:ExecuteUbergraph_BP_TwinStickCharacter
[2019.03.06-12.07.04:292][  0]LogUObjectGlobals: Created PersistentFrame Addr=0x000002f3bdc3bc80, Size=200, Default__BP_Spike_C Function /Game/Blueprint/BP_Spike.BP_Spike_C:ExecuteUbergraph_BP_Spike
[2019.03.06-12.07.04:558][  0]LogUObjectGlobals: Created PersistentFrame Addr=0x000002f3ba8da700, Size=296, Default__BP_TwinStickProjectile_C Function /Game/Blueprint/BP_TwinStickProjectile.BP_TwinStickProjectile_C:ExecuteUbergraph_BP_TwinStickProjectile
[2019.03.06-12.07.04:703][  0]LogUObjectGlobals: Created PersistentFrame Addr=0x000002f3d587c970, Size=48, Default__Laser_C Function /Game/Blueprint/Laser.Laser_C:ExecuteUbergraph_Laser
[2019.03.06-12.07.05:545][  0]LogUObjectGlobals: Created PersistentFrame Addr=0x000002f3d5d412f0, Size=112, Default__Weapon_C Function /Game/Blueprint/Weapon.Weapon_C:ExecuteUbergraph_Weapon
[2019.03.06-12.07.05:772][  0]LogUObjectGlobals: Destroyed PersistentFrame Addr=0x000002f3bdc3bc80, Size=200
[2019.03.06-12.07.05:772][  0]LogUObjectGlobals: Created PersistentFrame Addr=0x000002f3bd77dfa0, Size=200, Default__BP_Spike_C Function /Engine/Transient.REINST_BP_Spike_C_4:ExecuteUbergraph_BP_Spike
[2019.03.06-12.07.05:774][  0]LogUObjectGlobals: Destroyed PersistentFrame Addr=0x000002f3ba8da700, Size=296
[2019.03.06-12.07.05:774][  0]LogUObjectGlobals: Created PersistentFrame Addr=0x000002f3bd830e00, Size=296, Default__BP_TwinStickProjectile_C Function /Engine/Transient.REINST_BP_TwinStickProjectile_C_5:ExecuteUbergraph_BP_TwinStickProjectile
[2019.03.06-12.07.05:774][  0]LogUObjectGlobals: Destroyed PersistentFrame Addr=0x000002f3d587c970, Size=48
[2019.03.06-12.07.05:774][  0]LogUObjectGlobals: Created PersistentFrame Addr=0x000002f3d587c970, Size=48, Default__Laser_C Function /Engine/Transient.REINST_Laser_C_6:ExecuteUbergraph_Laser
[2019.03.06-12.07.05:777][  0]LogUObjectGlobals: Destroyed PersistentFrame Addr=0x000002f3d535fac0, Size=96
[2019.03.06-12.07.05:777][  0]LogUObjectGlobals: Created PersistentFrame Addr=0x000002f3bd849f00, Size=96, Default__ThirdPerson_AnimBP_C Function /Engine/Transient.REINST_ThirdPerson_AnimBP_C_0:ExecuteUbergraph_ThirdPerson_AnimBP
[2019.03.06-12.07.05:778][  0]LogUObjectGlobals: Destroyed PersistentFrame Addr=0x000002f3d5d412f0, Size=112
[2019.03.06-12.07.05:778][  0]LogUObjectGlobals: Created PersistentFrame Addr=0x000002f3d5d412f0, Size=112, Default__Weapon_C Function /Engine/Transient.REINST_Weapon_C_7:ExecuteUbergraph_Weapon
[2019.03.06-12.07.05:780][  0]LogUObjectGlobals: Destroyed PersistentFrame Addr=0x000002f3d547b200, Size=1104
[2019.03.06-12.07.05:780][  0]LogUObjectGlobals: Created PersistentFrame Addr=0x000002f3bae03200, Size=1104, Default__BP_TwinStickCharacter_C Function /Engine/Transient.REINST_BP_TwinStickCharacter_C_8:ExecuteUbergraph_BP_TwinStickCharacter
[2019.03.06-12.07.05:927][  0]LogUObjectGlobals: Created PersistentFrame Addr=0x000002f3bac8b900, Size=200, Default__BP_Spike_C Function /Game/Blueprint/BP_Spike.BP_Spike_C:ExecuteUbergraph_BP_Spike
[2019.03.06-12.07.05:930][  0]LogUObjectGlobals: Created PersistentFrame Addr=0x000002f3bad69800, Size=296, Default__BP_TwinStickProjectile_C Function /Game/Blueprint/BP_TwinStickProjectile.BP_TwinStickProjectile_C:ExecuteUbergraph_BP_TwinStickProjectile
[2019.03.06-12.07.05:934][  0]LogUObjectGlobals: Created PersistentFrame Addr=0x000002f3badb8c10, Size=48, Default__Laser_C Function /Game/Blueprint/Laser.Laser_C:ExecuteUbergraph_Laser
[2019.03.06-12.07.05:940][  0]LogUObjectGlobals: Created PersistentFrame Addr=0x000002f3bace1900, Size=96, Default__ThirdPerson_AnimBP_C Function /Game/Mannequin/Animations/ThirdPerson_AnimBP.ThirdPerson_AnimBP_C:ExecuteUbergraph_ThirdPerson_AnimBP
[2019.03.06-12.07.05:945][  0]LogUObjectGlobals: Created PersistentFrame Addr=0x000002f3bac330b0, Size=112, Default__Weapon_C Function /Game/Blueprint/Weapon.Weapon_C:ExecuteUbergraph_Weapon
[2019.03.06-12.07.05:963][  0]LogUObjectGlobals: Created PersistentFrame Addr=0x000002f3bac2b900, Size=1104, Default__BP_TwinStickCharacter_C Function /Game/Blueprint/BP_TwinStickCharacter.BP_TwinStickCharacter_C:ExecuteUbergraph_BP_TwinStickCharacter
[2019.03.06-12.07.06:082][  0]LogUObjectGlobals: Created PersistentFrame Addr=0x000002f3bac03100, Size=96, Default__EnemyBp_C Function /Game/Mannequin/Animations/ThirdPerson_AnimBP.ThirdPerson_AnimBP_C:ExecuteUbergraph_ThirdPerson_AnimBP
[2019.03.06-12.07.06:086][  0]LogUObjectGlobals: Destroyed PersistentFrame Addr=0x000002f3bac03100, Size=96
[2019.03.06-12.07.06:086][  0]LogUObjectGlobals: Created PersistentFrame Addr=0x000002f3bac03100, Size=96, Default__EnemyBp_C Function /Game/Mannequin/Animations/ThirdPerson_AnimBP.ThirdPerson_AnimBP_C:ExecuteUbergraph_ThirdPerson_AnimBP
[2019.03.06-12.07.06:086][  0]LogUObjectGlobals: Created PersistentFrame Addr=0x000002f3bac030a0, Size=96, Default__EnemyBp_C Function /Game/Mannequin/Animations/ThirdPerson_AnimBP.ThirdPerson_AnimBP_C:ExecuteUbergraph_ThirdPerson_AnimBP
[2019.03.06-12.07.06:145][  0]LogUObjectGlobals: Created PersistentFrame Addr=0x000002f3babdb3c0, Size=104, Default__EnemyAI_C Function /Game/Blueprint/EnemyAI.EnemyAI_C:ExecuteUbergraph_EnemyAI
[2019.03.06-12.07.06:169][  0]LogUObjectGlobals: Destroyed PersistentFrame Addr=0x000002f3babdb3c0, Size=104
[2019.03.06-12.07.06:169][  0]LogUObjectGlobals: Created PersistentFrame Addr=0x000002f3babdb3c0, Size=104, Default__EnemyAI_C Function /Engine/Transient.REINST_EnemyAI_C_16:ExecuteUbergraph_EnemyAI
[2019.03.06-12.07.06:176][  0]LogUObjectGlobals: Created PersistentFrame Addr=0x000002f3c6452da0, Size=104, Default__EnemyAI_C Function /Game/Blueprint/EnemyAI.EnemyAI_C:ExecuteUbergraph_EnemyAI
[2019.03.06-12.07.06:221][  0]LogUObjectGlobals: Created PersistentFrame Addr=0x000002f3bac18a00, Size=232, Default__EnemyCharacter_C Function /Game/Blueprint/EnemyCharacter.EnemyCharacter_C:ExecuteUbergraph_EnemyCharacter
[2019.03.06-12.07.06:234][  0]LogUObjectGlobals: Destroyed PersistentFrame Addr=0x000002f3bac18a00, Size=232
[2019.03.06-12.07.06:235][  0]LogUObjectGlobals: Created PersistentFrame Addr=0x000002f3bac18a00, Size=232, Default__EnemyCharacter_C Function /Engine/Transient.REINST_EnemyCharacter_C_18:ExecuteUbergraph_EnemyCharacter
[2019.03.06-12.07.06:243][  0]LogUObjectGlobals: Created PersistentFrame Addr=0x000002f3babfc600, Size=232, Default__EnemyCharacter_C Function /Game/Blueprint/EnemyCharacter.EnemyCharacter_C:ExecuteUbergraph_EnemyCharacter
[2019.03.06-12.07.06:880][  0]LogUObjectGlobals: Created PersistentFrame Addr=0x000002f3b8426da0, Size=200, Default__BP_PunchableDoor_C Function /Game/Blueprint/BP_PunchableDoor.BP_PunchableDoor_C:ExecuteUbergraph_BP_PunchableDoor
[2019.03.06-12.07.06:889][  0]LogUObjectGlobals: Destroyed PersistentFrame Addr=0x000002f3b8426da0, Size=200
[2019.03.06-12.07.06:889][  0]LogUObjectGlobals: Created PersistentFrame Addr=0x000002f3b8426da0, Size=200, Default__BP_PunchableDoor_C Function /Engine/Transient.REINST_BP_PunchableDoor_C_22:ExecuteUbergraph_BP_PunchableDoor
[2019.03.06-12.07.06:896][  0]LogUObjectGlobals: Created PersistentFrame Addr=0x000002f3b84258a0, Size=200, Default__BP_PunchableDoor_C Function /Game/Blueprint/BP_PunchableDoor.BP_PunchableDoor_C:ExecuteUbergraph_BP_PunchableDoor
[2019.03.06-12.07.06:968][  0]LogUObjectGlobals: Created PersistentFrame Addr=0x000002f3b8425280, Size=200, Default__BP_Rock_C Function /Game/Blueprint/BP_Rock.BP_Rock_C:ExecuteUbergraph_BP_Rock
[2019.03.06-12.07.06:977][  0]LogUObjectGlobals: Destroyed PersistentFrame Addr=0x000002f3b8425280, Size=200
[2019.03.06-12.07.06:977][  0]LogUObjectGlobals: Created PersistentFrame Addr=0x000002f3b8425280, Size=200, Default__BP_Rock_C Function /Engine/Transient.REINST_BP_Rock_C_24:ExecuteUbergraph_BP_Rock
[2019.03.06-12.07.06:981][  0]LogUObjectGlobals: Created PersistentFrame Addr=0x000002f3c7253e40, Size=200, Default__BP_Rock_C Function /Game/Blueprint/BP_Rock.BP_Rock_C:ExecuteUbergraph_BP_Rock
[2019.03.06-12.07.07:033][  0]LogUObjectGlobals: Created PersistentFrame Addr=0x000002f3c7253580, Size=200, Default__Punchable_C Function /Game/Blueprint/Punchable.Punchable_C:ExecuteUbergraph_Punchable
[2019.03.06-12.07.07:042][  0]LogUObjectGlobals: Destroyed PersistentFrame Addr=0x000002f3c7253580, Size=200
[2019.03.06-12.07.07:042][  0]LogUObjectGlobals: Created PersistentFrame Addr=0x000002f3c7253580, Size=200, Default__Punchable_C Function /Engine/Transient.REINST_Punchable_C_26:ExecuteUbergraph_Punchable
[2019.03.06-12.07.07:046][  0]LogUObjectGlobals: Created PersistentFrame Addr=0x000002f3c7252080, Size=200, Default__Punchable_C Function /Game/Blueprint/Punchable.Punchable_C:ExecuteUbergraph_Punchable
[2019.03.06-12.07.08:470][  0]LogSkeletalMesh: Skeletal Mesh found in DDC [108.969185ms] /Game/Mannequin/Character/Mesh/SK_Mannequin.SK_Mannequin
[2019.03.06-12.07.09:019][  0]LogSkeletalMesh: Skeletal Mesh found in DDC [22.121752ms] /Game/FPWeapon/Mesh/SK_FPGun.SK_FPGun
[2019.03.06-12.07.09:689][  0]LogAIModule: Creating AISystem for world Level01
[2019.03.06-12.07.10:240][  0]LogEditorServer: Finished looking for orphan Actors (0.000 secs)
[2019.03.06-12.07.10:354][  0]LogUObjectGlobals: Destroyed PersistentFrame Addr=0x000002f3bd849f00, Size=96
[2019.03.06-12.07.10:354][  0]LogUObjectGlobals: Destroyed PersistentFrame Addr=0x000002f3bae03200, Size=1104
[2019.03.06-12.07.10:354][  0]LogUObjectGlobals: Destroyed PersistentFrame Addr=0x000002f3bd77dfa0, Size=200
[2019.03.06-12.07.10:354][  0]LogUObjectGlobals: Destroyed PersistentFrame Addr=0x000002f3bd830e00, Size=296
[2019.03.06-12.07.10:354][  0]LogUObjectGlobals: Destroyed PersistentFrame Addr=0x000002f3d587c970, Size=48
[2019.03.06-12.07.10:355][  0]LogUObjectGlobals: Destroyed PersistentFrame Addr=0x000002f3d5d412f0, Size=112
[2019.03.06-12.07.10:355][  0]LogUObjectGlobals: Destroyed PersistentFrame Addr=0x000002f3bac03100, Size=96
[2019.03.06-12.07.10:355][  0]LogUObjectGlobals: Destroyed PersistentFrame Addr=0x000002f3babdb3c0, Size=104
[2019.03.06-12.07.10:355][  0]LogUObjectGlobals: Destroyed PersistentFrame Addr=0x000002f3bac18a00, Size=232
[2019.03.06-12.07.10:355][  0]LogUObjectGlobals: Destroyed PersistentFrame Addr=0x000002f3b8426da0, Size=200
[2019.03.06-12.07.10:355][  0]LogUObjectGlobals: Destroyed PersistentFrame Addr=0x000002f3b8425280, Size=200
[2019.03.06-12.07.10:355][  0]LogUObjectGlobals: Destroyed PersistentFrame Addr=0x000002f3c7253580, Size=200
[2019.03.06-12.07.10:377][  0]Cmd: MAP CHECKDEP NOCLEARLOG
[2019.03.06-12.07.10:596][  0]MapCheck: Map check complete: 0 Error(s), 0 Warning(s), took 219.465ms to complete.
[2019.03.06-12.07.10:598][  0]LogFileHelpers: Loading map 'Level01' took 8.296
[2019.03.06-12.07.12:290][  0]LogStats: Warning: MetaData mismatch. Did you assign a stat to two groups? New //STATGROUP_Threads//SplashScreenThread///Thread_27e4_0///####STATCAT_Advanced#### old //STATGROUP_Threads//SplashScreenThread///Thread_2f68_0///####STATCAT_Advanced####
[2019.03.06-12.07.12:290][  0]LogCollectionManager: Loaded 0 collections in 0.003827 seconds
[2019.03.06-12.07.12:550][  0]LogFileCache: Scanning file cache for directory 'D:/Oyvind_Unreal/VikingShooter/Saved/Collections/' took 0.01s
[2019.03.06-12.07.12:550][  0]LogFileCache: Scanning file cache for directory 'D:/Oyvind_Unreal/VikingShooter/Content/Developers/øyvind/Collections/' took 0.01s
[2019.03.06-12.07.12:550][  0]LogFileCache: Scanning file cache for directory 'D:/Oyvind_Unreal/VikingShooter/Content/Collections/' took 0.01s
[2019.03.06-12.07.12:550][  0]LogCollectionManager: Rebuilt the GUID cache for 0 collections in 0.000000 seconds
[2019.03.06-12.07.12:600][  0]LogContentBrowser: Native class hierarchy populated in 0.0486 seconds. Added 2453 classes and 561 folders.
[2019.03.06-12.07.12:678][  0]LogContentBrowser: Native class hierarchy updated for 'WidgetCarousel' in 0.0036 seconds. Added 0 classes and 0 folders.
[2019.03.06-12.07.14:411][  0]LogContentBrowser: Native class hierarchy updated for 'AddContentDialog' in 0.0064 seconds. Added 0 classes and 0 folders.
[2019.03.06-12.07.14:492][  0]LogContentBrowser: Native class hierarchy updated for 'SceneOutliner' in 0.0081 seconds. Added 1 classes and 2 folders.
[2019.03.06-12.07.20:362][  0]LogSlate: Only BGRA pngs, bmps or icos are supported in by External Image Picker
[2019.03.06-12.07.20:457][  0]LogSlate: Took 0.010884 seconds to synchronously load lazily loaded font '../../../Engine/Content/Slate/Fonts/Roboto-Bold.ttf' (160K)
[2019.03.06-12.07.20:511][  0]LogSlate: Took 0.030019 seconds to synchronously load lazily loaded font '../../../Engine/Content/Editor/Slate/Fonts/FontAwesome.ttf' (139K)
[2019.03.06-12.07.20:964][  0]LogTemp: Executing iPhonePackager certificates Engine -bundlename com.YourCompany.VikingShooter
[2019.03.06-12.07.20:964][  0]LogTemp: CWD: D:\Epic Games\UE_4.19\Engine\Binaries\DotNET\IOS
[2019.03.06-12.07.20:964][  0]LogTemp: Initial Dir: D:\Epic Games\UE_4.19
[2019.03.06-12.07.20:964][  0]LogTemp: Env CWD: D:\Epic Games\UE_4.19\Engine\Binaries\DotNET\IOS
[2019.03.06-12.07.20:964][  0]LogTemp: BranchPath = OYVIND/D/Epic Games/UE_4.19/Engine/Binaries --- GameBranchPath = OYVIND/D/Epic Games/UE_4.19/Engine/Binaries
[2019.03.06-12.07.20:964][  0]LogTemp: IPP ERROR: Could not find provision directory 'C:\Users\oyvind'\AppData\Local/Apple Computer/MobileDevice/Provisioning Profiles/'.
[2019.03.06-12.07.20:964][  0]LogRenderer: Reallocating scene render targets to support 904x436 Format 10 NumSamples 1 (Frame:1).
[2019.03.06-12.07.21:569][  0]LogContentBrowser: Native class hierarchy updated for 'HierarchicalLODOutliner' in 0.0087 seconds. Added 0 classes and 0 folders.
[2019.03.06-12.07.21:570][  0]LogLoad: (Engine Initialization) Total time: 152.91 seconds
[2019.03.06-12.07.21:570][  0]LogLoad: (Engine Initialization) Total Blueprint compile time: 0.00 seconds
[2019.03.06-12.07.21:615][  0]LogEditorViewport: Clicking on Actor (LMB): BP_Sky_Sphere_C (BP_Sky_Sphere)
[2019.03.06-12.07.21:993][  0]LogEditorViewport: Clicking on Actor (LMB): BP_PunchableDoor_C (BP_PunchableDoor)
[2019.03.06-12.07.22:160][  0]LogContentStreaming: Texture pool size now 1000 MB
[2019.03.06-12.07.22:274][  0]LogSlate: Took 0.020574 seconds to synchronously load lazily loaded font '../../../Engine/Content/Slate/Fonts/Roboto-Light.ttf' (167K)
[2019.03.06-12.07.22:819][  2]LogAssetRegistry: Asset discovery search completed in 89.0278 seconds
[2019.03.06-12.07.22:833][  2]LogCollectionManager: Rebuilt the object cache for 0 collections in 0.000000 seconds (found 0 objects)
[2019.03.06-12.07.22:833][  2]LogCollectionManager: Fixed up redirectors for 0 collections in 0.000097 seconds (updated 0 objects)
[2019.03.06-12.07.22:888][  2]LogSlate: Took 0.000583 seconds to synchronously load lazily loaded font '../../../Engine/Content/Slate/Fonts/Roboto-Light.ttf' (167K)
[2019.03.06-12.07.22:990][  4]LogSlate: FSceneViewport::OnFocusLost() reason 0
[2019.03.06-12.07.23:106][  6]LogTemp: Repeating last play command: Selected Viewport
[2019.03.06-12.07.23:137][  6]LogPlayLevel: PlayLevel: No blueprints needed recompiling
[2019.03.06-12.07.23:175][  6]PIE: New page: PIE session: Level01 (Mar 6, 2019, 2:07:23 PM)
[2019.03.06-12.07.23:175][  6]LogPlayLevel: Creating play world package: /Game/Maps/UEDPIE_0_Level01
[2019.03.06-12.07.23:227][  6]LogPlayLevel: PIE: StaticDuplicateObject took: (0.051905s)
[2019.03.06-12.07.23:229][  6]LogAIModule: Creating AISystem for world Level01
[2019.03.06-12.07.23:229][  6]LogPlayLevel: PIE: World Init took: (0.002676s)
[2019.03.06-12.07.23:230][  6]LogPlayLevel: PIE: Created PIE world by copying editor world from /Game/Maps/Level01.Level01 to /Game/Maps/UEDPIE_0_Level01.Level01 (0.055056s)
[2019.03.06-12.07.23:431][  6]LogInit: XAudio2 using 'Speakers (Realtek High Definition Audio)' : 6 channels at 48 kHz using 32 bits per sample (channel mask 0x3f)
[2019.03.06-12.07.23:765][  6]LogInit: FAudioDevice initialized.
[2019.03.06-12.07.24:032][  6]LogUObjectGlobals: Created PersistentFrame Addr=0x000002f40a9aeaa0, Size=24, Default__BP_TwinStickGameMode_C Function /Game/Blueprint/BP_TwinStickGameMode.BP_TwinStickGameMode_C:ExecuteUbergraph_BP_TwinStickGameMode
[2019.03.06-12.07.24:038][  6]LogUObjectGlobals: Destroyed PersistentFrame Addr=0x000002f40a9aeaa0, Size=24
[2019.03.06-12.07.24:038][  6]LogUObjectGlobals: Created PersistentFrame Addr=0x000002f40a9aeaa0, Size=24, Default__BP_TwinStickGameMode_C Function /Engine/Transient.REINST_BP_TwinStickGameMode_C_29:ExecuteUbergraph_BP_TwinStickGameMode
[2019.03.06-12.07.24:043][  6]LogUObjectGlobals: Created PersistentFrame Addr=0x000002f40a9ae398, Size=24, Default__BP_TwinStickGameMode_C Function /Game/Blueprint/BP_TwinStickGameMode.BP_TwinStickGameMode_C:ExecuteUbergraph_BP_TwinStickGameMode
[2019.03.06-12.07.24:071][  6]LogLoad: Game class is 'BP_TwinStickGameMode_C'
[2019.03.06-12.07.24:160][  6]LogWorld: Bringing World /Game/Maps/UEDPIE_0_Level01.Level01 up for play (max tick rate 0) at 2019.03.06-13.07.24
[2019.03.06-12.07.24:215][  6]LogWorld: Bringing up level for play took: 0.095559
[2019.03.06-12.07.24:293][  6]LogContentBrowser: Native class hierarchy updated for 'MovieSceneCapture' in 0.0079 seconds. Added 11 classes and 0 folders.
[2019.03.06-12.07.24:572][  6]PIE: Play in editor start time for /Game/Maps/UEDPIE_0_Level01 0.526
[2019.03.06-12.07.34:693][306]LogBlueprintUserMessages: [EnemyCharacter4_82] 50.0
[2019.03.06-12.07.37:623][394]LogBlueprintUserMessages: [EnemyCharacter3_361] 50.0
[2019.03.06-12.07.38:323][415]LogBlueprintUserMessages: [EnemyCharacter3_361] 0.0
[2019.03.06-12.07.38:323][415]LogScript: Warning: UGameplayStatics::SpawnSoundAttached: NULL AttachComponent specified! Trying to spawn sound [S_Explode_Reverb_02],
[2019.03.06-12.07.40:990][495]LogBlueprintUserMessages: [EnemyCharacter4_82] 0.0
[2019.03.06-12.07.40:990][495]LogScript: Warning: UGameplayStatics::SpawnSoundAttached: NULL AttachComponent specified! Trying to spawn sound [S_Explode_Reverb_02],
[2019.03.06-12.07.41:641][512]LogUObjectGlobals: Destroyed PersistentFrame Addr=0x000002f40a9aeaa0, Size=24
[2019.03.06-12.07.46:102][648]LogSlate: FSceneViewport::OnFocusLost() reason 0
[2019.03.06-12.07.53:732][873]LogEditorViewport: Clicking on Actor (LMB): EnemyCharacter_C (EnemyCharacter4)
[2019.03.06-12.07.55:560][919]Cmd: CAMERA ALIGN ACTIVEVIEWPORTONLY
[2019.03.06-12.08.21:798][705]LogHttp: Warning: 000002F3EB3FC880: request failed, libcurl error: 6 (Couldn't resolve host name)
[2019.03.06-12.08.21:798][705]LogHttp: Warning: 000002F3EB3FC880: libcurl info message cache 0 (Could not resolve host: datarouter.ol.epicgames.com)
[2019.03.06-12.08.21:799][705]LogHttp: Warning: 000002F3EB3FC880: libcurl info message cache 1 (Closing connection 0)
[2019.03.06-12.09.33:488][854]LogSlate: FSceneViewport::OnFocusLost() reason 0
[2019.03.06-12.09.33:587][856]LogTemp: Repeating last play command: Selected Viewport
[2019.03.06-12.09.33:620][856]LogPlayLevel: PlayLevel: No blueprints needed recompiling
[2019.03.06-12.09.33:620][856]PIE: New page: PIE session: Level01 (Mar 6, 2019, 2:09:33 PM)
[2019.03.06-12.09.33:621][856]LogPlayLevel: Creating play world package: /Game/Maps/UEDPIE_0_Level01
[2019.03.06-12.09.33:630][856]LogPlayLevel: PIE: StaticDuplicateObject took: (0.009614s)
[2019.03.06-12.09.33:631][856]LogAIModule: Creating AISystem for world Level01
[2019.03.06-12.09.33:631][856]LogPlayLevel: PIE: World Init took: (0.001139s)
[2019.03.06-12.09.33:631][856]LogPlayLevel: PIE: Created PIE world by copying editor world from /Game/Maps/Level01.Level01 to /Game/Maps/UEDPIE_0_Level01.Level01 (0.010984s)
[2019.03.06-12.09.33:725][856]LogInit: XAudio2 using 'Speakers (Realtek High Definition Audio)' : 6 channels at 48 kHz using 32 bits per sample (channel mask 0x3f)
[2019.03.06-12.09.33:898][856]LogInit: FAudioDevice initialized.
[2019.03.06-12.09.33:944][856]LogLoad: Game class is 'BP_TwinStickGameMode_C'
[2019.03.06-12.09.33:961][856]LogWorld: Bringing World /Game/Maps/UEDPIE_0_Level01.Level01 up for play (max tick rate 60) at 2019.03.06-13.09.33
[2019.03.06-12.09.33:965][856]LogWorld: Bringing up level for play took: 0.018964
[2019.03.06-12.09.33:976][856]PIE: Play in editor start time for /Game/Maps/UEDPIE_0_Level01 -0.071
[2019.03.06-12.09.39:522][ 24]LogBlueprintUserMessages: [EnemyCharacter_193] 50.0
[2019.03.06-12.09.40:855][ 64]LogBlueprintUserMessages: [EnemyCharacter4_82] 50.0
[2019.03.06-12.09.41:753][ 91]LogBlueprintUserMessages: [EnemyCharacter4_82] 0.0
[2019.03.06-12.09.41:753][ 91]LogScript: Warning: UGameplayStatics::SpawnSoundAttached: NULL AttachComponent specified! Trying to spawn sound [S_Explode_Reverb_02],
[2019.03.06-12.09.43:349][139]LogBlueprintUserMessages: [EnemyCharacter3_361] 50.0
[2019.03.06-12.09.44:019][159]LogBlueprintUserMessages: [EnemyCharacter3_361] 0.0
[2019.03.06-12.09.44:019][159]LogScript: Warning: UGameplayStatics::SpawnSoundAttached: NULL AttachComponent specified! Trying to spawn sound [S_Explode_Reverb_02],
[2019.03.06-12.09.44:982][188]LogBlueprintUserMessages: [EnemyCharacter_193] 0.0
[2019.03.06-12.09.44:982][188]LogScript: Warning: UGameplayStatics::SpawnSoundAttached: NULL AttachComponent specified! Trying to spawn sound [S_Explode_Reverb_02],
[2019.03.06-12.09.47:048][250]Cmd: SELECT NONE
[2019.03.06-12.10.21:847][293]LogHttp: Warning: 000002F3EC7B8100: request failed, libcurl error: 6 (Couldn't resolve host name)
[2019.03.06-12.10.21:848][293]LogHttp: Warning: 000002F3EC7B8100: libcurl info message cache 0 (Could not resolve host: datarouter.ol.epicgames.com)
[2019.03.06-12.10.21:848][293]LogHttp: Warning: 000002F3EC7B8100: libcurl info message cache 1 (Closing connection 1)
[2019.03.06-12.12.13:472][805]LogSlate: FSceneViewport::OnFocusLost() reason 0
[2019.03.06-12.12.22:305][974]LogHttp: Warning: 000002F3EB38FE80: request failed, libcurl error: 6 (Couldn't resolve host name)
[2019.03.06-12.12.22:306][974]LogHttp: Warning: 000002F3EB38FE80: libcurl info message cache 0 (Could not resolve host: datarouter.ol.epicgames.com)
[2019.03.06-12.12.22:306][974]LogHttp: Warning: 000002F3EB38FE80: libcurl info message cache 1 (Closing connection 2)
[2019.03.06-12.14.22:657][335]LogHttp: Warning: 000002F3EB38C100: request failed, libcurl error: 6 (Couldn't resolve host name)
[2019.03.06-12.14.22:658][335]LogHttp: Warning: 000002F3EB38C100: libcurl info message cache 0 (Could not resolve host: datarouter.ol.epicgames.com)
[2019.03.06-12.14.22:658][335]LogHttp: Warning: 000002F3EB38C100: libcurl info message cache 1 (Closing connection 3)
[2019.03.06-12.16.23:052][715]LogHttp: Warning: 000002F3B8432E00: request failed, libcurl error: 6 (Couldn't resolve host name)
[2019.03.06-12.16.23:052][715]LogHttp: Warning: 000002F3B8432E00: libcurl info message cache 0 (Could not resolve host: datarouter.ol.epicgames.com)
[2019.03.06-12.16.23:052][715]LogHttp: Warning: 000002F3B8432E00: libcurl info message cache 1 (Closing connection 4)
[2019.03.06-12.18.23:438][ 76]LogHttp: Warning: 000002F3B8433280: request failed, libcurl error: 6 (Couldn't resolve host name)
[2019.03.06-12.18.23:438][ 76]LogHttp: Warning: 000002F3B8433280: libcurl info message cache 0 (Could not resolve host: datarouter.ol.epicgames.com)
[2019.03.06-12.18.23:439][ 76]LogHttp: Warning: 000002F3B8433280: libcurl info message cache 1 (Closing connection 5)
[2019.03.06-12.19.15:756][696]LogTemp: Repeating last play command: Selected Viewport
[2019.03.06-12.19.15:793][696]LogPlayLevel: PlayLevel: No blueprints needed recompiling
[2019.03.06-12.19.15:793][696]PIE: New page: PIE session: Level01 (Mar 6, 2019, 2:19:15 PM)
[2019.03.06-12.19.15:793][696]LogPlayLevel: Creating play world package: /Game/Maps/UEDPIE_0_Level01
[2019.03.06-12.19.15:809][696]LogPlayLevel: PIE: StaticDuplicateObject took: (0.015071s)
[2019.03.06-12.19.15:809][696]LogAIModule: Creating AISystem for world Level01
[2019.03.06-12.19.15:810][696]LogPlayLevel: PIE: World Init took: (0.001195s)
[2019.03.06-12.19.15:810][696]LogPlayLevel: PIE: Created PIE world by copying editor world from /Game/Maps/Level01.Level01 to /Game/Maps/UEDPIE_0_Level01.Level01 (0.016571s)
[2019.03.06-12.19.15:910][696]LogInit: XAudio2 using 'Speakers (Realtek High Definition Audio)' : 6 channels at 48 kHz using 32 bits per sample (channel mask 0x3f)
[2019.03.06-12.19.16:086][696]LogInit: FAudioDevice initialized.
[2019.03.06-12.19.16:122][696]LogLoad: Game class is 'BP_TwinStickGameMode_C'
[2019.03.06-12.19.16:127][696]LogWorld: Bringing World /Game/Maps/UEDPIE_0_Level01.Level01 up for play (max tick rate 60) at 2019.03.06-13.19.16
[2019.03.06-12.19.16:129][696]LogWorld: Bringing up level for play took: 0.006370
[2019.03.06-12.19.16:133][696]PIE: Play in editor start time for /Game/Maps/UEDPIE_0_Level01 0.087
[2019.03.06-12.19.21:806][869]LogBlueprintUserMessages: [EnemyCharacter4_82] 50.0
[2019.03.06-12.19.23:803][929]LogBlueprintUserMessages: [EnemyCharacter4_82] 0.0
[2019.03.06-12.19.23:803][929]LogScript: Warning: UGameplayStatics::SpawnSoundAttached: NULL AttachComponent specified! Trying to spawn sound [S_Explode_Reverb_02],
[2019.03.06-12.19.24:403][947]LogBlueprintUserMessages: [EnemyCharacter3_361] 50.0
[2019.03.06-12.19.24:570][952]LogBlueprintUserMessages: [EnemyCharacter3_361] 0.0
[2019.03.06-12.19.24:570][952]LogScript: Warning: UGameplayStatics::SpawnSoundAttached: NULL AttachComponent specified! Trying to spawn sound [S_Explode_Reverb_02],
[2019.03.06-12.19.26:136][999]LogBlueprintUserMessages: [EnemyCharacter_193] 50.0
[2019.03.06-12.19.26:835][ 20]LogBlueprintUserMessages: [EnemyCharacter2_250] 50.0
[2019.03.06-12.19.27:005][ 25]LogBlueprintUserMessages: [EnemyCharacter5_140] 50.0
[2019.03.06-12.19.28:334][ 65]LogBlueprintUserMessages: [EnemyCharacter_193] 0.0
[2019.03.06-12.19.28:334][ 65]LogScript: Warning: UGameplayStatics::SpawnSoundAttached: NULL AttachComponent specified! Trying to spawn sound [S_Explode_Reverb_02],
[2019.03.06-12.19.28:502][ 70]LogBlueprintUserMessages: [EnemyCharacter5_140] 0.0
[2019.03.06-12.19.28:502][ 70]LogScript: Warning: UGameplayStatics::SpawnSoundAttached: NULL AttachComponent specified! Trying to spawn sound [S_Explode_Reverb_02],
[2019.03.06-12.19.28:738][ 77]LogBlueprintUserMessages: [EnemyCharacter2_250] 0.0
[2019.03.06-12.19.28:738][ 77]LogScript: Warning: UGameplayStatics::SpawnSoundAttached: NULL AttachComponent specified! Trying to spawn sound [S_Explode_Reverb_02],
[2019.03.06-12.19.30:103][118]LogBlueprintUserMessages: [EnemyCharacter6_254] 50.0
[2019.03.06-12.20.23:475][720]LogHttp: Warning: 000002F3BAC52500: request failed, libcurl error: 6 (Couldn't resolve host name)
[2019.03.06-12.20.23:475][720]LogHttp: Warning: 000002F3BAC52500: libcurl info message cache 0 (Could not resolve host: datarouter.ol.epicgames.com)
[2019.03.06-12.20.23:475][720]LogHttp: Warning: 000002F3BAC52500: libcurl info message cache 1 (Closing connection 6)
[2019.03.06-12.21.53:120][408]LogSlate: FSceneViewport::OnFocusLost() reason 0
[2019.03.06-12.21.57:325][501]LogD3D11RHI: Error: Result failed 
 at D:\Build\++UE4+Release-4.19+Compile\Sync\Engine\Source\Runtime\Windows\D3D11RHI\Private\D3D11Query.cpp:140 
 with error DXGI_ERROR_DEVICE_REMOVED DXGI_ERROR_DEVICE_HUNG
[2019.03.06-12.21.57:325][501]LogRHI: Error: [Aftermath] Status: PageFault
[2019.03.06-12.21.57:325][501]LogRHI: Error: [Aftermath] GPU Stack Dump
[2019.03.06-12.21.57:325][501]LogRHI: Error: [Aftermath] 0: FRAME
[2019.03.06-12.21.57:325][501]LogRHI: Error: [Aftermath] 1: SlateUI
[2019.03.06-12.21.57:325][501]LogRHI: Error: [Aftermath] GPU Stack Dump
[2019.03.06-12.21.57:325][501]LogWindows: Windows GetLastError: The operation completed successfully. (0)
[2019.03.06-12.22.04:035][501]LogWindows: Windows GetLastError: The operation completed successfully. (0)
[2019.03.06-12.22.04:072][501]LogWindows: Error: === Critical error: ===
[2019.03.06-12.22.04:072][501]LogWindows: Error: 
[2019.03.06-12.22.04:072][501]LogWindows: Error: Fatal error: [File:D:\Build\++UE4+Release-4.19+Compile\Sync\Engine\Source\Runtime\RenderCore\Private\RenderingThread.cpp] [Line: 819] 
[2019.03.06-12.22.04:072][501]LogWindows: Error: Rendering thread exception:
[2019.03.06-12.22.04:072][501]LogWindows: Error: Fatal error: [File:D:\Build\++UE4+Release-4.19+Compile\Sync\Engine\Source\Runtime\Windows\D3D11RHI\Private\D3D11Util.cpp] [Line: 182] 
[2019.03.06-12.22.04:072][501]LogWindows: Error: Unreal Engine is exiting due to D3D device being lost. (Error: 0x887A0006 - 'HUNG')
[2019.03.06-12.22.04:073][501]LogWindows: Error: 
[2019.03.06-12.22.04:073][501]LogWindows: Error: 
[2019.03.06-12.22.04:073][501]LogWindows: Error: [Callstack] 0x000000008DDDA388 KERNELBASE.dll!UnknownFunction []
[2019.03.06-12.22.04:073][501]LogWindows: Error: [Callstack] 0x0000000047FC7884 UE4Editor-ApplicationCore.dll!UnknownFunction []
[2019.03.06-12.22.04:073][501]LogWindows: Error: [Callstack] 0x000000004C4C6D9B UE4Editor-Core.dll!UnknownFunction []
[2019.03.06-12.22.04:073][501]LogWindows: Error: [Callstack] 0x000000004C401949 UE4Editor-Core.dll!UnknownFunction []
[2019.03.06-12.22.04:073][501]LogWindows: Error: [Callstack] 0x00000000264FA0CF UE4Editor-D3D11RHI.dll!UnknownFunction []
[2019.03.06-12.22.04:073][501]LogWindows: Error: [Callstack] 0x00000000264FE5E0 UE4Editor-D3D11RHI.dll!UnknownFunction []
[2019.03.06-12.22.04:073][501]LogWindows: Error: [Callstack] 0x00000000264D593D UE4Editor-D3D11RHI.dll!UnknownFunction []
[2019.03.06-12.22.04:073][501]LogWindows: Error: [Callstack] 0x00000000264EAC98 UE4Editor-D3D11RHI.dll!UnknownFunction []
[2019.03.06-12.22.04:073][501]LogWindows: Error: [Callstack] 0x000000004C15F0B6 UE4Editor-RHI.dll!UnknownFunction []
[2019.03.06-12.22.04:073][501]LogWindows: Error: [Callstack] 0x0000000026291FF8 UE4Editor-SlateRHIRenderer.dll!UnknownFunction []
[2019.03.06-12.22.04:073][501]LogWindows: Error: [Callstack] 0x0000000026297C4C UE4Editor-SlateRHIRenderer.dll!UnknownFunction []
[2019.03.06-12.22.04:073][501]LogWindows: Error: [Callstack] 0x000000004C2DB713 UE4Editor-Core.dll!UnknownFunction []
[2019.03.06-12.22.04:073][501]LogWindows: Error: [Callstack] 0x000000004C2DBD3A UE4Editor-Core.dll!UnknownFunction []
[2019.03.06-12.22.04:073][501]LogWindows: Error: [Callstack] 0x0000000057573CC9 UE4Editor-RenderCore.dll!UnknownFunction []
[2019.03.06-12.22.04:073][501]LogWindows: Error: [Callstack] 0x0000000057574CF6 UE4Editor-RenderCore.dll!UnknownFunction []
[2019.03.06-12.22.04:073][501]LogWindows: Error: [Callstack] 0x000000004C6A9FFC UE4Editor-Core.dll!UnknownFunction []
[2019.03.06-12.22.04:073][501]LogWindows: Error: [Callstack] 0x000000004C69ED63 UE4Editor-Core.dll!UnknownFunction []
[2019.03.06-12.22.04:073][501]LogWindows: Error: [Callstack] 0x0000000091063DC4 KERNEL32.DLL!UnknownFunction []
[2019.03.06-12.22.04:073][501]LogWindows: Error: [Callstack] 0x0000000091653691 ntdll.dll!UnknownFunction []
[2019.03.06-12.22.04:073][501]LogWindows: Error: [Callstack] 0x0000000091653691 ntdll.dll!UnknownFunction []
[2019.03.06-12.22.04:073][501]LogWindows: Error: 
[2019.03.06-12.22.04:073][501]LogWindows: Error: 
[2019.03.06-12.22.04:073][501]LogWindows: Error: 
[2019.03.06-12.22.04:073][501]LogWindows: Error: 
[2019.03.06-12.22.04:091][501]LogExit: Executing StaticShutdownAfterError
[2019.03.06-12.22.04:142][501]LogWindows: FPlatformMisc::RequestExit(1)
[2019.03.06-12.22.04:142][501]Log file closed, 03/06/19 13:22:04
