Log file open, 03/11/19 16:10:16
LogWindows: Failed to load 'aqProf.dll' (GetLastError=126)
LogWindows: File 'aqProf.dll' does not exist
LogWindows: Failed to load 'VtuneApi.dll' (GetLastError=126)
LogWindows: File 'VtuneApi.dll' does not exist
LogWindows: Failed to load 'VtuneApi32e.dll' (GetLastError=126)
LogWindows: File 'VtuneApi32e.dll' does not exist
LogInit: Display: Running engine for game: VikingShooter
LogPlatformFile: Not using cached read wrapper
LogInit: Display: RandInit(-1496406096) SRandInit(-1496406096).
LogInit: Read version file with build ID '3944462'
LogInit: Overriding engine version to CL 4033788, compatible CL 3944462
LogInit: Registered custom module enumerator with build ID '3944462'
LogTaskGraph: Started task graph with 5 named threads and 23 total threads with 3 sets of task threads.
LogStats: Stats thread started at 0.289548
LogD3D11RHI: Aftermath initialized
LogICUInternationalization: Display: ICU TimeZone Detection - Raw Offset: +1:00, Platform Override: ''
LogPluginManager: Mounting plugin Paper2D
LogPluginManager: Mounting plugin LiveLink
LogPluginManager: Mounting plugin LightPropagationVolume
LogPluginManager: Mounting plugin CLionSourceCodeAccess
LogPluginManager: Mounting plugin CodeLiteSourceCodeAccess
LogPluginManager: Mounting plugin GitSourceControl
LogPluginManager: Mounting plugin KDevelopSourceCodeAccess
LogPluginManager: Mounting plugin NullSourceCodeAccess
LogPluginManager: Mounting plugin PerforceSourceControl
LogPluginManager: Mounting plugin SubversionSourceControl
LogPluginManager: Mounting plugin UObjectPlugin
LogPluginManager: Mounting plugin VisualStudioCodeSourceCodeAccess
LogPluginManager: Mounting plugin VisualStudioSourceCodeAccess
LogPluginManager: Mounting plugin XCodeSourceCodeAccess
LogPluginManager: Mounting plugin AssetManagerEditor
LogPluginManager: Mounting plugin CryptoKeys
LogPluginManager: Mounting plugin DataValidation
LogPluginManager: Mounting plugin FacialAnimation
LogPluginManager: Mounting plugin GameplayTagsEditor
LogPluginManager: Mounting plugin MobileLauncherProfileWizard
LogPluginManager: Mounting plugin PluginBrowser
LogPluginManager: Mounting plugin SpeedTreeImporter
LogPluginManager: Mounting plugin DatasmithContent
LogPluginManager: Mounting plugin AlembicImporter
LogPluginManager: Mounting plugin CharacterAI
LogPluginManager: Mounting plugin HTML5Networking
LogPluginManager: Mounting plugin AndroidMedia
LogPluginManager: Mounting plugin AvfMedia
LogPluginManager: Mounting plugin ImgMedia
LogPluginManager: Mounting plugin LinearTimecode
LogPluginManager: Mounting plugin MediaCompositing
LogPluginManager: Mounting plugin MediaPlayerEditor
LogPluginManager: Mounting plugin WmfMedia
LogPluginManager: Mounting plugin TcpMessaging
LogPluginManager: Mounting plugin UdpMessaging
LogPluginManager: Mounting plugin ActorSequence
LogPluginManager: Mounting plugin LevelSequenceEditor
LogPluginManager: Mounting plugin MatineeToLevelSequence
LogPluginManager: Mounting plugin NetcodeUnitTest
LogPluginManager: Mounting plugin NUTUnrealEngine4
LogPluginManager: Mounting plugin OnlineSubsystemGooglePlay
LogPluginManager: Mounting plugin OnlineSubsystemIOS
LogPluginManager: Mounting plugin OnlineSubsystem
LogPluginManager: Mounting plugin OnlineSubsystemNull
LogPluginManager: Mounting plugin OnlineSubsystemUtils
LogPluginManager: Mounting plugin AndroidDeviceProfileSelector
LogPluginManager: Mounting plugin AndroidMoviePlayer
LogPluginManager: Mounting plugin AndroidPermission
LogPluginManager: Mounting plugin AppleARKit
LogPluginManager: Mounting plugin AppleMoviePlayer
LogPluginManager: Mounting plugin ArchVisCharacter
LogPluginManager: Mounting plugin AudioCapture
LogPluginManager: Mounting plugin CableComponent
LogPluginManager: Mounting plugin CustomMeshComponent
LogPluginManager: Mounting plugin ExampleDeviceProfileSelector
LogPluginManager: Mounting plugin GoogleCloudMessaging
LogPluginManager: Mounting plugin ImmediatePhysics
LogPluginManager: Mounting plugin IOSDeviceProfileSelector
LogPluginManager: Mounting plugin LinuxDeviceProfileSelector
LogPluginManager: Mounting plugin LocationServicesBPLibrary
LogPluginManager: Mounting plugin MobilePatchingUtils
LogPluginManager: Mounting plugin OculusVR
LogPluginManager: Plugin shader directory ../../../Engine/Plugins/Runtime/Oculus/OculusVR/Shaders found
LogPluginManager: Mapping shader source directory ../../../Engine/Plugins/Runtime/Oculus/OculusVR/Shaders to virtual directory /Plugin/OculusVR
LogPluginManager: Mounting plugin PhysXVehicles
LogPluginManager: Mounting plugin ProceduralMeshComponent
LogPluginManager: Mounting plugin RuntimePhysXCooking
LogPluginManager: Mounting plugin SteamVR
LogPluginManager: Mounting plugin WindowsMoviePlayer
LogStreaming: Display: Took  0.269s to configure plugins.
LogModuleManager: Display: Found up-to-date module file ../../../../../Oyvind_Unreal/VikingShooter/Binaries/Win64/UE4Editor-VikingShooter-293.dll (API version 3944462).
LogModuleManager: Display: Found up-to-date module file ../../../Engine/Plugins/2D/Paper2D/Binaries/Win64/UE4Editor-Paper2D.dll (API version 3944462).
LogModuleManager: Display: Found up-to-date module file ../../../Engine/Plugins/2D/Paper2D/Binaries/Win64/UE4Editor-Paper2DEditor.dll (API version 3944462).
LogModuleManager: Display: Found up-to-date module file ../../../Engine/Plugins/2D/Paper2D/Binaries/Win64/UE4Editor-PaperSpriteSheetImporter.dll (API version 3944462).
LogModuleManager: Display: Found up-to-date module file ../../../Engine/Plugins/2D/Paper2D/Binaries/Win64/UE4Editor-PaperTiledImporter.dll (API version 3944462).
LogModuleManager: Display: Found up-to-date module file ../../../Engine/Plugins/2D/Paper2D/Binaries/Win64/UE4Editor-SmartSnapping.dll (API version 3944462).
LogModuleManager: Display: Found up-to-date module file ../../../Engine/Plugins/Animation/LiveLink/Binaries/Win64/UE4Editor-LiveLink.dll (API version 3944462).
LogModuleManager: Display: Found up-to-date module file ../../../Engine/Plugins/Animation/LiveLink/Binaries/Win64/UE4Editor-LiveLinkEditor.dll (API version 3944462).
LogModuleManager: Display: Found up-to-date module file ../../../Engine/Plugins/Blendables/LightPropagationVolume/Binaries/Win64/UE4Editor-LightPropagationVolumeRuntime.dll (API version 3944462).
LogModuleManager: Display: Found up-to-date module file ../../../Engine/Plugins/Blendables/LightPropagationVolume/Binaries/Win64/UE4Editor-LightPropagationVolumeEditor.dll (API version 3944462).
LogModuleManager: Display: Found up-to-date module file ../../../Engine/Plugins/Developer/CLionSourceCodeAccess/Binaries/Win64/UE4Editor-CLionSourceCodeAccess.dll (API version 3944462).
LogModuleManager: Display: Found up-to-date module file ../../../Engine/Plugins/Developer/GitSourceControl/Binaries/Win64/UE4Editor-GitSourceControl.dll (API version 3944462).
LogModuleManager: Display: Found up-to-date module file ../../../Engine/Plugins/Developer/PerforceSourceControl/Binaries/Win64/UE4Editor-PerforceSourceControl.dll (API version 3944462).
LogModuleManager: Display: Found up-to-date module file ../../../Engine/Plugins/Developer/SubversionSourceControl/Binaries/Win64/UE4Editor-SubversionSourceControl.dll (API version 3944462).
LogModuleManager: Display: Found up-to-date module file ../../../Engine/Plugins/Developer/UObjectPlugin/Binaries/Win64/UE4Editor-UObjectPlugin.dll (API version 3944462).
LogModuleManager: Display: Found up-to-date module file ../../../Engine/Plugins/Developer/VisualStudioCodeSourceCodeAccess/Binaries/Win64/UE4Editor-VisualStudioCodeSourceCodeAccess.dll (API version 3944462).
LogModuleManager: Display: Found up-to-date module file ../../../Engine/Plugins/Developer/VisualStudioSourceCodeAccess/Binaries/Win64/UE4Editor-VisualStudioSourceCodeAccess.dll (API version 3944462).
LogModuleManager: Display: Found up-to-date module file ../../../Engine/Plugins/Editor/AssetManagerEditor/Binaries/Win64/UE4Editor-AssetManagerEditor.dll (API version 3944462).
LogModuleManager: Display: Found up-to-date module file ../../../Engine/Plugins/Editor/CryptoKeys/Binaries/Win64/UE4Editor-CryptoKeys.dll (API version 3944462).
LogModuleManager: Display: Found up-to-date module file ../../../Engine/Plugins/Editor/CryptoKeys/Binaries/Win64/UE4Editor-CryptoKeysOpenSSL.dll (API version 3944462).
LogModuleManager: Display: Found up-to-date module file ../../../Engine/Plugins/Editor/DataValidation/Binaries/Win64/UE4Editor-DataValidation.dll (API version 3944462).
LogModuleManager: Display: Found up-to-date module file ../../../Engine/Plugins/Editor/FacialAnimation/Binaries/Win64/UE4Editor-FacialAnimation.dll (API version 3944462).
LogModuleManager: Display: Found up-to-date module file ../../../Engine/Plugins/Editor/FacialAnimation/Binaries/Win64/UE4Editor-FacialAnimationEditor.dll (API version 3944462).
LogModuleManager: Display: Found up-to-date module file ../../../Engine/Plugins/Editor/GameplayTagsEditor/Binaries/Win64/UE4Editor-GameplayTagsEditor.dll (API version 3944462).
LogModuleManager: Display: Found up-to-date module file ../../../Engine/Plugins/Editor/MobileLauncherProfileWizard/Binaries/Win64/UE4Editor-MobileLauncherProfileWizard.dll (API version 3944462).
LogModuleManager: Display: Found up-to-date module file ../../../Engine/Plugins/Editor/PluginBrowser/Binaries/Win64/UE4Editor-PluginBrowser.dll (API version 3944462).
LogModuleManager: Display: Found up-to-date module file ../../../Engine/Plugins/Editor/SpeedTreeImporter/Binaries/Win64/UE4Editor-SpeedTreeImporter.dll (API version 3944462).
LogModuleManager: Display: Found up-to-date module file ../../../Engine/Plugins/Enterprise/DatasmithContent/Binaries/Win64/UE4Editor-DatasmithContent.dll (API version 3944462).
LogModuleManager: Display: Found up-to-date module file ../../../Engine/Plugins/Experimental/AlembicImporter/Binaries/Win64/UE4Editor-AlembicImporter.dll (API version 3944462).
LogModuleManager: Display: Found up-to-date module file ../../../Engine/Plugins/Experimental/AlembicImporter/Binaries/Win64/UE4Editor-AlembicLibrary.dll (API version 3944462).
LogModuleManager: Display: Found up-to-date module file ../../../Engine/Plugins/Experimental/CharacterAI/Binaries/Win64/UE4Editor-CharacterAI.dll (API version 3944462).
LogModuleManager: Display: Found up-to-date module file ../../../Engine/Plugins/Experimental/HTML5Networking/Binaries/Win64/UE4Editor-HTML5Networking.dll (API version 3944462).
LogModuleManager: Display: Found up-to-date module file ../../../Engine/Plugins/Media/AndroidMedia/Binaries/Win64/UE4Editor-AndroidMediaEditor.dll (API version 3944462).
LogModuleManager: Display: Found up-to-date module file ../../../Engine/Plugins/Media/AndroidMedia/Binaries/Win64/UE4Editor-AndroidMediaFactory.dll (API version 3944462).
LogModuleManager: Display: Found up-to-date module file ../../../Engine/Plugins/Media/AvfMedia/Binaries/Win64/UE4Editor-AvfMediaEditor.dll (API version 3944462).
LogModuleManager: Display: Found up-to-date module file ../../../Engine/Plugins/Media/AvfMedia/Binaries/Win64/UE4Editor-AvfMediaFactory.dll (API version 3944462).
LogModuleManager: Display: Found up-to-date module file ../../../Engine/Plugins/Media/AvfMedia/Binaries/Win64/UE4Editor-AvfMediaFactory.dll (API version 3944462).
LogModuleManager: Display: Found up-to-date module file ../../../Engine/Plugins/Media/ImgMedia/Binaries/Win64/UE4Editor-ImgMedia.dll (API version 3944462).
LogModuleManager: Display: Found up-to-date module file ../../../Engine/Plugins/Media/ImgMedia/Binaries/Win64/UE4Editor-ImgMediaEditor.dll (API version 3944462).
LogModuleManager: Display: Found up-to-date module file ../../../Engine/Plugins/Media/ImgMedia/Binaries/Win64/UE4Editor-ImgMediaFactory.dll (API version 3944462).
LogModuleManager: Display: Found up-to-date module file ../../../Engine/Plugins/Media/ImgMedia/Binaries/Win64/UE4Editor-ImgMediaFactory.dll (API version 3944462).
LogModuleManager: Display: Found up-to-date module file ../../../Engine/Plugins/Media/ImgMedia/Binaries/Win64/UE4Editor-OpenExrWrapper.dll (API version 3944462).
LogModuleManager: Display: Found up-to-date module file ../../../Engine/Plugins/Media/LinearTimecode/Binaries/Win64/UE4Editor-LinearTimecode.dll (API version 3944462).
LogModuleManager: Display: Found up-to-date module file ../../../Engine/Plugins/Media/MediaCompositing/Binaries/Win64/UE4Editor-MediaCompositing.dll (API version 3944462).
LogModuleManager: Display: Found up-to-date module file ../../../Engine/Plugins/Media/MediaCompositing/Binaries/Win64/UE4Editor-MediaCompositingEditor.dll (API version 3944462).
LogModuleManager: Display: Found up-to-date module file ../../../Engine/Plugins/Media/MediaPlayerEditor/Binaries/Win64/UE4Editor-MediaPlayerEditor.dll (API version 3944462).
LogModuleManager: Display: Found up-to-date module file ../../../Engine/Plugins/Media/WmfMedia/Binaries/Win64/UE4Editor-WmfMedia.dll (API version 3944462).
LogModuleManager: Display: Found up-to-date module file ../../../Engine/Plugins/Media/WmfMedia/Binaries/Win64/UE4Editor-WmfMediaEditor.dll (API version 3944462).
LogModuleManager: Display: Found up-to-date module file ../../../Engine/Plugins/Media/WmfMedia/Binaries/Win64/UE4Editor-WmfMediaFactory.dll (API version 3944462).
LogModuleManager: Display: Found up-to-date module file ../../../Engine/Plugins/Media/WmfMedia/Binaries/Win64/UE4Editor-WmfMediaFactory.dll (API version 3944462).
LogModuleManager: Display: Found up-to-date module file ../../../Engine/Plugins/Messaging/TcpMessaging/Binaries/Win64/UE4Editor-TcpMessaging.dll (API version 3944462).
LogModuleManager: Display: Found up-to-date module file ../../../Engine/Plugins/Messaging/UdpMessaging/Binaries/Win64/UE4Editor-UdpMessaging.dll (API version 3944462).
LogModuleManager: Display: Found up-to-date module file ../../../Engine/Plugins/MovieScene/ActorSequence/Binaries/Win64/UE4Editor-ActorSequence.dll (API version 3944462).
LogModuleManager: Display: Found up-to-date module file ../../../Engine/Plugins/MovieScene/LevelSequenceEditor/Binaries/Win64/UE4Editor-LevelSequenceEditor.dll (API version 3944462).
LogModuleManager: Display: Found up-to-date module file ../../../Engine/Plugins/MovieScene/MatineeToLevelSequence/Binaries/Win64/UE4Editor-MatineeToLevelSequence.dll (API version 3944462).
LogModuleManager: Display: Found up-to-date module file ../../../Engine/Plugins/NetcodeUnitTest/NetcodeUnitTest/Binaries/Win64/UE4Editor-NetcodeUnitTest.dll (API version 3944462).
LogModuleManager: Display: Found up-to-date module file ../../../Engine/Plugins/NetcodeUnitTest/NUTUnrealEngine4/Binaries/Win64/UE4Editor-NUTUnrealEngine4.dll (API version 3944462).
LogModuleManager: Display: Found up-to-date module file ../../../Engine/Plugins/Online/OnlineSubsystem/Binaries/Win64/UE4Editor-OnlineSubsystem.dll (API version 3944462).
LogModuleManager: Display: Found up-to-date module file ../../../Engine/Plugins/Online/OnlineSubsystemNull/Binaries/Win64/UE4Editor-OnlineSubsystemNull.dll (API version 3944462).
LogModuleManager: Display: Found up-to-date module file ../../../Engine/Plugins/Online/OnlineSubsystemUtils/Binaries/Win64/UE4Editor-OnlineSubsystemUtils.dll (API version 3944462).
LogModuleManager: Display: Found up-to-date module file ../../../Engine/Plugins/Online/OnlineSubsystemUtils/Binaries/Win64/UE4Editor-OnlineBlueprintSupport.dll (API version 3944462).
LogModuleManager: Display: Found up-to-date module file ../../../Engine/Plugins/Runtime/AndroidDeviceProfileSelector/Binaries/Win64/UE4Editor-AndroidDeviceProfileSelector.dll (API version 3944462).
LogModuleManager: Display: Found up-to-date module file ../../../Engine/Plugins/Runtime/AndroidPermission/Binaries/Win64/UE4Editor-AndroidPermission.dll (API version 3944462).
LogModuleManager: Display: Found up-to-date module file ../../../Engine/Plugins/Runtime/AppleARKit/Binaries/Win64/UE4Editor-AppleARKit.dll (API version 3944462).
LogModuleManager: Display: Found up-to-date module file ../../../Engine/Plugins/Runtime/ArchVisCharacter/Binaries/Win64/UE4Editor-ArchVisCharacter.dll (API version 3944462).
LogModuleManager: Display: Found up-to-date module file ../../../Engine/Plugins/Runtime/AudioCapture/Binaries/Win64/UE4Editor-AudioCapture.dll (API version 3944462).
LogModuleManager: Display: Found up-to-date module file ../../../Engine/Plugins/Runtime/AudioCapture/Binaries/Win64/UE4Editor-AudioCaptureEditor.dll (API version 3944462).
LogModuleManager: Display: Found up-to-date module file ../../../Engine/Plugins/Runtime/CableComponent/Binaries/Win64/UE4Editor-CableComponent.dll (API version 3944462).
LogModuleManager: Display: Found up-to-date module file ../../../Engine/Plugins/Runtime/CustomMeshComponent/Binaries/Win64/UE4Editor-CustomMeshComponent.dll (API version 3944462).
LogModuleManager: Display: Found up-to-date module file ../../../Engine/Plugins/Runtime/ExampleDeviceProfileSelector/Binaries/Win64/UE4Editor-ExampleDeviceProfileSelector.dll (API version 3944462).
LogModuleManager: Display: Found up-to-date module file ../../../Engine/Plugins/Runtime/ImmediatePhysics/Binaries/Win64/UE4Editor-ImmediatePhysics.dll (API version 3944462).
LogModuleManager: Display: Found up-to-date module file ../../../Engine/Plugins/Runtime/ImmediatePhysics/Binaries/Win64/UE4Editor-ImmediatePhysicsEditor.dll (API version 3944462).
LogModuleManager: Display: Found up-to-date module file ../../../Engine/Plugins/Runtime/LocationServicesBPLibrary/Binaries/Win64/UE4Editor-LocationServicesBPLibrary.dll (API version 3944462).
LogModuleManager: Display: Found up-to-date module file ../../../Engine/Plugins/Runtime/MobilePatchingUtils/Binaries/Win64/UE4Editor-MobilePatchingUtils.dll (API version 3944462).
LogModuleManager: Display: Found up-to-date module file ../../../Engine/Plugins/Runtime/Oculus/OculusVR/Binaries/Win64/UE4Editor-OculusHMD.dll (API version 3944462).
LogModuleManager: Display: Found up-to-date module file ../../../Engine/Plugins/Runtime/Oculus/OculusVR/Binaries/Win64/UE4Editor-OculusInput.dll (API version 3944462).
LogModuleManager: Display: Found up-to-date module file ../../../Engine/Plugins/Runtime/Oculus/OculusVR/Binaries/Win64/UE4Editor-OculusEditor.dll (API version 3944462).
LogModuleManager: Display: Found up-to-date module file ../../../Engine/Plugins/Runtime/PhysXVehicles/Binaries/Win64/UE4Editor-PhysXVehicles.dll (API version 3944462).
LogModuleManager: Display: Found up-to-date module file ../../../Engine/Plugins/Runtime/PhysXVehicles/Binaries/Win64/UE4Editor-PhysXVehiclesEditor.dll (API version 3944462).
LogModuleManager: Display: Found up-to-date module file ../../../Engine/Plugins/Runtime/ProceduralMeshComponent/Binaries/Win64/UE4Editor-ProceduralMeshComponent.dll (API version 3944462).
LogModuleManager: Display: Found up-to-date module file ../../../Engine/Plugins/Runtime/ProceduralMeshComponent/Binaries/Win64/UE4Editor-ProceduralMeshComponentEditor.dll (API version 3944462).
LogModuleManager: Display: Found up-to-date module file ../../../Engine/Plugins/Runtime/RuntimePhysXCooking/Binaries/Win64/UE4Editor-RuntimePhysXCooking.dll (API version 3944462).
LogModuleManager: Display: Found up-to-date module file ../../../Engine/Plugins/Runtime/Steam/SteamVR/Binaries/Win64/UE4Editor-SteamVR.dll (API version 3944462).
LogModuleManager: Display: Found up-to-date module file ../../../Engine/Plugins/Runtime/Steam/SteamVR/Binaries/Win64/UE4Editor-SteamVRController.dll (API version 3944462).
LogModuleManager: Display: Found up-to-date module file ../../../Engine/Plugins/Runtime/WindowsMoviePlayer/Binaries/Win64/UE4Editor-WindowsMoviePlayer.dll (API version 3944462).
LogInit: Using libcurl 7.47.1
LogInit:  - built for x86_64-pc-win32
LogInit:  - supports SSL with OpenSSL/1.0.2g
LogInit:  - supports HTTP deflate (compression) using libz 1.2.8
LogInit:  - other features:
LogInit:      CURL_VERSION_SSL
LogInit:      CURL_VERSION_LIBZ
LogInit:      CURL_VERSION_IPV6
LogInit:      CURL_VERSION_ASYNCHDNS
LogInit:      CURL_VERSION_LARGEFILE
LogInit:      CURL_VERSION_IDN
LogInit:  CurlRequestOptions (configurable via config and command line):
LogInit:  - bVerifyPeer = false  - Libcurl will NOT verify peer certificate
LogInit:  - bUseHttpProxy = false  - Libcurl will NOT use HTTP proxy
LogInit:  - bDontReuseConnections = false  - Libcurl will reuse connections
LogInit:  - CertBundlePath = nullptr  - Libcurl will use whatever was configured at build time.
LogInit:  - MaxHostConnections = 16  - Libcurl will limit the number of connections to a host
LogInit:  - LocalHostAddr = Default
LogInit: WinSock: version 1.1 (2.2), MaxSocks=32767, MaxUdp=65467
LogInit: WinSock: I am oyvind (10.31.3.41:0)
LogInit: Build: ++UE4+Release-4.19-CL-4033788
LogInit: Engine Version: 4.19.2-4033788+++UE4+Release-4.19
LogInit: Compatible Engine Version: 4.19.0-3944462+++UE4+Release-4.19
LogInit: Net CL: 3944462
LogDevObjectVersion: Number of dev versions registered: 18
LogDevObjectVersion:   Dev-Blueprints (B0D832E4-1F89-4F0D-ACCF-7EB736FD4AA2): 10
LogDevObjectVersion:   Dev-Build (E1C64328-A22C-4D53-A36C-8E866417BD8C): 0
LogDevObjectVersion:   Dev-Core (375EC13C-06E4-48FB-B500-84F0262A717E): 2
LogDevObjectVersion:   Dev-Editor (E4B068ED-F494-42E9-A231-DA0B2E46BB41): 23
LogDevObjectVersion:   Dev-Framework (CFFC743F-43B0-4480-9391-14DF171D2073): 33
LogDevObjectVersion:   Dev-Mobile (B02B49B5-BB20-44E9-A304-32B752E40360): 2
LogDevObjectVersion:   Dev-Networking (A4E4105C-59A1-49B5-A7C5-40C4547EDFEE): 0
LogDevObjectVersion:   Dev-Online (39C831C9-5AE6-47DC-9A44-9C173E1C8E7C): 0
LogDevObjectVersion:   Dev-Physics (78F01B33-EBEA-4F98-B9B4-84EACCB95AA2): 0
LogDevObjectVersion:   Dev-Platform (6631380F-2D4D-43E0-8009-CF276956A95A): 0
LogDevObjectVersion:   Dev-Rendering (12F88B9F-8875-4AFC-A67C-D90C383ABD29): 25
LogDevObjectVersion:   Dev-Sequencer (7B5AE74C-D270-4C10-A958-57980B212A5A): 6
LogDevObjectVersion:   Dev-VR (D7296918-1DD6-4BDD-9DE2-64A83CC13884): 1
LogDevObjectVersion:   Dev-LoadTimes (C2A15278-BFE7-4AFE-6C17-90FF531DF755): 1
LogDevObjectVersion:   Private-Geometry (6EACA3D4-40EC-4CC1-B786-8BED09428FC5): 2
LogDevObjectVersion:   Dev-AnimPhys (29E575DD-E0A3-4627-9D10-D276232CDCEA): 16
LogDevObjectVersion:   Dev-ReflectionCapture (6B266CEC-1EC7-4B8F-A30B-E4D90942FC07): 1
LogDevObjectVersion:   Dev-Automation (0DF73D61-A23F-47EA-B727-89E90C41499A): 1
LogInit: Compiled (64-bit): Apr 27 2018 02:06:57
LogInit: Compiled with Visual C++: 19.00.24215.01
LogInit: Build Configuration: Development
LogInit: Branch Name: ++UE4+Release-4.19
LogInit: Command Line:  
LogInit: Base Directory: D:/Epic Games/UE_4.19/Engine/Binaries/Win64/
LogInit: Installed Engine Build: 1
LogStreaming: Display: Took  0.002s to delete old logs.
LogInit: Presizing for max 8388607 objects, including 0 objects not considered by GC, pre-allocating 0 bytes for permanent pool.
LogInit: Object subsystem initialized
[2019.03.11-15.10.20:244][  0]LogInit: Selected Device Profile: [Windows]
[2019.03.11-15.10.20:244][  0]LogInit: Applying CVar settings loaded from the selected device profile: [Windows]
[2019.03.11-15.10.20:260][  0]LogInit: Computer: OYVIND
[2019.03.11-15.10.20:260][  0]LogInit: User: øyvind
[2019.03.11-15.10.20:260][  0]LogInit: CPU Page size=4096, Cores=4
[2019.03.11-15.10.20:260][  0]LogInit: High frequency timer resolution =2.742191 MHz
[2019.03.11-15.10.20:261][  0]LogMemory: Memory total: Physical=15.9GB (16GB approx)
[2019.03.11-15.10.20:261][  0]LogMemory: Platform Memory Stats for Windows
[2019.03.11-15.10.20:261][  0]LogMemory: Process Physical Memory: 275.31 MB used, 275.31 MB peak
[2019.03.11-15.10.20:261][  0]LogMemory: Process Virtual Memory: 266.21 MB used, 266.21 MB peak
[2019.03.11-15.10.20:261][  0]LogMemory: Physical Memory: 8202.88 MB used,  8068.74 MB free, 16271.62 MB total
[2019.03.11-15.10.20:261][  0]LogMemory: Virtual Memory: 4782.70 MB used,  8068.74 MB free, 134217728.00 MB total
[2019.03.11-15.10.23:052][  0]LogInit: Using OS detected language (en-US).
[2019.03.11-15.10.23:052][  0]LogInit: Using OS detected locale (en-US).
[2019.03.11-15.10.23:059][  0]LogTextLocalizationManager: No specific localization for 'en-US' exists, so the 'en' localization will be used.
[2019.03.11-15.10.23:521][  0]LogStreaming: Display: Took  0.469s to EndInitTextLocalization.
[2019.03.11-15.10.23:522][  0]LogInit: Setting process to per monitor DPI aware
[2019.03.11-15.10.23:580][  0]LogSlate: New Slate User Created.  User Index 0, Is Virtual User: 0
[2019.03.11-15.10.23:580][  0]LogSlate: Slate User Registered.  User Index 0, Is Virtual User: 0
[2019.03.11-15.10.24:079][  0]LogD3D11RHI: D3D11 adapters:
[2019.03.11-15.10.24:162][  0]LogD3D11RHI:    0. 'NVIDIA GeForce GTX 1060' (Feature Level 11_0)
[2019.03.11-15.10.24:162][  0]LogD3D11RHI:       6052/0/8135 MB DedicatedVideo/DedicatedSystem/SharedSystem, Outputs:1, VendorId:0x10de
[2019.03.11-15.10.24:176][  0]LogD3D11RHI:    1. 'Intel(R) HD Graphics 630' (Feature Level 11_0)
[2019.03.11-15.10.24:176][  0]LogD3D11RHI:       128/0/8135 MB DedicatedVideo/DedicatedSystem/SharedSystem, Outputs:0, VendorId:0x8086
[2019.03.11-15.10.24:179][  0]LogD3D11RHI:    2. 'Microsoft Basic Render Driver' (Feature Level 11_0)
[2019.03.11-15.10.24:180][  0]LogD3D11RHI:       0/0/8135 MB DedicatedVideo/DedicatedSystem/SharedSystem, Outputs:0, VendorId:0x1414
[2019.03.11-15.10.24:180][  0]LogD3D11RHI: Chosen D3D11 Adapter: 0
[2019.03.11-15.10.24:236][  0]LogD3D11RHI: Creating new Direct3DDevice
[2019.03.11-15.10.24:236][  0]LogD3D11RHI:     GPU DeviceId: 0x1c20 (for the marketing name, search the web for "GPU Device Id")
[2019.03.11-15.10.24:236][  0]LogWindows: EnumDisplayDevices:
[2019.03.11-15.10.24:236][  0]LogWindows:    0. 'Intel(R) HD Graphics 630' (P:1 D:1)
[2019.03.11-15.10.24:236][  0]LogWindows:    1. 'Intel(R) HD Graphics 630' (P:0 D:0)
[2019.03.11-15.10.24:237][  0]LogWindows:    2. 'Intel(R) HD Graphics 630' (P:0 D:0)
[2019.03.11-15.10.24:237][  0]LogWindows:    3. 'NVIDIA GeForce GTX 1060' (P:0 D:0)
[2019.03.11-15.10.24:237][  0]LogWindows:    4. 'NVIDIA GeForce GTX 1060' (P:0 D:0)
[2019.03.11-15.10.24:237][  0]LogWindows:    5. 'NVIDIA GeForce GTX 1060' (P:0 D:0)
[2019.03.11-15.10.24:238][  0]LogWindows:    6. 'NVIDIA GeForce GTX 1060' (P:0 D:0)
[2019.03.11-15.10.24:238][  0]LogWindows: DebugString: GetVideoDriverDetailsInvalid PrimaryIsNotTheChoosenAdapter GetVideoDriverDetailsInvalid PrimaryIsNotTheChoosenAdapter GetVideoDriverDetailsInvalid PrimaryIsNotTheChoosenAdapter GetVideoDriverDetailsInvalid PrimaryIsNotTheChoosenAdapter GetVideoDriverDetailsInvalid PrimaryIsNotTheChoosenAdapter GetVideoDriverDetailsInvalid PrimaryIsNotTheChoosenAdapter GetVideoDriverDetailsInvalid PrimaryIsNotTheChoosenAdapter FoundDriverCount:0 
[2019.03.11-15.10.24:238][  0]LogD3D11RHI:     Adapter Name: NVIDIA GeForce GTX 1060
[2019.03.11-15.10.24:238][  0]LogD3D11RHI:   Driver Version: Unknown (internal:Unknown, unified:Unknown)
[2019.03.11-15.10.24:238][  0]LogD3D11RHI:      Driver Date: Unknown
[2019.03.11-15.10.24:238][  0]LogRHI: Texture pool is 4236 MB (70% of 6052 MB)
[2019.03.11-15.10.24:289][  0]LogD3D11RHI: [Aftermath] Aftermath enabled and primed
[2019.03.11-15.10.24:289][  0]LogD3D11RHI: [Aftermath] Aftermath enabled and primed
[2019.03.11-15.10.24:289][  0]LogD3D11RHI: Async texture creation enabled
[2019.03.11-15.10.24:307][  0]LogD3D11RHI: GPU Timing Frequency: 1000.000000 (Debug: 2 2)
[2019.03.11-15.10.24:309][  0]LogShaderCompilers: Guid format shader working directory is 5 characters bigger than the processId version (../../../../../Oyvind_Unreal/VikingShooter/Intermediate/Shaders/WorkingDirectory/28532/).
[2019.03.11-15.10.24:309][  0]LogShaderCompilers: Cleaned the shader compiler working directory 'C:/Users/øyvind'/AppData/Local/Temp/UnrealShaderWorkingDir/82851E2148032F5A2BDB24882EA9B7A0/'.
[2019.03.11-15.10.24:652][  0]LogTemp: Display: Loaded TP AllDesktopTargetPlatform
[2019.03.11-15.10.24:667][  0]LogTemp: Display: Loaded TP MacClientTargetPlatform
[2019.03.11-15.10.24:680][  0]LogTemp: Display: Loaded TP MacNoEditorTargetPlatform
[2019.03.11-15.10.24:694][  0]LogTemp: Display: Loaded TP MacServerTargetPlatform
[2019.03.11-15.10.24:708][  0]LogTemp: Display: Loaded TP MacTargetPlatform
[2019.03.11-15.10.24:722][  0]LogTemp: Display: Loaded TP WindowsClientTargetPlatform
[2019.03.11-15.10.24:737][  0]LogTemp: Display: Loaded TP WindowsNoEditorTargetPlatform
[2019.03.11-15.10.24:751][  0]LogTemp: Display: Loaded TP WindowsServerTargetPlatform
[2019.03.11-15.10.24:758][  0]LogTemp: Display: Loaded TP WindowsTargetPlatform
[2019.03.11-15.10.24:772][  0]LogTemp: Display: Loaded TP Android_ASTCTargetPlatform
[2019.03.11-15.10.24:785][  0]LogTemp: Display: Loaded TP Android_ATCTargetPlatform
[2019.03.11-15.10.24:798][  0]LogTemp: Display: Loaded TP Android_DXTTargetPlatform
[2019.03.11-15.10.24:812][  0]LogTemp: Display: Loaded TP Android_ETC1aTargetPlatform
[2019.03.11-15.10.24:825][  0]LogTemp: Display: Loaded TP Android_ETC1TargetPlatform
[2019.03.11-15.10.24:839][  0]LogTemp: Display: Loaded TP Android_ETC2TargetPlatform
[2019.03.11-15.10.24:867][  0]LogTemp: Display: Loaded TP Android_MultiTargetPlatform
[2019.03.11-15.10.24:867][  0]LogTemp: Display: Loaded TP Android_PVRTCTargetPlatform
[2019.03.11-15.10.24:883][  0]LogTemp: Display: Loaded TP AndroidTargetPlatform
[2019.03.11-15.10.24:886][  0]LogTemp: Display: Loaded TP HTML5TargetPlatform
[2019.03.11-15.10.24:927][  0]LogTemp: Display: Loaded TP IOSTargetPlatform
[2019.03.11-15.10.24:941][  0]LogTemp: Display: Loaded TP TVOSTargetPlatform
[2019.03.11-15.10.24:954][  0]LogTemp: Display: Loaded TP LinuxClientTargetPlatform
[2019.03.11-15.10.24:968][  0]LogTemp: Display: Loaded TP LinuxNoEditorTargetPlatform
[2019.03.11-15.10.24:983][  0]LogTemp: Display: Loaded TP LinuxServerTargetPlatform
[2019.03.11-15.10.25:003][  0]LogTemp: Display: Loaded TP LinuxTargetPlatform
[2019.03.11-15.10.25:003][  0]LogTargetPlatformManager: Display: Building Assets For Windows
[2019.03.11-15.10.25:192][  0]LogXGEController: Cannot use XGE Controller as Incredibuild is not installed on this machine.
[2019.03.11-15.10.25:192][  0]LogShaderCompilers: Cannot use XGE Shader Compiler as Incredibuild is not installed on this machine.
[2019.03.11-15.10.25:192][  0]LogShaderCompilers: Display: Using Local Shader Compiler.
[2019.03.11-15.10.26:076][  0]LogDerivedDataCache: Display: Max Cache Size: 512 MB
[2019.03.11-15.10.26:161][  0]LogDerivedDataCache: Loaded boot cache 0.08s 74MB C:/Users/øyvind'/AppData/Local/UnrealEngine/4.19/DerivedDataCache/Boot.ddc.
[2019.03.11-15.10.26:161][  0]LogDerivedDataCache: Display: Loaded Boot cache: C:/Users/øyvind'/AppData/Local/UnrealEngine/4.19/DerivedDataCache/Boot.ddc
[2019.03.11-15.10.26:161][  0]LogDerivedDataCache: FDerivedDataBackendGraph:  Pak pak cache file ../../../../../Oyvind_Unreal/VikingShooter/DerivedDataCache/DDC.ddp not found, will not use a pak cache.
[2019.03.11-15.10.26:161][  0]LogDerivedDataCache: Unable to find inner node Pak for hierarchical cache Hierarchy.
[2019.03.11-15.10.26:161][  0]LogDerivedDataCache: FDerivedDataBackendGraph:  CompressedPak pak cache file ../../../../../Oyvind_Unreal/VikingShooter/DerivedDataCache/Compressed.ddp not found, will not use a pak cache.
[2019.03.11-15.10.26:161][  0]LogDerivedDataCache: Unable to find inner node CompressedPak for hierarchical cache Hierarchy.
[2019.03.11-15.10.26:178][  0]LogDerivedDataCache: Display: Pak cache opened for reading ../../../Engine/DerivedDataCache/Compressed.ddp.
[2019.03.11-15.10.26:193][  0]LogDerivedDataCache: Using Local data cache path C:/Users/øyvind'/AppData/Local/UnrealEngine/Common/DerivedDataCache: Writable
[2019.03.11-15.10.26:193][  0]LogDerivedDataCache: Shared data cache path not found in *engine.ini, will not use an Shared cache.
[2019.03.11-15.10.26:193][  0]LogDerivedDataCache: Unable to find inner node Shared for hierarchical cache Hierarchy.
[2019.03.11-15.10.26:204][  0]LogMaterial: Verifying Global Shaders for PCD3D_SM5
[2019.03.11-15.10.26:205][  0]LogSlate: Using Freetype 2.6.0
[2019.03.11-15.10.26:206][  0]LogSlate: SlateFontCache - WITH_FREETYPE: 1, WITH_HARFBUZZ: 1
[2019.03.11-15.10.26:206][  0]LogSlate: SlateFontCache - WITH_FREETYPE: 1, WITH_HARFBUZZ: 1
[2019.03.11-15.10.26:418][  0]LogAssetRegistry: FAssetRegistry took 0.0271 seconds to start up
[2019.03.11-15.10.26:815][  0]LogInit: Selected Device Profile: [Windows]
[2019.03.11-15.10.27:005][  0]LogSimplygon: Simplygon DLL not present - disabling.
[2019.03.11-15.10.27:008][  0]LogMeshReduction: Using SimplygonSwarm for distributed automatic mesh merging
[2019.03.11-15.10.27:008][  0]LogMeshReduction: Using QuadricMeshReduction for automatic static mesh reduction
[2019.03.11-15.10.27:008][  0]LogMeshReduction: No automatic skeletal mesh reduction module available
[2019.03.11-15.10.27:009][  0]LogMeshReduction: No automatic mesh merging module available
[2019.03.11-15.10.27:009][  0]LogMeshMerging: No automatic mesh merging module available
[2019.03.11-15.10.27:071][  0]LogNetVersion: VikingShooter , NetCL: 3944462, EngineNetVer: 2, GameNetVer: 0 (Checksum: 3082558166)
[2019.03.11-15.10.27:806][  0]LogPackageLocalizationCache: Processed 9 localized package path(s) for 2 prioritized culture(s) in 0.231389 seconds
[2019.03.11-15.10.27:812][  0]LogUObjectArray: 36728 objects as part of root set at end of initial load.
[2019.03.11-15.10.27:812][  0]LogUObjectAllocator: 7314312 out of 0 bytes used by permanent object pool.
[2019.03.11-15.10.27:812][  0]LogUObjectArray: CloseDisregardForGC: 0/0 objects in disregard for GC pool
[2019.03.11-15.10.30:262][  0]LogTcpMessaging: Initializing TcpMessaging bridge
[2019.03.11-15.10.30:313][  0]LogUdpMessaging: Initializing bridge on interface 0.0.0.0:0 to multicast group 230.0.0.1:6666.
[2019.03.11-15.10.31:072][  0]SourceControl: Source control is disabled
[2019.03.11-15.10.32:720][  0]LogAndroidPermission: UAndroidPermissionCallbackProxy::GetInstance
[2019.03.11-15.10.33:123][  0]LogOcInput: OculusInput pre-init called
[2019.03.11-15.10.33:296][  0]LogEngine: Initializing Engine...
[2019.03.11-15.10.33:298][  0]LogHMD: Failed to initialize OpenVR with code 110
[2019.03.11-15.10.33:300][  0]LogStats: UGameplayTagsManager::ConstructGameplayTagTree: Construct from data asset -  0.000 s
[2019.03.11-15.10.33:300][  0]LogStats: UGameplayTagsManager::ConstructGameplayTagTree: GameplayTagTreeChangedEvent.Broadcast -  0.000 s
[2019.03.11-15.10.33:542][  0]LogAIModule: Creating AISystem for world Untitled
[2019.03.11-15.10.33:656][  0]LogInit: XAudio2 using 'Speakers (Realtek High Definition Audio)' : 6 channels at 48 kHz using 32 bits per sample (channel mask 0x3f)
[2019.03.11-15.10.33:996][  0]LogInit: FAudioDevice initialized.
[2019.03.11-15.10.34:148][  0]LogDerivedDataCache: Saved boot cache 0.15s 74MB C:/Users/øyvind'/AppData/Local/UnrealEngine/4.19/DerivedDataCache/Boot.ddc.
[2019.03.11-15.10.34:154][  0]LogInit: Texture streaming: Enabled
[2019.03.11-15.10.34:174][  0]LogEngineSessionManager: EngineSessionManager initialized
[2019.03.11-15.10.34:195][  0]LogInit: Transaction tracking system initialized
[2019.03.11-15.10.34:221][  0]BlueprintLog: New page: Editor Load
[2019.03.11-15.10.34:314][  0]LocalizationService: Localization service is disabled
[2019.03.11-15.10.34:475][  0]LogConsoleResponse: Display: 
[2019.03.11-15.10.34:682][  0]LogCook: Display: Max memory allowance for cook 16384mb min free memory 0mb
[2019.03.11-15.10.34:682][  0]LogCook: Display: Mobile HDR setting 1
[2019.03.11-15.10.34:682][  0]LogGameplayTags: Display: UGameplayTagsManager::DoneAddingNativeTags. DelegateIsBound: 0
[2019.03.11-15.10.34:682][  0]LogStats: UGameplayTagsManager::ConstructGameplayTagTree: Construct from data asset -  0.000 s
[2019.03.11-15.10.34:682][  0]LogStats: UGameplayTagsManager::ConstructGameplayTagTree: GameplayTagTreeChangedEvent.Broadcast -  0.000 s
[2019.03.11-15.10.35:437][  0]LogFileCache: Scanning file cache for directory 'D:/Oyvind_Unreal/VikingShooter/Content/' took 0.03s
[2019.03.11-15.10.35:437][  0]Cmd: MAP LOAD FILE="../../../../../Oyvind_Unreal/VikingShooter/Content/Maps/Level01.umap" TEMPLATE=0 SHOWPROGRESS=1 FEATURELEVEL=3
[2019.03.11-15.10.35:438][  0]LightingResults: New page: Lighting Build
[2019.03.11-15.10.35:440][  0]MapCheck: New page: Map Check
[2019.03.11-15.10.35:440][  0]LightingResults: New page: Lighting Build
[2019.03.11-15.10.35:535][  0]LogUObjectGlobals: Created PersistentFrame Addr=0x0000022516403ba0, Size=40, Default__Harold_Character_BP_C Function /Game/Harold_Model_Files/Harold_Character_BP.Harold_Character_BP_C:ExecuteUbergraph_Harold_Character_BP
[2019.03.11-15.10.35:537][  0]LogUObjectGlobals: Destroyed PersistentFrame Addr=0x0000022516403ba0, Size=40
[2019.03.11-15.10.35:537][  0]LogUObjectGlobals: Created PersistentFrame Addr=0x0000022516403ba0, Size=40, Default__Harold_Character_BP_C Function /Engine/Transient.REINST_Harold_Character_BP_C_0:ExecuteUbergraph_Harold_Character_BP
[2019.03.11-15.10.35:540][  0]LogUObjectGlobals: Created PersistentFrame Addr=0x0000022516403858, Size=40, Default__Harold_Character_BP_C Function /Game/Harold_Model_Files/Harold_Character_BP.Harold_Character_BP_C:ExecuteUbergraph_Harold_Character_BP
[2019.03.11-15.10.35:549][  0]LogUObjectGlobals: Created PersistentFrame Addr=0x000002251636f200, Size=1632, Default__BP_TwinStickCharacter_C Function /Game/Blueprint/BP_TwinStickCharacter.BP_TwinStickCharacter_C:ExecuteUbergraph_BP_TwinStickCharacter
[2019.03.11-15.10.35:550][  0]LogUObjectGlobals: Created PersistentFrame Addr=0x00000225163b8480, Size=224, Default__BP_Spike_C Function /Game/Blueprint/BP_Spike.BP_Spike_C:ExecuteUbergraph_BP_Spike
[2019.03.11-15.10.35:594][  0]LogUObjectGlobals: Created PersistentFrame Addr=0x000002251700f4c0, Size=296, Default__BP_TwinStickProjectile_C Function /Game/Blueprint/BP_TwinStickProjectile.BP_TwinStickProjectile_C:ExecuteUbergraph_BP_TwinStickProjectile
[2019.03.11-15.10.35:602][  0]LogUObjectGlobals: Created PersistentFrame Addr=0x0000022516fd3a00, Size=744, Default__EnemyCharacter_C Function /Game/Blueprint/EnemyCharacter.EnemyCharacter_C:ExecuteUbergraph_EnemyCharacter
[2019.03.11-15.10.35:608][  0]LogUObjectGlobals: Created PersistentFrame Addr=0x0000022516392bc0, Size=96, Default__ThirdPerson_AnimBP_C Function /Game/Mannequin/Animations/ThirdPerson_AnimBP.ThirdPerson_AnimBP_C:ExecuteUbergraph_ThirdPerson_AnimBP
[2019.03.11-15.10.35:610][  0]LogUObjectGlobals: Created PersistentFrame Addr=0x000002251638bc10, Size=112, Default__Weapon_C Function /Game/Blueprint/Weapon.Weapon_C:ExecuteUbergraph_Weapon
[2019.03.11-15.10.35:611][  0]LogUObjectGlobals: Created PersistentFrame Addr=0x0000022516fa7880, Size=328, Default__Laser_C Function /Game/Blueprint/Laser.Laser_C:ExecuteUbergraph_Laser
[2019.03.11-15.10.35:617][  0]LogUObjectGlobals: Created PersistentFrame Addr=0x00000225163926e0, Size=96, Default__EnemyBp_C Function /Game/Mannequin/Animations/ThirdPerson_AnimBP.ThirdPerson_AnimBP_C:ExecuteUbergraph_ThirdPerson_AnimBP
[2019.03.11-15.10.35:684][  0]LogUObjectGlobals: Created PersistentFrame Addr=0x0000022516f30760, Size=96, Default__EnemyBp_C Function /Game/Mannequin/Animations/ThirdPerson_AnimBP.ThirdPerson_AnimBP_C:ExecuteUbergraph_ThirdPerson_AnimBP
[2019.03.11-15.10.35:744][  0]LogUObjectGlobals: Created PersistentFrame Addr=0x000002251638b5f0, Size=104, Default__EnemyAI_C Function /Game/Blueprint/EnemyAI.EnemyAI_C:ExecuteUbergraph_EnemyAI
[2019.03.11-15.10.35:897][  0]LogUObjectGlobals: Destroyed PersistentFrame Addr=0x00000225163b8480, Size=224
[2019.03.11-15.10.35:897][  0]LogUObjectGlobals: Created PersistentFrame Addr=0x0000022517504720, Size=224, Default__BP_Spike_C Function /Engine/Transient.REINST_BP_Spike_C_5:ExecuteUbergraph_BP_Spike
[2019.03.11-15.10.35:897][  0]LogUObjectGlobals: Destroyed PersistentFrame Addr=0x000002251700f4c0, Size=296
[2019.03.11-15.10.35:897][  0]LogUObjectGlobals: Created PersistentFrame Addr=0x00000225174e6fc0, Size=296, Default__BP_TwinStickProjectile_C Function /Engine/Transient.REINST_BP_TwinStickProjectile_C_6:ExecuteUbergraph_BP_TwinStickProjectile
[2019.03.11-15.10.35:898][  0]LogUObjectGlobals: Destroyed PersistentFrame Addr=0x0000022516fa7880, Size=328
[2019.03.11-15.10.35:898][  0]LogUObjectGlobals: Created PersistentFrame Addr=0x0000022517663880, Size=328, Default__Laser_C Function /Engine/Transient.REINST_Laser_C_7:ExecuteUbergraph_Laser
[2019.03.11-15.10.35:898][  0]LogUObjectGlobals: Destroyed PersistentFrame Addr=0x0000022516392bc0, Size=96
[2019.03.11-15.10.35:898][  0]LogUObjectGlobals: Created PersistentFrame Addr=0x00000225174c6500, Size=96, Default__ThirdPerson_AnimBP_C Function /Engine/Transient.REINST_ThirdPerson_AnimBP_C_1:ExecuteUbergraph_ThirdPerson_AnimBP
[2019.03.11-15.10.35:898][  0]LogUObjectGlobals: Destroyed PersistentFrame Addr=0x000002251638bc10, Size=112
[2019.03.11-15.10.35:899][  0]LogUObjectGlobals: Created PersistentFrame Addr=0x000002251638bc10, Size=112, Default__Weapon_C Function /Engine/Transient.REINST_Weapon_C_8:ExecuteUbergraph_Weapon
[2019.03.11-15.10.35:899][  0]LogUObjectGlobals: Destroyed PersistentFrame Addr=0x0000022516f30760, Size=96
[2019.03.11-15.10.35:899][  0]LogUObjectGlobals: Created PersistentFrame Addr=0x00000225174c6320, Size=96, Default__EnemyBp_C Function /Engine/Transient.REINST_ThirdPerson_AnimBP_C_1:ExecuteUbergraph_ThirdPerson_AnimBP
[2019.03.11-15.10.35:900][  0]LogUObjectGlobals: Destroyed PersistentFrame Addr=0x000002251636f200, Size=1632
[2019.03.11-15.10.35:900][  0]LogUObjectGlobals: Created PersistentFrame Addr=0x000002251767a400, Size=1632, Default__BP_TwinStickCharacter_C Function /Engine/Transient.REINST_BP_TwinStickCharacter_C_9:ExecuteUbergraph_BP_TwinStickCharacter
[2019.03.11-15.10.35:900][  0]LogUObjectGlobals: Destroyed PersistentFrame Addr=0x000002251638b5f0, Size=104
[2019.03.11-15.10.35:900][  0]LogUObjectGlobals: Created PersistentFrame Addr=0x000002251638b5f0, Size=104, Default__EnemyAI_C Function /Engine/Transient.REINST_EnemyAI_C_10:ExecuteUbergraph_EnemyAI
[2019.03.11-15.10.35:901][  0]LogUObjectGlobals: Destroyed PersistentFrame Addr=0x0000022516fd3a00, Size=744
[2019.03.11-15.10.35:901][  0]LogUObjectGlobals: Created PersistentFrame Addr=0x0000022517668d00, Size=744, Default__EnemyCharacter_C Function /Engine/Transient.REINST_EnemyCharacter_C_11:ExecuteUbergraph_EnemyCharacter
[2019.03.11-15.10.35:937][  0]LogUObjectGlobals: Created PersistentFrame Addr=0x00000225178203a0, Size=224, Default__BP_Spike_C Function /Game/Blueprint/BP_Spike.BP_Spike_C:ExecuteUbergraph_BP_Spike
[2019.03.11-15.10.35:938][  0]LogUObjectGlobals: Created PersistentFrame Addr=0x000002251778a480, Size=296, Default__BP_TwinStickProjectile_C Function /Game/Blueprint/BP_TwinStickProjectile.BP_TwinStickProjectile_C:ExecuteUbergraph_BP_TwinStickProjectile
[2019.03.11-15.10.35:939][  0]LogUObjectGlobals: Created PersistentFrame Addr=0x0000022517bd7280, Size=328, Default__Laser_C Function /Game/Blueprint/Laser.Laser_C:ExecuteUbergraph_Laser
[2019.03.11-15.10.35:940][  0]LogUObjectGlobals: Created PersistentFrame Addr=0x0000022517c29600, Size=96, Default__ThirdPerson_AnimBP_C Function /Game/Mannequin/Animations/ThirdPerson_AnimBP.ThirdPerson_AnimBP_C:ExecuteUbergraph_ThirdPerson_AnimBP
[2019.03.11-15.10.35:942][  0]LogUObjectGlobals: Created PersistentFrame Addr=0x0000022517b6ad30, Size=112, Default__Weapon_C Function /Game/Blueprint/Weapon.Weapon_C:ExecuteUbergraph_Weapon
[2019.03.11-15.10.35:942][  0]LogUObjectGlobals: Created PersistentFrame Addr=0x0000022517c29420, Size=96, Default__EnemyBp_C Function /Game/Mannequin/Animations/ThirdPerson_AnimBP.ThirdPerson_AnimBP_C:ExecuteUbergraph_ThirdPerson_AnimBP
[2019.03.11-15.10.35:947][  0]LogUObjectGlobals: Created PersistentFrame Addr=0x0000022517b3a400, Size=1632, Default__BP_TwinStickCharacter_C Function /Game/Blueprint/BP_TwinStickCharacter.BP_TwinStickCharacter_C:ExecuteUbergraph_BP_TwinStickCharacter
[2019.03.11-15.10.35:949][  0]LogUObjectGlobals: Created PersistentFrame Addr=0x0000022517ae7890, Size=104, Default__EnemyAI_C Function /Game/Blueprint/EnemyAI.EnemyAI_C:ExecuteUbergraph_EnemyAI
[2019.03.11-15.10.35:951][  0]LogUObjectGlobals: Created PersistentFrame Addr=0x0000022517aeba00, Size=744, Default__EnemyCharacter_C Function /Game/Blueprint/EnemyCharacter.EnemyCharacter_C:ExecuteUbergraph_EnemyCharacter
[2019.03.11-15.10.36:065][  0]LogUObjectGlobals: Created PersistentFrame Addr=0x000002251768b740, Size=200, Default__BP_PunchableDoor_C Function /Game/Blueprint/BP_PunchableDoor.BP_PunchableDoor_C:ExecuteUbergraph_BP_PunchableDoor
[2019.03.11-15.10.36:067][  0]LogUObjectGlobals: Destroyed PersistentFrame Addr=0x000002251768b740, Size=200
[2019.03.11-15.10.36:067][  0]LogUObjectGlobals: Created PersistentFrame Addr=0x000002251e047900, Size=200, Default__BP_PunchableDoor_C Function /Engine/Transient.REINST_BP_PunchableDoor_C_24:ExecuteUbergraph_BP_PunchableDoor
[2019.03.11-15.10.36:068][  0]LogUObjectGlobals: Created PersistentFrame Addr=0x000002251e046da0, Size=200, Default__BP_PunchableDoor_C Function /Game/Blueprint/BP_PunchableDoor.BP_PunchableDoor_C:ExecuteUbergraph_BP_PunchableDoor
[2019.03.11-15.10.36:077][  0]LogUObjectGlobals: Created PersistentFrame Addr=0x000002251e046780, Size=200, Default__BP_Rock_C Function /Game/Blueprint/BP_Rock.BP_Rock_C:ExecuteUbergraph_BP_Rock
[2019.03.11-15.10.36:080][  0]LogUObjectGlobals: Destroyed PersistentFrame Addr=0x000002251e046780, Size=200
[2019.03.11-15.10.36:080][  0]LogUObjectGlobals: Created PersistentFrame Addr=0x000002251e046780, Size=200, Default__BP_Rock_C Function /Engine/Transient.REINST_BP_Rock_C_26:ExecuteUbergraph_BP_Rock
[2019.03.11-15.10.36:082][  0]LogUObjectGlobals: Created PersistentFrame Addr=0x000002251e045440, Size=200, Default__BP_Rock_C Function /Game/Blueprint/BP_Rock.BP_Rock_C:ExecuteUbergraph_BP_Rock
[2019.03.11-15.10.36:085][  0]LogUObjectGlobals: Created PersistentFrame Addr=0x000002251e027ce0, Size=80, Default__EnemySpawner_C Function /Game/Blueprint/EnemySpawner.EnemySpawner_C:ExecuteUbergraph_EnemySpawner
[2019.03.11-15.10.36:087][  0]LogUObjectGlobals: Destroyed PersistentFrame Addr=0x000002251e027ce0, Size=80
[2019.03.11-15.10.36:087][  0]LogUObjectGlobals: Created PersistentFrame Addr=0x000002251e027010, Size=80, Default__EnemySpawner_C Function /Engine/Transient.REINST_EnemySpawner_C_28:ExecuteUbergraph_EnemySpawner
[2019.03.11-15.10.36:089][  0]LogUObjectGlobals: Created PersistentFrame Addr=0x000002251e025da0, Size=80, Default__EnemySpawner_C Function /Game/Blueprint/EnemySpawner.EnemySpawner_C:ExecuteUbergraph_EnemySpawner
[2019.03.11-15.10.36:251][  0]LogUObjectGlobals: Created PersistentFrame Addr=0x0000022517fe7b00, Size=152, Default__Exploding_Barrel_C Function /Game/Blueprint/Exploding_Barrel.Exploding_Barrel_C:ExecuteUbergraph_Exploding_Barrel
[2019.03.11-15.10.36:255][  0]LogUObjectGlobals: Destroyed PersistentFrame Addr=0x0000022517fe7b00, Size=152
[2019.03.11-15.10.36:255][  0]LogUObjectGlobals: Created PersistentFrame Addr=0x0000022517fe5080, Size=152, Default__Exploding_Barrel_C Function /Engine/Transient.REINST_Exploding_Barrel_C_30:ExecuteUbergraph_Exploding_Barrel
[2019.03.11-15.10.36:260][  0]LogUObjectGlobals: Created PersistentFrame Addr=0x0000022517f7f7e0, Size=152, Default__Exploding_Barrel_C Function /Game/Blueprint/Exploding_Barrel.Exploding_Barrel_C:ExecuteUbergraph_Exploding_Barrel
[2019.03.11-15.10.36:471][  0]LogSkeletalMesh: Skeletal Mesh found in DDC [1.037856ms] /Game/Harold_Model_Files/Harold_enlarged_idle.Harold_enlarged_idle
[2019.03.11-15.10.36:568][  0]LogSkeletalMesh: Skeletal Mesh found in DDC [12.270844ms] /Game/Mannequin/Character/Mesh/SK_Mannequin.SK_Mannequin
[2019.03.11-15.10.36:580][  0]LogSkeletalMesh: Skeletal Mesh found in DDC [1.411645ms] /Game/FPWeapon/Mesh/SK_FPGun.SK_FPGun
[2019.03.11-15.10.36:832][  0]LogAIModule: Creating AISystem for world Level01
[2019.03.11-15.10.36:866][  0]LogEditorServer: Finished looking for orphan Actors (0.000 secs)
[2019.03.11-15.10.36:881][  0]LogUObjectGlobals: Destroyed PersistentFrame Addr=0x0000022516403ba0, Size=40
[2019.03.11-15.10.36:881][  0]LogUObjectGlobals: Destroyed PersistentFrame Addr=0x000002251767a400, Size=1632
[2019.03.11-15.10.36:881][  0]LogUObjectGlobals: Destroyed PersistentFrame Addr=0x0000022517504720, Size=224
[2019.03.11-15.10.36:881][  0]LogUObjectGlobals: Destroyed PersistentFrame Addr=0x00000225174e6fc0, Size=296
[2019.03.11-15.10.36:881][  0]LogUObjectGlobals: Destroyed PersistentFrame Addr=0x0000022517668d00, Size=744
[2019.03.11-15.10.36:881][  0]LogUObjectGlobals: Destroyed PersistentFrame Addr=0x00000225174c6500, Size=96
[2019.03.11-15.10.36:881][  0]LogUObjectGlobals: Destroyed PersistentFrame Addr=0x000002251638bc10, Size=112
[2019.03.11-15.10.36:881][  0]LogUObjectGlobals: Destroyed PersistentFrame Addr=0x0000022517663880, Size=328
[2019.03.11-15.10.36:881][  0]LogUObjectGlobals: Destroyed PersistentFrame Addr=0x00000225174c6320, Size=96
[2019.03.11-15.10.36:881][  0]LogUObjectGlobals: Destroyed PersistentFrame Addr=0x000002251638b5f0, Size=104
[2019.03.11-15.10.36:881][  0]LogUObjectGlobals: Destroyed PersistentFrame Addr=0x000002251e047900, Size=200
[2019.03.11-15.10.36:881][  0]LogUObjectGlobals: Destroyed PersistentFrame Addr=0x000002251e046780, Size=200
[2019.03.11-15.10.36:881][  0]LogUObjectGlobals: Destroyed PersistentFrame Addr=0x000002251e027010, Size=80
[2019.03.11-15.10.36:881][  0]LogUObjectGlobals: Destroyed PersistentFrame Addr=0x0000022517fe5080, Size=152
[2019.03.11-15.10.36:883][  0]Cmd: MAP CHECKDEP NOCLEARLOG
[2019.03.11-15.10.37:033][  0]MapCheck: Map check complete: 0 Error(s), 0 Warning(s), took 150.061ms to complete.
[2019.03.11-15.10.37:033][  0]LogFileHelpers: Loading map 'Level01' took 1.596
[2019.03.11-15.10.37:200][  0]LogCollectionManager: Loaded 0 collections in 0.002497 seconds
[2019.03.11-15.10.37:248][  0]LogFileCache: Scanning file cache for directory 'D:/Oyvind_Unreal/VikingShooter/Saved/Collections/' took 0.01s
[2019.03.11-15.10.37:248][  0]LogFileCache: Scanning file cache for directory 'D:/Oyvind_Unreal/VikingShooter/Content/Developers/øyvind/Collections/' took 0.01s
[2019.03.11-15.10.37:248][  0]LogFileCache: Scanning file cache for directory 'D:/Oyvind_Unreal/VikingShooter/Content/Collections/' took 0.01s
[2019.03.11-15.10.37:248][  0]LogCollectionManager: Rebuilt the GUID cache for 0 collections in 0.000000 seconds
[2019.03.11-15.10.37:262][  0]LogContentBrowser: Native class hierarchy populated in 0.0136 seconds. Added 2453 classes and 561 folders.
[2019.03.11-15.10.37:273][  0]LogContentBrowser: Native class hierarchy updated for 'WidgetCarousel' in 0.0035 seconds. Added 0 classes and 0 folders.
[2019.03.11-15.10.37:413][  0]LogContentBrowser: Native class hierarchy updated for 'AddContentDialog' in 0.0024 seconds. Added 0 classes and 0 folders.
[2019.03.11-15.10.37:419][  0]LogContentBrowser: Native class hierarchy updated for 'SceneOutliner' in 0.0023 seconds. Added 1 classes and 2 folders.
[2019.03.11-15.10.38:816][  0]LogSlate: Only BGRA pngs, bmps or icos are supported in by External Image Picker
[2019.03.11-15.10.38:879][  0]LogSlate: Took 0.000443 seconds to synchronously load lazily loaded font '../../../Engine/Content/Slate/Fonts/Roboto-Regular.ttf' (155K)
[2019.03.11-15.10.38:886][  0]LogSlate: Took 0.000497 seconds to synchronously load lazily loaded font '../../../Engine/Content/Slate/Fonts/Roboto-Bold.ttf' (160K)
[2019.03.11-15.10.38:891][  0]LogSlate: Took 0.000480 seconds to synchronously load lazily loaded font '../../../Engine/Content/Editor/Slate/Fonts/FontAwesome.ttf' (139K)
[2019.03.11-15.10.39:003][  0]LogRenderer: Reallocating scene render targets to support 1300x340 Format 10 NumSamples 1 (Frame:1).
[2019.03.11-15.10.39:183][  0]LogContentBrowser: Native class hierarchy updated for 'HierarchicalLODOutliner' in 0.0036 seconds. Added 0 classes and 0 folders.
[2019.03.11-15.10.39:184][  0]LogLoad: (Engine Initialization) Total time: 25.02 seconds
[2019.03.11-15.10.39:184][  0]LogLoad: (Engine Initialization) Total Blueprint compile time: 0.00 seconds
[2019.03.11-15.10.39:518][  0]LogTemp: Executing iPhonePackager certificates Engine -bundlename com.YourCompany.VikingShooter
[2019.03.11-15.10.39:518][  0]LogTemp: CWD: D:\Epic Games\UE_4.19\Engine\Binaries\DotNET\IOS
[2019.03.11-15.10.39:518][  0]LogTemp: Initial Dir: D:\Epic Games\UE_4.19
[2019.03.11-15.10.39:518][  0]LogTemp: Env CWD: D:\Epic Games\UE_4.19\Engine\Binaries\DotNET\IOS
[2019.03.11-15.10.39:518][  0]LogTemp: BranchPath = OYVIND/D/Epic Games/UE_4.19/Engine/Binaries --- GameBranchPath = OYVIND/D/Epic Games/UE_4.19/Engine/Binaries
[2019.03.11-15.10.39:518][  0]LogTemp: IPP ERROR: Could not find provision directory 'C:\Users\oyvind'\AppData\Local/Apple Computer/MobileDevice/Provisioning Profiles/'.
[2019.03.11-15.10.39:518][  0]LogWindowsTextInputMethodSystem: Display: IME system now deactivated.
[2019.03.11-15.10.39:558][  0]LogContentStreaming: Texture pool size now 1000 MB
[2019.03.11-15.10.39:623][  0]LogSlate: Took 0.000310 seconds to synchronously load lazily loaded font '../../../Engine/Content/Slate/Fonts/Roboto-Light.ttf' (167K)
[2019.03.11-15.10.40:213][  2]LogAssetRegistry: Asset discovery search completed in 13.8185 seconds
[2019.03.11-15.10.40:216][  2]LogCollectionManager: Rebuilt the object cache for 0 collections in 0.000000 seconds (found 0 objects)
[2019.03.11-15.10.40:216][  2]LogCollectionManager: Fixed up redirectors for 0 collections in 0.000116 seconds (updated 0 objects)
[2019.03.11-15.10.40:549][  3]LogSlate: Took 0.000443 seconds to synchronously load lazily loaded font '../../../Engine/Content/Slate/Fonts/Roboto-Light.ttf' (167K)
[2019.03.11-15.10.42:791][124]LogSlate: FSceneViewport::OnFocusLost() reason 0
[2019.03.11-15.19.41:298][966]LogTemp: Repeating last play command: Selected Viewport
[2019.03.11-15.19.41:319][966]LogPlayLevel: PlayLevel: No blueprints needed recompiling
[2019.03.11-15.19.41:320][966]PIE: New page: PIE session: Level01 (Mar 11, 2019, 5:19:41 PM)
[2019.03.11-15.19.41:320][966]LogPlayLevel: Creating play world package: /Game/Maps/UEDPIE_0_Level01
[2019.03.11-15.19.41:327][966]LogPlayLevel: PIE: StaticDuplicateObject took: (0.007344s)
[2019.03.11-15.19.41:328][966]LogAIModule: Creating AISystem for world Level01
[2019.03.11-15.19.41:328][966]LogPlayLevel: PIE: World Init took: (0.000749s)
[2019.03.11-15.19.41:328][966]LogPlayLevel: PIE: Created PIE world by copying editor world from /Game/Maps/Level01.Level01 to /Game/Maps/UEDPIE_0_Level01.Level01 (0.008305s)
[2019.03.11-15.19.41:386][966]LogInit: XAudio2 using 'Speakers (Realtek High Definition Audio)' : 6 channels at 48 kHz using 32 bits per sample (channel mask 0x3f)
[2019.03.11-15.19.41:520][966]LogInit: FAudioDevice initialized.
[2019.03.11-15.19.41:584][966]LogUObjectGlobals: Created PersistentFrame Addr=0x000002251e25cf00, Size=1104, Default__BP_Harold_Character_C Function /Game/Blueprint/BP_Harold_Character.BP_Harold_Character_C:ExecuteUbergraph_BP_Harold_Character
[2019.03.11-15.19.41:599][966]LogUObjectGlobals: Destroyed PersistentFrame Addr=0x000002251e25cf00, Size=1104
[2019.03.11-15.19.41:599][966]LogUObjectGlobals: Created PersistentFrame Addr=0x000002251e25cf00, Size=1104, Default__BP_Harold_Character_C Function /Engine/Transient.REINST_BP_Harold_Character_C_32:ExecuteUbergraph_BP_Harold_Character
[2019.03.11-15.19.41:612][966]LogUObjectGlobals: Created PersistentFrame Addr=0x0000022528720800, Size=1104, Default__BP_Harold_Character_C Function /Game/Blueprint/BP_Harold_Character.BP_Harold_Character_C:ExecuteUbergraph_BP_Harold_Character
[2019.03.11-15.19.41:627][966]LogUObjectGlobals: Created PersistentFrame Addr=0x00000225284558a0, Size=24, Default__BP_TwinStickGameMode_C Function /Game/Blueprint/BP_TwinStickGameMode.BP_TwinStickGameMode_C:ExecuteUbergraph_BP_TwinStickGameMode
[2019.03.11-15.19.41:628][966]LogUObjectGlobals: Destroyed PersistentFrame Addr=0x00000225284558a0, Size=24
[2019.03.11-15.19.41:628][966]LogUObjectGlobals: Created PersistentFrame Addr=0x00000225284558a0, Size=24, Default__BP_TwinStickGameMode_C Function /Engine/Transient.REINST_BP_TwinStickGameMode_C_35:ExecuteUbergraph_BP_TwinStickGameMode
[2019.03.11-15.19.41:629][966]LogUObjectGlobals: Created PersistentFrame Addr=0x0000022528456698, Size=24, Default__BP_TwinStickGameMode_C Function /Game/Blueprint/BP_TwinStickGameMode.BP_TwinStickGameMode_C:ExecuteUbergraph_BP_TwinStickGameMode
[2019.03.11-15.19.41:667][966]LogLoad: Game class is 'BP_TwinStickGameMode_C'
[2019.03.11-15.19.41:675][966]LogWorld: Bringing World /Game/Maps/UEDPIE_0_Level01.Level01 up for play (max tick rate 0) at 2019.03.11-16.19.41
[2019.03.11-15.19.41:678][966]LogWorld: Bringing up level for play took: 0.009204
[2019.03.11-15.19.41:684][966]LogContentBrowser: Native class hierarchy updated for 'MovieSceneCapture' in 0.0024 seconds. Added 11 classes and 0 folders.
[2019.03.11-15.19.41:702][966]PIE: Play in editor start time for /Game/Maps/UEDPIE_0_Level01 -0.279
[2019.03.11-15.19.48:334][369]LogWindows: Error: === Critical error: ===
[2019.03.11-15.19.48:334][369]LogWindows: Error: 
[2019.03.11-15.19.48:334][369]LogWindows: Error: Fatal error!
[2019.03.11-15.19.48:334][369]LogWindows: Error: 
[2019.03.11-15.19.48:334][369]LogWindows: Error: Unhandled Exception: EXCEPTION_ACCESS_VIOLATION reading address 0x00000000
[2019.03.11-15.19.48:334][369]LogWindows: Error: 
[2019.03.11-15.19.48:334][369]LogWindows: Error: [Callstack] 0x00000000DE3A4C29 XAudio2_7.dll!UnknownFunction []
[2019.03.11-15.19.48:334][369]LogWindows: Error: [Callstack] 0x00000000DE39FF91 XAudio2_7.dll!UnknownFunction []
[2019.03.11-15.19.48:334][369]LogWindows: Error: [Callstack] 0x00000000DE39A726 XAudio2_7.dll!UnknownFunction []
[2019.03.11-15.19.48:334][369]LogWindows: Error: [Callstack] 0x00000000DE3968F3 XAudio2_7.dll!UnknownFunction []
[2019.03.11-15.19.48:334][369]LogWindows: Error: [Callstack] 0x00000000E575180F UE4Editor-XAudio2.dll!UnknownFunction []
[2019.03.11-15.19.48:334][369]LogWindows: Error: [Callstack] 0x00000000E574D43D UE4Editor-XAudio2.dll!UnknownFunction []
[2019.03.11-15.19.48:335][369]LogWindows: Error: [Callstack] 0x00000000E57532BB UE4Editor-XAudio2.dll!UnknownFunction []
[2019.03.11-15.19.48:335][369]LogWindows: Error: [Callstack] 0x00000000F9325F0F UE4Editor-Engine.dll!UnknownFunction []
[2019.03.11-15.19.48:335][369]LogWindows: Error: [Callstack] 0x00000000F932C115 UE4Editor-Engine.dll!UnknownFunction []
[2019.03.11-15.19.48:335][369]LogWindows: Error: [Callstack] 0x00000000F932CCC5 UE4Editor-Engine.dll!UnknownFunction []
[2019.03.11-15.19.48:335][369]LogWindows: Error: [Callstack] 0x00000000F7AEE0EB UE4Editor-UnrealEd.dll!UnknownFunction []
[2019.03.11-15.19.48:335][369]LogWindows: Error: [Callstack] 0x00000000F8389626 UE4Editor-UnrealEd.dll!UnknownFunction []
[2019.03.11-15.19.48:335][369]LogWindows: Error: [Callstack] 0x000000000C5A5EAC UE4Editor.exe!UnknownFunction []
[2019.03.11-15.19.48:335][369]LogWindows: Error: [Callstack] 0x000000000C5B6BD0 UE4Editor.exe!UnknownFunction []
[2019.03.11-15.19.48:335][369]LogWindows: Error: [Callstack] 0x000000000C5B6C4A UE4Editor.exe!UnknownFunction []
[2019.03.11-15.19.48:335][369]LogWindows: Error: [Callstack] 0x000000000C5C4177 UE4Editor.exe!UnknownFunction []
[2019.03.11-15.19.48:335][369]LogWindows: Error: [Callstack] 0x000000000C5C5B87 UE4Editor.exe!UnknownFunction []
[2019.03.11-15.19.48:335][369]LogWindows: Error: [Callstack] 0x00000000637D3DC4 KERNEL32.DLL!UnknownFunction []
[2019.03.11-15.19.48:335][369]LogWindows: Error: [Callstack] 0x0000000066243691 ntdll.dll!UnknownFunction []
[2019.03.11-15.19.48:335][369]LogWindows: Error: [Callstack] 0x0000000066243691 ntdll.dll!UnknownFunction []
[2019.03.11-15.19.48:335][369]LogWindows: Error: 
[2019.03.11-15.19.48:347][369]LogExit: Executing StaticShutdownAfterError
[2019.03.11-15.19.48:350][369]LogWindows: FPlatformMisc::RequestExit(1)
[2019.03.11-15.19.48:350][369]Log file closed, 03/11/19 16:19:48
