Log file open, 03/15/19 15:25:43
LogWindows: Failed to load 'aqProf.dll' (GetLastError=126)
LogWindows: File 'aqProf.dll' does not exist
LogWindows: Failed to load 'VtuneApi.dll' (GetLastError=126)
LogWindows: File 'VtuneApi.dll' does not exist
LogWindows: Failed to load 'VtuneApi32e.dll' (GetLastError=126)
LogWindows: File 'VtuneApi32e.dll' does not exist
LogInit: Display: Running engine for game: VikingShooter
LogPlatformFile: Not using cached read wrapper
LogInit: Display: RandInit(236379650) SRandInit(236379651).
LogInit: Read version file with build ID '3944462'
LogInit: Overriding engine version to CL 4033788, compatible CL 3944462
LogInit: Registered custom module enumerator with build ID '3944462'
LogTaskGraph: Started task graph with 5 named threads and 23 total threads with 3 sets of task threads.
LogStats: Stats thread started at 0.283105
LogD3D11RHI: Aftermath initialized
LogICUInternationalization: Display: ICU TimeZone Detection - Raw Offset: +1:00, Platform Override: ''
LogPluginManager: Mounting plugin Paper2D
LogPluginManager: Mounting plugin LiveLink
LogPluginManager: Mounting plugin LightPropagationVolume
LogPluginManager: Mounting plugin CLionSourceCodeAccess
LogPluginManager: Mounting plugin CodeLiteSourceCodeAccess
LogPluginManager: Mounting plugin GitSourceControl
LogPluginManager: Mounting plugin KDevelopSourceCodeAccess
LogPluginManager: Mounting plugin NullSourceCodeAccess
LogPluginManager: Mounting plugin PerforceSourceControl
LogPluginManager: Mounting plugin SubversionSourceControl
LogPluginManager: Mounting plugin UObjectPlugin
LogPluginManager: Mounting plugin VisualStudioCodeSourceCodeAccess
LogPluginManager: Mounting plugin VisualStudioSourceCodeAccess
LogPluginManager: Mounting plugin XCodeSourceCodeAccess
LogPluginManager: Mounting plugin AssetManagerEditor
LogPluginManager: Mounting plugin CryptoKeys
LogPluginManager: Mounting plugin DataValidation
LogPluginManager: Mounting plugin FacialAnimation
LogPluginManager: Mounting plugin GameplayTagsEditor
LogPluginManager: Mounting plugin MobileLauncherProfileWizard
LogPluginManager: Mounting plugin PluginBrowser
LogPluginManager: Mounting plugin SpeedTreeImporter
LogPluginManager: Mounting plugin DatasmithContent
LogPluginManager: Mounting plugin AlembicImporter
LogPluginManager: Mounting plugin CharacterAI
LogPluginManager: Mounting plugin HTML5Networking
LogPluginManager: Mounting plugin AndroidMedia
LogPluginManager: Mounting plugin AvfMedia
LogPluginManager: Mounting plugin ImgMedia
LogPluginManager: Mounting plugin LinearTimecode
LogPluginManager: Mounting plugin MediaCompositing
LogPluginManager: Mounting plugin MediaPlayerEditor
LogPluginManager: Mounting plugin WmfMedia
LogPluginManager: Mounting plugin TcpMessaging
LogPluginManager: Mounting plugin UdpMessaging
LogPluginManager: Mounting plugin ActorSequence
LogPluginManager: Mounting plugin LevelSequenceEditor
LogPluginManager: Mounting plugin MatineeToLevelSequence
LogPluginManager: Mounting plugin NetcodeUnitTest
LogPluginManager: Mounting plugin NUTUnrealEngine4
LogPluginManager: Mounting plugin OnlineSubsystemGooglePlay
LogPluginManager: Mounting plugin OnlineSubsystemIOS
LogPluginManager: Mounting plugin OnlineSubsystem
LogPluginManager: Mounting plugin OnlineSubsystemNull
LogPluginManager: Mounting plugin OnlineSubsystemUtils
LogPluginManager: Mounting plugin AndroidDeviceProfileSelector
LogPluginManager: Mounting plugin AndroidMoviePlayer
LogPluginManager: Mounting plugin AndroidPermission
LogPluginManager: Mounting plugin AppleARKit
LogPluginManager: Mounting plugin AppleMoviePlayer
LogPluginManager: Mounting plugin ArchVisCharacter
LogPluginManager: Mounting plugin AudioCapture
LogPluginManager: Mounting plugin CableComponent
LogPluginManager: Mounting plugin CustomMeshComponent
LogPluginManager: Mounting plugin ExampleDeviceProfileSelector
LogPluginManager: Mounting plugin GoogleCloudMessaging
LogPluginManager: Mounting plugin ImmediatePhysics
LogPluginManager: Mounting plugin IOSDeviceProfileSelector
LogPluginManager: Mounting plugin LinuxDeviceProfileSelector
LogPluginManager: Mounting plugin LocationServicesBPLibrary
LogPluginManager: Mounting plugin MobilePatchingUtils
LogPluginManager: Mounting plugin OculusVR
LogPluginManager: Plugin shader directory ../../../Engine/Plugins/Runtime/Oculus/OculusVR/Shaders found
LogPluginManager: Mapping shader source directory ../../../Engine/Plugins/Runtime/Oculus/OculusVR/Shaders to virtual directory /Plugin/OculusVR
LogPluginManager: Mounting plugin PhysXVehicles
LogPluginManager: Mounting plugin ProceduralMeshComponent
LogPluginManager: Mounting plugin RuntimePhysXCooking
LogPluginManager: Mounting plugin SteamVR
LogPluginManager: Mounting plugin WindowsMoviePlayer
LogStreaming: Display: Took  0.176s to configure plugins.
LogModuleManager: Display: Found up-to-date module file ../../../../../Oyvind_Unreal/VikingShooter/Binaries/Win64/UE4Editor-VikingShooter-293.dll (API version 3944462).
LogModuleManager: Display: Found up-to-date module file ../../../Engine/Plugins/2D/Paper2D/Binaries/Win64/UE4Editor-Paper2D.dll (API version 3944462).
LogModuleManager: Display: Found up-to-date module file ../../../Engine/Plugins/2D/Paper2D/Binaries/Win64/UE4Editor-Paper2DEditor.dll (API version 3944462).
LogModuleManager: Display: Found up-to-date module file ../../../Engine/Plugins/2D/Paper2D/Binaries/Win64/UE4Editor-PaperSpriteSheetImporter.dll (API version 3944462).
LogModuleManager: Display: Found up-to-date module file ../../../Engine/Plugins/2D/Paper2D/Binaries/Win64/UE4Editor-PaperTiledImporter.dll (API version 3944462).
LogModuleManager: Display: Found up-to-date module file ../../../Engine/Plugins/2D/Paper2D/Binaries/Win64/UE4Editor-SmartSnapping.dll (API version 3944462).
LogModuleManager: Display: Found up-to-date module file ../../../Engine/Plugins/Animation/LiveLink/Binaries/Win64/UE4Editor-LiveLink.dll (API version 3944462).
LogModuleManager: Display: Found up-to-date module file ../../../Engine/Plugins/Animation/LiveLink/Binaries/Win64/UE4Editor-LiveLinkEditor.dll (API version 3944462).
LogModuleManager: Display: Found up-to-date module file ../../../Engine/Plugins/Blendables/LightPropagationVolume/Binaries/Win64/UE4Editor-LightPropagationVolumeRuntime.dll (API version 3944462).
LogModuleManager: Display: Found up-to-date module file ../../../Engine/Plugins/Blendables/LightPropagationVolume/Binaries/Win64/UE4Editor-LightPropagationVolumeEditor.dll (API version 3944462).
LogModuleManager: Display: Found up-to-date module file ../../../Engine/Plugins/Developer/CLionSourceCodeAccess/Binaries/Win64/UE4Editor-CLionSourceCodeAccess.dll (API version 3944462).
LogModuleManager: Display: Found up-to-date module file ../../../Engine/Plugins/Developer/GitSourceControl/Binaries/Win64/UE4Editor-GitSourceControl.dll (API version 3944462).
LogModuleManager: Display: Found up-to-date module file ../../../Engine/Plugins/Developer/PerforceSourceControl/Binaries/Win64/UE4Editor-PerforceSourceControl.dll (API version 3944462).
LogModuleManager: Display: Found up-to-date module file ../../../Engine/Plugins/Developer/SubversionSourceControl/Binaries/Win64/UE4Editor-SubversionSourceControl.dll (API version 3944462).
LogModuleManager: Display: Found up-to-date module file ../../../Engine/Plugins/Developer/UObjectPlugin/Binaries/Win64/UE4Editor-UObjectPlugin.dll (API version 3944462).
LogModuleManager: Display: Found up-to-date module file ../../../Engine/Plugins/Developer/VisualStudioCodeSourceCodeAccess/Binaries/Win64/UE4Editor-VisualStudioCodeSourceCodeAccess.dll (API version 3944462).
LogModuleManager: Display: Found up-to-date module file ../../../Engine/Plugins/Developer/VisualStudioSourceCodeAccess/Binaries/Win64/UE4Editor-VisualStudioSourceCodeAccess.dll (API version 3944462).
LogModuleManager: Display: Found up-to-date module file ../../../Engine/Plugins/Editor/AssetManagerEditor/Binaries/Win64/UE4Editor-AssetManagerEditor.dll (API version 3944462).
LogModuleManager: Display: Found up-to-date module file ../../../Engine/Plugins/Editor/CryptoKeys/Binaries/Win64/UE4Editor-CryptoKeys.dll (API version 3944462).
LogModuleManager: Display: Found up-to-date module file ../../../Engine/Plugins/Editor/CryptoKeys/Binaries/Win64/UE4Editor-CryptoKeysOpenSSL.dll (API version 3944462).
LogModuleManager: Display: Found up-to-date module file ../../../Engine/Plugins/Editor/DataValidation/Binaries/Win64/UE4Editor-DataValidation.dll (API version 3944462).
LogModuleManager: Display: Found up-to-date module file ../../../Engine/Plugins/Editor/FacialAnimation/Binaries/Win64/UE4Editor-FacialAnimation.dll (API version 3944462).
LogModuleManager: Display: Found up-to-date module file ../../../Engine/Plugins/Editor/FacialAnimation/Binaries/Win64/UE4Editor-FacialAnimationEditor.dll (API version 3944462).
LogModuleManager: Display: Found up-to-date module file ../../../Engine/Plugins/Editor/GameplayTagsEditor/Binaries/Win64/UE4Editor-GameplayTagsEditor.dll (API version 3944462).
LogModuleManager: Display: Found up-to-date module file ../../../Engine/Plugins/Editor/MobileLauncherProfileWizard/Binaries/Win64/UE4Editor-MobileLauncherProfileWizard.dll (API version 3944462).
LogModuleManager: Display: Found up-to-date module file ../../../Engine/Plugins/Editor/PluginBrowser/Binaries/Win64/UE4Editor-PluginBrowser.dll (API version 3944462).
LogModuleManager: Display: Found up-to-date module file ../../../Engine/Plugins/Editor/SpeedTreeImporter/Binaries/Win64/UE4Editor-SpeedTreeImporter.dll (API version 3944462).
LogModuleManager: Display: Found up-to-date module file ../../../Engine/Plugins/Enterprise/DatasmithContent/Binaries/Win64/UE4Editor-DatasmithContent.dll (API version 3944462).
LogModuleManager: Display: Found up-to-date module file ../../../Engine/Plugins/Experimental/AlembicImporter/Binaries/Win64/UE4Editor-AlembicImporter.dll (API version 3944462).
LogModuleManager: Display: Found up-to-date module file ../../../Engine/Plugins/Experimental/AlembicImporter/Binaries/Win64/UE4Editor-AlembicLibrary.dll (API version 3944462).
LogModuleManager: Display: Found up-to-date module file ../../../Engine/Plugins/Experimental/CharacterAI/Binaries/Win64/UE4Editor-CharacterAI.dll (API version 3944462).
LogModuleManager: Display: Found up-to-date module file ../../../Engine/Plugins/Experimental/HTML5Networking/Binaries/Win64/UE4Editor-HTML5Networking.dll (API version 3944462).
LogModuleManager: Display: Found up-to-date module file ../../../Engine/Plugins/Media/AndroidMedia/Binaries/Win64/UE4Editor-AndroidMediaEditor.dll (API version 3944462).
LogModuleManager: Display: Found up-to-date module file ../../../Engine/Plugins/Media/AndroidMedia/Binaries/Win64/UE4Editor-AndroidMediaFactory.dll (API version 3944462).
LogModuleManager: Display: Found up-to-date module file ../../../Engine/Plugins/Media/AvfMedia/Binaries/Win64/UE4Editor-AvfMediaEditor.dll (API version 3944462).
LogModuleManager: Display: Found up-to-date module file ../../../Engine/Plugins/Media/AvfMedia/Binaries/Win64/UE4Editor-AvfMediaFactory.dll (API version 3944462).
LogModuleManager: Display: Found up-to-date module file ../../../Engine/Plugins/Media/AvfMedia/Binaries/Win64/UE4Editor-AvfMediaFactory.dll (API version 3944462).
LogModuleManager: Display: Found up-to-date module file ../../../Engine/Plugins/Media/ImgMedia/Binaries/Win64/UE4Editor-ImgMedia.dll (API version 3944462).
LogModuleManager: Display: Found up-to-date module file ../../../Engine/Plugins/Media/ImgMedia/Binaries/Win64/UE4Editor-ImgMediaEditor.dll (API version 3944462).
LogModuleManager: Display: Found up-to-date module file ../../../Engine/Plugins/Media/ImgMedia/Binaries/Win64/UE4Editor-ImgMediaFactory.dll (API version 3944462).
LogModuleManager: Display: Found up-to-date module file ../../../Engine/Plugins/Media/ImgMedia/Binaries/Win64/UE4Editor-ImgMediaFactory.dll (API version 3944462).
LogModuleManager: Display: Found up-to-date module file ../../../Engine/Plugins/Media/ImgMedia/Binaries/Win64/UE4Editor-OpenExrWrapper.dll (API version 3944462).
LogModuleManager: Display: Found up-to-date module file ../../../Engine/Plugins/Media/LinearTimecode/Binaries/Win64/UE4Editor-LinearTimecode.dll (API version 3944462).
LogModuleManager: Display: Found up-to-date module file ../../../Engine/Plugins/Media/MediaCompositing/Binaries/Win64/UE4Editor-MediaCompositing.dll (API version 3944462).
LogModuleManager: Display: Found up-to-date module file ../../../Engine/Plugins/Media/MediaCompositing/Binaries/Win64/UE4Editor-MediaCompositingEditor.dll (API version 3944462).
LogModuleManager: Display: Found up-to-date module file ../../../Engine/Plugins/Media/MediaPlayerEditor/Binaries/Win64/UE4Editor-MediaPlayerEditor.dll (API version 3944462).
LogModuleManager: Display: Found up-to-date module file ../../../Engine/Plugins/Media/WmfMedia/Binaries/Win64/UE4Editor-WmfMedia.dll (API version 3944462).
LogModuleManager: Display: Found up-to-date module file ../../../Engine/Plugins/Media/WmfMedia/Binaries/Win64/UE4Editor-WmfMediaEditor.dll (API version 3944462).
LogModuleManager: Display: Found up-to-date module file ../../../Engine/Plugins/Media/WmfMedia/Binaries/Win64/UE4Editor-WmfMediaFactory.dll (API version 3944462).
LogModuleManager: Display: Found up-to-date module file ../../../Engine/Plugins/Media/WmfMedia/Binaries/Win64/UE4Editor-WmfMediaFactory.dll (API version 3944462).
LogModuleManager: Display: Found up-to-date module file ../../../Engine/Plugins/Messaging/TcpMessaging/Binaries/Win64/UE4Editor-TcpMessaging.dll (API version 3944462).
LogModuleManager: Display: Found up-to-date module file ../../../Engine/Plugins/Messaging/UdpMessaging/Binaries/Win64/UE4Editor-UdpMessaging.dll (API version 3944462).
LogModuleManager: Display: Found up-to-date module file ../../../Engine/Plugins/MovieScene/ActorSequence/Binaries/Win64/UE4Editor-ActorSequence.dll (API version 3944462).
LogModuleManager: Display: Found up-to-date module file ../../../Engine/Plugins/MovieScene/LevelSequenceEditor/Binaries/Win64/UE4Editor-LevelSequenceEditor.dll (API version 3944462).
LogModuleManager: Display: Found up-to-date module file ../../../Engine/Plugins/MovieScene/MatineeToLevelSequence/Binaries/Win64/UE4Editor-MatineeToLevelSequence.dll (API version 3944462).
LogModuleManager: Display: Found up-to-date module file ../../../Engine/Plugins/NetcodeUnitTest/NetcodeUnitTest/Binaries/Win64/UE4Editor-NetcodeUnitTest.dll (API version 3944462).
LogModuleManager: Display: Found up-to-date module file ../../../Engine/Plugins/NetcodeUnitTest/NUTUnrealEngine4/Binaries/Win64/UE4Editor-NUTUnrealEngine4.dll (API version 3944462).
LogModuleManager: Display: Found up-to-date module file ../../../Engine/Plugins/Online/OnlineSubsystem/Binaries/Win64/UE4Editor-OnlineSubsystem.dll (API version 3944462).
LogModuleManager: Display: Found up-to-date module file ../../../Engine/Plugins/Online/OnlineSubsystemNull/Binaries/Win64/UE4Editor-OnlineSubsystemNull.dll (API version 3944462).
LogModuleManager: Display: Found up-to-date module file ../../../Engine/Plugins/Online/OnlineSubsystemUtils/Binaries/Win64/UE4Editor-OnlineSubsystemUtils.dll (API version 3944462).
LogModuleManager: Display: Found up-to-date module file ../../../Engine/Plugins/Online/OnlineSubsystemUtils/Binaries/Win64/UE4Editor-OnlineBlueprintSupport.dll (API version 3944462).
LogModuleManager: Display: Found up-to-date module file ../../../Engine/Plugins/Runtime/AndroidDeviceProfileSelector/Binaries/Win64/UE4Editor-AndroidDeviceProfileSelector.dll (API version 3944462).
LogModuleManager: Display: Found up-to-date module file ../../../Engine/Plugins/Runtime/AndroidPermission/Binaries/Win64/UE4Editor-AndroidPermission.dll (API version 3944462).
LogModuleManager: Display: Found up-to-date module file ../../../Engine/Plugins/Runtime/AppleARKit/Binaries/Win64/UE4Editor-AppleARKit.dll (API version 3944462).
LogModuleManager: Display: Found up-to-date module file ../../../Engine/Plugins/Runtime/ArchVisCharacter/Binaries/Win64/UE4Editor-ArchVisCharacter.dll (API version 3944462).
LogModuleManager: Display: Found up-to-date module file ../../../Engine/Plugins/Runtime/AudioCapture/Binaries/Win64/UE4Editor-AudioCapture.dll (API version 3944462).
LogModuleManager: Display: Found up-to-date module file ../../../Engine/Plugins/Runtime/AudioCapture/Binaries/Win64/UE4Editor-AudioCaptureEditor.dll (API version 3944462).
LogModuleManager: Display: Found up-to-date module file ../../../Engine/Plugins/Runtime/CableComponent/Binaries/Win64/UE4Editor-CableComponent.dll (API version 3944462).
LogModuleManager: Display: Found up-to-date module file ../../../Engine/Plugins/Runtime/CustomMeshComponent/Binaries/Win64/UE4Editor-CustomMeshComponent.dll (API version 3944462).
LogModuleManager: Display: Found up-to-date module file ../../../Engine/Plugins/Runtime/ExampleDeviceProfileSelector/Binaries/Win64/UE4Editor-ExampleDeviceProfileSelector.dll (API version 3944462).
LogModuleManager: Display: Found up-to-date module file ../../../Engine/Plugins/Runtime/ImmediatePhysics/Binaries/Win64/UE4Editor-ImmediatePhysics.dll (API version 3944462).
LogModuleManager: Display: Found up-to-date module file ../../../Engine/Plugins/Runtime/ImmediatePhysics/Binaries/Win64/UE4Editor-ImmediatePhysicsEditor.dll (API version 3944462).
LogModuleManager: Display: Found up-to-date module file ../../../Engine/Plugins/Runtime/LocationServicesBPLibrary/Binaries/Win64/UE4Editor-LocationServicesBPLibrary.dll (API version 3944462).
LogModuleManager: Display: Found up-to-date module file ../../../Engine/Plugins/Runtime/MobilePatchingUtils/Binaries/Win64/UE4Editor-MobilePatchingUtils.dll (API version 3944462).
LogModuleManager: Display: Found up-to-date module file ../../../Engine/Plugins/Runtime/Oculus/OculusVR/Binaries/Win64/UE4Editor-OculusHMD.dll (API version 3944462).
LogModuleManager: Display: Found up-to-date module file ../../../Engine/Plugins/Runtime/Oculus/OculusVR/Binaries/Win64/UE4Editor-OculusInput.dll (API version 3944462).
LogModuleManager: Display: Found up-to-date module file ../../../Engine/Plugins/Runtime/Oculus/OculusVR/Binaries/Win64/UE4Editor-OculusEditor.dll (API version 3944462).
LogModuleManager: Display: Found up-to-date module file ../../../Engine/Plugins/Runtime/PhysXVehicles/Binaries/Win64/UE4Editor-PhysXVehicles.dll (API version 3944462).
LogModuleManager: Display: Found up-to-date module file ../../../Engine/Plugins/Runtime/PhysXVehicles/Binaries/Win64/UE4Editor-PhysXVehiclesEditor.dll (API version 3944462).
LogModuleManager: Display: Found up-to-date module file ../../../Engine/Plugins/Runtime/ProceduralMeshComponent/Binaries/Win64/UE4Editor-ProceduralMeshComponent.dll (API version 3944462).
LogModuleManager: Display: Found up-to-date module file ../../../Engine/Plugins/Runtime/ProceduralMeshComponent/Binaries/Win64/UE4Editor-ProceduralMeshComponentEditor.dll (API version 3944462).
LogModuleManager: Display: Found up-to-date module file ../../../Engine/Plugins/Runtime/RuntimePhysXCooking/Binaries/Win64/UE4Editor-RuntimePhysXCooking.dll (API version 3944462).
LogModuleManager: Display: Found up-to-date module file ../../../Engine/Plugins/Runtime/Steam/SteamVR/Binaries/Win64/UE4Editor-SteamVR.dll (API version 3944462).
LogModuleManager: Display: Found up-to-date module file ../../../Engine/Plugins/Runtime/Steam/SteamVR/Binaries/Win64/UE4Editor-SteamVRController.dll (API version 3944462).
LogModuleManager: Display: Found up-to-date module file ../../../Engine/Plugins/Runtime/WindowsMoviePlayer/Binaries/Win64/UE4Editor-WindowsMoviePlayer.dll (API version 3944462).
LogInit: Using libcurl 7.47.1
LogInit:  - built for x86_64-pc-win32
LogInit:  - supports SSL with OpenSSL/1.0.2g
LogInit:  - supports HTTP deflate (compression) using libz 1.2.8
LogInit:  - other features:
LogInit:      CURL_VERSION_SSL
LogInit:      CURL_VERSION_LIBZ
LogInit:      CURL_VERSION_IPV6
LogInit:      CURL_VERSION_ASYNCHDNS
LogInit:      CURL_VERSION_LARGEFILE
LogInit:      CURL_VERSION_IDN
LogInit:  CurlRequestOptions (configurable via config and command line):
LogInit:  - bVerifyPeer = false  - Libcurl will NOT verify peer certificate
LogInit:  - bUseHttpProxy = false  - Libcurl will NOT use HTTP proxy
LogInit:  - bDontReuseConnections = false  - Libcurl will reuse connections
LogInit:  - CertBundlePath = nullptr  - Libcurl will use whatever was configured at build time.
LogInit:  - MaxHostConnections = 16  - Libcurl will limit the number of connections to a host
LogInit:  - LocalHostAddr = Default
LogInit: WinSock: version 1.1 (2.2), MaxSocks=32767, MaxUdp=65467
LogInit: WinSock: I am oyvind (10.31.3.41:0)
LogInit: Build: ++UE4+Release-4.19-CL-4033788
LogInit: Engine Version: 4.19.2-4033788+++UE4+Release-4.19
LogInit: Compatible Engine Version: 4.19.0-3944462+++UE4+Release-4.19
LogInit: Net CL: 3944462
LogDevObjectVersion: Number of dev versions registered: 18
LogDevObjectVersion:   Dev-Blueprints (B0D832E4-1F89-4F0D-ACCF-7EB736FD4AA2): 10
LogDevObjectVersion:   Dev-Build (E1C64328-A22C-4D53-A36C-8E866417BD8C): 0
LogDevObjectVersion:   Dev-Core (375EC13C-06E4-48FB-B500-84F0262A717E): 2
LogDevObjectVersion:   Dev-Editor (E4B068ED-F494-42E9-A231-DA0B2E46BB41): 23
LogDevObjectVersion:   Dev-Framework (CFFC743F-43B0-4480-9391-14DF171D2073): 33
LogDevObjectVersion:   Dev-Mobile (B02B49B5-BB20-44E9-A304-32B752E40360): 2
LogDevObjectVersion:   Dev-Networking (A4E4105C-59A1-49B5-A7C5-40C4547EDFEE): 0
LogDevObjectVersion:   Dev-Online (39C831C9-5AE6-47DC-9A44-9C173E1C8E7C): 0
LogDevObjectVersion:   Dev-Physics (78F01B33-EBEA-4F98-B9B4-84EACCB95AA2): 0
LogDevObjectVersion:   Dev-Platform (6631380F-2D4D-43E0-8009-CF276956A95A): 0
LogDevObjectVersion:   Dev-Rendering (12F88B9F-8875-4AFC-A67C-D90C383ABD29): 25
LogDevObjectVersion:   Dev-Sequencer (7B5AE74C-D270-4C10-A958-57980B212A5A): 6
LogDevObjectVersion:   Dev-VR (D7296918-1DD6-4BDD-9DE2-64A83CC13884): 1
LogDevObjectVersion:   Dev-LoadTimes (C2A15278-BFE7-4AFE-6C17-90FF531DF755): 1
LogDevObjectVersion:   Private-Geometry (6EACA3D4-40EC-4CC1-B786-8BED09428FC5): 2
LogDevObjectVersion:   Dev-AnimPhys (29E575DD-E0A3-4627-9D10-D276232CDCEA): 16
LogDevObjectVersion:   Dev-ReflectionCapture (6B266CEC-1EC7-4B8F-A30B-E4D90942FC07): 1
LogDevObjectVersion:   Dev-Automation (0DF73D61-A23F-47EA-B727-89E90C41499A): 1
LogInit: Compiled (64-bit): Apr 27 2018 02:06:57
LogInit: Compiled with Visual C++: 19.00.24215.01
LogInit: Build Configuration: Development
LogInit: Branch Name: ++UE4+Release-4.19
LogInit: Command Line: -EpicPortal  -epicusername="Traitoor" -epicuserid=0247dc9c87b3404f84d4842944f85e13 -epiclocale=en-US
LogInit: Base Directory: D:/Epic Games/UE_4.19/Engine/Binaries/Win64/
LogInit: Installed Engine Build: 1
LogStreaming: Display: Took  0.224s to delete old logs.
LogInit: Presizing for max 8388607 objects, including 0 objects not considered by GC, pre-allocating 0 bytes for permanent pool.
LogInit: Object subsystem initialized
[2019.03.15-14.25.48:053][  0]LogInit: Selected Device Profile: [Windows]
[2019.03.15-14.25.48:053][  0]LogInit: Applying CVar settings loaded from the selected device profile: [Windows]
[2019.03.15-14.25.48:066][  0]LogInit: Computer: OYVIND
[2019.03.15-14.25.48:066][  0]LogInit: User: øyvind
[2019.03.15-14.25.48:066][  0]LogInit: CPU Page size=4096, Cores=4
[2019.03.15-14.25.48:066][  0]LogInit: High frequency timer resolution =2.742187 MHz
[2019.03.15-14.25.48:066][  0]LogMemory: Memory total: Physical=15.9GB (16GB approx)
[2019.03.15-14.25.48:066][  0]LogMemory: Platform Memory Stats for Windows
[2019.03.15-14.25.48:066][  0]LogMemory: Process Physical Memory: 274.76 MB used, 274.76 MB peak
[2019.03.15-14.25.48:066][  0]LogMemory: Process Virtual Memory: 266.45 MB used, 266.45 MB peak
[2019.03.15-14.25.48:066][  0]LogMemory: Physical Memory: 9029.18 MB used,  7242.44 MB free, 16271.62 MB total
[2019.03.15-14.25.48:066][  0]LogMemory: Virtual Memory: 4782.69 MB used,  7242.44 MB free, 134217728.00 MB total
[2019.03.15-14.25.50:650][  0]LogInit: Using OS detected language (en-US).
[2019.03.15-14.25.50:650][  0]LogInit: Using OS detected locale (en-US).
[2019.03.15-14.25.50:657][  0]LogTextLocalizationManager: No specific localization for 'en-US' exists, so the 'en' localization will be used.
[2019.03.15-14.25.51:101][  0]LogStreaming: Display: Took  0.452s to EndInitTextLocalization.
[2019.03.15-14.25.51:101][  0]LogInit: Setting process to per monitor DPI aware
[2019.03.15-14.25.51:162][  0]LogSlate: New Slate User Created.  User Index 0, Is Virtual User: 0
[2019.03.15-14.25.51:162][  0]LogSlate: Slate User Registered.  User Index 0, Is Virtual User: 0
[2019.03.15-14.25.51:662][  0]LogD3D11RHI: D3D11 adapters:
[2019.03.15-14.25.51:743][  0]LogD3D11RHI:    0. 'NVIDIA GeForce GTX 1060' (Feature Level 11_0)
[2019.03.15-14.25.51:743][  0]LogD3D11RHI:       6052/0/8135 MB DedicatedVideo/DedicatedSystem/SharedSystem, Outputs:1, VendorId:0x10de
[2019.03.15-14.25.51:756][  0]LogD3D11RHI:    1. 'Intel(R) HD Graphics 630' (Feature Level 11_0)
[2019.03.15-14.25.51:756][  0]LogD3D11RHI:       128/0/8135 MB DedicatedVideo/DedicatedSystem/SharedSystem, Outputs:0, VendorId:0x8086
[2019.03.15-14.25.51:759][  0]LogD3D11RHI:    2. 'Microsoft Basic Render Driver' (Feature Level 11_0)
[2019.03.15-14.25.51:759][  0]LogD3D11RHI:       0/0/8135 MB DedicatedVideo/DedicatedSystem/SharedSystem, Outputs:0, VendorId:0x1414
[2019.03.15-14.25.51:760][  0]LogD3D11RHI: Chosen D3D11 Adapter: 0
[2019.03.15-14.25.51:815][  0]LogD3D11RHI: Creating new Direct3DDevice
[2019.03.15-14.25.51:815][  0]LogD3D11RHI:     GPU DeviceId: 0x1c20 (for the marketing name, search the web for "GPU Device Id")
[2019.03.15-14.25.51:815][  0]LogWindows: EnumDisplayDevices:
[2019.03.15-14.25.51:815][  0]LogWindows:    0. 'Intel(R) HD Graphics 630' (P:1 D:1)
[2019.03.15-14.25.51:816][  0]LogWindows:    1. 'Intel(R) HD Graphics 630' (P:0 D:0)
[2019.03.15-14.25.51:816][  0]LogWindows:    2. 'Intel(R) HD Graphics 630' (P:0 D:0)
[2019.03.15-14.25.51:816][  0]LogWindows:    3. 'NVIDIA GeForce GTX 1060' (P:0 D:0)
[2019.03.15-14.25.51:816][  0]LogWindows:    4. 'NVIDIA GeForce GTX 1060' (P:0 D:0)
[2019.03.15-14.25.51:817][  0]LogWindows:    5. 'NVIDIA GeForce GTX 1060' (P:0 D:0)
[2019.03.15-14.25.51:817][  0]LogWindows:    6. 'NVIDIA GeForce GTX 1060' (P:0 D:0)
[2019.03.15-14.25.51:817][  0]LogWindows: DebugString: GetVideoDriverDetailsInvalid PrimaryIsNotTheChoosenAdapter GetVideoDriverDetailsInvalid PrimaryIsNotTheChoosenAdapter GetVideoDriverDetailsInvalid PrimaryIsNotTheChoosenAdapter GetVideoDriverDetailsInvalid PrimaryIsNotTheChoosenAdapter GetVideoDriverDetailsInvalid PrimaryIsNotTheChoosenAdapter GetVideoDriverDetailsInvalid PrimaryIsNotTheChoosenAdapter GetVideoDriverDetailsInvalid PrimaryIsNotTheChoosenAdapter FoundDriverCount:0 
[2019.03.15-14.25.51:817][  0]LogD3D11RHI:     Adapter Name: NVIDIA GeForce GTX 1060
[2019.03.15-14.25.51:817][  0]LogD3D11RHI:   Driver Version: Unknown (internal:Unknown, unified:Unknown)
[2019.03.15-14.25.51:817][  0]LogD3D11RHI:      Driver Date: Unknown
[2019.03.15-14.25.51:817][  0]LogRHI: Texture pool is 4236 MB (70% of 6052 MB)
[2019.03.15-14.25.51:866][  0]LogD3D11RHI: [Aftermath] Aftermath enabled and primed
[2019.03.15-14.25.51:866][  0]LogD3D11RHI: [Aftermath] Aftermath enabled and primed
[2019.03.15-14.25.51:866][  0]LogD3D11RHI: Async texture creation enabled
[2019.03.15-14.25.51:887][  0]LogD3D11RHI: GPU Timing Frequency: 1000.000000 (Debug: 2 2)
[2019.03.15-14.25.51:889][  0]LogShaderCompilers: Guid format shader working directory is 5 characters bigger than the processId version (../../../../../Oyvind_Unreal/VikingShooter/Intermediate/Shaders/WorkingDirectory/18300/).
[2019.03.15-14.25.51:889][  0]LogShaderCompilers: Cleaned the shader compiler working directory 'C:/Users/øyvind'/AppData/Local/Temp/UnrealShaderWorkingDir/B35E100E4630B1A9933A5EAC09906D62/'.
[2019.03.15-14.25.52:210][  0]LogTemp: Display: Loaded TP AllDesktopTargetPlatform
[2019.03.15-14.25.52:224][  0]LogTemp: Display: Loaded TP MacClientTargetPlatform
[2019.03.15-14.25.52:238][  0]LogTemp: Display: Loaded TP MacNoEditorTargetPlatform
[2019.03.15-14.25.52:253][  0]LogTemp: Display: Loaded TP MacServerTargetPlatform
[2019.03.15-14.25.52:268][  0]LogTemp: Display: Loaded TP MacTargetPlatform
[2019.03.15-14.25.52:283][  0]LogTemp: Display: Loaded TP WindowsClientTargetPlatform
[2019.03.15-14.25.52:296][  0]LogTemp: Display: Loaded TP WindowsNoEditorTargetPlatform
[2019.03.15-14.25.52:311][  0]LogTemp: Display: Loaded TP WindowsServerTargetPlatform
[2019.03.15-14.25.52:318][  0]LogTemp: Display: Loaded TP WindowsTargetPlatform
[2019.03.15-14.25.52:332][  0]LogTemp: Display: Loaded TP Android_ASTCTargetPlatform
[2019.03.15-14.25.52:346][  0]LogTemp: Display: Loaded TP Android_ATCTargetPlatform
[2019.03.15-14.25.52:359][  0]LogTemp: Display: Loaded TP Android_DXTTargetPlatform
[2019.03.15-14.25.52:372][  0]LogTemp: Display: Loaded TP Android_ETC1aTargetPlatform
[2019.03.15-14.25.52:385][  0]LogTemp: Display: Loaded TP Android_ETC1TargetPlatform
[2019.03.15-14.25.52:398][  0]LogTemp: Display: Loaded TP Android_ETC2TargetPlatform
[2019.03.15-14.25.52:425][  0]LogTemp: Display: Loaded TP Android_MultiTargetPlatform
[2019.03.15-14.25.52:425][  0]LogTemp: Display: Loaded TP Android_PVRTCTargetPlatform
[2019.03.15-14.25.52:439][  0]LogTemp: Display: Loaded TP AndroidTargetPlatform
[2019.03.15-14.25.52:441][  0]LogTemp: Display: Loaded TP HTML5TargetPlatform
[2019.03.15-14.25.52:481][  0]LogTemp: Display: Loaded TP IOSTargetPlatform
[2019.03.15-14.25.52:495][  0]LogTemp: Display: Loaded TP TVOSTargetPlatform
[2019.03.15-14.25.52:508][  0]LogTemp: Display: Loaded TP LinuxClientTargetPlatform
[2019.03.15-14.25.52:521][  0]LogTemp: Display: Loaded TP LinuxNoEditorTargetPlatform
[2019.03.15-14.25.52:534][  0]LogTemp: Display: Loaded TP LinuxServerTargetPlatform
[2019.03.15-14.25.52:548][  0]LogTemp: Display: Loaded TP LinuxTargetPlatform
[2019.03.15-14.25.52:548][  0]LogTargetPlatformManager: Display: Building Assets For Windows
[2019.03.15-14.25.52:733][  0]LogXGEController: Cannot use XGE Controller as Incredibuild is not installed on this machine.
[2019.03.15-14.25.52:733][  0]LogShaderCompilers: Cannot use XGE Shader Compiler as Incredibuild is not installed on this machine.
[2019.03.15-14.25.52:733][  0]LogShaderCompilers: Display: Using Local Shader Compiler.
[2019.03.15-14.25.53:496][  0]LogDerivedDataCache: Display: Max Cache Size: 512 MB
[2019.03.15-14.25.53:577][  0]LogDerivedDataCache: Loaded boot cache 0.08s 74MB C:/Users/øyvind'/AppData/Local/UnrealEngine/4.19/DerivedDataCache/Boot.ddc.
[2019.03.15-14.25.53:578][  0]LogDerivedDataCache: Display: Loaded Boot cache: C:/Users/øyvind'/AppData/Local/UnrealEngine/4.19/DerivedDataCache/Boot.ddc
[2019.03.15-14.25.53:578][  0]LogDerivedDataCache: FDerivedDataBackendGraph:  Pak pak cache file ../../../../../Oyvind_Unreal/VikingShooter/DerivedDataCache/DDC.ddp not found, will not use a pak cache.
[2019.03.15-14.25.53:578][  0]LogDerivedDataCache: Unable to find inner node Pak for hierarchical cache Hierarchy.
[2019.03.15-14.25.53:578][  0]LogDerivedDataCache: FDerivedDataBackendGraph:  CompressedPak pak cache file ../../../../../Oyvind_Unreal/VikingShooter/DerivedDataCache/Compressed.ddp not found, will not use a pak cache.
[2019.03.15-14.25.53:578][  0]LogDerivedDataCache: Unable to find inner node CompressedPak for hierarchical cache Hierarchy.
[2019.03.15-14.25.53:594][  0]LogDerivedDataCache: Display: Pak cache opened for reading ../../../Engine/DerivedDataCache/Compressed.ddp.
[2019.03.15-14.25.53:608][  0]LogDerivedDataCache: Using Local data cache path C:/Users/øyvind'/AppData/Local/UnrealEngine/Common/DerivedDataCache: Writable
[2019.03.15-14.25.53:608][  0]LogDerivedDataCache: Shared data cache path not found in *engine.ini, will not use an Shared cache.
[2019.03.15-14.25.53:608][  0]LogDerivedDataCache: Unable to find inner node Shared for hierarchical cache Hierarchy.
[2019.03.15-14.25.53:621][  0]LogMaterial: Verifying Global Shaders for PCD3D_SM5
[2019.03.15-14.25.53:622][  0]LogSlate: Using Freetype 2.6.0
[2019.03.15-14.25.53:623][  0]LogSlate: SlateFontCache - WITH_FREETYPE: 1, WITH_HARFBUZZ: 1
[2019.03.15-14.25.53:623][  0]LogSlate: SlateFontCache - WITH_FREETYPE: 1, WITH_HARFBUZZ: 1
[2019.03.15-14.25.53:820][  0]LogAssetRegistry: FAssetRegistry took 0.0263 seconds to start up
[2019.03.15-14.25.54:166][  0]LogInit: Selected Device Profile: [Windows]
[2019.03.15-14.25.54:353][  0]LogSimplygon: Simplygon DLL not present - disabling.
[2019.03.15-14.25.54:356][  0]LogMeshReduction: Using SimplygonSwarm for distributed automatic mesh merging
[2019.03.15-14.25.54:356][  0]LogMeshReduction: Using QuadricMeshReduction for automatic static mesh reduction
[2019.03.15-14.25.54:356][  0]LogMeshReduction: No automatic skeletal mesh reduction module available
[2019.03.15-14.25.54:356][  0]LogMeshReduction: No automatic mesh merging module available
[2019.03.15-14.25.54:356][  0]LogMeshMerging: No automatic mesh merging module available
[2019.03.15-14.25.54:413][  0]LogNetVersion: VikingShooter , NetCL: 3944462, EngineNetVer: 2, GameNetVer: 0 (Checksum: 3082558166)
[2019.03.15-14.25.55:050][  0]LogPackageLocalizationCache: Processed 9 localized package path(s) for 2 prioritized culture(s) in 0.185083 seconds
[2019.03.15-14.25.55:055][  0]LogUObjectArray: 36728 objects as part of root set at end of initial load.
[2019.03.15-14.25.55:055][  0]LogUObjectAllocator: 7314312 out of 0 bytes used by permanent object pool.
[2019.03.15-14.25.55:055][  0]LogUObjectArray: CloseDisregardForGC: 0/0 objects in disregard for GC pool
[2019.03.15-14.25.57:358][  0]LogTcpMessaging: Initializing TcpMessaging bridge
[2019.03.15-14.25.57:410][  0]LogUdpMessaging: Initializing bridge on interface 0.0.0.0:0 to multicast group 230.0.0.1:6666.
[2019.03.15-14.25.58:129][  0]SourceControl: Source control is disabled
[2019.03.15-14.25.59:830][  0]LogAndroidPermission: UAndroidPermissionCallbackProxy::GetInstance
[2019.03.15-14.26.00:248][  0]LogOcInput: OculusInput pre-init called
[2019.03.15-14.26.00:431][  0]LogEngine: Initializing Engine...
[2019.03.15-14.26.00:433][  0]LogHMD: Failed to initialize OpenVR with code 110
[2019.03.15-14.26.00:434][  0]LogStats: UGameplayTagsManager::ConstructGameplayTagTree: Construct from data asset -  0.000 s
[2019.03.15-14.26.00:434][  0]LogStats: UGameplayTagsManager::ConstructGameplayTagTree: GameplayTagTreeChangedEvent.Broadcast -  0.000 s
[2019.03.15-14.26.00:699][  0]LogAIModule: Creating AISystem for world Untitled
[2019.03.15-14.26.00:747][  0]LogInit: XAudio2 using 'Speakers (Realtek High Definition Audio)' : 6 channels at 48 kHz using 32 bits per sample (channel mask 0x3f)
[2019.03.15-14.26.01:089][  0]LogInit: FAudioDevice initialized.
[2019.03.15-14.26.01:226][  0]LogDerivedDataCache: Saved boot cache 0.14s 74MB C:/Users/øyvind'/AppData/Local/UnrealEngine/4.19/DerivedDataCache/Boot.ddc.
[2019.03.15-14.26.01:251][  0]LogInit: Texture streaming: Enabled
[2019.03.15-14.26.01:271][  0]LogEngineSessionManager: EngineSessionManager initialized
[2019.03.15-14.26.01:291][  0]LogInit: Transaction tracking system initialized
[2019.03.15-14.26.01:319][  0]BlueprintLog: New page: Editor Load
[2019.03.15-14.26.01:412][  0]LocalizationService: Localization service is disabled
[2019.03.15-14.26.01:595][  0]LogConsoleResponse: Display: 
[2019.03.15-14.26.01:839][  0]LogCook: Display: Max memory allowance for cook 16384mb min free memory 0mb
[2019.03.15-14.26.01:840][  0]LogCook: Display: Mobile HDR setting 1
[2019.03.15-14.26.01:840][  0]LogGameplayTags: Display: UGameplayTagsManager::DoneAddingNativeTags. DelegateIsBound: 0
[2019.03.15-14.26.01:840][  0]LogStats: UGameplayTagsManager::ConstructGameplayTagTree: Construct from data asset -  0.000 s
[2019.03.15-14.26.01:840][  0]LogStats: UGameplayTagsManager::ConstructGameplayTagTree: GameplayTagTreeChangedEvent.Broadcast -  0.000 s
[2019.03.15-14.26.02:464][  0]LogFileCache: Scanning file cache for directory 'D:/Oyvind_Unreal/VikingShooter/Content/' took 0.04s
[2019.03.15-14.26.02:625][  0]Cmd: MAP LOAD FILE="../../../../../Oyvind_Unreal/VikingShooter/Content/Maps/Level01.umap" TEMPLATE=0 SHOWPROGRESS=1 FEATURELEVEL=3
[2019.03.15-14.26.02:625][  0]LightingResults: New page: Lighting Build
[2019.03.15-14.26.02:628][  0]MapCheck: New page: Map Check
[2019.03.15-14.26.02:628][  0]LightingResults: New page: Lighting Build
[2019.03.15-14.26.02:678][  0]LogUObjectGlobals: Created PersistentFrame Addr=0x0000017f1a4781d0, Size=40, Default__BP_Troll02_C Function /Game/Troll02_Model_Files/BP_Troll02.BP_Troll02_C:ExecuteUbergraph_BP_Troll02
[2019.03.15-14.26.02:680][  0]LogUObjectGlobals: Destroyed PersistentFrame Addr=0x0000017f1a4781d0, Size=40
[2019.03.15-14.26.02:680][  0]LogUObjectGlobals: Created PersistentFrame Addr=0x0000017f1a22bf60, Size=40, Default__BP_Troll02_C Function /Engine/Transient.REINST_BP_Troll02_C_0:ExecuteUbergraph_BP_Troll02
[2019.03.15-14.26.02:684][  0]LogUObjectGlobals: Created PersistentFrame Addr=0x0000017f1a22bd58, Size=40, Default__BP_Troll02_C Function /Game/Troll02_Model_Files/BP_Troll02.BP_Troll02_C:ExecuteUbergraph_BP_Troll02
[2019.03.15-14.26.02:700][  0]LogUObjectGlobals: Created PersistentFrame Addr=0x0000017f1a69aa38, Size=4, Default__Troll01_BP_C Function /Game/Troll01_Files/Troll01_BP.Troll01_BP_C:ExecuteUbergraph_Troll01_BP
[2019.03.15-14.26.02:701][  0]LogUObjectGlobals: Destroyed PersistentFrame Addr=0x0000017f1a69aa38, Size=4
[2019.03.15-14.26.02:701][  0]LogUObjectGlobals: Created PersistentFrame Addr=0x0000017f1a69aa38, Size=4, Default__Troll01_BP_C Function /Engine/Transient.REINST_Troll01_BP_C_1:ExecuteUbergraph_Troll01_BP
[2019.03.15-14.26.02:701][  0]LogUObjectGlobals: Created PersistentFrame Addr=0x0000017f1a69b5a0, Size=4, Default__Troll01_BP_C Function /Game/Troll01_Files/Troll01_BP.Troll01_BP_C:ExecuteUbergraph_Troll01_BP
[2019.03.15-14.26.02:702][  0]LogUObjectGlobals: Destroyed PersistentFrame Addr=0x0000017f1a69b5a0, Size=4
[2019.03.15-14.26.02:702][  0]LogUObjectGlobals: Created PersistentFrame Addr=0x0000017f1a69b5a0, Size=4, Default__Troll01_BP_C Function /Engine/Transient.REINST_Troll01_BP_C_2:ExecuteUbergraph_Troll01_BP
[2019.03.15-14.26.02:706][  0]LogUObjectGlobals: Created PersistentFrame Addr=0x0000017f1a22b808, Size=40, Default__Troll01_BP_C Function /Game/Troll01_Files/Troll01_BP.Troll01_BP_C:ExecuteUbergraph_Troll01_BP
[2019.03.15-14.26.02:710][  0]LogUObjectGlobals: Created PersistentFrame Addr=0x0000017f198eeef0, Size=104, Default__EnemyAI_C Function /Game/Blueprint/EnemyAI.EnemyAI_C:ExecuteUbergraph_EnemyAI
[2019.03.15-14.26.02:712][  0]LogUObjectGlobals: Destroyed PersistentFrame Addr=0x0000017f198eeef0, Size=104
[2019.03.15-14.26.02:712][  0]LogUObjectGlobals: Created PersistentFrame Addr=0x0000017f198eeef0, Size=104, Default__EnemyAI_C Function /Engine/Transient.REINST_EnemyAI_C_5:ExecuteUbergraph_EnemyAI
[2019.03.15-14.26.02:714][  0]LogUObjectGlobals: Created PersistentFrame Addr=0x0000017f1a1d1280, Size=104, Default__EnemyAI_C Function /Game/Blueprint/EnemyAI.EnemyAI_C:ExecuteUbergraph_EnemyAI
[2019.03.15-14.26.02:834][  0]LogUObjectGlobals: Created PersistentFrame Addr=0x0000017f03463d80, Size=576, Default__EnemyCharacter_C Function /Game/Blueprint/EnemyCharacter.EnemyCharacter_C:ExecuteUbergraph_EnemyCharacter
[2019.03.15-14.26.02:847][  0]LogUObjectGlobals: Destroyed PersistentFrame Addr=0x0000017f03463d80, Size=576
[2019.03.15-14.26.02:847][  0]LogUObjectGlobals: Created PersistentFrame Addr=0x0000017f03463d80, Size=576, Default__EnemyCharacter_C Function /Engine/Transient.REINST_EnemyCharacter_C_10:ExecuteUbergraph_EnemyCharacter
[2019.03.15-14.26.02:857][  0]LogUObjectGlobals: Created PersistentFrame Addr=0x0000017f03460b80, Size=576, Default__EnemyCharacter_C Function /Game/Blueprint/EnemyCharacter.EnemyCharacter_C:ExecuteUbergraph_EnemyCharacter
[2019.03.15-14.26.02:880][  0]LogUObjectGlobals: Created PersistentFrame Addr=0x0000017f03453d80, Size=576, Default__BP_Goblin_C Function /Game/Blueprint/EnemyCharacter.EnemyCharacter_C:ExecuteUbergraph_EnemyCharacter
[2019.03.15-14.26.02:882][  0]LogUObjectGlobals: Destroyed PersistentFrame Addr=0x0000017f03453d80, Size=576
[2019.03.15-14.26.02:882][  0]LogUObjectGlobals: Created PersistentFrame Addr=0x0000017f03453d80, Size=576, Default__BP_Goblin_C Function /Game/Blueprint/EnemyCharacter.EnemyCharacter_C:ExecuteUbergraph_EnemyCharacter
[2019.03.15-14.26.02:882][  0]LogUObjectGlobals: Created PersistentFrame Addr=0x0000017f03453880, Size=576, Default__BP_Goblin_C Function /Game/Blueprint/EnemyCharacter.EnemyCharacter_C:ExecuteUbergraph_EnemyCharacter
[2019.03.15-14.26.02:997][  0]LogUObjectGlobals: Created PersistentFrame Addr=0x0000017f02c6bbc8, Size=40, Default__Harold_Character_BP_C Function /Game/Harold_Model_Files/Harold_Character_BP.Harold_Character_BP_C:ExecuteUbergraph_Harold_Character_BP
[2019.03.15-14.26.03:000][  0]LogUObjectGlobals: Destroyed PersistentFrame Addr=0x0000017f02c6bbc8, Size=40
[2019.03.15-14.26.03:000][  0]LogUObjectGlobals: Created PersistentFrame Addr=0x0000017f02c6bbc8, Size=40, Default__Harold_Character_BP_C Function /Engine/Transient.REINST_Harold_Character_BP_C_3:ExecuteUbergraph_Harold_Character_BP
[2019.03.15-14.26.03:002][  0]LogUObjectGlobals: Created PersistentFrame Addr=0x0000017f02c6b510, Size=40, Default__Harold_Character_BP_C Function /Game/Harold_Model_Files/Harold_Character_BP.Harold_Character_BP_C:ExecuteUbergraph_Harold_Character_BP
[2019.03.15-14.26.03:010][  0]LogUObjectGlobals: Created PersistentFrame Addr=0x0000017f02b8cf00, Size=1792, Default__BP_TwinStickCharacter_C Function /Game/Blueprint/BP_TwinStickCharacter.BP_TwinStickCharacter_C:ExecuteUbergraph_BP_TwinStickCharacter
[2019.03.15-14.26.03:012][  0]LogUObjectGlobals: Created PersistentFrame Addr=0x0000017f02b77f20, Size=224, Default__BP_Spike_C Function /Game/Blueprint/BP_Spike.BP_Spike_C:ExecuteUbergraph_BP_Spike
[2019.03.15-14.26.03:062][  0]LogUObjectGlobals: Created PersistentFrame Addr=0x0000017f029274c0, Size=296, Default__BP_TwinStickProjectile_C Function /Game/Blueprint/BP_TwinStickProjectile.BP_TwinStickProjectile_C:ExecuteUbergraph_BP_TwinStickProjectile
[2019.03.15-14.26.03:155][  0]LogUObjectGlobals: Created PersistentFrame Addr=0x0000017f03821bc0, Size=64, Default__Explosion_C Function /Game/Blueprint/Explosion.Explosion_C:ExecuteUbergraph_Explosion
[2019.03.15-14.26.03:276][  0]LogUObjectGlobals: Created PersistentFrame Addr=0x0000017f0402ae80, Size=144, Default__Grenade_C Function /Game/Blueprint/Grenade.Grenade_C:ExecuteUbergraph_Grenade
[2019.03.15-14.26.03:287][  0]LogUObjectGlobals: Created PersistentFrame Addr=0x0000017f03ff7880, Size=336, Default__Laser_C Function /Game/Blueprint/Laser.Laser_C:ExecuteUbergraph_Laser
[2019.03.15-14.26.03:397][  0]LogUObjectGlobals: Created PersistentFrame Addr=0x0000017f03c534a0, Size=112, Default__Weapon_C Function /Game/Blueprint/Weapon.Weapon_C:ExecuteUbergraph_Weapon
[2019.03.15-14.26.03:456][  0]LogUObjectGlobals: Destroyed PersistentFrame Addr=0x0000017f02b77f20, Size=224
[2019.03.15-14.26.03:456][  0]LogUObjectGlobals: Created PersistentFrame Addr=0x0000017f1d472320, Size=224, Default__BP_Spike_C Function /Engine/Transient.REINST_BP_Spike_C_16:ExecuteUbergraph_BP_Spike
[2019.03.15-14.26.03:458][  0]LogUObjectGlobals: Destroyed PersistentFrame Addr=0x0000017f029274c0, Size=296
[2019.03.15-14.26.03:458][  0]LogUObjectGlobals: Created PersistentFrame Addr=0x0000017f1d4f56c0, Size=296, Default__BP_TwinStickProjectile_C Function /Engine/Transient.REINST_BP_TwinStickProjectile_C_17:ExecuteUbergraph_BP_TwinStickProjectile
[2019.03.15-14.26.03:459][  0]LogUObjectGlobals: Destroyed PersistentFrame Addr=0x0000017f03821bc0, Size=64
[2019.03.15-14.26.03:459][  0]LogUObjectGlobals: Created PersistentFrame Addr=0x0000017f1d45e4c0, Size=64, Default__Explosion_C Function /Engine/Transient.REINST_Explosion_C_18:ExecuteUbergraph_Explosion
[2019.03.15-14.26.03:459][  0]LogUObjectGlobals: Destroyed PersistentFrame Addr=0x0000017f0402ae80, Size=144
[2019.03.15-14.26.03:459][  0]LogUObjectGlobals: Created PersistentFrame Addr=0x0000017f1d3db240, Size=144, Default__Grenade_C Function /Engine/Transient.REINST_Grenade_C_19:ExecuteUbergraph_Grenade
[2019.03.15-14.26.03:460][  0]LogUObjectGlobals: Destroyed PersistentFrame Addr=0x0000017f03ff7880, Size=336
[2019.03.15-14.26.03:460][  0]LogUObjectGlobals: Created PersistentFrame Addr=0x0000017f1d3d5300, Size=336, Default__Laser_C Function /Engine/Transient.REINST_Laser_C_20:ExecuteUbergraph_Laser
[2019.03.15-14.26.03:460][  0]LogUObjectGlobals: Destroyed PersistentFrame Addr=0x0000017f03c534a0, Size=112
[2019.03.15-14.26.03:460][  0]LogUObjectGlobals: Created PersistentFrame Addr=0x0000017f03c534a0, Size=112, Default__Weapon_C Function /Engine/Transient.REINST_Weapon_C_21:ExecuteUbergraph_Weapon
[2019.03.15-14.26.03:461][  0]LogUObjectGlobals: Destroyed PersistentFrame Addr=0x0000017f02b8cf00, Size=1792
[2019.03.15-14.26.03:461][  0]LogUObjectGlobals: Created PersistentFrame Addr=0x0000017f1e188800, Size=1792, Default__BP_TwinStickCharacter_C Function /Engine/Transient.REINST_BP_TwinStickCharacter_C_22:ExecuteUbergraph_BP_TwinStickCharacter
[2019.03.15-14.26.03:485][  0]LogUObjectGlobals: Created PersistentFrame Addr=0x0000017f1e0a42c0, Size=224, Default__BP_Spike_C Function /Game/Blueprint/BP_Spike.BP_Spike_C:ExecuteUbergraph_BP_Spike
[2019.03.15-14.26.03:486][  0]LogUObjectGlobals: Created PersistentFrame Addr=0x0000017f1e0aaac0, Size=296, Default__BP_TwinStickProjectile_C Function /Game/Blueprint/BP_TwinStickProjectile.BP_TwinStickProjectile_C:ExecuteUbergraph_BP_TwinStickProjectile
[2019.03.15-14.26.03:487][  0]LogUObjectGlobals: Created PersistentFrame Addr=0x0000017f1e09c8c0, Size=64, Default__Explosion_C Function /Game/Blueprint/Explosion.Explosion_C:ExecuteUbergraph_Explosion
[2019.03.15-14.26.03:488][  0]LogUObjectGlobals: Created PersistentFrame Addr=0x0000017f1dff9da0, Size=144, Default__Grenade_C Function /Game/Blueprint/Grenade.Grenade_C:ExecuteUbergraph_Grenade
[2019.03.15-14.26.03:490][  0]LogUObjectGlobals: Created PersistentFrame Addr=0x0000017f1e006380, Size=336, Default__Laser_C Function /Game/Blueprint/Laser.Laser_C:ExecuteUbergraph_Laser
[2019.03.15-14.26.03:492][  0]LogUObjectGlobals: Created PersistentFrame Addr=0x0000017f1df9f3c0, Size=112, Default__Weapon_C Function /Game/Blueprint/Weapon.Weapon_C:ExecuteUbergraph_Weapon
[2019.03.15-14.26.03:497][  0]LogUObjectGlobals: Created PersistentFrame Addr=0x0000017f1df6a400, Size=1792, Default__BP_TwinStickCharacter_C Function /Game/Blueprint/BP_TwinStickCharacter.BP_TwinStickCharacter_C:ExecuteUbergraph_BP_TwinStickCharacter
[2019.03.15-14.26.03:523][  0]LogUObjectGlobals: Created PersistentFrame Addr=0x0000017f1df3b580, Size=200, Default__BP_PunchableDoor_C Function /Game/Blueprint/BP_PunchableDoor.BP_PunchableDoor_C:ExecuteUbergraph_BP_PunchableDoor
[2019.03.15-14.26.03:526][  0]LogUObjectGlobals: Destroyed PersistentFrame Addr=0x0000017f1df3b580, Size=200
[2019.03.15-14.26.03:526][  0]LogUObjectGlobals: Created PersistentFrame Addr=0x0000017f1df3b580, Size=200, Default__BP_PunchableDoor_C Function /Engine/Transient.REINST_BP_PunchableDoor_C_30:ExecuteUbergraph_BP_PunchableDoor
[2019.03.15-14.26.03:528][  0]LogUObjectGlobals: Created PersistentFrame Addr=0x0000017f1df3a080, Size=200, Default__BP_PunchableDoor_C Function /Game/Blueprint/BP_PunchableDoor.BP_PunchableDoor_C:ExecuteUbergraph_BP_PunchableDoor
[2019.03.15-14.26.03:537][  0]LogUObjectGlobals: Created PersistentFrame Addr=0x0000017f1df39a60, Size=200, Default__BP_Rock_C Function /Game/Blueprint/BP_Rock.BP_Rock_C:ExecuteUbergraph_BP_Rock
[2019.03.15-14.26.03:541][  0]LogUObjectGlobals: Destroyed PersistentFrame Addr=0x0000017f1df39a60, Size=200
[2019.03.15-14.26.03:541][  0]LogUObjectGlobals: Created PersistentFrame Addr=0x0000017f1df39a60, Size=200, Default__BP_Rock_C Function /Engine/Transient.REINST_BP_Rock_C_32:ExecuteUbergraph_BP_Rock
[2019.03.15-14.26.03:543][  0]LogUObjectGlobals: Created PersistentFrame Addr=0x0000017f1df38720, Size=200, Default__BP_Rock_C Function /Game/Blueprint/BP_Rock.BP_Rock_C:ExecuteUbergraph_BP_Rock
[2019.03.15-14.26.03:555][  0]LogUObjectGlobals: Created PersistentFrame Addr=0x0000017f1e049d00, Size=528, Default__Exploding_Barrel_C Function /Game/Blueprint/Exploding_Barrel.Exploding_Barrel_C:ExecuteUbergraph_Exploding_Barrel
[2019.03.15-14.26.03:563][  0]LogUObjectGlobals: Destroyed PersistentFrame Addr=0x0000017f1e049d00, Size=528
[2019.03.15-14.26.03:563][  0]LogUObjectGlobals: Created PersistentFrame Addr=0x0000017f1e049d00, Size=528, Default__Exploding_Barrel_C Function /Engine/Transient.REINST_Exploding_Barrel_C_34:ExecuteUbergraph_Exploding_Barrel
[2019.03.15-14.26.03:568][  0]LogUObjectGlobals: Created PersistentFrame Addr=0x0000017f1e049300, Size=528, Default__Exploding_Barrel_C Function /Game/Blueprint/Exploding_Barrel.Exploding_Barrel_C:ExecuteUbergraph_Exploding_Barrel
[2019.03.15-14.26.03:730][  0]LogSkeletalMesh: Skeletal Mesh found in DDC [0.728251ms] /Game/Troll01_Files/Troll01_Idle.Troll01_Idle
[2019.03.15-14.26.03:903][  0]LogSkeletalMesh: Skeletal Mesh found in DDC [1.083807ms] /Game/Harold_Model_Files/Harold_enlarged_idle.Harold_enlarged_idle
[2019.03.15-14.26.03:960][  0]LogSkeletalMesh: Skeletal Mesh found in DDC [0.452923ms] /Game/Troll02_Model_Files/Troll02_Idle_Anim.Troll02_Idle_Anim
[2019.03.15-14.26.04:062][  0]LogSkeletalMesh: Skeletal Mesh found in DDC [2.341926ms] /Game/FPWeapon/Mesh/SK_FPGun.SK_FPGun
[2019.03.15-14.26.04:300][  0]LogAIModule: Creating AISystem for world Level01
[2019.03.15-14.26.04:385][  0]LogEditorServer: Finished looking for orphan Actors (0.000 secs)
[2019.03.15-14.26.04:401][  0]LogUObjectGlobals: Destroyed PersistentFrame Addr=0x0000017f1a22bf60, Size=40
[2019.03.15-14.26.04:401][  0]LogUObjectGlobals: Destroyed PersistentFrame Addr=0x0000017f1a69aa38, Size=4
[2019.03.15-14.26.04:401][  0]LogUObjectGlobals: Destroyed PersistentFrame Addr=0x0000017f1a69b5a0, Size=4
[2019.03.15-14.26.04:401][  0]LogUObjectGlobals: Destroyed PersistentFrame Addr=0x0000017f198eeef0, Size=104
[2019.03.15-14.26.04:401][  0]LogUObjectGlobals: Destroyed PersistentFrame Addr=0x0000017f03463d80, Size=576
[2019.03.15-14.26.04:401][  0]LogUObjectGlobals: Destroyed PersistentFrame Addr=0x0000017f03453d80, Size=576
[2019.03.15-14.26.04:401][  0]LogUObjectGlobals: Destroyed PersistentFrame Addr=0x0000017f02c6bbc8, Size=40
[2019.03.15-14.26.04:401][  0]LogUObjectGlobals: Destroyed PersistentFrame Addr=0x0000017f1e188800, Size=1792
[2019.03.15-14.26.04:401][  0]LogUObjectGlobals: Destroyed PersistentFrame Addr=0x0000017f1d472320, Size=224
[2019.03.15-14.26.04:401][  0]LogUObjectGlobals: Destroyed PersistentFrame Addr=0x0000017f1d4f56c0, Size=296
[2019.03.15-14.26.04:401][  0]LogUObjectGlobals: Destroyed PersistentFrame Addr=0x0000017f1d45e4c0, Size=64
[2019.03.15-14.26.04:401][  0]LogUObjectGlobals: Destroyed PersistentFrame Addr=0x0000017f1d3db240, Size=144
[2019.03.15-14.26.04:401][  0]LogUObjectGlobals: Destroyed PersistentFrame Addr=0x0000017f1d3d5300, Size=336
[2019.03.15-14.26.04:401][  0]LogUObjectGlobals: Destroyed PersistentFrame Addr=0x0000017f03c534a0, Size=112
[2019.03.15-14.26.04:401][  0]LogUObjectGlobals: Destroyed PersistentFrame Addr=0x0000017f1df3b580, Size=200
[2019.03.15-14.26.04:401][  0]LogUObjectGlobals: Destroyed PersistentFrame Addr=0x0000017f1df39a60, Size=200
[2019.03.15-14.26.04:401][  0]LogUObjectGlobals: Destroyed PersistentFrame Addr=0x0000017f1e049d00, Size=528
[2019.03.15-14.26.04:403][  0]Cmd: MAP CHECKDEP NOCLEARLOG
[2019.03.15-14.26.04:576][  0]MapCheck: Map check complete: 0 Error(s), 0 Warning(s), took 172.285ms to complete.
[2019.03.15-14.26.04:576][  0]LogFileHelpers: Loading map 'Level01' took 1.951
[2019.03.15-14.26.04:841][  0]LogCollectionManager: Loaded 0 collections in 0.003134 seconds
[2019.03.15-14.26.04:893][  0]LogFileCache: Scanning file cache for directory 'D:/Oyvind_Unreal/VikingShooter/Saved/Collections/' took 0.01s
[2019.03.15-14.26.04:893][  0]LogFileCache: Scanning file cache for directory 'D:/Oyvind_Unreal/VikingShooter/Content/Developers/øyvind/Collections/' took 0.01s
[2019.03.15-14.26.04:893][  0]LogFileCache: Scanning file cache for directory 'D:/Oyvind_Unreal/VikingShooter/Content/Collections/' took 0.01s
[2019.03.15-14.26.04:893][  0]LogCollectionManager: Rebuilt the GUID cache for 0 collections in 0.000000 seconds
[2019.03.15-14.26.04:906][  0]LogContentBrowser: Native class hierarchy populated in 0.0130 seconds. Added 2453 classes and 561 folders.
[2019.03.15-14.26.04:919][  0]LogContentBrowser: Native class hierarchy updated for 'WidgetCarousel' in 0.0030 seconds. Added 0 classes and 0 folders.
[2019.03.15-14.26.05:060][  0]LogContentBrowser: Native class hierarchy updated for 'AddContentDialog' in 0.0033 seconds. Added 0 classes and 0 folders.
[2019.03.15-14.26.05:068][  0]LogContentBrowser: Native class hierarchy updated for 'SceneOutliner' in 0.0033 seconds. Added 1 classes and 2 folders.
[2019.03.15-14.26.05:092][  0]LogSlate: Took 0.000365 seconds to synchronously load lazily loaded font '../../../Engine/Content/Slate/Fonts/Roboto-Regular.ttf' (155K)
[2019.03.15-14.26.05:095][  0]LogSlate: Took 0.000399 seconds to synchronously load lazily loaded font '../../../Engine/Content/Slate/Fonts/Roboto-Bold.ttf' (160K)
[2019.03.15-14.26.05:103][  0]LogSlate: Took 0.000477 seconds to synchronously load lazily loaded font '../../../Engine/Content/Editor/Slate/Fonts/FontAwesome.ttf' (139K)
[2019.03.15-14.26.05:232][  0]LogRenderer: Reallocating scene render targets to support 924x436 Format 10 NumSamples 1 (Frame:1).
[2019.03.15-14.26.05:408][  0]LogContentBrowser: Native class hierarchy updated for 'HierarchicalLODOutliner' in 0.0024 seconds. Added 0 classes and 0 folders.
[2019.03.15-14.26.05:408][  0]LogLoad: (Engine Initialization) Total time: 23.28 seconds
[2019.03.15-14.26.05:408][  0]LogLoad: (Engine Initialization) Total Blueprint compile time: 0.00 seconds
[2019.03.15-14.26.05:417][  0]LogWindowsTextInputMethodSystem: Display: IME system now deactivated.
[2019.03.15-14.26.05:443][  0]LogContentStreaming: Texture pool size now 1000 MB
[2019.03.15-14.26.05:484][  0]LogSlate: Took 0.000318 seconds to synchronously load lazily loaded font '../../../Engine/Content/Slate/Fonts/Roboto-Light.ttf' (167K)
[2019.03.15-14.26.05:592][  2]LogAssetRegistry: Asset discovery search completed in 11.7941 seconds
[2019.03.15-14.26.05:596][  2]LogCollectionManager: Rebuilt the object cache for 0 collections in 0.000000 seconds (found 0 objects)
[2019.03.15-14.26.05:596][  2]LogCollectionManager: Fixed up redirectors for 0 collections in 0.000067 seconds (updated 0 objects)
[2019.03.15-14.26.06:457][ 86]LogSlate: Took 0.000664 seconds to synchronously load lazily loaded font '../../../Engine/Content/Slate/Fonts/Roboto-Light.ttf' (167K)
[2019.03.15-14.26.10:760][578]LogSlate: FSceneViewport::OnFocusLost() reason 0
[2019.03.15-14.26.23:767][560]LogContentBrowser: Native class hierarchy updated for 'BlueprintGraph' in 0.0030 seconds. Added 116 classes and 0 folders.
[2019.03.15-14.26.24:077][560]LogUObjectGlobals: Created PersistentFrame Addr=0x0000017f9d2cdec0, Size=4, Default__SKEL_PROTO_BP_AnimBlueprint_0_C Function /Engine/Transient.SKEL_PROTO_BP_AnimBlueprint_0_C:ExecuteUbergraph_PROTO_BP_AnimBlueprint_0
[2019.03.15-14.26.24:078][560]LogUObjectGlobals: Created PersistentFrame Addr=0x0000017f9d2cdeb8, Size=4, Default__PROTO_BP_AnimBlueprint_0_C Function /Engine/Transient.PROTO_BP_AnimBlueprint_0_C:ExecuteUbergraph_PROTO_BP_AnimBlueprint_0
[2019.03.15-14.26.24:535][560]LogSlate: Took 0.000365 seconds to synchronously load lazily loaded font '../../../Engine/Content/Slate/Fonts/Roboto-BoldCondensed.ttf' (158K)
[2019.03.15-14.26.24:737][561]LogSlate: Took 0.000547 seconds to synchronously load lazily loaded font '../../../Engine/Content/Slate/Fonts/Roboto-Italic.ttf' (157K)
[2019.03.15-14.26.27:387][736]LogSlate: Window 'EnemyCharacter' being destroyed
[2019.03.15-14.26.27:404][737]LogRenderer: Reallocating scene render targets to support 1152x544 Format 10 NumSamples 1 (Frame:1689).
[2019.03.15-14.30.18:953][869]LogTemp: Repeating last play command: New Editor Window (PIE)
[2019.03.15-14.30.18:969][869]LogBlueprintUserMessages: Early PlayInEditor Detection: Level '/Game/Maps/Level01.Level01:PersistentLevel' has LevelScriptBlueprint '/Game/Maps/Level01.Level01:PersistentLevel.Level01' with GeneratedClass '/Game/Maps/Level01.Level01_C' with ClassGeneratedBy '/Game/Maps/Level01.Level01:PersistentLevel.Level01'
[2019.03.15-14.30.18:969][869]LogPlayLevel: PlayLevel: No blueprints needed recompiling
[2019.03.15-14.30.18:969][869]PIE: New page: PIE session: Level01 (Mar 15, 2019, 4:30:18 PM)
[2019.03.15-14.30.18:969][869]LogPlayLevel: Creating play world package: /Game/Maps/UEDPIE_0_Level01
[2019.03.15-14.30.18:977][869]LogPlayLevel: PIE: StaticDuplicateObject took: (0.007638s)
[2019.03.15-14.30.18:978][869]LogAIModule: Creating AISystem for world Level01
[2019.03.15-14.30.18:978][869]LogPlayLevel: PIE: World Init took: (0.000882s)
[2019.03.15-14.30.18:978][869]LogPlayLevel: PIE: Created PIE world by copying editor world from /Game/Maps/Level01.Level01 to /Game/Maps/UEDPIE_0_Level01.Level01 (0.008714s)
[2019.03.15-14.30.19:038][869]LogInit: XAudio2 using 'Speakers (Realtek High Definition Audio)' : 6 channels at 48 kHz using 32 bits per sample (channel mask 0x3f)
[2019.03.15-14.30.19:172][869]LogInit: FAudioDevice initialized.
[2019.03.15-14.30.19:290][869]LogUObjectGlobals: Created PersistentFrame Addr=0x0000017fa3c2a1b0, Size=80, Default__EnemySpawner_C Function /Game/Blueprint/EnemySpawner.EnemySpawner_C:ExecuteUbergraph_EnemySpawner
[2019.03.15-14.30.19:292][869]LogUObjectGlobals: Destroyed PersistentFrame Addr=0x0000017fa3c2a1b0, Size=80
[2019.03.15-14.30.19:292][869]LogUObjectGlobals: Created PersistentFrame Addr=0x0000017fa3c29490, Size=80, Default__EnemySpawner_C Function /Engine/Transient.REINST_EnemySpawner_C_48:ExecuteUbergraph_EnemySpawner
[2019.03.15-14.30.19:294][869]LogUObjectGlobals: Created PersistentFrame Addr=0x0000017fa3c28310, Size=80, Default__EnemySpawner_C Function /Game/Blueprint/EnemySpawner.EnemySpawner_C:ExecuteUbergraph_EnemySpawner
[2019.03.15-14.30.19:311][869]LogUObjectGlobals: Created PersistentFrame Addr=0x0000017fae7ed830, Size=56, Default__BP_TwinStickGameMode_C Function /Game/Blueprint/BP_TwinStickGameMode.BP_TwinStickGameMode_C:ExecuteUbergraph_BP_TwinStickGameMode
[2019.03.15-14.30.19:313][869]LogUObjectGlobals: Destroyed PersistentFrame Addr=0x0000017fae7ed830, Size=56
[2019.03.15-14.30.19:313][869]LogUObjectGlobals: Created PersistentFrame Addr=0x0000017fae7ed830, Size=56, Default__BP_TwinStickGameMode_C Function /Engine/Transient.REINST_BP_TwinStickGameMode_C_51:ExecuteUbergraph_BP_TwinStickGameMode
[2019.03.15-14.30.19:315][869]LogUObjectGlobals: Created PersistentFrame Addr=0x0000017fae7ec8a8, Size=56, Default__BP_TwinStickGameMode_C Function /Game/Blueprint/BP_TwinStickGameMode.BP_TwinStickGameMode_C:ExecuteUbergraph_BP_TwinStickGameMode
[2019.03.15-14.30.19:333][869]LogLoad: Game class is 'BP_TwinStickGameMode_C'
[2019.03.15-14.30.19:343][869]LogWorld: Bringing World /Game/Maps/UEDPIE_0_Level01.Level01 up for play (max tick rate 60) at 2019.03.15-15.30.19
[2019.03.15-14.30.19:358][869]LogWorld: Bringing up level for play took: 0.023590
[2019.03.15-14.30.19:364][869]LogContentBrowser: Native class hierarchy updated for 'MovieSceneCapture' in 0.0024 seconds. Added 11 classes and 0 folders.
[2019.03.15-14.30.19:367][869]LogScriptCore: Warning: Script Msg: Attempted to access index 0 from array 'CallFunc_GetAllActorsOfClass_OutActors' of length 0 in '/Game/Blueprint/BP_TwinStickGameMode.BP_TwinStickGameMode_C:ExecuteUbergraph_BP_TwinStickGameMode'!
[2019.03.15-14.30.19:367][869]LogBlueprintUserMessages: Warning: SetTimer passed a bad function (SpawnEnemy) or object (None)
[2019.03.15-14.30.19:371][869]PIE: Play in editor start time for /Game/Maps/UEDPIE_0_Level01 1.044
[2019.03.15-14.30.19:371][869]LogBlueprintUserMessages: Late PlayInEditor Detection: Level '/Game/Maps/Level01.Level01:PersistentLevel' has LevelScriptBlueprint '/Game/Maps/Level01.Level01:PersistentLevel.Level01' with GeneratedClass '/Game/Maps/Level01.Level01_C' with ClassGeneratedBy '/Game/Maps/Level01.Level01:PersistentLevel.Level01'
[2019.03.15-14.30.19:402][869]LogRenderer: Reallocating scene render targets to support 1152x576 Format 10 NumSamples 1 (Frame:1).
[2019.03.15-14.30.21:956][ 19]LogBlueprintUserMessages: [Exploding_Barrel3] Health:-90.0Loc:
[2019.03.15-14.30.21:956][ 19]LogBlueprintUserMessages: [Exploding_Barrel2_301] Health:-90.0Loc:
[2019.03.15-14.30.24:851][191]LogBlueprintUserMessages: [Exploding_Barrel_1622] Health:-90.0Loc:
[2019.03.15-14.30.30:221][513]LogPhysics: Warning: Initialising Body : Scale3D is (nearly) zero: Component: '/Game/Maps/UEDPIE_0_Level01.Level01:PersistentLevel.Grenade_C_0.Fire' 
[2019.03.15-14.30.30:421][525]LogPhysics: Warning: Initialising Body : Scale3D is (nearly) zero: Component: '/Game/Maps/UEDPIE_0_Level01.Level01:PersistentLevel.Grenade_C_1.Fire' 
[2019.03.15-14.30.33:221][693]LogPhysics: Warning: Initialising Body : Scale3D is (nearly) zero: Component: '/Game/Maps/UEDPIE_0_Level01.Level01:PersistentLevel.Grenade_C_0.Fire' 
[2019.03.15-14.30.33:422][705]LogPhysics: Warning: Initialising Body : Scale3D is (nearly) zero: Component: '/Game/Maps/UEDPIE_0_Level01.Level01:PersistentLevel.Grenade_C_1.Fire' 
[2019.03.15-14.30.34:105][746]LogBlueprintUserMessages: Early EndPlayMap Detection: Level '/Game/Maps/Level01.Level01:PersistentLevel' has LevelScriptBlueprint '/Game/Maps/Level01.Level01:PersistentLevel.Level01' with GeneratedClass '/Game/Maps/Level01.Level01_C' with ClassGeneratedBy '/Game/Maps/Level01.Level01:PersistentLevel.Level01'
[2019.03.15-14.30.34:121][746]LogSlate: Window 'VikingShooter Game Preview Standalone (64-bit/PCD3D_SM5)' being destroyed
[2019.03.15-14.30.34:173][746]LogBlueprintUserMessages: Late EndPlayMap Detection: Level '/Game/Maps/Level01.Level01:PersistentLevel' has LevelScriptBlueprint '/Game/Maps/Level01.Level01:PersistentLevel.Level01' with GeneratedClass '/Game/Maps/Level01.Level01_C' with ClassGeneratedBy '/Game/Maps/Level01.Level01:PersistentLevel.Level01'
[2019.03.15-14.30.34:207][746]LogUObjectGlobals: Destroyed PersistentFrame Addr=0x0000017fae7ed830, Size=56
[2019.03.15-14.30.34:207][746]LogUObjectGlobals: Destroyed PersistentFrame Addr=0x0000017fa3c29490, Size=80
