Log file open, 03/11/19 16:55:16
LogWindows: Failed to load 'aqProf.dll' (GetLastError=126)
LogWindows: File 'aqProf.dll' does not exist
LogWindows: Failed to load 'VtuneApi.dll' (GetLastError=126)
LogWindows: File 'VtuneApi.dll' does not exist
LogWindows: Failed to load 'VtuneApi32e.dll' (GetLastError=126)
LogWindows: File 'VtuneApi32e.dll' does not exist
LogInit: Display: Running engine for game: VikingShooter
LogPlatformFile: Not using cached read wrapper
LogInit: Display: RandInit(1613582294) SRandInit(1613582294).
LogInit: Read version file with build ID '3944462'
LogInit: Overriding engine version to CL 4033788, compatible CL 3944462
LogInit: Registered custom module enumerator with build ID '3944462'
LogTaskGraph: Started task graph with 5 named threads and 23 total threads with 3 sets of task threads.
LogStats: Stats thread started at 0.286901
LogD3D11RHI: Aftermath initialized
LogICUInternationalization: Display: ICU TimeZone Detection - Raw Offset: +1:00, Platform Override: ''
LogPluginManager: Mounting plugin Paper2D
LogPluginManager: Mounting plugin LiveLink
LogPluginManager: Mounting plugin LightPropagationVolume
LogPluginManager: Mounting plugin CLionSourceCodeAccess
LogPluginManager: Mounting plugin CodeLiteSourceCodeAccess
LogPluginManager: Mounting plugin GitSourceControl
LogPluginManager: Mounting plugin KDevelopSourceCodeAccess
LogPluginManager: Mounting plugin NullSourceCodeAccess
LogPluginManager: Mounting plugin PerforceSourceControl
LogPluginManager: Mounting plugin SubversionSourceControl
LogPluginManager: Mounting plugin UObjectPlugin
LogPluginManager: Mounting plugin VisualStudioCodeSourceCodeAccess
LogPluginManager: Mounting plugin VisualStudioSourceCodeAccess
LogPluginManager: Mounting plugin XCodeSourceCodeAccess
LogPluginManager: Mounting plugin AssetManagerEditor
LogPluginManager: Mounting plugin CryptoKeys
LogPluginManager: Mounting plugin DataValidation
LogPluginManager: Mounting plugin FacialAnimation
LogPluginManager: Mounting plugin GameplayTagsEditor
LogPluginManager: Mounting plugin MobileLauncherProfileWizard
LogPluginManager: Mounting plugin PluginBrowser
LogPluginManager: Mounting plugin SpeedTreeImporter
LogPluginManager: Mounting plugin DatasmithContent
LogPluginManager: Mounting plugin AlembicImporter
LogPluginManager: Mounting plugin CharacterAI
LogPluginManager: Mounting plugin HTML5Networking
LogPluginManager: Mounting plugin AndroidMedia
LogPluginManager: Mounting plugin AvfMedia
LogPluginManager: Mounting plugin ImgMedia
LogPluginManager: Mounting plugin LinearTimecode
LogPluginManager: Mounting plugin MediaCompositing
LogPluginManager: Mounting plugin MediaPlayerEditor
LogPluginManager: Mounting plugin WmfMedia
LogPluginManager: Mounting plugin TcpMessaging
LogPluginManager: Mounting plugin UdpMessaging
LogPluginManager: Mounting plugin ActorSequence
LogPluginManager: Mounting plugin LevelSequenceEditor
LogPluginManager: Mounting plugin MatineeToLevelSequence
LogPluginManager: Mounting plugin NetcodeUnitTest
LogPluginManager: Mounting plugin NUTUnrealEngine4
LogPluginManager: Mounting plugin OnlineSubsystemGooglePlay
LogPluginManager: Mounting plugin OnlineSubsystemIOS
LogPluginManager: Mounting plugin OnlineSubsystem
LogPluginManager: Mounting plugin OnlineSubsystemNull
LogPluginManager: Mounting plugin OnlineSubsystemUtils
LogPluginManager: Mounting plugin AndroidDeviceProfileSelector
LogPluginManager: Mounting plugin AndroidMoviePlayer
LogPluginManager: Mounting plugin AndroidPermission
LogPluginManager: Mounting plugin AppleARKit
LogPluginManager: Mounting plugin AppleMoviePlayer
LogPluginManager: Mounting plugin ArchVisCharacter
LogPluginManager: Mounting plugin AudioCapture
LogPluginManager: Mounting plugin CableComponent
LogPluginManager: Mounting plugin CustomMeshComponent
LogPluginManager: Mounting plugin ExampleDeviceProfileSelector
LogPluginManager: Mounting plugin GoogleCloudMessaging
LogPluginManager: Mounting plugin ImmediatePhysics
LogPluginManager: Mounting plugin IOSDeviceProfileSelector
LogPluginManager: Mounting plugin LinuxDeviceProfileSelector
LogPluginManager: Mounting plugin LocationServicesBPLibrary
LogPluginManager: Mounting plugin MobilePatchingUtils
LogPluginManager: Mounting plugin OculusVR
LogPluginManager: Plugin shader directory ../../../Engine/Plugins/Runtime/Oculus/OculusVR/Shaders found
LogPluginManager: Mapping shader source directory ../../../Engine/Plugins/Runtime/Oculus/OculusVR/Shaders to virtual directory /Plugin/OculusVR
LogPluginManager: Mounting plugin PhysXVehicles
LogPluginManager: Mounting plugin ProceduralMeshComponent
LogPluginManager: Mounting plugin RuntimePhysXCooking
LogPluginManager: Mounting plugin SteamVR
LogPluginManager: Mounting plugin WindowsMoviePlayer
LogStreaming: Display: Took  0.230s to configure plugins.
LogModuleManager: Display: Found up-to-date module file ../../../../../Oyvind_Unreal/VikingShooter/Binaries/Win64/UE4Editor-VikingShooter-293.dll (API version 3944462).
LogModuleManager: Display: Found up-to-date module file ../../../Engine/Plugins/2D/Paper2D/Binaries/Win64/UE4Editor-Paper2D.dll (API version 3944462).
LogModuleManager: Display: Found up-to-date module file ../../../Engine/Plugins/2D/Paper2D/Binaries/Win64/UE4Editor-Paper2DEditor.dll (API version 3944462).
LogModuleManager: Display: Found up-to-date module file ../../../Engine/Plugins/2D/Paper2D/Binaries/Win64/UE4Editor-PaperSpriteSheetImporter.dll (API version 3944462).
LogModuleManager: Display: Found up-to-date module file ../../../Engine/Plugins/2D/Paper2D/Binaries/Win64/UE4Editor-PaperTiledImporter.dll (API version 3944462).
LogModuleManager: Display: Found up-to-date module file ../../../Engine/Plugins/2D/Paper2D/Binaries/Win64/UE4Editor-SmartSnapping.dll (API version 3944462).
LogModuleManager: Display: Found up-to-date module file ../../../Engine/Plugins/Animation/LiveLink/Binaries/Win64/UE4Editor-LiveLink.dll (API version 3944462).
LogModuleManager: Display: Found up-to-date module file ../../../Engine/Plugins/Animation/LiveLink/Binaries/Win64/UE4Editor-LiveLinkEditor.dll (API version 3944462).
LogModuleManager: Display: Found up-to-date module file ../../../Engine/Plugins/Blendables/LightPropagationVolume/Binaries/Win64/UE4Editor-LightPropagationVolumeRuntime.dll (API version 3944462).
LogModuleManager: Display: Found up-to-date module file ../../../Engine/Plugins/Blendables/LightPropagationVolume/Binaries/Win64/UE4Editor-LightPropagationVolumeEditor.dll (API version 3944462).
LogModuleManager: Display: Found up-to-date module file ../../../Engine/Plugins/Developer/CLionSourceCodeAccess/Binaries/Win64/UE4Editor-CLionSourceCodeAccess.dll (API version 3944462).
LogModuleManager: Display: Found up-to-date module file ../../../Engine/Plugins/Developer/GitSourceControl/Binaries/Win64/UE4Editor-GitSourceControl.dll (API version 3944462).
LogModuleManager: Display: Found up-to-date module file ../../../Engine/Plugins/Developer/PerforceSourceControl/Binaries/Win64/UE4Editor-PerforceSourceControl.dll (API version 3944462).
LogModuleManager: Display: Found up-to-date module file ../../../Engine/Plugins/Developer/SubversionSourceControl/Binaries/Win64/UE4Editor-SubversionSourceControl.dll (API version 3944462).
LogModuleManager: Display: Found up-to-date module file ../../../Engine/Plugins/Developer/UObjectPlugin/Binaries/Win64/UE4Editor-UObjectPlugin.dll (API version 3944462).
LogModuleManager: Display: Found up-to-date module file ../../../Engine/Plugins/Developer/VisualStudioCodeSourceCodeAccess/Binaries/Win64/UE4Editor-VisualStudioCodeSourceCodeAccess.dll (API version 3944462).
LogModuleManager: Display: Found up-to-date module file ../../../Engine/Plugins/Developer/VisualStudioSourceCodeAccess/Binaries/Win64/UE4Editor-VisualStudioSourceCodeAccess.dll (API version 3944462).
LogModuleManager: Display: Found up-to-date module file ../../../Engine/Plugins/Editor/AssetManagerEditor/Binaries/Win64/UE4Editor-AssetManagerEditor.dll (API version 3944462).
LogModuleManager: Display: Found up-to-date module file ../../../Engine/Plugins/Editor/CryptoKeys/Binaries/Win64/UE4Editor-CryptoKeys.dll (API version 3944462).
LogModuleManager: Display: Found up-to-date module file ../../../Engine/Plugins/Editor/CryptoKeys/Binaries/Win64/UE4Editor-CryptoKeysOpenSSL.dll (API version 3944462).
LogModuleManager: Display: Found up-to-date module file ../../../Engine/Plugins/Editor/DataValidation/Binaries/Win64/UE4Editor-DataValidation.dll (API version 3944462).
LogModuleManager: Display: Found up-to-date module file ../../../Engine/Plugins/Editor/FacialAnimation/Binaries/Win64/UE4Editor-FacialAnimation.dll (API version 3944462).
LogModuleManager: Display: Found up-to-date module file ../../../Engine/Plugins/Editor/FacialAnimation/Binaries/Win64/UE4Editor-FacialAnimationEditor.dll (API version 3944462).
LogModuleManager: Display: Found up-to-date module file ../../../Engine/Plugins/Editor/GameplayTagsEditor/Binaries/Win64/UE4Editor-GameplayTagsEditor.dll (API version 3944462).
LogModuleManager: Display: Found up-to-date module file ../../../Engine/Plugins/Editor/MobileLauncherProfileWizard/Binaries/Win64/UE4Editor-MobileLauncherProfileWizard.dll (API version 3944462).
LogModuleManager: Display: Found up-to-date module file ../../../Engine/Plugins/Editor/PluginBrowser/Binaries/Win64/UE4Editor-PluginBrowser.dll (API version 3944462).
LogModuleManager: Display: Found up-to-date module file ../../../Engine/Plugins/Editor/SpeedTreeImporter/Binaries/Win64/UE4Editor-SpeedTreeImporter.dll (API version 3944462).
LogModuleManager: Display: Found up-to-date module file ../../../Engine/Plugins/Enterprise/DatasmithContent/Binaries/Win64/UE4Editor-DatasmithContent.dll (API version 3944462).
LogModuleManager: Display: Found up-to-date module file ../../../Engine/Plugins/Experimental/AlembicImporter/Binaries/Win64/UE4Editor-AlembicImporter.dll (API version 3944462).
LogModuleManager: Display: Found up-to-date module file ../../../Engine/Plugins/Experimental/AlembicImporter/Binaries/Win64/UE4Editor-AlembicLibrary.dll (API version 3944462).
LogModuleManager: Display: Found up-to-date module file ../../../Engine/Plugins/Experimental/CharacterAI/Binaries/Win64/UE4Editor-CharacterAI.dll (API version 3944462).
LogModuleManager: Display: Found up-to-date module file ../../../Engine/Plugins/Experimental/HTML5Networking/Binaries/Win64/UE4Editor-HTML5Networking.dll (API version 3944462).
LogModuleManager: Display: Found up-to-date module file ../../../Engine/Plugins/Media/AndroidMedia/Binaries/Win64/UE4Editor-AndroidMediaEditor.dll (API version 3944462).
LogModuleManager: Display: Found up-to-date module file ../../../Engine/Plugins/Media/AndroidMedia/Binaries/Win64/UE4Editor-AndroidMediaFactory.dll (API version 3944462).
LogModuleManager: Display: Found up-to-date module file ../../../Engine/Plugins/Media/AvfMedia/Binaries/Win64/UE4Editor-AvfMediaEditor.dll (API version 3944462).
LogModuleManager: Display: Found up-to-date module file ../../../Engine/Plugins/Media/AvfMedia/Binaries/Win64/UE4Editor-AvfMediaFactory.dll (API version 3944462).
LogModuleManager: Display: Found up-to-date module file ../../../Engine/Plugins/Media/AvfMedia/Binaries/Win64/UE4Editor-AvfMediaFactory.dll (API version 3944462).
LogModuleManager: Display: Found up-to-date module file ../../../Engine/Plugins/Media/ImgMedia/Binaries/Win64/UE4Editor-ImgMedia.dll (API version 3944462).
LogModuleManager: Display: Found up-to-date module file ../../../Engine/Plugins/Media/ImgMedia/Binaries/Win64/UE4Editor-ImgMediaEditor.dll (API version 3944462).
LogModuleManager: Display: Found up-to-date module file ../../../Engine/Plugins/Media/ImgMedia/Binaries/Win64/UE4Editor-ImgMediaFactory.dll (API version 3944462).
LogModuleManager: Display: Found up-to-date module file ../../../Engine/Plugins/Media/ImgMedia/Binaries/Win64/UE4Editor-ImgMediaFactory.dll (API version 3944462).
LogModuleManager: Display: Found up-to-date module file ../../../Engine/Plugins/Media/ImgMedia/Binaries/Win64/UE4Editor-OpenExrWrapper.dll (API version 3944462).
LogModuleManager: Display: Found up-to-date module file ../../../Engine/Plugins/Media/LinearTimecode/Binaries/Win64/UE4Editor-LinearTimecode.dll (API version 3944462).
LogModuleManager: Display: Found up-to-date module file ../../../Engine/Plugins/Media/MediaCompositing/Binaries/Win64/UE4Editor-MediaCompositing.dll (API version 3944462).
LogModuleManager: Display: Found up-to-date module file ../../../Engine/Plugins/Media/MediaCompositing/Binaries/Win64/UE4Editor-MediaCompositingEditor.dll (API version 3944462).
LogModuleManager: Display: Found up-to-date module file ../../../Engine/Plugins/Media/MediaPlayerEditor/Binaries/Win64/UE4Editor-MediaPlayerEditor.dll (API version 3944462).
LogModuleManager: Display: Found up-to-date module file ../../../Engine/Plugins/Media/WmfMedia/Binaries/Win64/UE4Editor-WmfMedia.dll (API version 3944462).
LogModuleManager: Display: Found up-to-date module file ../../../Engine/Plugins/Media/WmfMedia/Binaries/Win64/UE4Editor-WmfMediaEditor.dll (API version 3944462).
LogModuleManager: Display: Found up-to-date module file ../../../Engine/Plugins/Media/WmfMedia/Binaries/Win64/UE4Editor-WmfMediaFactory.dll (API version 3944462).
LogModuleManager: Display: Found up-to-date module file ../../../Engine/Plugins/Media/WmfMedia/Binaries/Win64/UE4Editor-WmfMediaFactory.dll (API version 3944462).
LogModuleManager: Display: Found up-to-date module file ../../../Engine/Plugins/Messaging/TcpMessaging/Binaries/Win64/UE4Editor-TcpMessaging.dll (API version 3944462).
LogModuleManager: Display: Found up-to-date module file ../../../Engine/Plugins/Messaging/UdpMessaging/Binaries/Win64/UE4Editor-UdpMessaging.dll (API version 3944462).
LogModuleManager: Display: Found up-to-date module file ../../../Engine/Plugins/MovieScene/ActorSequence/Binaries/Win64/UE4Editor-ActorSequence.dll (API version 3944462).
LogModuleManager: Display: Found up-to-date module file ../../../Engine/Plugins/MovieScene/LevelSequenceEditor/Binaries/Win64/UE4Editor-LevelSequenceEditor.dll (API version 3944462).
LogModuleManager: Display: Found up-to-date module file ../../../Engine/Plugins/MovieScene/MatineeToLevelSequence/Binaries/Win64/UE4Editor-MatineeToLevelSequence.dll (API version 3944462).
LogModuleManager: Display: Found up-to-date module file ../../../Engine/Plugins/NetcodeUnitTest/NetcodeUnitTest/Binaries/Win64/UE4Editor-NetcodeUnitTest.dll (API version 3944462).
LogModuleManager: Display: Found up-to-date module file ../../../Engine/Plugins/NetcodeUnitTest/NUTUnrealEngine4/Binaries/Win64/UE4Editor-NUTUnrealEngine4.dll (API version 3944462).
LogModuleManager: Display: Found up-to-date module file ../../../Engine/Plugins/Online/OnlineSubsystem/Binaries/Win64/UE4Editor-OnlineSubsystem.dll (API version 3944462).
LogModuleManager: Display: Found up-to-date module file ../../../Engine/Plugins/Online/OnlineSubsystemNull/Binaries/Win64/UE4Editor-OnlineSubsystemNull.dll (API version 3944462).
LogModuleManager: Display: Found up-to-date module file ../../../Engine/Plugins/Online/OnlineSubsystemUtils/Binaries/Win64/UE4Editor-OnlineSubsystemUtils.dll (API version 3944462).
LogModuleManager: Display: Found up-to-date module file ../../../Engine/Plugins/Online/OnlineSubsystemUtils/Binaries/Win64/UE4Editor-OnlineBlueprintSupport.dll (API version 3944462).
LogModuleManager: Display: Found up-to-date module file ../../../Engine/Plugins/Runtime/AndroidDeviceProfileSelector/Binaries/Win64/UE4Editor-AndroidDeviceProfileSelector.dll (API version 3944462).
LogModuleManager: Display: Found up-to-date module file ../../../Engine/Plugins/Runtime/AndroidPermission/Binaries/Win64/UE4Editor-AndroidPermission.dll (API version 3944462).
LogModuleManager: Display: Found up-to-date module file ../../../Engine/Plugins/Runtime/AppleARKit/Binaries/Win64/UE4Editor-AppleARKit.dll (API version 3944462).
LogModuleManager: Display: Found up-to-date module file ../../../Engine/Plugins/Runtime/ArchVisCharacter/Binaries/Win64/UE4Editor-ArchVisCharacter.dll (API version 3944462).
LogModuleManager: Display: Found up-to-date module file ../../../Engine/Plugins/Runtime/AudioCapture/Binaries/Win64/UE4Editor-AudioCapture.dll (API version 3944462).
LogModuleManager: Display: Found up-to-date module file ../../../Engine/Plugins/Runtime/AudioCapture/Binaries/Win64/UE4Editor-AudioCaptureEditor.dll (API version 3944462).
LogModuleManager: Display: Found up-to-date module file ../../../Engine/Plugins/Runtime/CableComponent/Binaries/Win64/UE4Editor-CableComponent.dll (API version 3944462).
LogModuleManager: Display: Found up-to-date module file ../../../Engine/Plugins/Runtime/CustomMeshComponent/Binaries/Win64/UE4Editor-CustomMeshComponent.dll (API version 3944462).
LogModuleManager: Display: Found up-to-date module file ../../../Engine/Plugins/Runtime/ExampleDeviceProfileSelector/Binaries/Win64/UE4Editor-ExampleDeviceProfileSelector.dll (API version 3944462).
LogModuleManager: Display: Found up-to-date module file ../../../Engine/Plugins/Runtime/ImmediatePhysics/Binaries/Win64/UE4Editor-ImmediatePhysics.dll (API version 3944462).
LogModuleManager: Display: Found up-to-date module file ../../../Engine/Plugins/Runtime/ImmediatePhysics/Binaries/Win64/UE4Editor-ImmediatePhysicsEditor.dll (API version 3944462).
LogModuleManager: Display: Found up-to-date module file ../../../Engine/Plugins/Runtime/LocationServicesBPLibrary/Binaries/Win64/UE4Editor-LocationServicesBPLibrary.dll (API version 3944462).
LogModuleManager: Display: Found up-to-date module file ../../../Engine/Plugins/Runtime/MobilePatchingUtils/Binaries/Win64/UE4Editor-MobilePatchingUtils.dll (API version 3944462).
LogModuleManager: Display: Found up-to-date module file ../../../Engine/Plugins/Runtime/Oculus/OculusVR/Binaries/Win64/UE4Editor-OculusHMD.dll (API version 3944462).
LogModuleManager: Display: Found up-to-date module file ../../../Engine/Plugins/Runtime/Oculus/OculusVR/Binaries/Win64/UE4Editor-OculusInput.dll (API version 3944462).
LogModuleManager: Display: Found up-to-date module file ../../../Engine/Plugins/Runtime/Oculus/OculusVR/Binaries/Win64/UE4Editor-OculusEditor.dll (API version 3944462).
LogModuleManager: Display: Found up-to-date module file ../../../Engine/Plugins/Runtime/PhysXVehicles/Binaries/Win64/UE4Editor-PhysXVehicles.dll (API version 3944462).
LogModuleManager: Display: Found up-to-date module file ../../../Engine/Plugins/Runtime/PhysXVehicles/Binaries/Win64/UE4Editor-PhysXVehiclesEditor.dll (API version 3944462).
LogModuleManager: Display: Found up-to-date module file ../../../Engine/Plugins/Runtime/ProceduralMeshComponent/Binaries/Win64/UE4Editor-ProceduralMeshComponent.dll (API version 3944462).
LogModuleManager: Display: Found up-to-date module file ../../../Engine/Plugins/Runtime/ProceduralMeshComponent/Binaries/Win64/UE4Editor-ProceduralMeshComponentEditor.dll (API version 3944462).
LogModuleManager: Display: Found up-to-date module file ../../../Engine/Plugins/Runtime/RuntimePhysXCooking/Binaries/Win64/UE4Editor-RuntimePhysXCooking.dll (API version 3944462).
LogModuleManager: Display: Found up-to-date module file ../../../Engine/Plugins/Runtime/Steam/SteamVR/Binaries/Win64/UE4Editor-SteamVR.dll (API version 3944462).
LogModuleManager: Display: Found up-to-date module file ../../../Engine/Plugins/Runtime/Steam/SteamVR/Binaries/Win64/UE4Editor-SteamVRController.dll (API version 3944462).
LogModuleManager: Display: Found up-to-date module file ../../../Engine/Plugins/Runtime/WindowsMoviePlayer/Binaries/Win64/UE4Editor-WindowsMoviePlayer.dll (API version 3944462).
LogInit: Using libcurl 7.47.1
LogInit:  - built for x86_64-pc-win32
LogInit:  - supports SSL with OpenSSL/1.0.2g
LogInit:  - supports HTTP deflate (compression) using libz 1.2.8
LogInit:  - other features:
LogInit:      CURL_VERSION_SSL
LogInit:      CURL_VERSION_LIBZ
LogInit:      CURL_VERSION_IPV6
LogInit:      CURL_VERSION_ASYNCHDNS
LogInit:      CURL_VERSION_LARGEFILE
LogInit:      CURL_VERSION_IDN
LogInit:  CurlRequestOptions (configurable via config and command line):
LogInit:  - bVerifyPeer = false  - Libcurl will NOT verify peer certificate
LogInit:  - bUseHttpProxy = false  - Libcurl will NOT use HTTP proxy
LogInit:  - bDontReuseConnections = false  - Libcurl will reuse connections
LogInit:  - CertBundlePath = nullptr  - Libcurl will use whatever was configured at build time.
LogInit:  - MaxHostConnections = 16  - Libcurl will limit the number of connections to a host
LogInit:  - LocalHostAddr = Default
LogInit: WinSock: version 1.1 (2.2), MaxSocks=32767, MaxUdp=65467
LogInit: WinSock: I am oyvind (10.31.3.41:0)
LogInit: Build: ++UE4+Release-4.19-CL-4033788
LogInit: Engine Version: 4.19.2-4033788+++UE4+Release-4.19
LogInit: Compatible Engine Version: 4.19.0-3944462+++UE4+Release-4.19
LogInit: Net CL: 3944462
LogDevObjectVersion: Number of dev versions registered: 18
LogDevObjectVersion:   Dev-Blueprints (B0D832E4-1F89-4F0D-ACCF-7EB736FD4AA2): 10
LogDevObjectVersion:   Dev-Build (E1C64328-A22C-4D53-A36C-8E866417BD8C): 0
LogDevObjectVersion:   Dev-Core (375EC13C-06E4-48FB-B500-84F0262A717E): 2
LogDevObjectVersion:   Dev-Editor (E4B068ED-F494-42E9-A231-DA0B2E46BB41): 23
LogDevObjectVersion:   Dev-Framework (CFFC743F-43B0-4480-9391-14DF171D2073): 33
LogDevObjectVersion:   Dev-Mobile (B02B49B5-BB20-44E9-A304-32B752E40360): 2
LogDevObjectVersion:   Dev-Networking (A4E4105C-59A1-49B5-A7C5-40C4547EDFEE): 0
LogDevObjectVersion:   Dev-Online (39C831C9-5AE6-47DC-9A44-9C173E1C8E7C): 0
LogDevObjectVersion:   Dev-Physics (78F01B33-EBEA-4F98-B9B4-84EACCB95AA2): 0
LogDevObjectVersion:   Dev-Platform (6631380F-2D4D-43E0-8009-CF276956A95A): 0
LogDevObjectVersion:   Dev-Rendering (12F88B9F-8875-4AFC-A67C-D90C383ABD29): 25
LogDevObjectVersion:   Dev-Sequencer (7B5AE74C-D270-4C10-A958-57980B212A5A): 6
LogDevObjectVersion:   Dev-VR (D7296918-1DD6-4BDD-9DE2-64A83CC13884): 1
LogDevObjectVersion:   Dev-LoadTimes (C2A15278-BFE7-4AFE-6C17-90FF531DF755): 1
LogDevObjectVersion:   Private-Geometry (6EACA3D4-40EC-4CC1-B786-8BED09428FC5): 2
LogDevObjectVersion:   Dev-AnimPhys (29E575DD-E0A3-4627-9D10-D276232CDCEA): 16
LogDevObjectVersion:   Dev-ReflectionCapture (6B266CEC-1EC7-4B8F-A30B-E4D90942FC07): 1
LogDevObjectVersion:   Dev-Automation (0DF73D61-A23F-47EA-B727-89E90C41499A): 1
LogInit: Compiled (64-bit): Apr 27 2018 02:06:57
LogInit: Compiled with Visual C++: 19.00.24215.01
LogInit: Build Configuration: Development
LogInit: Branch Name: ++UE4+Release-4.19
LogInit: Command Line:  
LogInit: Base Directory: D:/Epic Games/UE_4.19/Engine/Binaries/Win64/
LogInit: Installed Engine Build: 1
LogStreaming: Display: Took  0.003s to delete old logs.
LogInit: Presizing for max 8388607 objects, including 0 objects not considered by GC, pre-allocating 0 bytes for permanent pool.
LogInit: Object subsystem initialized
[2019.03.11-15.55.20:533][  0]LogInit: Selected Device Profile: [Windows]
[2019.03.11-15.55.20:533][  0]LogInit: Applying CVar settings loaded from the selected device profile: [Windows]
[2019.03.11-15.55.20:548][  0]LogInit: Computer: OYVIND
[2019.03.11-15.55.20:548][  0]LogInit: User: øyvind
[2019.03.11-15.55.20:548][  0]LogInit: CPU Page size=4096, Cores=4
[2019.03.11-15.55.20:548][  0]LogInit: High frequency timer resolution =2.742191 MHz
[2019.03.11-15.55.20:549][  0]LogMemory: Memory total: Physical=15.9GB (16GB approx)
[2019.03.11-15.55.20:549][  0]LogMemory: Platform Memory Stats for Windows
[2019.03.11-15.55.20:549][  0]LogMemory: Process Physical Memory: 274.89 MB used, 274.89 MB peak
[2019.03.11-15.55.20:549][  0]LogMemory: Process Virtual Memory: 266.08 MB used, 266.08 MB peak
[2019.03.11-15.55.20:549][  0]LogMemory: Physical Memory: 6727.48 MB used,  9544.14 MB free, 16271.62 MB total
[2019.03.11-15.55.20:549][  0]LogMemory: Virtual Memory: 4782.70 MB used,  9544.14 MB free, 134217728.00 MB total
[2019.03.11-15.55.22:973][  0]LogInit: Using OS detected language (en-US).
[2019.03.11-15.55.22:973][  0]LogInit: Using OS detected locale (en-US).
[2019.03.11-15.55.22:980][  0]LogTextLocalizationManager: No specific localization for 'en-US' exists, so the 'en' localization will be used.
[2019.03.11-15.55.23:431][  0]LogStreaming: Display: Took  0.457s to EndInitTextLocalization.
[2019.03.11-15.55.23:431][  0]LogInit: Setting process to per monitor DPI aware
[2019.03.11-15.55.23:474][  0]LogSlate: New Slate User Created.  User Index 0, Is Virtual User: 0
[2019.03.11-15.55.23:474][  0]LogSlate: Slate User Registered.  User Index 0, Is Virtual User: 0
[2019.03.11-15.55.23:977][  0]LogD3D11RHI: D3D11 adapters:
[2019.03.11-15.55.24:060][  0]LogD3D11RHI:    0. 'NVIDIA GeForce GTX 1060' (Feature Level 11_0)
[2019.03.11-15.55.24:060][  0]LogD3D11RHI:       6052/0/8135 MB DedicatedVideo/DedicatedSystem/SharedSystem, Outputs:1, VendorId:0x10de
[2019.03.11-15.55.24:075][  0]LogD3D11RHI:    1. 'Intel(R) HD Graphics 630' (Feature Level 11_0)
[2019.03.11-15.55.24:075][  0]LogD3D11RHI:       128/0/8135 MB DedicatedVideo/DedicatedSystem/SharedSystem, Outputs:0, VendorId:0x8086
[2019.03.11-15.55.24:077][  0]LogD3D11RHI:    2. 'Microsoft Basic Render Driver' (Feature Level 11_0)
[2019.03.11-15.55.24:077][  0]LogD3D11RHI:       0/0/8135 MB DedicatedVideo/DedicatedSystem/SharedSystem, Outputs:0, VendorId:0x1414
[2019.03.11-15.55.24:077][  0]LogD3D11RHI: Chosen D3D11 Adapter: 0
[2019.03.11-15.55.24:133][  0]LogD3D11RHI: Creating new Direct3DDevice
[2019.03.11-15.55.24:133][  0]LogD3D11RHI:     GPU DeviceId: 0x1c20 (for the marketing name, search the web for "GPU Device Id")
[2019.03.11-15.55.24:133][  0]LogWindows: EnumDisplayDevices:
[2019.03.11-15.55.24:133][  0]LogWindows:    0. 'Intel(R) HD Graphics 630' (P:1 D:1)
[2019.03.11-15.55.24:134][  0]LogWindows:    1. 'Intel(R) HD Graphics 630' (P:0 D:0)
[2019.03.11-15.55.24:134][  0]LogWindows:    2. 'Intel(R) HD Graphics 630' (P:0 D:0)
[2019.03.11-15.55.24:134][  0]LogWindows:    3. 'NVIDIA GeForce GTX 1060' (P:0 D:0)
[2019.03.11-15.55.24:134][  0]LogWindows:    4. 'NVIDIA GeForce GTX 1060' (P:0 D:0)
[2019.03.11-15.55.24:135][  0]LogWindows:    5. 'NVIDIA GeForce GTX 1060' (P:0 D:0)
[2019.03.11-15.55.24:135][  0]LogWindows:    6. 'NVIDIA GeForce GTX 1060' (P:0 D:0)
[2019.03.11-15.55.24:135][  0]LogWindows: DebugString: GetVideoDriverDetailsInvalid PrimaryIsNotTheChoosenAdapter GetVideoDriverDetailsInvalid PrimaryIsNotTheChoosenAdapter GetVideoDriverDetailsInvalid PrimaryIsNotTheChoosenAdapter GetVideoDriverDetailsInvalid PrimaryIsNotTheChoosenAdapter GetVideoDriverDetailsInvalid PrimaryIsNotTheChoosenAdapter GetVideoDriverDetailsInvalid PrimaryIsNotTheChoosenAdapter GetVideoDriverDetailsInvalid PrimaryIsNotTheChoosenAdapter FoundDriverCount:0 
[2019.03.11-15.55.24:135][  0]LogD3D11RHI:     Adapter Name: NVIDIA GeForce GTX 1060
[2019.03.11-15.55.24:135][  0]LogD3D11RHI:   Driver Version: Unknown (internal:Unknown, unified:Unknown)
[2019.03.11-15.55.24:135][  0]LogD3D11RHI:      Driver Date: Unknown
[2019.03.11-15.55.24:135][  0]LogRHI: Texture pool is 4236 MB (70% of 6052 MB)
[2019.03.11-15.55.24:187][  0]LogD3D11RHI: [Aftermath] Aftermath enabled and primed
[2019.03.11-15.55.24:187][  0]LogD3D11RHI: [Aftermath] Aftermath enabled and primed
[2019.03.11-15.55.24:187][  0]LogD3D11RHI: Async texture creation enabled
[2019.03.11-15.55.24:206][  0]LogD3D11RHI: GPU Timing Frequency: 1000.000000 (Debug: 2 2)
[2019.03.11-15.55.24:207][  0]LogShaderCompilers: Guid format shader working directory is 5 characters bigger than the processId version (../../../../../Oyvind_Unreal/VikingShooter/Intermediate/Shaders/WorkingDirectory/18140/).
[2019.03.11-15.55.24:208][  0]LogShaderCompilers: Cleaned the shader compiler working directory 'C:/Users/øyvind'/AppData/Local/Temp/UnrealShaderWorkingDir/0397CB634999A1A20301AC87EE4B54E1/'.
[2019.03.11-15.55.24:538][  0]LogTemp: Display: Loaded TP AllDesktopTargetPlatform
[2019.03.11-15.55.24:552][  0]LogTemp: Display: Loaded TP MacClientTargetPlatform
[2019.03.11-15.55.24:566][  0]LogTemp: Display: Loaded TP MacNoEditorTargetPlatform
[2019.03.11-15.55.24:581][  0]LogTemp: Display: Loaded TP MacServerTargetPlatform
[2019.03.11-15.55.24:596][  0]LogTemp: Display: Loaded TP MacTargetPlatform
[2019.03.11-15.55.24:611][  0]LogTemp: Display: Loaded TP WindowsClientTargetPlatform
[2019.03.11-15.55.24:624][  0]LogTemp: Display: Loaded TP WindowsNoEditorTargetPlatform
[2019.03.11-15.55.24:639][  0]LogTemp: Display: Loaded TP WindowsServerTargetPlatform
[2019.03.11-15.55.24:646][  0]LogTemp: Display: Loaded TP WindowsTargetPlatform
[2019.03.11-15.55.24:658][  0]LogTemp: Display: Loaded TP Android_ASTCTargetPlatform
[2019.03.11-15.55.24:670][  0]LogTemp: Display: Loaded TP Android_ATCTargetPlatform
[2019.03.11-15.55.24:684][  0]LogTemp: Display: Loaded TP Android_DXTTargetPlatform
[2019.03.11-15.55.24:696][  0]LogTemp: Display: Loaded TP Android_ETC1aTargetPlatform
[2019.03.11-15.55.24:709][  0]LogTemp: Display: Loaded TP Android_ETC1TargetPlatform
[2019.03.11-15.55.24:722][  0]LogTemp: Display: Loaded TP Android_ETC2TargetPlatform
[2019.03.11-15.55.24:749][  0]LogTemp: Display: Loaded TP Android_MultiTargetPlatform
[2019.03.11-15.55.24:749][  0]LogTemp: Display: Loaded TP Android_PVRTCTargetPlatform
[2019.03.11-15.55.24:763][  0]LogTemp: Display: Loaded TP AndroidTargetPlatform
[2019.03.11-15.55.24:765][  0]LogTemp: Display: Loaded TP HTML5TargetPlatform
[2019.03.11-15.55.24:804][  0]LogTemp: Display: Loaded TP IOSTargetPlatform
[2019.03.11-15.55.24:816][  0]LogTemp: Display: Loaded TP TVOSTargetPlatform
[2019.03.11-15.55.24:829][  0]LogTemp: Display: Loaded TP LinuxClientTargetPlatform
[2019.03.11-15.55.24:842][  0]LogTemp: Display: Loaded TP LinuxNoEditorTargetPlatform
[2019.03.11-15.55.24:855][  0]LogTemp: Display: Loaded TP LinuxServerTargetPlatform
[2019.03.11-15.55.24:870][  0]LogTemp: Display: Loaded TP LinuxTargetPlatform
[2019.03.11-15.55.24:870][  0]LogTargetPlatformManager: Display: Building Assets For Windows
[2019.03.11-15.55.25:053][  0]LogXGEController: Cleaning working directory: C:/Users/øyvind'/AppData/Local/Temp/UnrealXGEWorkingDir/
[2019.03.11-15.55.25:053][  0]LogXGEController: Cannot use XGE Controller as Incredibuild is not installed on this machine.
[2019.03.11-15.55.25:054][  0]LogShaderCompilers: Cannot use XGE Shader Compiler as Incredibuild is not installed on this machine.
[2019.03.11-15.55.25:054][  0]LogShaderCompilers: Display: Using Local Shader Compiler.
[2019.03.11-15.55.25:762][  0]LogDerivedDataCache: Display: Max Cache Size: 512 MB
[2019.03.11-15.55.25:840][  0]LogDerivedDataCache: Loaded boot cache 0.08s 74MB C:/Users/øyvind'/AppData/Local/UnrealEngine/4.19/DerivedDataCache/Boot.ddc.
[2019.03.11-15.55.25:841][  0]LogDerivedDataCache: Display: Loaded Boot cache: C:/Users/øyvind'/AppData/Local/UnrealEngine/4.19/DerivedDataCache/Boot.ddc
[2019.03.11-15.55.25:841][  0]LogDerivedDataCache: FDerivedDataBackendGraph:  Pak pak cache file ../../../../../Oyvind_Unreal/VikingShooter/DerivedDataCache/DDC.ddp not found, will not use a pak cache.
[2019.03.11-15.55.25:841][  0]LogDerivedDataCache: Unable to find inner node Pak for hierarchical cache Hierarchy.
[2019.03.11-15.55.25:841][  0]LogDerivedDataCache: FDerivedDataBackendGraph:  CompressedPak pak cache file ../../../../../Oyvind_Unreal/VikingShooter/DerivedDataCache/Compressed.ddp not found, will not use a pak cache.
[2019.03.11-15.55.25:841][  0]LogDerivedDataCache: Unable to find inner node CompressedPak for hierarchical cache Hierarchy.
[2019.03.11-15.55.25:857][  0]LogDerivedDataCache: Display: Pak cache opened for reading ../../../Engine/DerivedDataCache/Compressed.ddp.
[2019.03.11-15.55.25:871][  0]LogDerivedDataCache: Using Local data cache path C:/Users/øyvind'/AppData/Local/UnrealEngine/Common/DerivedDataCache: Writable
[2019.03.11-15.55.25:871][  0]LogDerivedDataCache: Shared data cache path not found in *engine.ini, will not use an Shared cache.
[2019.03.11-15.55.25:871][  0]LogDerivedDataCache: Unable to find inner node Shared for hierarchical cache Hierarchy.
[2019.03.11-15.55.25:883][  0]LogMaterial: Verifying Global Shaders for PCD3D_SM5
[2019.03.11-15.55.25:883][  0]LogSlate: Using Freetype 2.6.0
[2019.03.11-15.55.25:885][  0]LogSlate: SlateFontCache - WITH_FREETYPE: 1, WITH_HARFBUZZ: 1
[2019.03.11-15.55.25:885][  0]LogSlate: SlateFontCache - WITH_FREETYPE: 1, WITH_HARFBUZZ: 1
[2019.03.11-15.55.26:084][  0]LogAssetRegistry: FAssetRegistry took 0.0261 seconds to start up
[2019.03.11-15.55.26:429][  0]LogInit: Selected Device Profile: [Windows]
[2019.03.11-15.55.26:608][  0]LogSimplygon: Simplygon DLL not present - disabling.
[2019.03.11-15.55.26:611][  0]LogMeshReduction: Using SimplygonSwarm for distributed automatic mesh merging
[2019.03.11-15.55.26:611][  0]LogMeshReduction: Using QuadricMeshReduction for automatic static mesh reduction
[2019.03.11-15.55.26:611][  0]LogMeshReduction: No automatic skeletal mesh reduction module available
[2019.03.11-15.55.26:611][  0]LogMeshReduction: No automatic mesh merging module available
[2019.03.11-15.55.26:611][  0]LogMeshMerging: No automatic mesh merging module available
[2019.03.11-15.55.26:672][  0]LogNetVersion: VikingShooter , NetCL: 3944462, EngineNetVer: 2, GameNetVer: 0 (Checksum: 3082558166)
[2019.03.11-15.55.27:310][  0]LogPackageLocalizationCache: Processed 9 localized package path(s) for 2 prioritized culture(s) in 0.181340 seconds
[2019.03.11-15.55.27:316][  0]LogUObjectArray: 36728 objects as part of root set at end of initial load.
[2019.03.11-15.55.27:316][  0]LogUObjectAllocator: 7314312 out of 0 bytes used by permanent object pool.
[2019.03.11-15.55.27:316][  0]LogUObjectArray: CloseDisregardForGC: 0/0 objects in disregard for GC pool
[2019.03.11-15.55.29:612][  0]LogTcpMessaging: Initializing TcpMessaging bridge
[2019.03.11-15.55.29:663][  0]LogUdpMessaging: Initializing bridge on interface 0.0.0.0:0 to multicast group 230.0.0.1:6666.
[2019.03.11-15.55.30:365][  0]SourceControl: Source control is disabled
[2019.03.11-15.55.31:987][  0]LogAndroidPermission: UAndroidPermissionCallbackProxy::GetInstance
[2019.03.11-15.55.32:395][  0]LogOcInput: OculusInput pre-init called
[2019.03.11-15.55.32:585][  0]LogEngine: Initializing Engine...
[2019.03.11-15.55.32:587][  0]LogHMD: Failed to initialize OpenVR with code 110
[2019.03.11-15.55.32:588][  0]LogStats: UGameplayTagsManager::ConstructGameplayTagTree: Construct from data asset -  0.000 s
[2019.03.11-15.55.32:588][  0]LogStats: UGameplayTagsManager::ConstructGameplayTagTree: GameplayTagTreeChangedEvent.Broadcast -  0.000 s
[2019.03.11-15.55.32:831][  0]LogAIModule: Creating AISystem for world Untitled
[2019.03.11-15.55.32:887][  0]LogInit: XAudio2 using 'Speakers (Realtek High Definition Audio)' : 6 channels at 48 kHz using 32 bits per sample (channel mask 0x3f)
[2019.03.11-15.55.33:222][  0]LogInit: FAudioDevice initialized.
[2019.03.11-15.55.33:347][  0]LogDerivedDataCache: Saved boot cache 0.12s 74MB C:/Users/øyvind'/AppData/Local/UnrealEngine/4.19/DerivedDataCache/Boot.ddc.
[2019.03.11-15.55.33:362][  0]LogInit: Texture streaming: Enabled
[2019.03.11-15.55.33:381][  0]LogEngineSessionManager: EngineSessionManager initialized
[2019.03.11-15.55.33:399][  0]LogInit: Transaction tracking system initialized
[2019.03.11-15.55.33:424][  0]BlueprintLog: New page: Editor Load
[2019.03.11-15.55.33:510][  0]LocalizationService: Localization service is disabled
[2019.03.11-15.55.33:662][  0]LogConsoleResponse: Display: 
[2019.03.11-15.55.33:869][  0]LogCook: Display: Max memory allowance for cook 16384mb min free memory 0mb
[2019.03.11-15.55.33:869][  0]LogCook: Display: Mobile HDR setting 1
[2019.03.11-15.55.33:869][  0]LogGameplayTags: Display: UGameplayTagsManager::DoneAddingNativeTags. DelegateIsBound: 0
[2019.03.11-15.55.33:869][  0]LogStats: UGameplayTagsManager::ConstructGameplayTagTree: Construct from data asset -  0.000 s
[2019.03.11-15.55.33:869][  0]LogStats: UGameplayTagsManager::ConstructGameplayTagTree: GameplayTagTreeChangedEvent.Broadcast -  0.000 s
[2019.03.11-15.55.34:468][  0]LogFileCache: Scanning file cache for directory 'D:/Oyvind_Unreal/VikingShooter/Content/' took 0.03s
[2019.03.11-15.55.34:627][  0]Cmd: MAP LOAD FILE="../../../../../Oyvind_Unreal/VikingShooter/Content/Maps/Level01.umap" TEMPLATE=0 SHOWPROGRESS=1 FEATURELEVEL=3
[2019.03.11-15.55.34:627][  0]LightingResults: New page: Lighting Build
[2019.03.11-15.55.34:630][  0]MapCheck: New page: Map Check
[2019.03.11-15.55.34:630][  0]LightingResults: New page: Lighting Build
[2019.03.11-15.55.34:677][  0]LogUObjectGlobals: Created PersistentFrame Addr=0x000002de3ed42920, Size=4, Default__Troll01_BP_C Function /Game/Troll01_Files/Troll01_BP.Troll01_BP_C:ExecuteUbergraph_Troll01_BP
[2019.03.11-15.55.34:678][  0]LogUObjectGlobals: Destroyed PersistentFrame Addr=0x000002de3ed42920, Size=4
[2019.03.11-15.55.34:678][  0]LogUObjectGlobals: Created PersistentFrame Addr=0x000002de3ed42920, Size=4, Default__Troll01_BP_C Function /Engine/Transient.REINST_Troll01_BP_C_0:ExecuteUbergraph_Troll01_BP
[2019.03.11-15.55.34:678][  0]LogUObjectGlobals: Created PersistentFrame Addr=0x000002de3ed439c8, Size=4, Default__Troll01_BP_C Function /Game/Troll01_Files/Troll01_BP.Troll01_BP_C:ExecuteUbergraph_Troll01_BP
[2019.03.11-15.55.34:680][  0]LogUObjectGlobals: Destroyed PersistentFrame Addr=0x000002de3ed439c8, Size=4
[2019.03.11-15.55.34:680][  0]LogUObjectGlobals: Created PersistentFrame Addr=0x000002de3ed439c8, Size=4, Default__Troll01_BP_C Function /Engine/Transient.REINST_Troll01_BP_C_2:ExecuteUbergraph_Troll01_BP
[2019.03.11-15.55.34:683][  0]LogUObjectGlobals: Created PersistentFrame Addr=0x000002de22a17d80, Size=40, Default__Troll01_BP_C Function /Game/Troll01_Files/Troll01_BP.Troll01_BP_C:ExecuteUbergraph_Troll01_BP
[2019.03.11-15.55.34:701][  0]LogUObjectGlobals: Created PersistentFrame Addr=0x000002de22a17c18, Size=40, Default__Harold_Character_BP_C Function /Game/Harold_Model_Files/Harold_Character_BP.Harold_Character_BP_C:ExecuteUbergraph_Harold_Character_BP
[2019.03.11-15.55.34:703][  0]LogUObjectGlobals: Destroyed PersistentFrame Addr=0x000002de22a17c18, Size=40
[2019.03.11-15.55.34:703][  0]LogUObjectGlobals: Created PersistentFrame Addr=0x000002de22a17c18, Size=40, Default__Harold_Character_BP_C Function /Engine/Transient.REINST_Harold_Character_BP_C_3:ExecuteUbergraph_Harold_Character_BP
[2019.03.11-15.55.34:705][  0]LogUObjectGlobals: Created PersistentFrame Addr=0x000002de22a17880, Size=40, Default__Harold_Character_BP_C Function /Game/Harold_Model_Files/Harold_Character_BP.Harold_Character_BP_C:ExecuteUbergraph_Harold_Character_BP
[2019.03.11-15.55.34:714][  0]LogUObjectGlobals: Created PersistentFrame Addr=0x000002de22960f00, Size=1632, Default__BP_TwinStickCharacter_C Function /Game/Blueprint/BP_TwinStickCharacter.BP_TwinStickCharacter_C:ExecuteUbergraph_BP_TwinStickCharacter
[2019.03.11-15.55.34:715][  0]LogUObjectGlobals: Created PersistentFrame Addr=0x000002de22975360, Size=224, Default__BP_Spike_C Function /Game/Blueprint/BP_Spike.BP_Spike_C:ExecuteUbergraph_BP_Spike
[2019.03.11-15.55.34:760][  0]LogUObjectGlobals: Created PersistentFrame Addr=0x000002de26a53240, Size=296, Default__BP_TwinStickProjectile_C Function /Game/Blueprint/BP_TwinStickProjectile.BP_TwinStickProjectile_C:ExecuteUbergraph_BP_TwinStickProjectile
[2019.03.11-15.55.34:769][  0]LogUObjectGlobals: Created PersistentFrame Addr=0x000002de26a88100, Size=744, Default__EnemyCharacter_C Function /Game/Blueprint/EnemyCharacter.EnemyCharacter_C:ExecuteUbergraph_EnemyCharacter
[2019.03.11-15.55.34:773][  0]LogUObjectGlobals: Created PersistentFrame Addr=0x000002de22966630, Size=112, Default__Weapon_C Function /Game/Blueprint/Weapon.Weapon_C:ExecuteUbergraph_Weapon
[2019.03.11-15.55.34:775][  0]LogUObjectGlobals: Created PersistentFrame Addr=0x000002de269fba00, Size=328, Default__Laser_C Function /Game/Blueprint/Laser.Laser_C:ExecuteUbergraph_Laser
[2019.03.11-15.55.34:879][  0]LogUObjectGlobals: Created PersistentFrame Addr=0x000002de22966010, Size=104, Default__EnemyAI_C Function /Game/Blueprint/EnemyAI.EnemyAI_C:ExecuteUbergraph_EnemyAI
[2019.03.11-15.55.35:156][  0]LogUObjectGlobals: Destroyed PersistentFrame Addr=0x000002de22975360, Size=224
[2019.03.11-15.55.35:156][  0]LogUObjectGlobals: Created PersistentFrame Addr=0x000002de2795bf20, Size=224, Default__BP_Spike_C Function /Engine/Transient.REINST_BP_Spike_C_6:ExecuteUbergraph_BP_Spike
[2019.03.11-15.55.35:156][  0]LogUObjectGlobals: Destroyed PersistentFrame Addr=0x000002de26a53240, Size=296
[2019.03.11-15.55.35:156][  0]LogUObjectGlobals: Created PersistentFrame Addr=0x000002de26dbc2c0, Size=296, Default__BP_TwinStickProjectile_C Function /Engine/Transient.REINST_BP_TwinStickProjectile_C_7:ExecuteUbergraph_BP_TwinStickProjectile
[2019.03.11-15.55.35:156][  0]LogUObjectGlobals: Destroyed PersistentFrame Addr=0x000002de269fba00, Size=328
[2019.03.11-15.55.35:156][  0]LogUObjectGlobals: Created PersistentFrame Addr=0x000002de27961780, Size=328, Default__Laser_C Function /Engine/Transient.REINST_Laser_C_8:ExecuteUbergraph_Laser
[2019.03.11-15.55.35:157][  0]LogUObjectGlobals: Destroyed PersistentFrame Addr=0x000002de22966630, Size=112
[2019.03.11-15.55.35:157][  0]LogUObjectGlobals: Created PersistentFrame Addr=0x000002de279eb580, Size=112, Default__Weapon_C Function /Engine/Transient.REINST_Weapon_C_9:ExecuteUbergraph_Weapon
[2019.03.11-15.55.35:158][  0]LogUObjectGlobals: Destroyed PersistentFrame Addr=0x000002de22960f00, Size=1632
[2019.03.11-15.55.35:158][  0]LogUObjectGlobals: Created PersistentFrame Addr=0x000002de27932400, Size=1632, Default__BP_TwinStickCharacter_C Function /Engine/Transient.REINST_BP_TwinStickCharacter_C_10:ExecuteUbergraph_BP_TwinStickCharacter
[2019.03.11-15.55.35:158][  0]LogUObjectGlobals: Destroyed PersistentFrame Addr=0x000002de22966010, Size=104
[2019.03.11-15.55.35:158][  0]LogUObjectGlobals: Created PersistentFrame Addr=0x000002de279eb5f0, Size=104, Default__EnemyAI_C Function /Engine/Transient.REINST_EnemyAI_C_11:ExecuteUbergraph_EnemyAI
[2019.03.11-15.55.35:159][  0]LogUObjectGlobals: Destroyed PersistentFrame Addr=0x000002de26a88100, Size=744
[2019.03.11-15.55.35:159][  0]LogUObjectGlobals: Created PersistentFrame Addr=0x000002de2794c400, Size=744, Default__EnemyCharacter_C Function /Engine/Transient.REINST_EnemyCharacter_C_12:ExecuteUbergraph_EnemyCharacter
[2019.03.11-15.55.35:187][  0]LogUObjectGlobals: Created PersistentFrame Addr=0x000002de276479e0, Size=224, Default__BP_Spike_C Function /Game/Blueprint/BP_Spike.BP_Spike_C:ExecuteUbergraph_BP_Spike
[2019.03.11-15.55.35:188][  0]LogUObjectGlobals: Created PersistentFrame Addr=0x000002de27918e00, Size=296, Default__BP_TwinStickProjectile_C Function /Game/Blueprint/BP_TwinStickProjectile.BP_TwinStickProjectile_C:ExecuteUbergraph_BP_TwinStickProjectile
[2019.03.11-15.55.35:189][  0]LogUObjectGlobals: Created PersistentFrame Addr=0x000002de27652800, Size=328, Default__Laser_C Function /Game/Blueprint/Laser.Laser_C:ExecuteUbergraph_Laser
[2019.03.11-15.55.35:190][  0]LogUObjectGlobals: Created PersistentFrame Addr=0x000002de27609520, Size=112, Default__Weapon_C Function /Game/Blueprint/Weapon.Weapon_C:ExecuteUbergraph_Weapon
[2019.03.11-15.55.35:194][  0]LogUObjectGlobals: Created PersistentFrame Addr=0x000002de275f5600, Size=1632, Default__BP_TwinStickCharacter_C Function /Game/Blueprint/BP_TwinStickCharacter.BP_TwinStickCharacter_C:ExecuteUbergraph_BP_TwinStickCharacter
[2019.03.11-15.55.35:197][  0]LogUObjectGlobals: Created PersistentFrame Addr=0x000002de2758a080, Size=104, Default__EnemyAI_C Function /Game/Blueprint/EnemyAI.EnemyAI_C:ExecuteUbergraph_EnemyAI
[2019.03.11-15.55.35:199][  0]LogUObjectGlobals: Created PersistentFrame Addr=0x000002de27587100, Size=744, Default__EnemyCharacter_C Function /Game/Blueprint/EnemyCharacter.EnemyCharacter_C:ExecuteUbergraph_EnemyCharacter
[2019.03.11-15.55.35:308][  0]LogUObjectGlobals: Created PersistentFrame Addr=0x000002de27227740, Size=200, Default__BP_PunchableDoor_C Function /Game/Blueprint/BP_PunchableDoor.BP_PunchableDoor_C:ExecuteUbergraph_BP_PunchableDoor
[2019.03.11-15.55.35:310][  0]LogUObjectGlobals: Destroyed PersistentFrame Addr=0x000002de27227740, Size=200
[2019.03.11-15.55.35:310][  0]LogUObjectGlobals: Created PersistentFrame Addr=0x000002de27227740, Size=200, Default__BP_PunchableDoor_C Function /Engine/Transient.REINST_BP_PunchableDoor_C_24:ExecuteUbergraph_BP_PunchableDoor
[2019.03.11-15.55.35:312][  0]LogUObjectGlobals: Created PersistentFrame Addr=0x000002de27226240, Size=200, Default__BP_PunchableDoor_C Function /Game/Blueprint/BP_PunchableDoor.BP_PunchableDoor_C:ExecuteUbergraph_BP_PunchableDoor
[2019.03.11-15.55.35:321][  0]LogUObjectGlobals: Created PersistentFrame Addr=0x000002de27225c20, Size=200, Default__BP_Rock_C Function /Game/Blueprint/BP_Rock.BP_Rock_C:ExecuteUbergraph_BP_Rock
[2019.03.11-15.55.35:323][  0]LogUObjectGlobals: Destroyed PersistentFrame Addr=0x000002de27225c20, Size=200
[2019.03.11-15.55.35:323][  0]LogUObjectGlobals: Created PersistentFrame Addr=0x000002de27225c20, Size=200, Default__BP_Rock_C Function /Engine/Transient.REINST_BP_Rock_C_26:ExecuteUbergraph_BP_Rock
[2019.03.11-15.55.35:324][  0]LogUObjectGlobals: Created PersistentFrame Addr=0x000002de272248e0, Size=200, Default__BP_Rock_C Function /Game/Blueprint/BP_Rock.BP_Rock_C:ExecuteUbergraph_BP_Rock
[2019.03.11-15.55.35:329][  0]LogUObjectGlobals: Created PersistentFrame Addr=0x000002de271fbce0, Size=80, Default__EnemySpawner_C Function /Game/Blueprint/EnemySpawner.EnemySpawner_C:ExecuteUbergraph_EnemySpawner
[2019.03.11-15.55.35:332][  0]LogUObjectGlobals: Destroyed PersistentFrame Addr=0x000002de271fbce0, Size=80
[2019.03.11-15.55.35:332][  0]LogUObjectGlobals: Created PersistentFrame Addr=0x000002de271fa7f0, Size=80, Default__EnemySpawner_C Function /Engine/Transient.REINST_EnemySpawner_C_28:ExecuteUbergraph_EnemySpawner
[2019.03.11-15.55.35:333][  0]LogUObjectGlobals: Created PersistentFrame Addr=0x000002de271f9670, Size=80, Default__EnemySpawner_C Function /Game/Blueprint/EnemySpawner.EnemySpawner_C:ExecuteUbergraph_EnemySpawner
[2019.03.11-15.55.35:492][  0]LogUObjectGlobals: Created PersistentFrame Addr=0x000002de27e6a160, Size=152, Default__Exploding_Barrel_C Function /Game/Blueprint/Exploding_Barrel.Exploding_Barrel_C:ExecuteUbergraph_Exploding_Barrel
[2019.03.11-15.55.35:497][  0]LogUObjectGlobals: Destroyed PersistentFrame Addr=0x000002de27e6a160, Size=152
[2019.03.11-15.55.35:497][  0]LogUObjectGlobals: Created PersistentFrame Addr=0x000002de27ca3420, Size=152, Default__Exploding_Barrel_C Function /Engine/Transient.REINST_Exploding_Barrel_C_30:ExecuteUbergraph_Exploding_Barrel
[2019.03.11-15.55.35:501][  0]LogUObjectGlobals: Created PersistentFrame Addr=0x000002de27ca1e40, Size=152, Default__Exploding_Barrel_C Function /Game/Blueprint/Exploding_Barrel.Exploding_Barrel_C:ExecuteUbergraph_Exploding_Barrel
[2019.03.11-15.55.35:639][  0]LogSkeletalMesh: Skeletal Mesh found in DDC [0.981697ms] /Game/Harold_Model_Files/Harold_enlarged_idle.Harold_enlarged_idle
[2019.03.11-15.55.35:704][  0]LogSkeletalMesh: Skeletal Mesh found in DDC [1.442277ms] /Game/FPWeapon/Mesh/SK_FPGun.SK_FPGun
[2019.03.11-15.55.35:733][  0]LogSkeletalMesh: Skeletal Mesh found in DDC [0.848956ms] /Game/Troll01_Files/Troll01_Idle.Troll01_Idle
[2019.03.11-15.55.36:035][  0]LogAIModule: Creating AISystem for world Level01
[2019.03.11-15.55.36:071][  0]LogEditorServer: Finished looking for orphan Actors (0.000 secs)
[2019.03.11-15.55.36:087][  0]LogUObjectGlobals: Destroyed PersistentFrame Addr=0x000002de3ed42920, Size=4
[2019.03.11-15.55.36:087][  0]LogUObjectGlobals: Destroyed PersistentFrame Addr=0x000002de3ed439c8, Size=4
[2019.03.11-15.55.36:087][  0]LogUObjectGlobals: Destroyed PersistentFrame Addr=0x000002de22a17c18, Size=40
[2019.03.11-15.55.36:087][  0]LogUObjectGlobals: Destroyed PersistentFrame Addr=0x000002de27932400, Size=1632
[2019.03.11-15.55.36:087][  0]LogUObjectGlobals: Destroyed PersistentFrame Addr=0x000002de2795bf20, Size=224
[2019.03.11-15.55.36:087][  0]LogUObjectGlobals: Destroyed PersistentFrame Addr=0x000002de26dbc2c0, Size=296
[2019.03.11-15.55.36:087][  0]LogUObjectGlobals: Destroyed PersistentFrame Addr=0x000002de2794c400, Size=744
[2019.03.11-15.55.36:087][  0]LogUObjectGlobals: Destroyed PersistentFrame Addr=0x000002de279eb580, Size=112
[2019.03.11-15.55.36:087][  0]LogUObjectGlobals: Destroyed PersistentFrame Addr=0x000002de27961780, Size=328
[2019.03.11-15.55.36:087][  0]LogUObjectGlobals: Destroyed PersistentFrame Addr=0x000002de279eb5f0, Size=104
[2019.03.11-15.55.36:087][  0]LogUObjectGlobals: Destroyed PersistentFrame Addr=0x000002de27227740, Size=200
[2019.03.11-15.55.36:087][  0]LogUObjectGlobals: Destroyed PersistentFrame Addr=0x000002de27225c20, Size=200
[2019.03.11-15.55.36:087][  0]LogUObjectGlobals: Destroyed PersistentFrame Addr=0x000002de271fa7f0, Size=80
[2019.03.11-15.55.36:087][  0]LogUObjectGlobals: Destroyed PersistentFrame Addr=0x000002de27ca3420, Size=152
[2019.03.11-15.55.36:089][  0]Cmd: MAP CHECKDEP NOCLEARLOG
[2019.03.11-15.55.36:221][  0]MapCheck: Map check complete: 0 Error(s), 0 Warning(s), took 132.118ms to complete.
[2019.03.11-15.55.36:221][  0]LogFileHelpers: Loading map 'Level01' took 1.594
[2019.03.11-15.55.36:392][  0]LogCollectionManager: Loaded 0 collections in 0.002301 seconds
[2019.03.11-15.55.36:440][  0]LogFileCache: Scanning file cache for directory 'D:/Oyvind_Unreal/VikingShooter/Saved/Collections/' took 0.01s
[2019.03.11-15.55.36:440][  0]LogFileCache: Scanning file cache for directory 'D:/Oyvind_Unreal/VikingShooter/Content/Developers/øyvind/Collections/' took 0.01s
[2019.03.11-15.55.36:440][  0]LogFileCache: Scanning file cache for directory 'D:/Oyvind_Unreal/VikingShooter/Content/Collections/' took 0.01s
[2019.03.11-15.55.36:440][  0]LogCollectionManager: Rebuilt the GUID cache for 0 collections in 0.000001 seconds
[2019.03.11-15.55.36:453][  0]LogContentBrowser: Native class hierarchy populated in 0.0124 seconds. Added 2453 classes and 561 folders.
[2019.03.11-15.55.36:463][  0]LogContentBrowser: Native class hierarchy updated for 'WidgetCarousel' in 0.0026 seconds. Added 0 classes and 0 folders.
[2019.03.11-15.55.36:597][  0]LogContentBrowser: Native class hierarchy updated for 'AddContentDialog' in 0.0030 seconds. Added 0 classes and 0 folders.
[2019.03.11-15.55.36:605][  0]LogContentBrowser: Native class hierarchy updated for 'SceneOutliner' in 0.0029 seconds. Added 1 classes and 2 folders.
[2019.03.11-15.55.37:768][  0]LogSlate: Only BGRA pngs, bmps or icos are supported in by External Image Picker
[2019.03.11-15.55.37:828][  0]LogSlate: Took 0.000462 seconds to synchronously load lazily loaded font '../../../Engine/Content/Slate/Fonts/Roboto-Regular.ttf' (155K)
[2019.03.11-15.55.37:837][  0]LogSlate: Took 0.000537 seconds to synchronously load lazily loaded font '../../../Engine/Content/Slate/Fonts/Roboto-Bold.ttf' (160K)
[2019.03.11-15.55.37:841][  0]LogSlate: Took 0.000452 seconds to synchronously load lazily loaded font '../../../Engine/Content/Editor/Slate/Fonts/FontAwesome.ttf' (139K)
[2019.03.11-15.55.37:954][  0]LogRenderer: Reallocating scene render targets to support 1300x340 Format 10 NumSamples 1 (Frame:1).
[2019.03.11-15.55.38:119][  0]LogContentBrowser: Native class hierarchy updated for 'HierarchicalLODOutliner' in 0.0028 seconds. Added 0 classes and 0 folders.
[2019.03.11-15.55.38:119][  0]LogLoad: (Engine Initialization) Total time: 23.57 seconds
[2019.03.11-15.55.38:120][  0]LogLoad: (Engine Initialization) Total Blueprint compile time: 0.00 seconds
[2019.03.11-15.55.38:129][  0]LogWindowsTextInputMethodSystem: Display: IME system now deactivated.
[2019.03.11-15.55.38:166][  0]LogContentStreaming: Texture pool size now 1000 MB
[2019.03.11-15.55.38:219][  0]LogTemp: Executing iPhonePackager certificates Engine -bundlename com.YourCompany.VikingShooter
[2019.03.11-15.55.38:219][  0]LogTemp: CWD: D:\Epic Games\UE_4.19\Engine\Binaries\DotNET\IOS
[2019.03.11-15.55.38:219][  0]LogTemp: Initial Dir: D:\Epic Games\UE_4.19
[2019.03.11-15.55.38:219][  0]LogTemp: Env CWD: D:\Epic Games\UE_4.19\Engine\Binaries\DotNET\IOS
[2019.03.11-15.55.38:219][  0]LogTemp: BranchPath = OYVIND/D/Epic Games/UE_4.19/Engine/Binaries --- GameBranchPath = OYVIND/D/Epic Games/UE_4.19/Engine/Binaries
[2019.03.11-15.55.38:219][  0]LogTemp: IPP ERROR: Could not find provision directory 'C:\Users\oyvind'\AppData\Local/Apple Computer/MobileDevice/Provisioning Profiles/'.
[2019.03.11-15.55.38:219][  0]LogSlate: Took 0.000422 seconds to synchronously load lazily loaded font '../../../Engine/Content/Slate/Fonts/Roboto-Light.ttf' (167K)
[2019.03.11-15.55.38:275][  1]LogCollectionManager: Rebuilt the object cache for 0 collections in 0.000001 seconds (found 0 objects)
[2019.03.11-15.55.38:333][  2]LogAssetRegistry: Asset discovery search completed in 12.2713 seconds
[2019.03.11-15.55.38:337][  2]LogCollectionManager: Fixed up redirectors for 0 collections in 0.000007 seconds (updated 0 objects)
[2019.03.11-15.55.39:173][ 65]LogSlate: Took 0.000369 seconds to synchronously load lazily loaded font '../../../Engine/Content/Slate/Fonts/Roboto-Light.ttf' (167K)
[2019.03.11-15.55.42:209][342]LogSlate: FSceneViewport::OnFocusLost() reason 0
[2019.03.11-15.55.42:267][349]LogTemp: Repeating last play command: Selected Viewport
[2019.03.11-15.55.42:289][349]LogPlayLevel: PlayLevel: No blueprints needed recompiling
[2019.03.11-15.55.42:289][349]PIE: New page: PIE session: Level01 (Mar 11, 2019, 5:55:42 PM)
[2019.03.11-15.55.42:289][349]LogPlayLevel: Creating play world package: /Game/Maps/UEDPIE_0_Level01
[2019.03.11-15.55.42:296][349]LogPlayLevel: PIE: StaticDuplicateObject took: (0.006377s)
[2019.03.11-15.55.42:296][349]LogAIModule: Creating AISystem for world Level01
[2019.03.11-15.55.42:297][349]LogPlayLevel: PIE: World Init took: (0.000901s)
[2019.03.11-15.55.42:297][349]LogPlayLevel: PIE: Created PIE world by copying editor world from /Game/Maps/Level01.Level01 to /Game/Maps/UEDPIE_0_Level01.Level01 (0.007429s)
[2019.03.11-15.55.42:353][349]LogInit: XAudio2 using 'Speakers (Realtek High Definition Audio)' : 6 channels at 48 kHz using 32 bits per sample (channel mask 0x3f)
[2019.03.11-15.55.42:490][349]LogInit: FAudioDevice initialized.
[2019.03.11-15.55.42:556][349]LogUObjectGlobals: Created PersistentFrame Addr=0x000002de7ee143d8, Size=56, Default__BP_TwinStickGameMode_C Function /Game/Blueprint/BP_TwinStickGameMode.BP_TwinStickGameMode_C:ExecuteUbergraph_BP_TwinStickGameMode
[2019.03.11-15.55.42:558][349]LogUObjectGlobals: Destroyed PersistentFrame Addr=0x000002de7ee143d8, Size=56
[2019.03.11-15.55.42:558][349]LogUObjectGlobals: Created PersistentFrame Addr=0x000002de7ee143d8, Size=56, Default__BP_TwinStickGameMode_C Function /Engine/Transient.REINST_BP_TwinStickGameMode_C_33:ExecuteUbergraph_BP_TwinStickGameMode
[2019.03.11-15.55.42:559][349]LogUObjectGlobals: Created PersistentFrame Addr=0x000002de7ee14b10, Size=56, Default__BP_TwinStickGameMode_C Function /Game/Blueprint/BP_TwinStickGameMode.BP_TwinStickGameMode_C:ExecuteUbergraph_BP_TwinStickGameMode
[2019.03.11-15.55.42:570][349]LogLoad: Game class is 'BP_TwinStickGameMode_C'
[2019.03.11-15.55.42:580][349]LogWorld: Bringing World /Game/Maps/UEDPIE_0_Level01.Level01 up for play (max tick rate 0) at 2019.03.11-16.55.42
[2019.03.11-15.55.42:582][349]LogWorld: Bringing up level for play took: 0.009516
[2019.03.11-15.55.42:587][349]LogContentBrowser: Native class hierarchy updated for 'MovieSceneCapture' in 0.0023 seconds. Added 11 classes and 0 folders.
[2019.03.11-15.55.42:590][349]LogScriptCore: Warning: Script Msg: Attempted to access index 0 from array 'CallFunc_GetAllActorsOfClass_OutActors' of length 0 in '/Game/Blueprint/BP_TwinStickGameMode.BP_TwinStickGameMode_C:ExecuteUbergraph_BP_TwinStickGameMode'!
[2019.03.11-15.55.42:590][349]LogBlueprintUserMessages: Warning: SetTimer passed a bad function (SpawnEnemy) or object (None)
[2019.03.11-15.55.42:590][349]PIE: Play in editor start time for /Game/Maps/UEDPIE_0_Level01 0.609
[2019.03.11-15.55.44:613][573]LogUObjectGlobals: Destroyed PersistentFrame Addr=0x000002de7ee143d8, Size=56
[2019.03.11-15.55.46:318][701]LogContentBrowser: Native class hierarchy updated for 'BlueprintGraph' in 0.0025 seconds. Added 116 classes and 0 folders.
[2019.03.11-15.55.46:624][701]LogUObjectGlobals: Created PersistentFrame Addr=0x000002de356afa28, Size=4, Default__SKEL_PROTO_BP_AnimBlueprint_0_C Function /Engine/Transient.SKEL_PROTO_BP_AnimBlueprint_0_C:ExecuteUbergraph_PROTO_BP_AnimBlueprint_0
[2019.03.11-15.55.46:625][701]LogUObjectGlobals: Created PersistentFrame Addr=0x000002de356afa20, Size=4, Default__PROTO_BP_AnimBlueprint_0_C Function /Engine/Transient.PROTO_BP_AnimBlueprint_0_C:ExecuteUbergraph_PROTO_BP_AnimBlueprint_0
[2019.03.11-15.55.47:055][701]LogSlate: Took 0.000541 seconds to synchronously load lazily loaded font '../../../Engine/Content/Slate/Fonts/Roboto-BoldCondensed.ttf' (158K)
[2019.03.11-15.55.47:135][702]LogSlate: Took 0.000533 seconds to synchronously load lazily loaded font '../../../Engine/Content/Slate/Fonts/Roboto-Italic.ttf' (157K)
[2019.03.11-15.56.14:148][431]LogSlate: Window 'EnemyAI' being destroyed
[2019.03.11-15.56.34:855][952]BlueprintLog: New page: Compile BP_TwinStickGameMode
[2019.03.11-15.56.34:864][952]LogUObjectGlobals: Destroyed PersistentFrame Addr=0x000002de7ee14b10, Size=56
[2019.03.11-15.56.34:864][952]LogUObjectGlobals: Created PersistentFrame Addr=0x000002dec17bea90, Size=56, Default__BP_TwinStickGameMode_C Function /Engine/Transient.REINST_BP_TwinStickGameMode_C_49:ExecuteUbergraph_BP_TwinStickGameMode
[2019.03.11-15.56.34:865][952]LogUObjectGlobals: Created PersistentFrame Addr=0x000002dec227e6d8, Size=56, Default__BP_TwinStickGameMode_C Function /Game/Blueprint/BP_TwinStickGameMode.BP_TwinStickGameMode_C:ExecuteUbergraph_BP_TwinStickGameMode
[2019.03.11-15.56.35:853][998]Cmd: OBJ SAVEPACKAGE PACKAGE="/Game/Blueprint/BP_TwinStickGameMode" FILE="../../../../../Oyvind_Unreal/VikingShooter/Content/Blueprint/BP_TwinStickGameMode.uasset" SILENT=true
[2019.03.11-15.56.35:887][998]LogSavePackage: Save=17.11ms
[2019.03.11-15.56.35:887][998]LogSavePackage: Moving '../../../../../Oyvind_Unreal/VikingShooter/Saved/BP_TwinStickGameModeFDC7B9FA49AC75C8EDDE68867CAE918E.tmp' to '../../../../../Oyvind_Unreal/VikingShooter/Content/Blueprint/BP_TwinStickGameMode.uasset'
[2019.03.11-15.56.35:898][998]LogSavePackage: Display: Finished SavePackage ../../../../../Oyvind_Unreal/VikingShooter/Content/Blueprint/BP_TwinStickGameMode.uasset
[2019.03.11-15.56.36:549][ 45]LogTemp: Repeating last play command: Selected Viewport
[2019.03.11-15.56.36:580][ 45]LogPlayLevel: PlayLevel: No blueprints needed recompiling
[2019.03.11-15.56.36:580][ 45]PIE: New page: PIE session: Level01 (Mar 11, 2019, 5:56:36 PM)
[2019.03.11-15.56.36:580][ 45]LogPlayLevel: Creating play world package: /Game/Maps/UEDPIE_0_Level01
[2019.03.11-15.56.36:586][ 45]LogPlayLevel: PIE: StaticDuplicateObject took: (0.005904s)
[2019.03.11-15.56.36:586][ 45]LogAIModule: Creating AISystem for world Level01
[2019.03.11-15.56.36:586][ 45]LogPlayLevel: PIE: World Init took: (0.000996s)
[2019.03.11-15.56.36:586][ 45]LogPlayLevel: PIE: Created PIE world by copying editor world from /Game/Maps/Level01.Level01 to /Game/Maps/UEDPIE_0_Level01.Level01 (0.007047s)
[2019.03.11-15.56.36:655][ 45]LogInit: XAudio2 using 'Speakers (Realtek High Definition Audio)' : 6 channels at 48 kHz using 32 bits per sample (channel mask 0x3f)
[2019.03.11-15.56.36:792][ 45]LogInit: FAudioDevice initialized.
[2019.03.11-15.56.36:834][ 45]LogLoad: Game class is 'BP_TwinStickGameMode_C'
[2019.03.11-15.56.36:847][ 45]LogWorld: Bringing World /Game/Maps/UEDPIE_0_Level01.Level01 up for play (max tick rate 0) at 2019.03.11-16.56.36
[2019.03.11-15.56.36:849][ 45]LogWorld: Bringing up level for play took: 0.013065
[2019.03.11-15.56.36:853][ 45]PIE: Play in editor start time for /Game/Maps/UEDPIE_0_Level01 0.872
[2019.03.11-15.56.38:715][159]LogD3D11RHI: Error: Result failed 
 at D:\Build\++UE4+Release-4.19+Compile\Sync\Engine\Source\Runtime\Windows\D3D11RHI\Private\D3D11Viewport.cpp:303 
 with error E_INVALIDARG
[2019.03.11-15.56.38:715][159]LogWindows: Windows GetLastError: The operation completed successfully. (0)
